[1.674s] Invoking command in '/home/aurora/aurora_sim_v2/build/aurora_drive': PYTHONPATH=/home/aurora/aurora_sim_v2/build/aurora_drive/prefix_override:/usr/lib/python3/dist-packages/colcon_core/task/python/colcon_distutils_commands:/home/aurora/aurora_sim_v2/install/aurora_drive/lib/python3.10/site-packages:${PYTHONPATH} /usr/bin/python3 -W ignore:setup.py install is deprecated -W ignore:easy_install command is deprecated setup.py develop --editable --build-directory /home/aurora/aurora_sim_v2/build/aurora_drive/build --no-deps symlink_data --force
[2.153s] running develop
[2.426s] running egg_info
[2.426s] writing aurora_drive.egg-info/PKG-INFO
[2.427s] writing dependency_links to aurora_drive.egg-info/dependency_links.txt
[2.428s] writing entry points to aurora_drive.egg-info/entry_points.txt
[2.428s] writing requirements to aurora_drive.egg-info/requires.txt
[2.428s] writing top-level names to aurora_drive.egg-info/top_level.txt
[2.431s] reading manifest file 'aurora_drive.egg-info/SOURCES.txt'
[2.433s] writing manifest file 'aurora_drive.egg-info/SOURCES.txt'
[2.436s] running build_ext
[2.436s] Creating /home/aurora/aurora_sim_v2/install/aurora_drive/lib/python3.10/site-packages/aurora-drive.egg-link (link to .)
[2.438s] Installing ackermann_4wd_controller script to /home/aurora/aurora_sim_v2/install/aurora_drive/lib/aurora_drive
[2.438s] Installing ackermann_sim_controller script to /home/aurora/aurora_sim_v2/install/aurora_drive/lib/aurora_drive
[2.439s] Installing odometry_4ws script to /home/aurora/aurora_sim_v2/install/aurora_drive/lib/aurora_drive
[2.439s] 
[2.439s] Installed /home/aurora/aurora_sim_v2/build/aurora_drive
[2.439s] running symlink_data
[2.440s] symbolically linking /home/aurora/aurora_sim_v2/build/aurora_drive/resource/aurora_drive -> /home/aurora/aurora_sim_v2/install/aurora_drive/share/ament_index/resource_index/packages
[2.440s] symbolically linking /home/aurora/aurora_sim_v2/build/aurora_drive/package.xml -> /home/aurora/aurora_sim_v2/install/aurora_drive/share/aurora_drive
[2.440s] symbolically linking /home/aurora/aurora_sim_v2/build/aurora_drive/launch/joystick_real.launch.py -> /home/aurora/aurora_sim_v2/install/aurora_drive/share/aurora_drive/launch
[2.440s] symbolically linking /home/aurora/aurora_sim_v2/build/aurora_drive/launch/joystick.launch.py -> /home/aurora/aurora_sim_v2/install/aurora_drive/share/aurora_drive/launch
[2.441s] symbolically linking /home/aurora/aurora_sim_v2/build/aurora_drive/launch/joystick_v2.launch.py -> /home/aurora/aurora_sim_v2/install/aurora_drive/share/aurora_drive/launch
[2.441s] symbolically linking /home/aurora/aurora_sim_v2/build/aurora_drive/launch/all.launch.py -> /home/aurora/aurora_sim_v2/install/aurora_drive/share/aurora_drive/launch
[2.441s] symbolically linking /home/aurora/aurora_sim_v2/build/aurora_drive/launch/launch_sim.launch.py -> /home/aurora/aurora_sim_v2/install/aurora_drive/share/aurora_drive/launch
[2.441s] symbolically linking /home/aurora/aurora_sim_v2/build/aurora_drive/launch/rsp.launch.py -> /home/aurora/aurora_sim_v2/install/aurora_drive/share/aurora_drive/launch
[2.441s] symbolically linking /home/aurora/aurora_sim_v2/build/aurora_drive/launch/rsp_v2.launch.py -> /home/aurora/aurora_sim_v2/install/aurora_drive/share/aurora_drive/launch
[2.442s] symbolically linking /home/aurora/aurora_sim_v2/build/aurora_drive/launch/launch_sim_v2.launch.py -> /home/aurora/aurora_sim_v2/install/aurora_drive/share/aurora_drive/launch
[2.442s] symbolically linking /home/aurora/aurora_sim_v2/build/aurora_drive/launch/joystick_real.launch.py -> /home/aurora/aurora_sim_v2/install/aurora_drive/share/aurora_drive/launch
[2.442s] symbolically linking /home/aurora/aurora_sim_v2/build/aurora_drive/launch/slam_launch.py -> /home/aurora/aurora_sim_v2/install/aurora_drive/share/aurora_drive/launch
[2.442s] symbolically linking /home/aurora/aurora_sim_v2/build/aurora_drive/launch/joystick.launch.py -> /home/aurora/aurora_sim_v2/install/aurora_drive/share/aurora_drive/launch
[2.442s] symbolically linking /home/aurora/aurora_sim_v2/build/aurora_drive/launch/joystick_v2.launch.py -> /home/aurora/aurora_sim_v2/install/aurora_drive/share/aurora_drive/launch
[2.442s] symbolically linking /home/aurora/aurora_sim_v2/build/aurora_drive/launch/all.launch.py -> /home/aurora/aurora_sim_v2/install/aurora_drive/share/aurora_drive/launch
[2.443s] symbolically linking /home/aurora/aurora_sim_v2/build/aurora_drive/launch/launch_sim.launch.py -> /home/aurora/aurora_sim_v2/install/aurora_drive/share/aurora_drive/launch
[2.443s] symbolically linking /home/aurora/aurora_sim_v2/build/aurora_drive/launch/rsp.launch.py -> /home/aurora/aurora_sim_v2/install/aurora_drive/share/aurora_drive/launch
[2.443s] symbolically linking /home/aurora/aurora_sim_v2/build/aurora_drive/launch/rsp_v2.launch.py -> /home/aurora/aurora_sim_v2/install/aurora_drive/share/aurora_drive/launch
[2.443s] symbolically linking /home/aurora/aurora_sim_v2/build/aurora_drive/launch/launch_sim_v2.launch.py -> /home/aurora/aurora_sim_v2/install/aurora_drive/share/aurora_drive/launch
[2.443s] symbolically linking /home/aurora/aurora_sim_v2/build/aurora_drive/config/twist_mux.yaml -> /home/aurora/aurora_sim_v2/install/aurora_drive/share/aurora_drive/config
[2.444s] symbolically linking /home/aurora/aurora_sim_v2/build/aurora_drive/config/joystick.yaml -> /home/aurora/aurora_sim_v2/install/aurora_drive/share/aurora_drive/config
[2.444s] symbolically linking /home/aurora/aurora_sim_v2/build/aurora_drive/config/controller_4ws.yaml -> /home/aurora/aurora_sim_v2/install/aurora_drive/share/aurora_drive/config
[2.444s] symbolically linking /home/aurora/aurora_sim_v2/build/aurora_drive/config/slam_toolbox.yaml -> /home/aurora/aurora_sim_v2/install/aurora_drive/share/aurora_drive/config
[2.444s] symbolically linking /home/aurora/aurora_sim_v2/build/aurora_drive/config/mapper_params_online_async.yaml -> /home/aurora/aurora_sim_v2/install/aurora_drive/share/aurora_drive/config
[2.444s] symbolically linking /home/aurora/aurora_sim_v2/build/aurora_drive/config/nav2_param.yaml -> /home/aurora/aurora_sim_v2/install/aurora_drive/share/aurora_drive/config
[2.445s] symbolically linking /home/aurora/aurora_sim_v2/build/aurora_drive/config/rover_controller_4wd_v2.yaml -> /home/aurora/aurora_sim_v2/install/aurora_drive/share/aurora_drive/config
[2.446s] symbolically linking /home/aurora/aurora_sim_v2/build/aurora_drive/description/robot.urdf.xacro -> /home/aurora/aurora_sim_v2/install/aurora_drive/share/aurora_drive/description
[2.446s] symbolically linking /home/aurora/aurora_sim_v2/build/aurora_drive/description/camera.xacro -> /home/aurora/aurora_sim_v2/install/aurora_drive/share/aurora_drive/description
[2.446s] symbolically linking /home/aurora/aurora_sim_v2/build/aurora_drive/description/inertial_macros.xacro -> /home/aurora/aurora_sim_v2/install/aurora_drive/share/aurora_drive/description
[2.447s] symbolically linking /home/aurora/aurora_sim_v2/build/aurora_drive/description/depth_camera.xacro -> /home/aurora/aurora_sim_v2/install/aurora_drive/share/aurora_drive/description
[2.447s] symbolically linking /home/aurora/aurora_sim_v2/build/aurora_drive/description/ros2_control_4wd_v2.xacro -> /home/aurora/aurora_sim_v2/install/aurora_drive/share/aurora_drive/description
[2.447s] symbolically linking /home/aurora/aurora_sim_v2/build/aurora_drive/description/lidar.xacro -> /home/aurora/aurora_sim_v2/install/aurora_drive/share/aurora_drive/description
[2.447s] symbolically linking /home/aurora/aurora_sim_v2/build/aurora_drive/description/robot_core_4wd_v2.xacro -> /home/aurora/aurora_sim_v2/install/aurora_drive/share/aurora_drive/description
[2.447s] symbolically linking /home/aurora/aurora_sim_v2/build/aurora_drive/world/obstacle.world -> /home/aurora/aurora_sim_v2/install/aurora_drive/share/aurora_drive/world
[2.447s] symbolically linking /home/aurora/aurora_sim_v2/build/aurora_drive/world/obstacle_v2.world -> /home/aurora/aurora_sim_v2/install/aurora_drive/share/aurora_drive/world
[2.447s] symbolically linking /home/aurora/aurora_sim_v2/build/aurora_drive/world/house.world -> /home/aurora/aurora_sim_v2/install/aurora_drive/share/aurora_drive/world
[2.548s] Invoked command in '/home/aurora/aurora_sim_v2/build/aurora_drive' returned '0': PYTHONPATH=/home/aurora/aurora_sim_v2/build/aurora_drive/prefix_override:/usr/lib/python3/dist-packages/colcon_core/task/python/colcon_distutils_commands:/home/aurora/aurora_sim_v2/install/aurora_drive/lib/python3.10/site-packages:${PYTHONPATH} /usr/bin/python3 -W ignore:setup.py install is deprecated -W ignore:easy_install command is deprecated setup.py develop --editable --build-directory /home/aurora/aurora_sim_v2/build/aurora_drive/build --no-deps symlink_data --force
