[2.709s] Invoking command in '/home/fuga1129/aurora_sim_v2/src/aurora1': PYTHONPATH=/home/fuga1129/aurora_sim_v2/build/aurora1/prefix_override:/usr/lib/python3/dist-packages/colcon_core/task/python/colcon_distutils_commands:/home/fuga1129/aurora_sim_v2/install/aurora1/lib/python3.10/site-packages:${PYTHONPATH} /usr/bin/python3 -W ignore:setup.py install is deprecated -W ignore:easy_install command is deprecated setup.py egg_info --egg-base ../../build/aurora1 build --build-base /home/fuga1129/aurora_sim_v2/build/aurora1/build install --record /home/fuga1129/aurora_sim_v2/build/aurora1/install.log --single-version-externally-managed install_data
[3.218s] running egg_info
[3.219s] writing ../../build/aurora1/aurora1.egg-info/PKG-INFO
[3.219s] writing dependency_links to ../../build/aurora1/aurora1.egg-info/dependency_links.txt
[3.220s] writing entry points to ../../build/aurora1/aurora1.egg-info/entry_points.txt
[3.221s] writing requirements to ../../build/aurora1/aurora1.egg-info/requires.txt
[3.221s] writing top-level names to ../../build/aurora1/aurora1.egg-info/top_level.txt
[3.224s] reading manifest file '../../build/aurora1/aurora1.egg-info/SOURCES.txt'
[3.226s] writing manifest file '../../build/aurora1/aurora1.egg-info/SOURCES.txt'
[3.227s] running build
[3.227s] running build_py
[3.228s] running install
[3.229s] running install_lib
[3.231s] running install_data
[3.235s] running install_egg_info
[3.236s] removing '/home/fuga1129/aurora_sim_v2/install/aurora1/lib/python3.10/site-packages/aurora1-0.0.0-py3.10.egg-info' (and everything under it)
[3.238s] Copying ../../build/aurora1/aurora1.egg-info to /home/fuga1129/aurora_sim_v2/install/aurora1/lib/python3.10/site-packages/aurora1-0.0.0-py3.10.egg-info
[3.241s] running install_scripts
[3.284s] Installing ackermann_4wd_controller script to /home/fuga1129/aurora_sim_v2/install/aurora1/lib/aurora1
[3.285s] Installing ackermann_4wd_controller_real script to /home/fuga1129/aurora_sim_v2/install/aurora1/lib/aurora1
[3.285s] writing list of installed files to '/home/fuga1129/aurora_sim_v2/build/aurora1/install.log'
[3.335s] Invoked command in '/home/fuga1129/aurora_sim_v2/src/aurora1' returned '0': PYTHONPATH=/home/fuga1129/aurora_sim_v2/build/aurora1/prefix_override:/usr/lib/python3/dist-packages/colcon_core/task/python/colcon_distutils_commands:/home/fuga1129/aurora_sim_v2/install/aurora1/lib/python3.10/site-packages:${PYTHONPATH} /usr/bin/python3 -W ignore:setup.py install is deprecated -W ignore:easy_install command is deprecated setup.py egg_info --egg-base ../../build/aurora1 build --build-base /home/fuga1129/aurora_sim_v2/build/aurora1/build install --record /home/fuga1129/aurora_sim_v2/build/aurora1/install.log --single-version-externally-managed install_data
