[3.118s] Invoking command in '/home/fuga1129/aurora_sim_v2/build/aurora1': PYTHONPATH=/home/fuga1129/aurora_sim_v2/build/aurora1/prefix_override:/usr/lib/python3/dist-packages/colcon_core/task/python/colcon_distutils_commands:/home/fuga1129/aurora_sim_v2/install/aurora1/lib/python3.10/site-packages:${PYTHONPATH} /usr/bin/python3 -W ignore:setup.py install is deprecated -W ignore:easy_install command is deprecated setup.py develop --editable --build-directory /home/fuga1129/aurora_sim_v2/build/aurora1/build --no-deps symlink_data --force
[3.674s] running develop
[4.071s] running egg_info
[4.077s] writing aurora1.egg-info/PKG-INFO
[4.078s] writing dependency_links to aurora1.egg-info/dependency_links.txt
[4.078s] writing entry points to aurora1.egg-info/entry_points.txt
[4.079s] writing requirements to aurora1.egg-info/requires.txt
[4.081s] writing top-level names to aurora1.egg-info/top_level.txt
[4.081s] reading manifest file 'aurora1.egg-info/SOURCES.txt'
[4.081s] writing manifest file 'aurora1.egg-info/SOURCES.txt'
[4.085s] running build_ext
[4.085s] Creating /home/fuga1129/aurora_sim_v2/install/aurora1/lib/python3.10/site-packages/aurora1.egg-link (link to .)
[4.093s] Installing ackermann_4wd_controller script to /home/fuga1129/aurora_sim_v2/install/aurora1/lib/aurora1
[4.093s] Installing ackermann_4wd_controller_real script to /home/fuga1129/aurora_sim_v2/install/aurora1/lib/aurora1
[4.093s] 
[4.094s] Installed /home/fuga1129/aurora_sim_v2/build/aurora1
[4.094s] running symlink_data
[4.094s] symbolically linking /home/fuga1129/aurora_sim_v2/build/aurora1/resource/aurora1 -> /home/fuga1129/aurora_sim_v2/install/aurora1/share/ament_index/resource_index/packages
[4.094s] symbolically linking /home/fuga1129/aurora_sim_v2/build/aurora1/package.xml -> /home/fuga1129/aurora_sim_v2/install/aurora1/share/aurora1
[4.095s] symbolically linking /home/fuga1129/aurora_sim_v2/build/aurora1/launch/joystick_real.launch.py -> /home/fuga1129/aurora_sim_v2/install/aurora1/share/aurora1/launch
[4.097s] symbolically linking /home/fuga1129/aurora_sim_v2/build/aurora1/launch/launch_sim.launch.py -> /home/fuga1129/aurora_sim_v2/install/aurora1/share/aurora1/launch
[4.099s] symbolically linking /home/fuga1129/aurora_sim_v2/build/aurora1/launch/joystick.launch.py -> /home/fuga1129/aurora_sim_v2/install/aurora1/share/aurora1/launch
[4.100s] symbolically linking /home/fuga1129/aurora_sim_v2/build/aurora1/launch/rsp.launch.py -> /home/fuga1129/aurora_sim_v2/install/aurora1/share/aurora1/launch
[4.100s] symbolically linking /home/fuga1129/aurora_sim_v2/build/aurora1/config/joystick.yaml -> /home/fuga1129/aurora_sim_v2/install/aurora1/share/aurora1/config
[4.100s] symbolically linking /home/fuga1129/aurora_sim_v2/build/aurora1/config/rover_controller_4wd_v2.yaml -> /home/fuga1129/aurora_sim_v2/install/aurora1/share/aurora1/config
[4.100s] symbolically linking /home/fuga1129/aurora_sim_v2/build/aurora1/config/mapper_params_online_async.yaml -> /home/fuga1129/aurora_sim_v2/install/aurora1/share/aurora1/config
[4.100s] symbolically linking /home/fuga1129/aurora_sim_v2/build/aurora1/description/robot_core_4wd_v2.xacro -> /home/fuga1129/aurora_sim_v2/install/aurora1/share/aurora1/description
[4.100s] symbolically linking /home/fuga1129/aurora_sim_v2/build/aurora1/description/depth_camera.xacro -> /home/fuga1129/aurora_sim_v2/install/aurora1/share/aurora1/description
[4.101s] symbolically linking /home/fuga1129/aurora_sim_v2/build/aurora1/description/inertial_macros.xacro -> /home/fuga1129/aurora_sim_v2/install/aurora1/share/aurora1/description
[4.101s] symbolically linking /home/fuga1129/aurora_sim_v2/build/aurora1/description/ros2_control_4wd_v2.xacro -> /home/fuga1129/aurora_sim_v2/install/aurora1/share/aurora1/description
[4.104s] symbolically linking /home/fuga1129/aurora_sim_v2/build/aurora1/description/lidar.xacro -> /home/fuga1129/aurora_sim_v2/install/aurora1/share/aurora1/description
[4.104s] symbolically linking /home/fuga1129/aurora_sim_v2/build/aurora1/description/robot.urdf.xacro -> /home/fuga1129/aurora_sim_v2/install/aurora1/share/aurora1/description
[4.104s] symbolically linking /home/fuga1129/aurora_sim_v2/build/aurora1/description/camera.xacro -> /home/fuga1129/aurora_sim_v2/install/aurora1/share/aurora1/description
[4.104s] symbolically linking /home/fuga1129/aurora_sim_v2/build/aurora1/rviz/slam.rviz -> /home/fuga1129/aurora_sim_v2/install/aurora1/share/aurora1/rviz
[4.104s] symbolically linking /home/fuga1129/aurora_sim_v2/build/aurora1/launch/slam_launch.py -> /home/fuga1129/aurora_sim_v2/install/aurora1/share/aurora1/launch
[4.104s] symbolically linking /home/fuga1129/aurora_sim_v2/build/aurora1/launch/joystick_real.launch.py -> /home/fuga1129/aurora_sim_v2/install/aurora1/share/aurora1/launch
[4.105s] symbolically linking /home/fuga1129/aurora_sim_v2/build/aurora1/launch/launch_sim.launch.py -> /home/fuga1129/aurora_sim_v2/install/aurora1/share/aurora1/launch
[4.105s] symbolically linking /home/fuga1129/aurora_sim_v2/build/aurora1/launch/joystick.launch.py -> /home/fuga1129/aurora_sim_v2/install/aurora1/share/aurora1/launch
[4.105s] symbolically linking /home/fuga1129/aurora_sim_v2/build/aurora1/launch/rsp.launch.py -> /home/fuga1129/aurora_sim_v2/install/aurora1/share/aurora1/launch
[4.176s] Invoked command in '/home/fuga1129/aurora_sim_v2/build/aurora1' returned '0': PYTHONPATH=/home/fuga1129/aurora_sim_v2/build/aurora1/prefix_override:/usr/lib/python3/dist-packages/colcon_core/task/python/colcon_distutils_commands:/home/fuga1129/aurora_sim_v2/install/aurora1/lib/python3.10/site-packages:${PYTHONPATH} /usr/bin/python3 -W ignore:setup.py install is deprecated -W ignore:easy_install command is deprecated setup.py develop --editable --build-directory /home/fuga1129/aurora_sim_v2/build/aurora1/build --no-deps symlink_data --force
