[2.528s] Invoking command in '/home/fuga1129/aurora_sim_v2/src/aurora1': PYTHONPATH=/home/fuga1129/aurora_sim_v2/build/aurora1/prefix_override:/usr/lib/python3/dist-packages/colcon_core/task/python/colcon_distutils_commands:/home/fuga1129/aurora_sim_v2/install/aurora1/lib/python3.10/site-packages:${PYTHONPATH} /usr/bin/python3 -W ignore:setup.py install is deprecated -W ignore:easy_install command is deprecated setup.py egg_info --egg-base ../../build/aurora1 build --build-base /home/fuga1129/aurora_sim_v2/build/aurora1/build install --record /home/fuga1129/aurora_sim_v2/build/aurora1/install.log --single-version-externally-managed install_data
[2.940s] running egg_info
[2.940s] writing ../../build/aurora1/aurora1.egg-info/PKG-INFO
[2.940s] writing dependency_links to ../../build/aurora1/aurora1.egg-info/dependency_links.txt
[2.941s] writing entry points to ../../build/aurora1/aurora1.egg-info/entry_points.txt
[2.941s] writing requirements to ../../build/aurora1/aurora1.egg-info/requires.txt
[2.941s] writing top-level names to ../../build/aurora1/aurora1.egg-info/top_level.txt
[2.944s] reading manifest file '../../build/aurora1/aurora1.egg-info/SOURCES.txt'
[2.945s] writing manifest file '../../build/aurora1/aurora1.egg-info/SOURCES.txt'
[2.946s] running build
[2.946s] running build_py
[2.946s] running install
[2.947s] running install_lib
[2.950s] running install_data
[2.950s] running install_egg_info
[2.953s] removing '/home/fuga1129/aurora_sim_v2/install/aurora1/lib/python3.10/site-packages/aurora1-0.0.0-py3.10.egg-info' (and everything under it)
[2.954s] Copying ../../build/aurora1/aurora1.egg-info to /home/fuga1129/aurora_sim_v2/install/aurora1/lib/python3.10/site-packages/aurora1-0.0.0-py3.10.egg-info
[2.956s] running install_scripts
[2.993s] Installing ackermann_4wd_controller script to /home/fuga1129/aurora_sim_v2/install/aurora1/lib/aurora1
[2.993s] Installing ackermann_4wd_controller_real script to /home/fuga1129/aurora_sim_v2/install/aurora1/lib/aurora1
[2.993s] writing list of installed files to '/home/fuga1129/aurora_sim_v2/build/aurora1/install.log'
[3.042s] Invoked command in '/home/fuga1129/aurora_sim_v2/src/aurora1' returned '0': PYTHONPATH=/home/fuga1129/aurora_sim_v2/build/aurora1/prefix_override:/usr/lib/python3/dist-packages/colcon_core/task/python/colcon_distutils_commands:/home/fuga1129/aurora_sim_v2/install/aurora1/lib/python3.10/site-packages:${PYTHONPATH} /usr/bin/python3 -W ignore:setup.py install is deprecated -W ignore:easy_install command is deprecated setup.py egg_info --egg-base ../../build/aurora1 build --build-base /home/fuga1129/aurora_sim_v2/build/aurora1/build install --record /home/fuga1129/aurora_sim_v2/build/aurora1/install.log --single-version-externally-managed install_data
