[0.831s] Invoking command in '/home/fuga1129/aurora_sim_v2/build/aurora_drive': PYTHONPATH=/home/fuga1129/aurora_sim_v2/build/aurora_drive/prefix_override:/usr/lib/python3/dist-packages/colcon_core/task/python/colcon_distutils_commands:/home/fuga1129/aurora_sim_v2/install/aurora_drive/lib/python3.10/site-packages:${PYTHONPATH} /usr/bin/python3 -W ignore:setup.py install is deprecated -W ignore:easy_install command is deprecated setup.py develop --uninstall --editable --build-directory /home/fuga1129/aurora_sim_v2/build/aurora_drive/build
[1.007s] running develop
[1.108s] Removing /home/fuga1129/aurora_sim_v2/install/aurora_drive/lib/python3.10/site-packages/aurora-drive.egg-link (link to .)
[1.133s] Invoked command in '/home/fuga1129/aurora_sim_v2/build/aurora_drive' returned '0': PYTHONPATH=/home/fuga1129/aurora_sim_v2/build/aurora_drive/prefix_override:/usr/lib/python3/dist-packages/colcon_core/task/python/colcon_distutils_commands:/home/fuga1129/aurora_sim_v2/install/aurora_drive/lib/python3.10/site-packages:${PYTHONPATH} /usr/bin/python3 -W ignore:setup.py install is deprecated -W ignore:easy_install command is deprecated setup.py develop --uninstall --editable --build-directory /home/fuga1129/aurora_sim_v2/build/aurora_drive/build
[1.135s] Invoking command in '/home/fuga1129/aurora_sim_v2/src/aurora_drive': PYTHONPATH=/home/fuga1129/aurora_sim_v2/build/aurora_drive/prefix_override:/usr/lib/python3/dist-packages/colcon_core/task/python/colcon_distutils_commands:/home/fuga1129/aurora_sim_v2/install/aurora_drive/lib/python3.10/site-packages:${PYTHONPATH} /usr/bin/python3 -W ignore:setup.py install is deprecated -W ignore:easy_install command is deprecated setup.py egg_info --egg-base ../../build/aurora_drive build --build-base /home/fuga1129/aurora_sim_v2/build/aurora_drive/build install --record /home/fuga1129/aurora_sim_v2/build/aurora_drive/install.log --single-version-externally-managed install_data --force
[1.344s] running egg_info
[1.344s] writing ../../build/aurora_drive/aurora_drive.egg-info/PKG-INFO
[1.344s] writing dependency_links to ../../build/aurora_drive/aurora_drive.egg-info/dependency_links.txt
[1.344s] writing entry points to ../../build/aurora_drive/aurora_drive.egg-info/entry_points.txt
[1.345s] writing requirements to ../../build/aurora_drive/aurora_drive.egg-info/requires.txt
[1.345s] writing top-level names to ../../build/aurora_drive/aurora_drive.egg-info/top_level.txt
[1.345s] reading manifest file '../../build/aurora_drive/aurora_drive.egg-info/SOURCES.txt'
[1.346s] writing manifest file '../../build/aurora_drive/aurora_drive.egg-info/SOURCES.txt'
[1.346s] running build
[1.346s] running build_py
[1.347s] running install
[1.347s] running install_lib
[1.347s] creating /home/fuga1129/aurora_sim_v2/install/aurora_drive/lib/python3.10/site-packages/aurora_drive
[1.348s] copying /home/fuga1129/aurora_sim_v2/build/aurora_drive/build/lib/aurora_drive/__init__.py -> /home/fuga1129/aurora_sim_v2/install/aurora_drive/lib/python3.10/site-packages/aurora_drive
[1.348s] copying /home/fuga1129/aurora_sim_v2/build/aurora_drive/build/lib/aurora_drive/odometry_4ws.py -> /home/fuga1129/aurora_sim_v2/install/aurora_drive/lib/python3.10/site-packages/aurora_drive
[1.348s] copying /home/fuga1129/aurora_sim_v2/build/aurora_drive/build/lib/aurora_drive/ackermann_sim_controller.py -> /home/fuga1129/aurora_sim_v2/install/aurora_drive/lib/python3.10/site-packages/aurora_drive
[1.348s] copying /home/fuga1129/aurora_sim_v2/build/aurora_drive/build/lib/aurora_drive/ackermann_4wd_controller.py -> /home/fuga1129/aurora_sim_v2/install/aurora_drive/lib/python3.10/site-packages/aurora_drive
[1.348s] byte-compiling /home/fuga1129/aurora_sim_v2/install/aurora_drive/lib/python3.10/site-packages/aurora_drive/__init__.py to __init__.cpython-310.pyc
[1.348s] byte-compiling /home/fuga1129/aurora_sim_v2/install/aurora_drive/lib/python3.10/site-packages/aurora_drive/odometry_4ws.py to odometry_4ws.cpython-310.pyc
[1.349s] byte-compiling /home/fuga1129/aurora_sim_v2/install/aurora_drive/lib/python3.10/site-packages/aurora_drive/ackermann_sim_controller.py to ackermann_sim_controller.cpython-310.pyc
[1.349s] byte-compiling /home/fuga1129/aurora_sim_v2/install/aurora_drive/lib/python3.10/site-packages/aurora_drive/ackermann_4wd_controller.py to ackermann_4wd_controller.cpython-310.pyc
[1.350s] running install_data
[1.350s] copying resource/aurora_drive -> /home/fuga1129/aurora_sim_v2/install/aurora_drive/share/ament_index/resource_index/packages
[1.350s] copying package.xml -> /home/fuga1129/aurora_sim_v2/install/aurora_drive/share/aurora_drive
[1.350s] copying launch/rsp_v2.launch.py -> /home/fuga1129/aurora_sim_v2/install/aurora_drive/share/aurora_drive/launch
[1.350s] copying launch/joystick_real.launch.py -> /home/fuga1129/aurora_sim_v2/install/aurora_drive/share/aurora_drive/launch
[1.350s] copying launch/launch_sim.launch.py -> /home/fuga1129/aurora_sim_v2/install/aurora_drive/share/aurora_drive/launch
[1.350s] copying launch/joystick_v2.launch.py -> /home/fuga1129/aurora_sim_v2/install/aurora_drive/share/aurora_drive/launch
[1.350s] copying launch/launch_sim_v2.launch.py -> /home/fuga1129/aurora_sim_v2/install/aurora_drive/share/aurora_drive/launch
[1.350s] copying launch/joystick.launch.py -> /home/fuga1129/aurora_sim_v2/install/aurora_drive/share/aurora_drive/launch
[1.351s] copying launch/all.launch.py -> /home/fuga1129/aurora_sim_v2/install/aurora_drive/share/aurora_drive/launch
[1.351s] copying launch/rsp.launch.py -> /home/fuga1129/aurora_sim_v2/install/aurora_drive/share/aurora_drive/launch
[1.351s] copying launch/rsp_v2.launch.py -> /home/fuga1129/aurora_sim_v2/install/aurora_drive/share/aurora_drive/launch
[1.351s] copying launch/slam_launch.py -> /home/fuga1129/aurora_sim_v2/install/aurora_drive/share/aurora_drive/launch
[1.351s] copying launch/joystick_real.launch.py -> /home/fuga1129/aurora_sim_v2/install/aurora_drive/share/aurora_drive/launch
[1.351s] copying launch/launch_sim.launch.py -> /home/fuga1129/aurora_sim_v2/install/aurora_drive/share/aurora_drive/launch
[1.351s] copying launch/joystick_v2.launch.py -> /home/fuga1129/aurora_sim_v2/install/aurora_drive/share/aurora_drive/launch
[1.351s] copying launch/launch_sim_v2.launch.py -> /home/fuga1129/aurora_sim_v2/install/aurora_drive/share/aurora_drive/launch
[1.351s] copying launch/joystick.launch.py -> /home/fuga1129/aurora_sim_v2/install/aurora_drive/share/aurora_drive/launch
[1.351s] copying launch/all.launch.py -> /home/fuga1129/aurora_sim_v2/install/aurora_drive/share/aurora_drive/launch
[1.351s] copying launch/rsp.launch.py -> /home/fuga1129/aurora_sim_v2/install/aurora_drive/share/aurora_drive/launch
[1.351s] copying config/joystick.yaml -> /home/fuga1129/aurora_sim_v2/install/aurora_drive/share/aurora_drive/config
[1.351s] copying config/rover_controller_4wd_v2.yaml -> /home/fuga1129/aurora_sim_v2/install/aurora_drive/share/aurora_drive/config
[1.351s] copying config/controller_4ws.yaml -> /home/fuga1129/aurora_sim_v2/install/aurora_drive/share/aurora_drive/config
[1.352s] copying config/twist_mux.yaml -> /home/fuga1129/aurora_sim_v2/install/aurora_drive/share/aurora_drive/config
[1.352s] copying config/nav2_param.yaml -> /home/fuga1129/aurora_sim_v2/install/aurora_drive/share/aurora_drive/config
[1.352s] copying config/slam_toolbox.yaml -> /home/fuga1129/aurora_sim_v2/install/aurora_drive/share/aurora_drive/config
[1.352s] copying config/mapper_params_online_async.yaml -> /home/fuga1129/aurora_sim_v2/install/aurora_drive/share/aurora_drive/config
[1.352s] copying description/robot_core_4wd_v2.xacro -> /home/fuga1129/aurora_sim_v2/install/aurora_drive/share/aurora_drive/description
[1.352s] copying description/depth_camera.xacro -> /home/fuga1129/aurora_sim_v2/install/aurora_drive/share/aurora_drive/description
[1.353s] copying description/inertial_macros.xacro -> /home/fuga1129/aurora_sim_v2/install/aurora_drive/share/aurora_drive/description
[1.353s] copying description/ros2_control_4wd_v2.xacro -> /home/fuga1129/aurora_sim_v2/install/aurora_drive/share/aurora_drive/description
[1.353s] copying description/lidar.xacro -> /home/fuga1129/aurora_sim_v2/install/aurora_drive/share/aurora_drive/description
[1.353s] copying description/robot.urdf.xacro -> /home/fuga1129/aurora_sim_v2/install/aurora_drive/share/aurora_drive/description
[1.353s] copying description/camera.xacro -> /home/fuga1129/aurora_sim_v2/install/aurora_drive/share/aurora_drive/description
[1.353s] copying world/house.world -> /home/fuga1129/aurora_sim_v2/install/aurora_drive/share/aurora_drive/world
[1.353s] copying world/obstacle_v2.world -> /home/fuga1129/aurora_sim_v2/install/aurora_drive/share/aurora_drive/world
[1.354s] copying world/obstacle.world -> /home/fuga1129/aurora_sim_v2/install/aurora_drive/share/aurora_drive/world
[1.354s] running install_egg_info
[1.356s] Copying ../../build/aurora_drive/aurora_drive.egg-info to /home/fuga1129/aurora_sim_v2/install/aurora_drive/lib/python3.10/site-packages/aurora_drive-0.0.0-py3.10.egg-info
[1.357s] running install_scripts
[1.371s] Installing ackermann_4wd_controller script to /home/fuga1129/aurora_sim_v2/install/aurora_drive/lib/aurora_drive
[1.372s] Installing ackermann_sim_controller script to /home/fuga1129/aurora_sim_v2/install/aurora_drive/lib/aurora_drive
[1.372s] Installing odometry_4ws script to /home/fuga1129/aurora_sim_v2/install/aurora_drive/lib/aurora_drive
[1.372s] writing list of installed files to '/home/fuga1129/aurora_sim_v2/build/aurora_drive/install.log'
[1.395s] Invoked command in '/home/fuga1129/aurora_sim_v2/src/aurora_drive' returned '0': PYTHONPATH=/home/fuga1129/aurora_sim_v2/build/aurora_drive/prefix_override:/usr/lib/python3/dist-packages/colcon_core/task/python/colcon_distutils_commands:/home/fuga1129/aurora_sim_v2/install/aurora_drive/lib/python3.10/site-packages:${PYTHONPATH} /usr/bin/python3 -W ignore:setup.py install is deprecated -W ignore:easy_install command is deprecated setup.py egg_info --egg-base ../../build/aurora_drive build --build-base /home/fuga1129/aurora_sim_v2/build/aurora_drive/build install --record /home/fuga1129/aurora_sim_v2/build/aurora_drive/install.log --single-version-externally-managed install_data --force
