[1.696s] Invoking command in '/home/fuga1129/aurora_sim_v2/build/opencv_ros2': PYTHONPATH=/home/fuga1129/aurora_sim_v2/build/opencv_ros2/prefix_override:/usr/lib/python3/dist-packages/colcon_core/task/python/colcon_distutils_commands:/home/fuga1129/aurora_sim_v2/install/opencv_ros2/lib/python3.10/site-packages:${PYTHONPATH} /usr/bin/python3 -W ignore:setup.py install is deprecated -W ignore:easy_install command is deprecated setup.py develop --uninstall --editable --build-directory /home/fuga1129/aurora_sim_v2/build/opencv_ros2/build
[2.093s] running develop
[2.274s] Removing /home/fuga1129/aurora_sim_v2/install/opencv_ros2/lib/python3.10/site-packages/opencv-ros2.egg-link (link to .)
[2.308s] Invoked command in '/home/fuga1129/aurora_sim_v2/build/opencv_ros2' returned '0': PYTHONPATH=/home/fuga1129/aurora_sim_v2/build/opencv_ros2/prefix_override:/usr/lib/python3/dist-packages/colcon_core/task/python/colcon_distutils_commands:/home/fuga1129/aurora_sim_v2/install/opencv_ros2/lib/python3.10/site-packages:${PYTHONPATH} /usr/bin/python3 -W ignore:setup.py install is deprecated -W ignore:easy_install command is deprecated setup.py develop --uninstall --editable --build-directory /home/fuga1129/aurora_sim_v2/build/opencv_ros2/build
[2.310s] Invoking command in '/home/fuga1129/aurora_sim_v2/src/chapter5/opencv_ros2': PYTHONPATH=/home/fuga1129/aurora_sim_v2/build/opencv_ros2/prefix_override:/usr/lib/python3/dist-packages/colcon_core/task/python/colcon_distutils_commands:/home/fuga1129/aurora_sim_v2/install/opencv_ros2/lib/python3.10/site-packages:${PYTHONPATH} /usr/bin/python3 -W ignore:setup.py install is deprecated -W ignore:easy_install command is deprecated setup.py egg_info --egg-base ../../../build/opencv_ros2 build --build-base /home/fuga1129/aurora_sim_v2/build/opencv_ros2/build install --record /home/fuga1129/aurora_sim_v2/build/opencv_ros2/install.log --single-version-externally-managed install_data --force
[2.544s] running egg_info
[2.544s] writing ../../../build/opencv_ros2/opencv_ros2.egg-info/PKG-INFO
[2.544s] writing dependency_links to ../../../build/opencv_ros2/opencv_ros2.egg-info/dependency_links.txt
[2.545s] writing entry points to ../../../build/opencv_ros2/opencv_ros2.egg-info/entry_points.txt
[2.545s] writing requirements to ../../../build/opencv_ros2/opencv_ros2.egg-info/requires.txt
[2.545s] writing top-level names to ../../../build/opencv_ros2/opencv_ros2.egg-info/top_level.txt
[2.546s] reading manifest file '../../../build/opencv_ros2/opencv_ros2.egg-info/SOURCES.txt'
[2.546s] adding license file 'LICENSE'
[2.547s] writing manifest file '../../../build/opencv_ros2/opencv_ros2.egg-info/SOURCES.txt'
[2.547s] running build
[2.547s] running build_py
[2.548s] running install
[2.548s] running install_lib
[2.549s] creating /home/fuga1129/aurora_sim_v2/install/opencv_ros2/lib/python3.10/site-packages/opencv_ros2
[2.549s] copying /home/fuga1129/aurora_sim_v2/build/opencv_ros2/build/lib/opencv_ros2/__init__.py -> /home/fuga1129/aurora_sim_v2/install/opencv_ros2/lib/python3.10/site-packages/opencv_ros2
[2.549s] copying /home/fuga1129/aurora_sim_v2/build/opencv_ros2/build/lib/opencv_ros2/imgproc_opencv_ros.py -> /home/fuga1129/aurora_sim_v2/install/opencv_ros2/lib/python3.10/site-packages/opencv_ros2
[2.549s] copying /home/fuga1129/aurora_sim_v2/build/opencv_ros2/build/lib/opencv_ros2/face_detection.py -> /home/fuga1129/aurora_sim_v2/install/opencv_ros2/lib/python3.10/site-packages/opencv_ros2
[2.549s] copying /home/fuga1129/aurora_sim_v2/build/opencv_ros2/build/lib/opencv_ros2/imgproc_opencv.py -> /home/fuga1129/aurora_sim_v2/install/opencv_ros2/lib/python3.10/site-packages/opencv_ros2
[2.549s] copying /home/fuga1129/aurora_sim_v2/build/opencv_ros2/build/lib/opencv_ros2/aruco_node_tf_v2.py -> /home/fuga1129/aurora_sim_v2/install/opencv_ros2/lib/python3.10/site-packages/opencv_ros2
[2.549s] copying /home/fuga1129/aurora_sim_v2/build/opencv_ros2/build/lib/opencv_ros2/read_write.py -> /home/fuga1129/aurora_sim_v2/install/opencv_ros2/lib/python3.10/site-packages/opencv_ros2
[2.549s] copying /home/fuga1129/aurora_sim_v2/build/opencv_ros2/build/lib/opencv_ros2/qrcode_detector.py -> /home/fuga1129/aurora_sim_v2/install/opencv_ros2/lib/python3.10/site-packages/opencv_ros2
[2.549s] copying /home/fuga1129/aurora_sim_v2/build/opencv_ros2/build/lib/opencv_ros2/aruco_node_tf.py -> /home/fuga1129/aurora_sim_v2/install/opencv_ros2/lib/python3.10/site-packages/opencv_ros2
[2.549s] copying /home/fuga1129/aurora_sim_v2/build/opencv_ros2/build/lib/opencv_ros2/canny_edge_detection.py -> /home/fuga1129/aurora_sim_v2/install/opencv_ros2/lib/python3.10/site-packages/opencv_ros2
[2.550s] byte-compiling /home/fuga1129/aurora_sim_v2/install/opencv_ros2/lib/python3.10/site-packages/opencv_ros2/__init__.py to __init__.cpython-310.pyc
[2.550s] byte-compiling /home/fuga1129/aurora_sim_v2/install/opencv_ros2/lib/python3.10/site-packages/opencv_ros2/imgproc_opencv_ros.py to imgproc_opencv_ros.cpython-310.pyc
[2.551s] byte-compiling /home/fuga1129/aurora_sim_v2/install/opencv_ros2/lib/python3.10/site-packages/opencv_ros2/face_detection.py to face_detection.cpython-310.pyc
[2.551s] byte-compiling /home/fuga1129/aurora_sim_v2/install/opencv_ros2/lib/python3.10/site-packages/opencv_ros2/imgproc_opencv.py to imgproc_opencv.cpython-310.pyc
[2.552s] byte-compiling /home/fuga1129/aurora_sim_v2/install/opencv_ros2/lib/python3.10/site-packages/opencv_ros2/aruco_node_tf_v2.py to aruco_node_tf_v2.cpython-310.pyc
[2.554s] byte-compiling /home/fuga1129/aurora_sim_v2/install/opencv_ros2/lib/python3.10/site-packages/opencv_ros2/read_write.py to read_write.cpython-310.pyc
[2.554s] byte-compiling /home/fuga1129/aurora_sim_v2/install/opencv_ros2/lib/python3.10/site-packages/opencv_ros2/qrcode_detector.py to qrcode_detector.cpython-310.pyc
[2.554s] byte-compiling /home/fuga1129/aurora_sim_v2/install/opencv_ros2/lib/python3.10/site-packages/opencv_ros2/aruco_node_tf.py to aruco_node_tf.cpython-310.pyc
[2.555s] byte-compiling /home/fuga1129/aurora_sim_v2/install/opencv_ros2/lib/python3.10/site-packages/opencv_ros2/canny_edge_detection.py to canny_edge_detection.cpython-310.pyc
[2.556s] running install_data
[2.557s] copying resource/opencv_ros2 -> /home/fuga1129/aurora_sim_v2/install/opencv_ros2/share/ament_index/resource_index/packages
[2.557s] copying package.xml -> /home/fuga1129/aurora_sim_v2/install/opencv_ros2/share/opencv_ros2
[2.557s] running install_egg_info
[2.558s] Copying ../../../build/opencv_ros2/opencv_ros2.egg-info to /home/fuga1129/aurora_sim_v2/install/opencv_ros2/lib/python3.10/site-packages/opencv_ros2-2.0.0-py3.10.egg-info
[2.559s] running install_scripts
[2.581s] Installing aruco_node_tf script to /home/fuga1129/aurora_sim_v2/install/opencv_ros2/lib/opencv_ros2
[2.581s] Installing aruco_node_tf_v2 script to /home/fuga1129/aurora_sim_v2/install/opencv_ros2/lib/opencv_ros2
[2.581s] Installing canny_edge_detection script to /home/fuga1129/aurora_sim_v2/install/opencv_ros2/lib/opencv_ros2
[2.582s] Installing challenge5_1_say_hello script to /home/fuga1129/aurora_sim_v2/install/opencv_ros2/lib/opencv_ros2
[2.582s] Installing challenge5_2_cup_direction script to /home/fuga1129/aurora_sim_v2/install/opencv_ros2/lib/opencv_ros2
[2.582s] Installing face_detection script to /home/fuga1129/aurora_sim_v2/install/opencv_ros2/lib/opencv_ros2
[2.582s] Installing imgproc_opencv_ros script to /home/fuga1129/aurora_sim_v2/install/opencv_ros2/lib/opencv_ros2
[2.582s] Installing qrcode_detector script to /home/fuga1129/aurora_sim_v2/install/opencv_ros2/lib/opencv_ros2
[2.582s] Installing quiz5_1_smile_detection script to /home/fuga1129/aurora_sim_v2/install/opencv_ros2/lib/opencv_ros2
[2.582s] writing list of installed files to '/home/fuga1129/aurora_sim_v2/build/opencv_ros2/install.log'
[2.613s] Invoked command in '/home/fuga1129/aurora_sim_v2/src/chapter5/opencv_ros2' returned '0': PYTHONPATH=/home/fuga1129/aurora_sim_v2/build/opencv_ros2/prefix_override:/usr/lib/python3/dist-packages/colcon_core/task/python/colcon_distutils_commands:/home/fuga1129/aurora_sim_v2/install/opencv_ros2/lib/python3.10/site-packages:${PYTHONPATH} /usr/bin/python3 -W ignore:setup.py install is deprecated -W ignore:easy_install command is deprecated setup.py egg_info --egg-base ../../../build/opencv_ros2 build --build-base /home/fuga1129/aurora_sim_v2/build/opencv_ros2/build install --record /home/fuga1129/aurora_sim_v2/build/opencv_ros2/install.log --single-version-externally-managed install_data --force
