running egg_info
creating ../../build/aurora_drive/aurora_drive.egg-info
writing ../../build/aurora_drive/aurora_drive.egg-info/PKG-INFO
writing dependency_links to ../../build/aurora_drive/aurora_drive.egg-info/dependency_links.txt
writing entry points to ../../build/aurora_drive/aurora_drive.egg-info/entry_points.txt
writing requirements to ../../build/aurora_drive/aurora_drive.egg-info/requires.txt
writing top-level names to ../../build/aurora_drive/aurora_drive.egg-info/top_level.txt
writing manifest file '../../build/aurora_drive/aurora_drive.egg-info/SOURCES.txt'
reading manifest file '../../build/aurora_drive/aurora_drive.egg-info/SOURCES.txt'
writing manifest file '../../build/aurora_drive/aurora_drive.egg-info/SOURCES.txt'
running build
running build_py
creating /home/fuga1129/aurora_sim_v2/build/aurora_drive/build
creating /home/fuga1129/aurora_sim_v2/build/aurora_drive/build/lib
creating /home/fuga1129/aurora_sim_v2/build/aurora_drive/build/lib/aurora_drive
copying aurora_drive/__init__.py -> /home/fuga1129/aurora_sim_v2/build/aurora_drive/build/lib/aurora_drive
copying aurora_drive/odometry_4ws.py -> /home/fuga1129/aurora_sim_v2/build/aurora_drive/build/lib/aurora_drive
copying aurora_drive/ackermann_sim_controller.py -> /home/fuga1129/aurora_sim_v2/build/aurora_drive/build/lib/aurora_drive
copying aurora_drive/ackermann_4wd_controller.py -> /home/fuga1129/aurora_sim_v2/build/aurora_drive/build/lib/aurora_drive
running install
running install_lib
creating /home/fuga1129/aurora_sim_v2/install/aurora_drive/lib/python3.10/site-packages/aurora_drive
copying /home/fuga1129/aurora_sim_v2/build/aurora_drive/build/lib/aurora_drive/__init__.py -> /home/fuga1129/aurora_sim_v2/install/aurora_drive/lib/python3.10/site-packages/aurora_drive
copying /home/fuga1129/aurora_sim_v2/build/aurora_drive/build/lib/aurora_drive/odometry_4ws.py -> /home/fuga1129/aurora_sim_v2/install/aurora_drive/lib/python3.10/site-packages/aurora_drive
copying /home/fuga1129/aurora_sim_v2/build/aurora_drive/build/lib/aurora_drive/ackermann_sim_controller.py -> /home/fuga1129/aurora_sim_v2/install/aurora_drive/lib/python3.10/site-packages/aurora_drive
copying /home/fuga1129/aurora_sim_v2/build/aurora_drive/build/lib/aurora_drive/ackermann_4wd_controller.py -> /home/fuga1129/aurora_sim_v2/install/aurora_drive/lib/python3.10/site-packages/aurora_drive
byte-compiling /home/fuga1129/aurora_sim_v2/install/aurora_drive/lib/python3.10/site-packages/aurora_drive/__init__.py to __init__.cpython-310.pyc
byte-compiling /home/fuga1129/aurora_sim_v2/install/aurora_drive/lib/python3.10/site-packages/aurora_drive/odometry_4ws.py to odometry_4ws.cpython-310.pyc
byte-compiling /home/fuga1129/aurora_sim_v2/install/aurora_drive/lib/python3.10/site-packages/aurora_drive/ackermann_sim_controller.py to ackermann_sim_controller.cpython-310.pyc
byte-compiling /home/fuga1129/aurora_sim_v2/install/aurora_drive/lib/python3.10/site-packages/aurora_drive/ackermann_4wd_controller.py to ackermann_4wd_controller.cpython-310.pyc
running install_data
creating /home/fuga1129/aurora_sim_v2/install/aurora_drive/share/ament_index
creating /home/fuga1129/aurora_sim_v2/install/aurora_drive/share/ament_index/resource_index
creating /home/fuga1129/aurora_sim_v2/install/aurora_drive/share/ament_index/resource_index/packages
copying resource/aurora_drive -> /home/fuga1129/aurora_sim_v2/install/aurora_drive/share/ament_index/resource_index/packages
copying package.xml -> /home/fuga1129/aurora_sim_v2/install/aurora_drive/share/aurora_drive
creating /home/fuga1129/aurora_sim_v2/install/aurora_drive/share/aurora_drive/launch
copying launch/rsp_v2.launch.py -> /home/fuga1129/aurora_sim_v2/install/aurora_drive/share/aurora_drive/launch
copying launch/joystick_real.launch.py -> /home/fuga1129/aurora_sim_v2/install/aurora_drive/share/aurora_drive/launch
copying launch/launch_sim.launch.py -> /home/fuga1129/aurora_sim_v2/install/aurora_drive/share/aurora_drive/launch
copying launch/joystick_v2.launch.py -> /home/fuga1129/aurora_sim_v2/install/aurora_drive/share/aurora_drive/launch
copying launch/launch_sim_v2.launch.py -> /home/fuga1129/aurora_sim_v2/install/aurora_drive/share/aurora_drive/launch
copying launch/joystick.launch.py -> /home/fuga1129/aurora_sim_v2/install/aurora_drive/share/aurora_drive/launch
copying launch/rsp.launch.py -> /home/fuga1129/aurora_sim_v2/install/aurora_drive/share/aurora_drive/launch
creating /home/fuga1129/aurora_sim_v2/install/aurora_drive/share/aurora_drive/config
copying config/joystick.yaml -> /home/fuga1129/aurora_sim_v2/install/aurora_drive/share/aurora_drive/config
copying config/rover_controller_4wd_v2.yaml -> /home/fuga1129/aurora_sim_v2/install/aurora_drive/share/aurora_drive/config
copying config/controller_4ws.yaml -> /home/fuga1129/aurora_sim_v2/install/aurora_drive/share/aurora_drive/config
copying config/mapper_params_online_async.yaml -> /home/fuga1129/aurora_sim_v2/install/aurora_drive/share/aurora_drive/config
creating /home/fuga1129/aurora_sim_v2/install/aurora_drive/share/aurora_drive/description
copying description/robot_core_4wd_v2.xacro -> /home/fuga1129/aurora_sim_v2/install/aurora_drive/share/aurora_drive/description
copying description/depth_camera.xacro -> /home/fuga1129/aurora_sim_v2/install/aurora_drive/share/aurora_drive/description
copying description/inertial_macros.xacro -> /home/fuga1129/aurora_sim_v2/install/aurora_drive/share/aurora_drive/description
copying description/ros2_control_4wd_v2.xacro -> /home/fuga1129/aurora_sim_v2/install/aurora_drive/share/aurora_drive/description
copying description/lidar.xacro -> /home/fuga1129/aurora_sim_v2/install/aurora_drive/share/aurora_drive/description
copying description/robot.urdf.xacro -> /home/fuga1129/aurora_sim_v2/install/aurora_drive/share/aurora_drive/description
copying description/camera.xacro -> /home/fuga1129/aurora_sim_v2/install/aurora_drive/share/aurora_drive/description
running install_egg_info
Copying ../../build/aurora_drive/aurora_drive.egg-info to /home/fuga1129/aurora_sim_v2/install/aurora_drive/lib/python3.10/site-packages/aurora_drive-0.0.0-py3.10.egg-info
running install_scripts
Installing ackermann_4wd_controller script to /home/fuga1129/aurora_sim_v2/install/aurora_drive/lib/aurora_drive
Installing ackermann_sim_controller script to /home/fuga1129/aurora_sim_v2/install/aurora_drive/lib/aurora_drive
Installing odometry_4ws script to /home/fuga1129/aurora_sim_v2/install/aurora_drive/lib/aurora_drive
writing list of installed files to '/home/fuga1129/aurora_sim_v2/build/aurora_drive/install.log'
