/home/fuga1129/aurora_sim_v2/install/aurora1/lib/python3.10/site-packages/aurora1/__init__.py
/home/fuga1129/aurora_sim_v2/install/aurora1/lib/python3.10/site-packages/aurora1/ackermann_4wd_controller_real.py
/home/fuga1129/aurora_sim_v2/install/aurora1/lib/python3.10/site-packages/aurora1/ackermann_4wd_controller.py
/home/fuga1129/aurora_sim_v2/install/aurora1/lib/python3.10/site-packages/aurora1/__pycache__/__init__.cpython-310.pyc
/home/fuga1129/aurora_sim_v2/install/aurora1/lib/python3.10/site-packages/aurora1/__pycache__/ackermann_4wd_controller_real.cpython-310.pyc
/home/fuga1129/aurora_sim_v2/install/aurora1/lib/python3.10/site-packages/aurora1/__pycache__/ackermann_4wd_controller.cpython-310.pyc
/home/fuga1129/aurora_sim_v2/install/aurora1/share/ament_index/resource_index/packages/aurora1
/home/fuga1129/aurora_sim_v2/install/aurora1/share/aurora1/package.xml
/home/fuga1129/aurora_sim_v2/install/aurora1/share/aurora1/launch/joystick_real.launch.py
/home/fuga1129/aurora_sim_v2/install/aurora1/share/aurora1/launch/launch_sim.launch.py
/home/fuga1129/aurora_sim_v2/install/aurora1/share/aurora1/launch/joystick.launch.py
/home/fuga1129/aurora_sim_v2/install/aurora1/share/aurora1/launch/rsp.launch.py
/home/fuga1129/aurora_sim_v2/install/aurora1/share/aurora1/config/joystick.yaml
/home/fuga1129/aurora_sim_v2/install/aurora1/share/aurora1/config/rover_controller_4wd_v2.yaml
/home/fuga1129/aurora_sim_v2/install/aurora1/share/aurora1/config/mapper_params_online_async.yaml
/home/fuga1129/aurora_sim_v2/install/aurora1/share/aurora1/description/robot_core_4wd_v2.xacro
/home/fuga1129/aurora_sim_v2/install/aurora1/share/aurora1/description/depth_camera.xacro
/home/fuga1129/aurora_sim_v2/install/aurora1/share/aurora1/description/inertial_macros.xacro
/home/fuga1129/aurora_sim_v2/install/aurora1/share/aurora1/description/ros2_control_4wd_v2.xacro
/home/fuga1129/aurora_sim_v2/install/aurora1/share/aurora1/description/lidar.xacro
/home/fuga1129/aurora_sim_v2/install/aurora1/share/aurora1/description/robot.urdf.xacro
/home/fuga1129/aurora_sim_v2/install/aurora1/share/aurora1/description/camera.xacro
/home/fuga1129/aurora_sim_v2/install/aurora1/share/aurora1/rviz/slam.rviz
/home/fuga1129/aurora_sim_v2/install/aurora1/share/aurora1/launch/slam_launch.py
/home/fuga1129/aurora_sim_v2/install/aurora1/lib/python3.10/site-packages/aurora1-0.0.0-py3.10.egg-info/top_level.txt
/home/fuga1129/aurora_sim_v2/install/aurora1/lib/python3.10/site-packages/aurora1-0.0.0-py3.10.egg-info/requires.txt
/home/fuga1129/aurora_sim_v2/install/aurora1/lib/python3.10/site-packages/aurora1-0.0.0-py3.10.egg-info/dependency_links.txt
/home/fuga1129/aurora_sim_v2/install/aurora1/lib/python3.10/site-packages/aurora1-0.0.0-py3.10.egg-info/SOURCES.txt
/home/fuga1129/aurora_sim_v2/install/aurora1/lib/python3.10/site-packages/aurora1-0.0.0-py3.10.egg-info/zip-safe
/home/fuga1129/aurora_sim_v2/install/aurora1/lib/python3.10/site-packages/aurora1-0.0.0-py3.10.egg-info/PKG-INFO
/home/fuga1129/aurora_sim_v2/install/aurora1/lib/python3.10/site-packages/aurora1-0.0.0-py3.10.egg-info/entry_points.txt
/home/fuga1129/aurora_sim_v2/install/aurora1/lib/aurora1/ackermann_4wd_controller
/home/fuga1129/aurora_sim_v2/install/aurora1/lib/aurora1/ackermann_4wd_controller_real
