running egg_info
writing ../../build/aurora1/aurora1.egg-info/PKG-INFO
writing dependency_links to ../../build/aurora1/aurora1.egg-info/dependency_links.txt
writing entry points to ../../build/aurora1/aurora1.egg-info/entry_points.txt
writing requirements to ../../build/aurora1/aurora1.egg-info/requires.txt
writing top-level names to ../../build/aurora1/aurora1.egg-info/top_level.txt
reading manifest file '../../build/aurora1/aurora1.egg-info/SOURCES.txt'
writing manifest file '../../build/aurora1/aurora1.egg-info/SOURCES.txt'
running build
running build_py
running install
running install_lib
running install_data
copying description/depth_camera.xacro -> /home/fuga1129/aurora_sim_v2/install/aurora1/share/aurora1/description
running install_egg_info
removing '/home/fuga1129/aurora_sim_v2/install/aurora1/lib/python3.10/site-packages/aurora1-0.0.0-py3.10.egg-info' (and everything under it)
Copying ../../build/aurora1/aurora1.egg-info to /home/fuga1129/aurora_sim_v2/install/aurora1/lib/python3.10/site-packages/aurora1-0.0.0-py3.10.egg-info
running install_scripts
Installing ackermann_4wd_controller script to /home/fuga1129/aurora_sim_v2/install/aurora1/lib/aurora1
writing list of installed files to '/home/fuga1129/aurora_sim_v2/build/aurora1/install.log'
