running egg_info
writing ../../build/aurora_drive/aurora_drive.egg-info/PKG-INFO
writing dependency_links to ../../build/aurora_drive/aurora_drive.egg-info/dependency_links.txt
writing entry points to ../../build/aurora_drive/aurora_drive.egg-info/entry_points.txt
writing requirements to ../../build/aurora_drive/aurora_drive.egg-info/requires.txt
writing top-level names to ../../build/aurora_drive/aurora_drive.egg-info/top_level.txt
reading manifest file '../../build/aurora_drive/aurora_drive.egg-info/SOURCES.txt'
writing manifest file '../../build/aurora_drive/aurora_drive.egg-info/SOURCES.txt'
running build
running build_py
copying aurora_drive/ackermann_sim_controller.py -> /home/fuga1129/aurora_sim_v2/build/aurora_drive/build/lib/aurora_drive
running install
running install_lib
copying /home/fuga1129/aurora_sim_v2/build/aurora_drive/build/lib/aurora_drive/ackermann_sim_controller.py -> /home/fuga1129/aurora_sim_v2/install/aurora_drive/lib/python3.10/site-packages/aurora_drive
byte-compiling /home/fuga1129/aurora_sim_v2/install/aurora_drive/lib/python3.10/site-packages/aurora_drive/ackermann_sim_controller.py to ackermann_sim_controller.cpython-310.pyc
running install_data
running install_egg_info
removing '/home/fuga1129/aurora_sim_v2/install/aurora_drive/lib/python3.10/site-packages/aurora_drive-0.0.0-py3.10.egg-info' (and everything under it)
Copying ../../build/aurora_drive/aurora_drive.egg-info to /home/fuga1129/aurora_sim_v2/install/aurora_drive/lib/python3.10/site-packages/aurora_drive-0.0.0-py3.10.egg-info
running install_scripts
Installing ackermann_4wd_controller script to /home/fuga1129/aurora_sim_v2/install/aurora_drive/lib/aurora_drive
Installing ackermann_sim_controller script to /home/fuga1129/aurora_sim_v2/install/aurora_drive/lib/aurora_drive
Installing aruco_explorer script to /home/fuga1129/aurora_sim_v2/install/aurora_drive/lib/aurora_drive
Installing aruco_map_builder script to /home/fuga1129/aurora_sim_v2/install/aurora_drive/lib/aurora_drive
Installing aruco_marker_mapper script to /home/fuga1129/aurora_sim_v2/install/aurora_drive/lib/aurora_drive
Installing odometry_4ws script to /home/fuga1129/aurora_sim_v2/install/aurora_drive/lib/aurora_drive
writing list of installed files to '/home/fuga1129/aurora_sim_v2/build/aurora_drive/install.log'
