[1.727s] Invoking command in '/home/aurora/aurora_sim_v2/src/aurora1': PYTHONPATH=/home/aurora/aurora_sim_v2/build/aurora1/prefix_override:/usr/lib/python3/dist-packages/colcon_core/task/python/colcon_distutils_commands:/home/aurora/aurora_sim_v2/install/aurora1/lib/python3.10/site-packages:${PYTHONPATH} /usr/bin/python3 -W ignore:setup.py install is deprecated -W ignore:easy_install command is deprecated setup.py egg_info --egg-base ../../build/aurora1 build --build-base /home/aurora/aurora_sim_v2/build/aurora1/build install --record /home/aurora/aurora_sim_v2/build/aurora1/install.log --single-version-externally-managed install_data
[2.155s] running egg_info
[2.157s] writing ../../build/aurora1/aurora1.egg-info/PKG-INFO
[2.158s] writing dependency_links to ../../build/aurora1/aurora1.egg-info/dependency_links.txt
[2.159s] writing entry points to ../../build/aurora1/aurora1.egg-info/entry_points.txt
[2.162s] writing requirements to ../../build/aurora1/aurora1.egg-info/requires.txt
[2.163s] writing top-level names to ../../build/aurora1/aurora1.egg-info/top_level.txt
[2.165s] reading manifest file '../../build/aurora1/aurora1.egg-info/SOURCES.txt'
[2.169s] writing manifest file '../../build/aurora1/aurora1.egg-info/SOURCES.txt'
[2.169s] running build
[2.169s] running build_py
[2.170s] copying aurora1/ackermann_4wd_controller.py -> /home/aurora/aurora_sim_v2/build/aurora1/build/lib/aurora1
[2.170s] running install
[2.170s] running install_lib
[2.170s] copying /home/aurora/aurora_sim_v2/build/aurora1/build/lib/aurora1/ackermann_4wd_controller.py -> /home/aurora/aurora_sim_v2/install/aurora1/lib/python3.10/site-packages/aurora1
[2.170s] byte-compiling /home/aurora/aurora_sim_v2/install/aurora1/lib/python3.10/site-packages/aurora1/ackermann_4wd_controller.py to ackermann_4wd_controller.cpython-310.pyc
[2.171s] running install_data
[2.171s] running install_egg_info
[2.174s] removing '/home/aurora/aurora_sim_v2/install/aurora1/lib/python3.10/site-packages/aurora1-0.0.0-py3.10.egg-info' (and everything under it)
[2.175s] Copying ../../build/aurora1/aurora1.egg-info to /home/aurora/aurora_sim_v2/install/aurora1/lib/python3.10/site-packages/aurora1-0.0.0-py3.10.egg-info
[2.177s] running install_scripts
[2.215s] Installing ackermann_4wd_controller script to /home/aurora/aurora_sim_v2/install/aurora1/lib/aurora1
[2.216s] Installing ackermann_4wd_controller_real script to /home/aurora/aurora_sim_v2/install/aurora1/lib/aurora1
[2.217s] writing list of installed files to '/home/aurora/aurora_sim_v2/build/aurora1/install.log'
[2.331s] Invoked command in '/home/aurora/aurora_sim_v2/src/aurora1' returned '0': PYTHONPATH=/home/aurora/aurora_sim_v2/build/aurora1/prefix_override:/usr/lib/python3/dist-packages/colcon_core/task/python/colcon_distutils_commands:/home/aurora/aurora_sim_v2/install/aurora1/lib/python3.10/site-packages:${PYTHONPATH} /usr/bin/python3 -W ignore:setup.py install is deprecated -W ignore:easy_install command is deprecated setup.py egg_info --egg-base ../../build/aurora1 build --build-base /home/aurora/aurora_sim_v2/build/aurora1/build install --record /home/aurora/aurora_sim_v2/build/aurora1/install.log --single-version-externally-managed install_data
