[0.618s] Invoking command in '/home/fuga1129/aurora_sim_v2/build/aurora_autonav': PYTHONPATH=/home/fuga1129/aurora_sim_v2/build/aurora_autonav/prefix_override:/usr/lib/python3/dist-packages/colcon_core/task/python/colcon_distutils_commands:/home/fuga1129/aurora_sim_v2/install/aurora_autonav/lib/python3.10/site-packages:${PYTHONPATH} /usr/bin/python3 -W ignore:setup.py install is deprecated -W ignore:easy_install command is deprecated setup.py develop --editable --build-directory /home/fuga1129/aurora_sim_v2/build/aurora_autonav/build --no-deps symlink_data
[0.894s] running develop
[1.039s] running egg_info
[1.039s] creating aurora_autonav.egg-info
[1.039s] writing aurora_autonav.egg-info/PKG-INFO
[1.039s] writing dependency_links to aurora_autonav.egg-info/dependency_links.txt
[1.040s] writing entry points to aurora_autonav.egg-info/entry_points.txt
[1.040s] writing requirements to aurora_autonav.egg-info/requires.txt
[1.040s] writing top-level names to aurora_autonav.egg-info/top_level.txt
[1.040s] writing manifest file 'aurora_autonav.egg-info/SOURCES.txt'
[1.041s] reading manifest file 'aurora_autonav.egg-info/SOURCES.txt'
[1.042s] writing manifest file 'aurora_autonav.egg-info/SOURCES.txt'
[1.043s] running build_ext
[1.043s] Creating /home/fuga1129/aurora_sim_v2/install/aurora_autonav/lib/python3.10/site-packages/aurora-autonav.egg-link (link to .)
[1.043s] Installing checkpoin_geometry script to /home/fuga1129/aurora_sim_v2/install/aurora_autonav/lib/aurora_autonav
[1.043s] Installing checkpoint_navigation_node script to /home/fuga1129/aurora_sim_v2/install/aurora_autonav/lib/aurora_autonav
[1.044s] Installing checkpoint_navigation_node_v2 script to /home/fuga1129/aurora_sim_v2/install/aurora_autonav/lib/aurora_autonav
[1.044s] 
[1.044s] Installed /home/fuga1129/aurora_sim_v2/build/aurora_autonav
[1.044s] running symlink_data
[1.044s] creating /home/fuga1129/aurora_sim_v2/install/aurora_autonav/share/ament_index
[1.044s] creating /home/fuga1129/aurora_sim_v2/install/aurora_autonav/share/ament_index/resource_index
[1.044s] creating /home/fuga1129/aurora_sim_v2/install/aurora_autonav/share/ament_index/resource_index/packages
[1.044s] symbolically linking /home/fuga1129/aurora_sim_v2/build/aurora_autonav/resource/aurora_autonav -> /home/fuga1129/aurora_sim_v2/install/aurora_autonav/share/ament_index/resource_index/packages
[1.044s] symbolically linking /home/fuga1129/aurora_sim_v2/build/aurora_autonav/package.xml -> /home/fuga1129/aurora_sim_v2/install/aurora_autonav/share/aurora_autonav
[1.074s] Invoked command in '/home/fuga1129/aurora_sim_v2/build/aurora_autonav' returned '0': PYTHONPATH=/home/fuga1129/aurora_sim_v2/build/aurora_autonav/prefix_override:/usr/lib/python3/dist-packages/colcon_core/task/python/colcon_distutils_commands:/home/fuga1129/aurora_sim_v2/install/aurora_autonav/lib/python3.10/site-packages:${PYTHONPATH} /usr/bin/python3 -W ignore:setup.py install is deprecated -W ignore:easy_install command is deprecated setup.py develop --editable --build-directory /home/fuga1129/aurora_sim_v2/build/aurora_autonav/build --no-deps symlink_data
