[0.180s] DEBUG:colcon:Command line arguments: ['/usr/bin/colcon', 'build']
[0.180s] DEBUG:colcon:Parsed command line arguments: Namespace(log_base=None, log_level=None, verb_name='build', build_base='build', install_base='install', merge_install=False, symlink_install=False, test_result_base=None, continue_on_error=False, executor='parallel', parallel_workers=12, event_handlers=None, ignore_user_meta=False, metas=['./colcon.meta'], base_paths=['.'], packages_ignore=None, packages_ignore_regex=None, paths=None, packages_up_to=None, packages_up_to_regex=None, packages_above=None, packages_above_and_dependencies=None, packages_above_depth=None, packages_select_by_dep=None, packages_skip_by_dep=None, packages_skip_up_to=None, packages_select_build_failed=False, packages_skip_build_finished=False, packages_select_test_failures=False, packages_skip_test_passed=False, packages_select=None, packages_skip=None, packages_select_regex=None, packages_skip_regex=None, packages_start=None, packages_end=None, allow_overriding=[], cmake_args=None, cmake_target=None, cmake_target_skip_unavailable=False, cmake_clean_cache=False, cmake_clean_first=False, cmake_force_configure=False, ament_cmake_args=None, catkin_cmake_args=None, catkin_skip_building_tests=False, mixin_files=None, mixin=None, verb_parser=<colcon_mixin.mixin.mixin_argument.MixinArgumentDecorator object at 0x72c98d53cac0>, verb_extension=<colcon_core.verb.build.BuildVerb object at 0x72c98d69da20>, main=<bound method BuildVerb.main of <colcon_core.verb.build.BuildVerb object at 0x72c98d69da20>>, mixin_verb=('build',))
[0.434s] Level 1:colcon.colcon_core.package_discovery:discover_packages(colcon_meta) check parameters
[0.434s] Level 1:colcon.colcon_core.package_discovery:discover_packages(recursive) check parameters
[0.434s] Level 1:colcon.colcon_core.package_discovery:discover_packages(ignore) check parameters
[0.434s] Level 1:colcon.colcon_core.package_discovery:discover_packages(path) check parameters
[0.434s] Level 1:colcon.colcon_core.package_discovery:discover_packages(colcon_meta) discover
[0.434s] Level 1:colcon.colcon_core.package_discovery:discover_packages(recursive) discover
[0.434s] INFO:colcon.colcon_core.package_discovery:Crawling recursively for packages in '/home/fuga1129/aurora_sim_v2'
[0.434s] Level 1:colcon.colcon_core.package_identification:_identify(.) by extensions ['ignore', 'ignore_ament_install']
[0.434s] Level 1:colcon.colcon_core.package_identification:_identify(.) by extension 'ignore'
[0.435s] Level 1:colcon.colcon_core.package_identification:_identify(.) by extension 'ignore_ament_install'
[0.435s] Level 1:colcon.colcon_core.package_identification:_identify(.) by extensions ['colcon_pkg']
[0.435s] Level 1:colcon.colcon_core.package_identification:_identify(.) by extension 'colcon_pkg'
[0.435s] Level 1:colcon.colcon_core.package_identification:_identify(.) by extensions ['colcon_meta']
[0.435s] Level 1:colcon.colcon_core.package_identification:_identify(.) by extension 'colcon_meta'
[0.435s] Level 1:colcon.colcon_core.package_identification:_identify(.) by extensions ['ros']
[0.435s] Level 1:colcon.colcon_core.package_identification:_identify(.) by extension 'ros'
[0.450s] Level 1:colcon.colcon_core.package_identification:_identify(.) by extensions ['cmake', 'python']
[0.451s] Level 1:colcon.colcon_core.package_identification:_identify(.) by extension 'cmake'
[0.451s] Level 1:colcon.colcon_core.package_identification:_identify(.) by extension 'python'
[0.451s] Level 1:colcon.colcon_core.package_identification:_identify(.) by extensions ['python_setup_py']
[0.451s] Level 1:colcon.colcon_core.package_identification:_identify(.) by extension 'python_setup_py'
[0.451s] Level 1:colcon.colcon_core.package_identification:_identify(build) by extensions ['ignore', 'ignore_ament_install']
[0.451s] Level 1:colcon.colcon_core.package_identification:_identify(build) by extension 'ignore'
[0.451s] Level 1:colcon.colcon_core.package_identification:_identify(build) ignored
[0.451s] Level 1:colcon.colcon_core.package_identification:_identify(install) by extensions ['ignore', 'ignore_ament_install']
[0.451s] Level 1:colcon.colcon_core.package_identification:_identify(install) by extension 'ignore'
[0.451s] Level 1:colcon.colcon_core.package_identification:_identify(install) ignored
[0.452s] Level 1:colcon.colcon_core.package_identification:_identify(log) by extensions ['ignore', 'ignore_ament_install']
[0.452s] Level 1:colcon.colcon_core.package_identification:_identify(log) by extension 'ignore'
[0.452s] Level 1:colcon.colcon_core.package_identification:_identify(log) ignored
[0.452s] Level 1:colcon.colcon_core.package_identification:_identify(src) by extensions ['ignore', 'ignore_ament_install']
[0.452s] Level 1:colcon.colcon_core.package_identification:_identify(src) by extension 'ignore'
[0.452s] Level 1:colcon.colcon_core.package_identification:_identify(src) by extension 'ignore_ament_install'
[0.452s] Level 1:colcon.colcon_core.package_identification:_identify(src) by extensions ['colcon_pkg']
[0.452s] Level 1:colcon.colcon_core.package_identification:_identify(src) by extension 'colcon_pkg'
[0.452s] Level 1:colcon.colcon_core.package_identification:_identify(src) by extensions ['colcon_meta']
[0.452s] Level 1:colcon.colcon_core.package_identification:_identify(src) by extension 'colcon_meta'
[0.453s] Level 1:colcon.colcon_core.package_identification:_identify(src) by extensions ['ros']
[0.453s] Level 1:colcon.colcon_core.package_identification:_identify(src) by extension 'ros'
[0.453s] Level 1:colcon.colcon_core.package_identification:_identify(src) by extensions ['cmake', 'python']
[0.453s] Level 1:colcon.colcon_core.package_identification:_identify(src) by extension 'cmake'
[0.453s] Level 1:colcon.colcon_core.package_identification:_identify(src) by extension 'python'
[0.453s] Level 1:colcon.colcon_core.package_identification:_identify(src) by extensions ['python_setup_py']
[0.453s] Level 1:colcon.colcon_core.package_identification:_identify(src) by extension 'python_setup_py'
[0.453s] Level 1:colcon.colcon_core.package_identification:_identify(src/aurora1) by extensions ['ignore', 'ignore_ament_install']
[0.453s] Level 1:colcon.colcon_core.package_identification:_identify(src/aurora1) by extension 'ignore'
[0.453s] Level 1:colcon.colcon_core.package_identification:_identify(src/aurora1) by extension 'ignore_ament_install'
[0.453s] Level 1:colcon.colcon_core.package_identification:_identify(src/aurora1) by extensions ['colcon_pkg']
[0.453s] Level 1:colcon.colcon_core.package_identification:_identify(src/aurora1) by extension 'colcon_pkg'
[0.454s] Level 1:colcon.colcon_core.package_identification:_identify(src/aurora1) by extensions ['colcon_meta']
[0.454s] Level 1:colcon.colcon_core.package_identification:_identify(src/aurora1) by extension 'colcon_meta'
[0.454s] Level 1:colcon.colcon_core.package_identification:_identify(src/aurora1) by extensions ['ros']
[0.454s] Level 1:colcon.colcon_core.package_identification:_identify(src/aurora1) by extension 'ros'
[0.457s] DEBUG:colcon.colcon_core.package_identification:Package 'src/aurora1' with type 'ros.ament_python' and name 'aurora1'
[0.457s] Level 1:colcon.colcon_core.package_identification:_identify(src/aurora_drive) by extensions ['ignore', 'ignore_ament_install']
[0.457s] Level 1:colcon.colcon_core.package_identification:_identify(src/aurora_drive) by extension 'ignore'
[0.458s] Level 1:colcon.colcon_core.package_identification:_identify(src/aurora_drive) by extension 'ignore_ament_install'
[0.458s] Level 1:colcon.colcon_core.package_identification:_identify(src/aurora_drive) by extensions ['colcon_pkg']
[0.458s] Level 1:colcon.colcon_core.package_identification:_identify(src/aurora_drive) by extension 'colcon_pkg'
[0.458s] Level 1:colcon.colcon_core.package_identification:_identify(src/aurora_drive) by extensions ['colcon_meta']
[0.458s] Level 1:colcon.colcon_core.package_identification:_identify(src/aurora_drive) by extension 'colcon_meta'
[0.458s] Level 1:colcon.colcon_core.package_identification:_identify(src/aurora_drive) by extensions ['ros']
[0.458s] Level 1:colcon.colcon_core.package_identification:_identify(src/aurora_drive) by extension 'ros'
[0.459s] DEBUG:colcon.colcon_core.package_identification:Package 'src/aurora_drive' with type 'ros.ament_python' and name 'aurora_drive'
[0.459s] Level 1:colcon.colcon_core.package_identification:_identify(src/chapter5) by extensions ['ignore', 'ignore_ament_install']
[0.459s] Level 1:colcon.colcon_core.package_identification:_identify(src/chapter5) by extension 'ignore'
[0.459s] Level 1:colcon.colcon_core.package_identification:_identify(src/chapter5) by extension 'ignore_ament_install'
[0.459s] Level 1:colcon.colcon_core.package_identification:_identify(src/chapter5) by extensions ['colcon_pkg']
[0.459s] Level 1:colcon.colcon_core.package_identification:_identify(src/chapter5) by extension 'colcon_pkg'
[0.459s] Level 1:colcon.colcon_core.package_identification:_identify(src/chapter5) by extensions ['colcon_meta']
[0.459s] Level 1:colcon.colcon_core.package_identification:_identify(src/chapter5) by extension 'colcon_meta'
[0.459s] Level 1:colcon.colcon_core.package_identification:_identify(src/chapter5) by extensions ['ros']
[0.459s] Level 1:colcon.colcon_core.package_identification:_identify(src/chapter5) by extension 'ros'
[0.459s] Level 1:colcon.colcon_core.package_identification:_identify(src/chapter5) by extensions ['cmake', 'python']
[0.459s] Level 1:colcon.colcon_core.package_identification:_identify(src/chapter5) by extension 'cmake'
[0.459s] Level 1:colcon.colcon_core.package_identification:_identify(src/chapter5) by extension 'python'
[0.460s] Level 1:colcon.colcon_core.package_identification:_identify(src/chapter5) by extensions ['python_setup_py']
[0.460s] Level 1:colcon.colcon_core.package_identification:_identify(src/chapter5) by extension 'python_setup_py'
[0.460s] Level 1:colcon.colcon_core.package_identification:_identify(src/chapter5/opencv_ros2) by extensions ['ignore', 'ignore_ament_install']
[0.460s] Level 1:colcon.colcon_core.package_identification:_identify(src/chapter5/opencv_ros2) by extension 'ignore'
[0.460s] Level 1:colcon.colcon_core.package_identification:_identify(src/chapter5/opencv_ros2) by extension 'ignore_ament_install'
[0.460s] Level 1:colcon.colcon_core.package_identification:_identify(src/chapter5/opencv_ros2) by extensions ['colcon_pkg']
[0.460s] Level 1:colcon.colcon_core.package_identification:_identify(src/chapter5/opencv_ros2) by extension 'colcon_pkg'
[0.460s] Level 1:colcon.colcon_core.package_identification:_identify(src/chapter5/opencv_ros2) by extensions ['colcon_meta']
[0.460s] Level 1:colcon.colcon_core.package_identification:_identify(src/chapter5/opencv_ros2) by extension 'colcon_meta'
[0.460s] Level 1:colcon.colcon_core.package_identification:_identify(src/chapter5/opencv_ros2) by extensions ['ros']
[0.460s] Level 1:colcon.colcon_core.package_identification:_identify(src/chapter5/opencv_ros2) by extension 'ros'
[0.461s] DEBUG:colcon.colcon_core.package_identification:Package 'src/chapter5/opencv_ros2' with type 'ros.ament_python' and name 'opencv_ros2'
[0.461s] Level 1:colcon.colcon_core.package_identification:_identify(src/chapter5/yolov8_ros2) by extensions ['ignore', 'ignore_ament_install']
[0.461s] Level 1:colcon.colcon_core.package_identification:_identify(src/chapter5/yolov8_ros2) by extension 'ignore'
[0.461s] Level 1:colcon.colcon_core.package_identification:_identify(src/chapter5/yolov8_ros2) by extension 'ignore_ament_install'
[0.461s] Level 1:colcon.colcon_core.package_identification:_identify(src/chapter5/yolov8_ros2) by extensions ['colcon_pkg']
[0.462s] Level 1:colcon.colcon_core.package_identification:_identify(src/chapter5/yolov8_ros2) by extension 'colcon_pkg'
[0.462s] Level 1:colcon.colcon_core.package_identification:_identify(src/chapter5/yolov8_ros2) by extensions ['colcon_meta']
[0.462s] Level 1:colcon.colcon_core.package_identification:_identify(src/chapter5/yolov8_ros2) by extension 'colcon_meta'
[0.462s] Level 1:colcon.colcon_core.package_identification:_identify(src/chapter5/yolov8_ros2) by extensions ['ros']
[0.462s] Level 1:colcon.colcon_core.package_identification:_identify(src/chapter5/yolov8_ros2) by extension 'ros'
[0.462s] DEBUG:colcon.colcon_core.package_identification:Package 'src/chapter5/yolov8_ros2' with type 'ros.ament_python' and name 'yolov8_ros2'
[0.463s] Level 1:colcon.colcon_core.package_identification:_identify(src/ros2_aruco) by extensions ['ignore', 'ignore_ament_install']
[0.463s] Level 1:colcon.colcon_core.package_identification:_identify(src/ros2_aruco) by extension 'ignore'
[0.463s] Level 1:colcon.colcon_core.package_identification:_identify(src/ros2_aruco) by extension 'ignore_ament_install'
[0.463s] Level 1:colcon.colcon_core.package_identification:_identify(src/ros2_aruco) by extensions ['colcon_pkg']
[0.463s] Level 1:colcon.colcon_core.package_identification:_identify(src/ros2_aruco) by extension 'colcon_pkg'
[0.463s] Level 1:colcon.colcon_core.package_identification:_identify(src/ros2_aruco) by extensions ['colcon_meta']
[0.463s] Level 1:colcon.colcon_core.package_identification:_identify(src/ros2_aruco) by extension 'colcon_meta'
[0.463s] Level 1:colcon.colcon_core.package_identification:_identify(src/ros2_aruco) by extensions ['ros']
[0.463s] Level 1:colcon.colcon_core.package_identification:_identify(src/ros2_aruco) by extension 'ros'
[0.463s] Level 1:colcon.colcon_core.package_identification:_identify(src/ros2_aruco) by extensions ['cmake', 'python']
[0.463s] Level 1:colcon.colcon_core.package_identification:_identify(src/ros2_aruco) by extension 'cmake'
[0.463s] Level 1:colcon.colcon_core.package_identification:_identify(src/ros2_aruco) by extension 'python'
[0.463s] Level 1:colcon.colcon_core.package_identification:_identify(src/ros2_aruco) by extensions ['python_setup_py']
[0.463s] Level 1:colcon.colcon_core.package_identification:_identify(src/ros2_aruco) by extension 'python_setup_py'
[0.464s] Level 1:colcon.colcon_core.package_identification:_identify(src/ros2_aruco/ros2_aruco) by extensions ['ignore', 'ignore_ament_install']
[0.464s] Level 1:colcon.colcon_core.package_identification:_identify(src/ros2_aruco/ros2_aruco) by extension 'ignore'
[0.464s] Level 1:colcon.colcon_core.package_identification:_identify(src/ros2_aruco/ros2_aruco) by extension 'ignore_ament_install'
[0.464s] Level 1:colcon.colcon_core.package_identification:_identify(src/ros2_aruco/ros2_aruco) by extensions ['colcon_pkg']
[0.464s] Level 1:colcon.colcon_core.package_identification:_identify(src/ros2_aruco/ros2_aruco) by extension 'colcon_pkg'
[0.464s] Level 1:colcon.colcon_core.package_identification:_identify(src/ros2_aruco/ros2_aruco) by extensions ['colcon_meta']
[0.464s] Level 1:colcon.colcon_core.package_identification:_identify(src/ros2_aruco/ros2_aruco) by extension 'colcon_meta'
[0.464s] Level 1:colcon.colcon_core.package_identification:_identify(src/ros2_aruco/ros2_aruco) by extensions ['ros']
[0.464s] Level 1:colcon.colcon_core.package_identification:_identify(src/ros2_aruco/ros2_aruco) by extension 'ros'
[0.465s] DEBUG:colcon.colcon_core.package_identification:Package 'src/ros2_aruco/ros2_aruco' with type 'ros.ament_python' and name 'ros2_aruco'
[0.465s] Level 1:colcon.colcon_core.package_identification:_identify(src/ros2_aruco/ros2_aruco_interfaces) by extensions ['ignore', 'ignore_ament_install']
[0.465s] Level 1:colcon.colcon_core.package_identification:_identify(src/ros2_aruco/ros2_aruco_interfaces) by extension 'ignore'
[0.465s] Level 1:colcon.colcon_core.package_identification:_identify(src/ros2_aruco/ros2_aruco_interfaces) by extension 'ignore_ament_install'
[0.465s] Level 1:colcon.colcon_core.package_identification:_identify(src/ros2_aruco/ros2_aruco_interfaces) by extensions ['colcon_pkg']
[0.465s] Level 1:colcon.colcon_core.package_identification:_identify(src/ros2_aruco/ros2_aruco_interfaces) by extension 'colcon_pkg'
[0.465s] Level 1:colcon.colcon_core.package_identification:_identify(src/ros2_aruco/ros2_aruco_interfaces) by extensions ['colcon_meta']
[0.465s] Level 1:colcon.colcon_core.package_identification:_identify(src/ros2_aruco/ros2_aruco_interfaces) by extension 'colcon_meta'
[0.465s] Level 1:colcon.colcon_core.package_identification:_identify(src/ros2_aruco/ros2_aruco_interfaces) by extensions ['ros']
[0.465s] Level 1:colcon.colcon_core.package_identification:_identify(src/ros2_aruco/ros2_aruco_interfaces) by extension 'ros'
[0.468s] DEBUG:colcon.colcon_core.package_identification:Package 'src/ros2_aruco/ros2_aruco_interfaces' with type 'ros.ament_cmake' and name 'ros2_aruco_interfaces'
[0.468s] Level 1:colcon.colcon_core.package_discovery:discover_packages(recursive) using defaults
[0.468s] Level 1:colcon.colcon_core.package_discovery:discover_packages(ignore) discover
[0.468s] Level 1:colcon.colcon_core.package_discovery:discover_packages(ignore) using defaults
[0.468s] Level 1:colcon.colcon_core.package_discovery:discover_packages(path) discover
[0.468s] Level 1:colcon.colcon_core.package_discovery:discover_packages(path) using defaults
[0.511s] Level 1:colcon.colcon_core.package_discovery:discover_packages(prefix_path) check parameters
[0.511s] Level 1:colcon.colcon_core.package_discovery:discover_packages(prefix_path) discover
[0.516s] DEBUG:colcon.colcon_installed_package_information.package_discovery:Found 6 installed packages in /home/fuga1129/aurora_sim_v2/install
[0.519s] DEBUG:colcon.colcon_installed_package_information.package_discovery:Found 55 installed packages in /home/fuga1129/moveit2_ws/install
[0.522s] DEBUG:colcon.colcon_installed_package_information.package_discovery:Found 415 installed packages in /opt/ros/humble
[0.525s] Level 1:colcon.colcon_core.package_discovery:discover_packages(prefix_path) using defaults
[0.599s] Level 5:colcon.colcon_core.verb:set package 'aurora1' build argument 'cmake_args' from command line to 'None'
[0.599s] Level 5:colcon.colcon_core.verb:set package 'aurora1' build argument 'cmake_target' from command line to 'None'
[0.599s] Level 5:colcon.colcon_core.verb:set package 'aurora1' build argument 'cmake_target_skip_unavailable' from command line to 'False'
[0.599s] Level 5:colcon.colcon_core.verb:set package 'aurora1' build argument 'cmake_clean_cache' from command line to 'False'
[0.599s] Level 5:colcon.colcon_core.verb:set package 'aurora1' build argument 'cmake_clean_first' from command line to 'False'
[0.599s] Level 5:colcon.colcon_core.verb:set package 'aurora1' build argument 'cmake_force_configure' from command line to 'False'
[0.599s] Level 5:colcon.colcon_core.verb:set package 'aurora1' build argument 'ament_cmake_args' from command line to 'None'
[0.599s] Level 5:colcon.colcon_core.verb:set package 'aurora1' build argument 'catkin_cmake_args' from command line to 'None'
[0.599s] Level 5:colcon.colcon_core.verb:set package 'aurora1' build argument 'catkin_skip_building_tests' from command line to 'False'
[0.599s] DEBUG:colcon.colcon_core.verb:Building package 'aurora1' with the following arguments: {'ament_cmake_args': None, 'build_base': '/home/fuga1129/aurora_sim_v2/build/aurora1', 'catkin_cmake_args': None, 'catkin_skip_building_tests': False, 'cmake_args': None, 'cmake_clean_cache': False, 'cmake_clean_first': False, 'cmake_force_configure': False, 'cmake_target': None, 'cmake_target_skip_unavailable': False, 'install_base': '/home/fuga1129/aurora_sim_v2/install/aurora1', 'merge_install': False, 'path': '/home/fuga1129/aurora_sim_v2/src/aurora1', 'symlink_install': False, 'test_result_base': None}
[0.600s] Level 5:colcon.colcon_core.verb:set package 'aurora_drive' build argument 'cmake_args' from command line to 'None'
[0.600s] Level 5:colcon.colcon_core.verb:set package 'aurora_drive' build argument 'cmake_target' from command line to 'None'
[0.600s] Level 5:colcon.colcon_core.verb:set package 'aurora_drive' build argument 'cmake_target_skip_unavailable' from command line to 'False'
[0.600s] Level 5:colcon.colcon_core.verb:set package 'aurora_drive' build argument 'cmake_clean_cache' from command line to 'False'
[0.600s] Level 5:colcon.colcon_core.verb:set package 'aurora_drive' build argument 'cmake_clean_first' from command line to 'False'
[0.600s] Level 5:colcon.colcon_core.verb:set package 'aurora_drive' build argument 'cmake_force_configure' from command line to 'False'
[0.600s] Level 5:colcon.colcon_core.verb:set package 'aurora_drive' build argument 'ament_cmake_args' from command line to 'None'
[0.600s] Level 5:colcon.colcon_core.verb:set package 'aurora_drive' build argument 'catkin_cmake_args' from command line to 'None'
[0.600s] Level 5:colcon.colcon_core.verb:set package 'aurora_drive' build argument 'catkin_skip_building_tests' from command line to 'False'
[0.600s] DEBUG:colcon.colcon_core.verb:Building package 'aurora_drive' with the following arguments: {'ament_cmake_args': None, 'build_base': '/home/fuga1129/aurora_sim_v2/build/aurora_drive', 'catkin_cmake_args': None, 'catkin_skip_building_tests': False, 'cmake_args': None, 'cmake_clean_cache': False, 'cmake_clean_first': False, 'cmake_force_configure': False, 'cmake_target': None, 'cmake_target_skip_unavailable': False, 'install_base': '/home/fuga1129/aurora_sim_v2/install/aurora_drive', 'merge_install': False, 'path': '/home/fuga1129/aurora_sim_v2/src/aurora_drive', 'symlink_install': False, 'test_result_base': None}
[0.601s] Level 5:colcon.colcon_core.verb:set package 'opencv_ros2' build argument 'cmake_args' from command line to 'None'
[0.601s] Level 5:colcon.colcon_core.verb:set package 'opencv_ros2' build argument 'cmake_target' from command line to 'None'
[0.601s] Level 5:colcon.colcon_core.verb:set package 'opencv_ros2' build argument 'cmake_target_skip_unavailable' from command line to 'False'
[0.601s] Level 5:colcon.colcon_core.verb:set package 'opencv_ros2' build argument 'cmake_clean_cache' from command line to 'False'
[0.601s] Level 5:colcon.colcon_core.verb:set package 'opencv_ros2' build argument 'cmake_clean_first' from command line to 'False'
[0.601s] Level 5:colcon.colcon_core.verb:set package 'opencv_ros2' build argument 'cmake_force_configure' from command line to 'False'
[0.601s] Level 5:colcon.colcon_core.verb:set package 'opencv_ros2' build argument 'ament_cmake_args' from command line to 'None'
[0.601s] Level 5:colcon.colcon_core.verb:set package 'opencv_ros2' build argument 'catkin_cmake_args' from command line to 'None'
[0.601s] Level 5:colcon.colcon_core.verb:set package 'opencv_ros2' build argument 'catkin_skip_building_tests' from command line to 'False'
[0.601s] DEBUG:colcon.colcon_core.verb:Building package 'opencv_ros2' with the following arguments: {'ament_cmake_args': None, 'build_base': '/home/fuga1129/aurora_sim_v2/build/opencv_ros2', 'catkin_cmake_args': None, 'catkin_skip_building_tests': False, 'cmake_args': None, 'cmake_clean_cache': False, 'cmake_clean_first': False, 'cmake_force_configure': False, 'cmake_target': None, 'cmake_target_skip_unavailable': False, 'install_base': '/home/fuga1129/aurora_sim_v2/install/opencv_ros2', 'merge_install': False, 'path': '/home/fuga1129/aurora_sim_v2/src/chapter5/opencv_ros2', 'symlink_install': False, 'test_result_base': None}
[0.601s] Level 5:colcon.colcon_core.verb:set package 'ros2_aruco' build argument 'cmake_args' from command line to 'None'
[0.601s] Level 5:colcon.colcon_core.verb:set package 'ros2_aruco' build argument 'cmake_target' from command line to 'None'
[0.601s] Level 5:colcon.colcon_core.verb:set package 'ros2_aruco' build argument 'cmake_target_skip_unavailable' from command line to 'False'
[0.601s] Level 5:colcon.colcon_core.verb:set package 'ros2_aruco' build argument 'cmake_clean_cache' from command line to 'False'
[0.601s] Level 5:colcon.colcon_core.verb:set package 'ros2_aruco' build argument 'cmake_clean_first' from command line to 'False'
[0.601s] Level 5:colcon.colcon_core.verb:set package 'ros2_aruco' build argument 'cmake_force_configure' from command line to 'False'
[0.601s] Level 5:colcon.colcon_core.verb:set package 'ros2_aruco' build argument 'ament_cmake_args' from command line to 'None'
[0.602s] Level 5:colcon.colcon_core.verb:set package 'ros2_aruco' build argument 'catkin_cmake_args' from command line to 'None'
[0.602s] Level 5:colcon.colcon_core.verb:set package 'ros2_aruco' build argument 'catkin_skip_building_tests' from command line to 'False'
[0.602s] DEBUG:colcon.colcon_core.verb:Building package 'ros2_aruco' with the following arguments: {'ament_cmake_args': None, 'build_base': '/home/fuga1129/aurora_sim_v2/build/ros2_aruco', 'catkin_cmake_args': None, 'catkin_skip_building_tests': False, 'cmake_args': None, 'cmake_clean_cache': False, 'cmake_clean_first': False, 'cmake_force_configure': False, 'cmake_target': None, 'cmake_target_skip_unavailable': False, 'install_base': '/home/fuga1129/aurora_sim_v2/install/ros2_aruco', 'merge_install': False, 'path': '/home/fuga1129/aurora_sim_v2/src/ros2_aruco/ros2_aruco', 'symlink_install': False, 'test_result_base': None}
[0.602s] Level 5:colcon.colcon_core.verb:set package 'ros2_aruco_interfaces' build argument 'cmake_args' from command line to 'None'
[0.602s] Level 5:colcon.colcon_core.verb:set package 'ros2_aruco_interfaces' build argument 'cmake_target' from command line to 'None'
[0.602s] Level 5:colcon.colcon_core.verb:set package 'ros2_aruco_interfaces' build argument 'cmake_target_skip_unavailable' from command line to 'False'
[0.602s] Level 5:colcon.colcon_core.verb:set package 'ros2_aruco_interfaces' build argument 'cmake_clean_cache' from command line to 'False'
[0.602s] Level 5:colcon.colcon_core.verb:set package 'ros2_aruco_interfaces' build argument 'cmake_clean_first' from command line to 'False'
[0.602s] Level 5:colcon.colcon_core.verb:set package 'ros2_aruco_interfaces' build argument 'cmake_force_configure' from command line to 'False'
[0.602s] Level 5:colcon.colcon_core.verb:set package 'ros2_aruco_interfaces' build argument 'ament_cmake_args' from command line to 'None'
[0.602s] Level 5:colcon.colcon_core.verb:set package 'ros2_aruco_interfaces' build argument 'catkin_cmake_args' from command line to 'None'
[0.602s] Level 5:colcon.colcon_core.verb:set package 'ros2_aruco_interfaces' build argument 'catkin_skip_building_tests' from command line to 'False'
[0.602s] DEBUG:colcon.colcon_core.verb:Building package 'ros2_aruco_interfaces' with the following arguments: {'ament_cmake_args': None, 'build_base': '/home/fuga1129/aurora_sim_v2/build/ros2_aruco_interfaces', 'catkin_cmake_args': None, 'catkin_skip_building_tests': False, 'cmake_args': None, 'cmake_clean_cache': False, 'cmake_clean_first': False, 'cmake_force_configure': False, 'cmake_target': None, 'cmake_target_skip_unavailable': False, 'install_base': '/home/fuga1129/aurora_sim_v2/install/ros2_aruco_interfaces', 'merge_install': False, 'path': '/home/fuga1129/aurora_sim_v2/src/ros2_aruco/ros2_aruco_interfaces', 'symlink_install': False, 'test_result_base': None}
[0.603s] Level 5:colcon.colcon_core.verb:set package 'yolov8_ros2' build argument 'cmake_args' from command line to 'None'
[0.603s] Level 5:colcon.colcon_core.verb:set package 'yolov8_ros2' build argument 'cmake_target' from command line to 'None'
[0.603s] Level 5:colcon.colcon_core.verb:set package 'yolov8_ros2' build argument 'cmake_target_skip_unavailable' from command line to 'False'
[0.603s] Level 5:colcon.colcon_core.verb:set package 'yolov8_ros2' build argument 'cmake_clean_cache' from command line to 'False'
[0.603s] Level 5:colcon.colcon_core.verb:set package 'yolov8_ros2' build argument 'cmake_clean_first' from command line to 'False'
[0.603s] Level 5:colcon.colcon_core.verb:set package 'yolov8_ros2' build argument 'cmake_force_configure' from command line to 'False'
[0.603s] Level 5:colcon.colcon_core.verb:set package 'yolov8_ros2' build argument 'ament_cmake_args' from command line to 'None'
[0.603s] Level 5:colcon.colcon_core.verb:set package 'yolov8_ros2' build argument 'catkin_cmake_args' from command line to 'None'
[0.603s] Level 5:colcon.colcon_core.verb:set package 'yolov8_ros2' build argument 'catkin_skip_building_tests' from command line to 'False'
[0.603s] DEBUG:colcon.colcon_core.verb:Building package 'yolov8_ros2' with the following arguments: {'ament_cmake_args': None, 'build_base': '/home/fuga1129/aurora_sim_v2/build/yolov8_ros2', 'catkin_cmake_args': None, 'catkin_skip_building_tests': False, 'cmake_args': None, 'cmake_clean_cache': False, 'cmake_clean_first': False, 'cmake_force_configure': False, 'cmake_target': None, 'cmake_target_skip_unavailable': False, 'install_base': '/home/fuga1129/aurora_sim_v2/install/yolov8_ros2', 'merge_install': False, 'path': '/home/fuga1129/aurora_sim_v2/src/chapter5/yolov8_ros2', 'symlink_install': False, 'test_result_base': None}
[0.603s] INFO:colcon.colcon_core.executor:Executing jobs using 'parallel' executor
[0.605s] DEBUG:colcon.colcon_parallel_executor.executor.parallel:run_until_complete
[0.605s] INFO:colcon.colcon_ros.task.ament_python.build:Building ROS package in '/home/fuga1129/aurora_sim_v2/src/aurora1' with build type 'ament_python'
[0.605s] Level 1:colcon.colcon_core.shell:create_environment_hook('aurora1', 'ament_prefix_path')
[0.608s] INFO:colcon.colcon_core.plugin_system:Skipping extension 'colcon_core.shell.bat': Not used on non-Windows systems
[0.608s] INFO:colcon.colcon_core.shell:Creating environment hook '/home/fuga1129/aurora_sim_v2/install/aurora1/share/aurora1/hook/ament_prefix_path.ps1'
[0.609s] INFO:colcon.colcon_core.shell:Creating environment descriptor '/home/fuga1129/aurora_sim_v2/install/aurora1/share/aurora1/hook/ament_prefix_path.dsv'
[0.610s] INFO:colcon.colcon_core.shell:Creating environment hook '/home/fuga1129/aurora_sim_v2/install/aurora1/share/aurora1/hook/ament_prefix_path.sh'
[0.611s] INFO:colcon.colcon_core.shell:Skip shell extension 'powershell' for command environment: Not usable outside of PowerShell
[0.611s] DEBUG:colcon.colcon_core.shell:Skip shell extension 'dsv' for command environment
[0.617s] INFO:colcon.colcon_ros.task.ament_python.build:Building ROS package in '/home/fuga1129/aurora_sim_v2/src/aurora_drive' with build type 'ament_python'
[0.617s] Level 1:colcon.colcon_core.shell:create_environment_hook('aurora_drive', 'ament_prefix_path')
[0.617s] INFO:colcon.colcon_core.shell:Creating environment hook '/home/fuga1129/aurora_sim_v2/install/aurora_drive/share/aurora_drive/hook/ament_prefix_path.ps1'
[0.618s] INFO:colcon.colcon_core.shell:Creating environment descriptor '/home/fuga1129/aurora_sim_v2/install/aurora_drive/share/aurora_drive/hook/ament_prefix_path.dsv'
[0.618s] INFO:colcon.colcon_core.shell:Creating environment hook '/home/fuga1129/aurora_sim_v2/install/aurora_drive/share/aurora_drive/hook/ament_prefix_path.sh'
[0.618s] INFO:colcon.colcon_core.shell:Skip shell extension 'powershell' for command environment: Not usable outside of PowerShell
[0.618s] DEBUG:colcon.colcon_core.shell:Skip shell extension 'dsv' for command environment
[0.624s] INFO:colcon.colcon_ros.task.ament_python.build:Building ROS package in '/home/fuga1129/aurora_sim_v2/src/chapter5/opencv_ros2' with build type 'ament_python'
[0.624s] Level 1:colcon.colcon_core.shell:create_environment_hook('opencv_ros2', 'ament_prefix_path')
[0.625s] INFO:colcon.colcon_core.shell:Creating environment hook '/home/fuga1129/aurora_sim_v2/install/opencv_ros2/share/opencv_ros2/hook/ament_prefix_path.ps1'
[0.626s] INFO:colcon.colcon_core.shell:Creating environment descriptor '/home/fuga1129/aurora_sim_v2/install/opencv_ros2/share/opencv_ros2/hook/ament_prefix_path.dsv'
[0.626s] INFO:colcon.colcon_core.shell:Creating environment hook '/home/fuga1129/aurora_sim_v2/install/opencv_ros2/share/opencv_ros2/hook/ament_prefix_path.sh'
[0.627s] INFO:colcon.colcon_core.shell:Skip shell extension 'powershell' for command environment: Not usable outside of PowerShell
[0.627s] DEBUG:colcon.colcon_core.shell:Skip shell extension 'dsv' for command environment
[0.638s] INFO:colcon.colcon_ros.task.ament_python.build:Building ROS package in '/home/fuga1129/aurora_sim_v2/src/ros2_aruco/ros2_aruco' with build type 'ament_python'
[0.638s] Level 1:colcon.colcon_core.shell:create_environment_hook('ros2_aruco', 'ament_prefix_path')
[0.639s] INFO:colcon.colcon_core.shell:Creating environment hook '/home/fuga1129/aurora_sim_v2/install/ros2_aruco/share/ros2_aruco/hook/ament_prefix_path.ps1'
[0.639s] INFO:colcon.colcon_core.shell:Creating environment descriptor '/home/fuga1129/aurora_sim_v2/install/ros2_aruco/share/ros2_aruco/hook/ament_prefix_path.dsv'
[0.640s] INFO:colcon.colcon_core.shell:Creating environment hook '/home/fuga1129/aurora_sim_v2/install/ros2_aruco/share/ros2_aruco/hook/ament_prefix_path.sh'
[0.641s] INFO:colcon.colcon_core.shell:Skip shell extension 'powershell' for command environment: Not usable outside of PowerShell
[0.641s] DEBUG:colcon.colcon_core.shell:Skip shell extension 'dsv' for command environment
[0.647s] INFO:colcon.colcon_ros.task.ament_cmake.build:Building ROS package in '/home/fuga1129/aurora_sim_v2/src/ros2_aruco/ros2_aruco_interfaces' with build type 'ament_cmake'
[0.647s] INFO:colcon.colcon_cmake.task.cmake.build:Building CMake package in '/home/fuga1129/aurora_sim_v2/src/ros2_aruco/ros2_aruco_interfaces'
[0.648s] INFO:colcon.colcon_core.shell:Skip shell extension 'powershell' for command environment: Not usable outside of PowerShell
[0.648s] DEBUG:colcon.colcon_core.shell:Skip shell extension 'dsv' for command environment
[0.655s] INFO:colcon.colcon_ros.task.ament_python.build:Building ROS package in '/home/fuga1129/aurora_sim_v2/src/chapter5/yolov8_ros2' with build type 'ament_python'
[0.655s] Level 1:colcon.colcon_core.shell:create_environment_hook('yolov8_ros2', 'ament_prefix_path')
[0.656s] INFO:colcon.colcon_core.shell:Creating environment hook '/home/fuga1129/aurora_sim_v2/install/yolov8_ros2/share/yolov8_ros2/hook/ament_prefix_path.ps1'
[0.656s] INFO:colcon.colcon_core.shell:Creating environment descriptor '/home/fuga1129/aurora_sim_v2/install/yolov8_ros2/share/yolov8_ros2/hook/ament_prefix_path.dsv'
[0.657s] INFO:colcon.colcon_core.shell:Creating environment hook '/home/fuga1129/aurora_sim_v2/install/yolov8_ros2/share/yolov8_ros2/hook/ament_prefix_path.sh'
[0.658s] INFO:colcon.colcon_core.shell:Skip shell extension 'powershell' for command environment: Not usable outside of PowerShell
[0.658s] DEBUG:colcon.colcon_core.shell:Skip shell extension 'dsv' for command environment
[1.060s] INFO:colcon.colcon_core.task.python.build:Building Python package in '/home/fuga1129/aurora_sim_v2/src/aurora1'
[1.060s] INFO:colcon.colcon_core.shell:Skip shell extension 'powershell' for command environment: Not usable outside of PowerShell
[1.060s] DEBUG:colcon.colcon_core.shell:Skip shell extension 'dsv' for command environment
[1.351s] INFO:colcon.colcon_core.task.python.build:Building Python package in '/home/fuga1129/aurora_sim_v2/src/aurora_drive'
[1.351s] INFO:colcon.colcon_core.shell:Skip shell extension 'powershell' for command environment: Not usable outside of PowerShell
[1.351s] DEBUG:colcon.colcon_core.shell:Skip shell extension 'dsv' for command environment
[1.751s] INFO:colcon.colcon_core.task.python.build:Building Python package in '/home/fuga1129/aurora_sim_v2/src/chapter5/opencv_ros2'
[1.751s] INFO:colcon.colcon_core.shell:Skip shell extension 'powershell' for command environment: Not usable outside of PowerShell
[1.751s] DEBUG:colcon.colcon_core.shell:Skip shell extension 'dsv' for command environment
[2.108s] INFO:colcon.colcon_core.task.python.build:Building Python package in '/home/fuga1129/aurora_sim_v2/src/ros2_aruco/ros2_aruco'
[2.109s] INFO:colcon.colcon_core.shell:Skip shell extension 'powershell' for command environment: Not usable outside of PowerShell
[2.109s] DEBUG:colcon.colcon_core.shell:Skip shell extension 'dsv' for command environment
[2.121s] DEBUG:colcon.colcon_core.event_handler.log_command:Invoking command in '/home/fuga1129/aurora_sim_v2/build/ros2_aruco_interfaces': CMAKE_PREFIX_PATH=${CMAKE_PREFIX_PATH}:/home/fuga1129/aurora_sim_v2/install/yolov8_ros2:/home/fuga1129/aurora_sim_v2/install/ros2_aruco:/home/fuga1129/aurora_sim_v2/install/opencv_ros2:/home/fuga1129/aurora_sim_v2/install/aurora_drive:/home/fuga1129/aurora_sim_v2/install/aurora1:/home/fuga1129/moveit2_ws/install/moveit_configs_utils:/home/fuga1129/moveit2_ws/install/launch_param_builder:/opt/ros/humble /usr/bin/cmake --build /home/fuga1129/aurora_sim_v2/build/ros2_aruco_interfaces -- -j12 -l12
[2.504s] INFO:colcon.colcon_core.task.python.build:Building Python package in '/home/fuga1129/aurora_sim_v2/src/chapter5/yolov8_ros2'
[2.505s] INFO:colcon.colcon_core.shell:Skip shell extension 'powershell' for command environment: Not usable outside of PowerShell
[2.505s] DEBUG:colcon.colcon_core.shell:Skip shell extension 'dsv' for command environment
[2.682s] DEBUG:colcon.colcon_core.event_handler.log_command:Invoked command in '/home/fuga1129/aurora_sim_v2/build/ros2_aruco_interfaces' returned '0': CMAKE_PREFIX_PATH=${CMAKE_PREFIX_PATH}:/home/fuga1129/aurora_sim_v2/install/yolov8_ros2:/home/fuga1129/aurora_sim_v2/install/ros2_aruco:/home/fuga1129/aurora_sim_v2/install/opencv_ros2:/home/fuga1129/aurora_sim_v2/install/aurora_drive:/home/fuga1129/aurora_sim_v2/install/aurora1:/home/fuga1129/moveit2_ws/install/moveit_configs_utils:/home/fuga1129/moveit2_ws/install/launch_param_builder:/opt/ros/humble /usr/bin/cmake --build /home/fuga1129/aurora_sim_v2/build/ros2_aruco_interfaces -- -j12 -l12
[2.705s] DEBUG:colcon.colcon_core.event_handler.log_command:Invoking command in '/home/fuga1129/aurora_sim_v2/build/ros2_aruco_interfaces': CMAKE_PREFIX_PATH=${CMAKE_PREFIX_PATH}:/home/fuga1129/aurora_sim_v2/install/yolov8_ros2:/home/fuga1129/aurora_sim_v2/install/ros2_aruco:/home/fuga1129/aurora_sim_v2/install/opencv_ros2:/home/fuga1129/aurora_sim_v2/install/aurora_drive:/home/fuga1129/aurora_sim_v2/install/aurora1:/home/fuga1129/moveit2_ws/install/moveit_configs_utils:/home/fuga1129/moveit2_ws/install/launch_param_builder:/opt/ros/humble /usr/bin/cmake --install /home/fuga1129/aurora_sim_v2/build/ros2_aruco_interfaces
[2.803s] Level 1:colcon.colcon_core.environment:create_environment_scripts_only(ros2_aruco_interfaces)
[2.805s] DEBUG:colcon.colcon_core.event_handler.log_command:Invoked command in '/home/fuga1129/aurora_sim_v2/build/ros2_aruco_interfaces' returned '0': CMAKE_PREFIX_PATH=${CMAKE_PREFIX_PATH}:/home/fuga1129/aurora_sim_v2/install/yolov8_ros2:/home/fuga1129/aurora_sim_v2/install/ros2_aruco:/home/fuga1129/aurora_sim_v2/install/opencv_ros2:/home/fuga1129/aurora_sim_v2/install/aurora_drive:/home/fuga1129/aurora_sim_v2/install/aurora1:/home/fuga1129/moveit2_ws/install/moveit_configs_utils:/home/fuga1129/moveit2_ws/install/launch_param_builder:/opt/ros/humble /usr/bin/cmake --install /home/fuga1129/aurora_sim_v2/build/ros2_aruco_interfaces
[2.807s] Level 1:colcon.colcon_core.environment:checking '/home/fuga1129/aurora_sim_v2/install/ros2_aruco_interfaces' for CMake module files
[2.809s] Level 1:colcon.colcon_core.environment:checking '/home/fuga1129/aurora_sim_v2/install/ros2_aruco_interfaces' for CMake config files
[2.810s] Level 1:colcon.colcon_core.shell:create_environment_hook('ros2_aruco_interfaces', 'cmake_prefix_path')
[2.810s] INFO:colcon.colcon_core.shell:Creating environment hook '/home/fuga1129/aurora_sim_v2/install/ros2_aruco_interfaces/share/ros2_aruco_interfaces/hook/cmake_prefix_path.ps1'
[2.811s] INFO:colcon.colcon_core.shell:Creating environment descriptor '/home/fuga1129/aurora_sim_v2/install/ros2_aruco_interfaces/share/ros2_aruco_interfaces/hook/cmake_prefix_path.dsv'
[2.812s] INFO:colcon.colcon_core.shell:Creating environment hook '/home/fuga1129/aurora_sim_v2/install/ros2_aruco_interfaces/share/ros2_aruco_interfaces/hook/cmake_prefix_path.sh'
[2.815s] Level 1:colcon.colcon_core.environment:checking '/home/fuga1129/aurora_sim_v2/install/ros2_aruco_interfaces/lib'
[2.816s] Level 1:colcon.colcon_core.shell:create_environment_hook('ros2_aruco_interfaces', 'ld_library_path_lib')
[2.816s] INFO:colcon.colcon_core.shell:Creating environment hook '/home/fuga1129/aurora_sim_v2/install/ros2_aruco_interfaces/share/ros2_aruco_interfaces/hook/ld_library_path_lib.ps1'
[2.817s] INFO:colcon.colcon_core.shell:Creating environment descriptor '/home/fuga1129/aurora_sim_v2/install/ros2_aruco_interfaces/share/ros2_aruco_interfaces/hook/ld_library_path_lib.dsv'
[2.817s] INFO:colcon.colcon_core.shell:Creating environment hook '/home/fuga1129/aurora_sim_v2/install/ros2_aruco_interfaces/share/ros2_aruco_interfaces/hook/ld_library_path_lib.sh'
[2.818s] Level 1:colcon.colcon_core.environment:checking '/home/fuga1129/aurora_sim_v2/install/ros2_aruco_interfaces/bin'
[2.818s] Level 1:colcon.colcon_core.environment:checking '/home/fuga1129/aurora_sim_v2/install/ros2_aruco_interfaces/lib/pkgconfig/ros2_aruco_interfaces.pc'
[2.818s] Level 1:colcon.colcon_core.environment:checking '/home/fuga1129/aurora_sim_v2/install/ros2_aruco_interfaces/lib/python3.10/site-packages'
[2.819s] Level 1:colcon.colcon_core.environment:checking '/home/fuga1129/aurora_sim_v2/install/ros2_aruco_interfaces/bin'
[2.820s] INFO:colcon.colcon_core.shell:Creating package script '/home/fuga1129/aurora_sim_v2/install/ros2_aruco_interfaces/share/ros2_aruco_interfaces/package.ps1'
[2.821s] INFO:colcon.colcon_core.shell:Creating package descriptor '/home/fuga1129/aurora_sim_v2/install/ros2_aruco_interfaces/share/ros2_aruco_interfaces/package.dsv'
[2.822s] INFO:colcon.colcon_core.shell:Creating package script '/home/fuga1129/aurora_sim_v2/install/ros2_aruco_interfaces/share/ros2_aruco_interfaces/package.sh'
[2.823s] INFO:colcon.colcon_core.shell:Creating package script '/home/fuga1129/aurora_sim_v2/install/ros2_aruco_interfaces/share/ros2_aruco_interfaces/package.bash'
[2.824s] INFO:colcon.colcon_core.shell:Creating package script '/home/fuga1129/aurora_sim_v2/install/ros2_aruco_interfaces/share/ros2_aruco_interfaces/package.zsh'
[2.826s] Level 1:colcon.colcon_core.environment:create_file_with_runtime_dependencies(/home/fuga1129/aurora_sim_v2/install/ros2_aruco_interfaces/share/colcon-core/packages/ros2_aruco_interfaces)
[2.827s] Level 1:colcon.colcon_core.environment:create_environment_scripts_only(ros2_aruco_interfaces)
[2.827s] Level 1:colcon.colcon_core.environment:checking '/home/fuga1129/aurora_sim_v2/install/ros2_aruco_interfaces' for CMake module files
[2.828s] Level 1:colcon.colcon_core.environment:checking '/home/fuga1129/aurora_sim_v2/install/ros2_aruco_interfaces' for CMake config files
[2.829s] Level 1:colcon.colcon_core.shell:create_environment_hook('ros2_aruco_interfaces', 'cmake_prefix_path')
[2.830s] INFO:colcon.colcon_core.shell:Creating environment hook '/home/fuga1129/aurora_sim_v2/install/ros2_aruco_interfaces/share/ros2_aruco_interfaces/hook/cmake_prefix_path.ps1'
[2.830s] INFO:colcon.colcon_core.shell:Creating environment descriptor '/home/fuga1129/aurora_sim_v2/install/ros2_aruco_interfaces/share/ros2_aruco_interfaces/hook/cmake_prefix_path.dsv'
[2.831s] INFO:colcon.colcon_core.shell:Creating environment hook '/home/fuga1129/aurora_sim_v2/install/ros2_aruco_interfaces/share/ros2_aruco_interfaces/hook/cmake_prefix_path.sh'
[2.832s] Level 1:colcon.colcon_core.environment:checking '/home/fuga1129/aurora_sim_v2/install/ros2_aruco_interfaces/lib'
[2.832s] Level 1:colcon.colcon_core.shell:create_environment_hook('ros2_aruco_interfaces', 'ld_library_path_lib')
[2.832s] INFO:colcon.colcon_core.shell:Creating environment hook '/home/fuga1129/aurora_sim_v2/install/ros2_aruco_interfaces/share/ros2_aruco_interfaces/hook/ld_library_path_lib.ps1'
[2.833s] INFO:colcon.colcon_core.shell:Creating environment descriptor '/home/fuga1129/aurora_sim_v2/install/ros2_aruco_interfaces/share/ros2_aruco_interfaces/hook/ld_library_path_lib.dsv'
[2.834s] INFO:colcon.colcon_core.shell:Creating environment hook '/home/fuga1129/aurora_sim_v2/install/ros2_aruco_interfaces/share/ros2_aruco_interfaces/hook/ld_library_path_lib.sh'
[2.835s] Level 1:colcon.colcon_core.environment:checking '/home/fuga1129/aurora_sim_v2/install/ros2_aruco_interfaces/bin'
[2.835s] Level 1:colcon.colcon_core.environment:checking '/home/fuga1129/aurora_sim_v2/install/ros2_aruco_interfaces/lib/pkgconfig/ros2_aruco_interfaces.pc'
[2.835s] Level 1:colcon.colcon_core.environment:checking '/home/fuga1129/aurora_sim_v2/install/ros2_aruco_interfaces/lib/python3.10/site-packages'
[2.836s] Level 1:colcon.colcon_core.environment:checking '/home/fuga1129/aurora_sim_v2/install/ros2_aruco_interfaces/bin'
[2.836s] INFO:colcon.colcon_core.shell:Creating package script '/home/fuga1129/aurora_sim_v2/install/ros2_aruco_interfaces/share/ros2_aruco_interfaces/package.ps1'
[2.837s] INFO:colcon.colcon_core.shell:Creating package descriptor '/home/fuga1129/aurora_sim_v2/install/ros2_aruco_interfaces/share/ros2_aruco_interfaces/package.dsv'
[2.838s] INFO:colcon.colcon_core.shell:Creating package script '/home/fuga1129/aurora_sim_v2/install/ros2_aruco_interfaces/share/ros2_aruco_interfaces/package.sh'
[2.839s] INFO:colcon.colcon_core.shell:Creating package script '/home/fuga1129/aurora_sim_v2/install/ros2_aruco_interfaces/share/ros2_aruco_interfaces/package.bash'
[2.840s] INFO:colcon.colcon_core.shell:Creating package script '/home/fuga1129/aurora_sim_v2/install/ros2_aruco_interfaces/share/ros2_aruco_interfaces/package.zsh'
[2.840s] Level 1:colcon.colcon_core.environment:create_file_with_runtime_dependencies(/home/fuga1129/aurora_sim_v2/install/ros2_aruco_interfaces/share/colcon-core/packages/ros2_aruco_interfaces)
[3.084s] DEBUG:colcon.colcon_core.event_handler.log_command:Invoking command in '/home/fuga1129/aurora_sim_v2/src/ros2_aruco/ros2_aruco': PYTHONPATH=/home/fuga1129/aurora_sim_v2/build/ros2_aruco/prefix_override:/usr/lib/python3/dist-packages/colcon_core/task/python/colcon_distutils_commands:/home/fuga1129/aurora_sim_v2/install/ros2_aruco/lib/python3.10/site-packages:${PYTHONPATH} /usr/bin/python3 -W ignore:setup.py install is deprecated -W ignore:easy_install command is deprecated setup.py egg_info --egg-base ../../../build/ros2_aruco build --build-base /home/fuga1129/aurora_sim_v2/build/ros2_aruco/build install --record /home/fuga1129/aurora_sim_v2/build/ros2_aruco/install.log --single-version-externally-managed install_data
[3.103s] DEBUG:colcon.colcon_core.event_handler.log_command:Invoking command in '/home/fuga1129/aurora_sim_v2/src/chapter5/yolov8_ros2': PYTHONPATH=/home/fuga1129/aurora_sim_v2/build/yolov8_ros2/prefix_override:/usr/lib/python3/dist-packages/colcon_core/task/python/colcon_distutils_commands:/home/fuga1129/aurora_sim_v2/install/yolov8_ros2/lib/python3.10/site-packages:${PYTHONPATH} /usr/bin/python3 -W ignore:setup.py install is deprecated -W ignore:easy_install command is deprecated setup.py egg_info --egg-base ../../../build/yolov8_ros2 build --build-base /home/fuga1129/aurora_sim_v2/build/yolov8_ros2/build install --record /home/fuga1129/aurora_sim_v2/build/yolov8_ros2/install.log --single-version-externally-managed install_data
[3.134s] DEBUG:colcon.colcon_core.event_handler.log_command:Invoking command in '/home/fuga1129/aurora_sim_v2/src/aurora1': PYTHONPATH=/home/fuga1129/aurora_sim_v2/build/aurora1/prefix_override:/usr/lib/python3/dist-packages/colcon_core/task/python/colcon_distutils_commands:/home/fuga1129/aurora_sim_v2/install/aurora1/lib/python3.10/site-packages:${PYTHONPATH} /usr/bin/python3 -W ignore:setup.py install is deprecated -W ignore:easy_install command is deprecated setup.py egg_info --egg-base ../../build/aurora1 build --build-base /home/fuga1129/aurora_sim_v2/build/aurora1/build install --record /home/fuga1129/aurora_sim_v2/build/aurora1/install.log --single-version-externally-managed install_data
[3.141s] DEBUG:colcon.colcon_core.event_handler.log_command:Invoking command in '/home/fuga1129/aurora_sim_v2/src/chapter5/opencv_ros2': PYTHONPATH=/home/fuga1129/aurora_sim_v2/build/opencv_ros2/prefix_override:/usr/lib/python3/dist-packages/colcon_core/task/python/colcon_distutils_commands:/home/fuga1129/aurora_sim_v2/install/opencv_ros2/lib/python3.10/site-packages:${PYTHONPATH} /usr/bin/python3 -W ignore:setup.py install is deprecated -W ignore:easy_install command is deprecated setup.py egg_info --egg-base ../../../build/opencv_ros2 build --build-base /home/fuga1129/aurora_sim_v2/build/opencv_ros2/build install --record /home/fuga1129/aurora_sim_v2/build/opencv_ros2/install.log --single-version-externally-managed install_data
[3.165s] DEBUG:colcon.colcon_core.event_handler.log_command:Invoking command in '/home/fuga1129/aurora_sim_v2/src/aurora_drive': PYTHONPATH=/home/fuga1129/aurora_sim_v2/build/aurora_drive/prefix_override:/usr/lib/python3/dist-packages/colcon_core/task/python/colcon_distutils_commands:/home/fuga1129/aurora_sim_v2/install/aurora_drive/lib/python3.10/site-packages:${PYTHONPATH} /usr/bin/python3 -W ignore:setup.py install is deprecated -W ignore:easy_install command is deprecated setup.py egg_info --egg-base ../../build/aurora_drive build --build-base /home/fuga1129/aurora_sim_v2/build/aurora_drive/build install --record /home/fuga1129/aurora_sim_v2/build/aurora_drive/install.log --single-version-externally-managed install_data
[3.570s] Level 1:colcon.colcon_core.environment:checking '/home/fuga1129/aurora_sim_v2/install/opencv_ros2' for CMake module files
[3.571s] DEBUG:colcon.colcon_core.event_handler.log_command:Invoked command in '/home/fuga1129/aurora_sim_v2/src/chapter5/opencv_ros2' returned '0': PYTHONPATH=/home/fuga1129/aurora_sim_v2/build/opencv_ros2/prefix_override:/usr/lib/python3/dist-packages/colcon_core/task/python/colcon_distutils_commands:/home/fuga1129/aurora_sim_v2/install/opencv_ros2/lib/python3.10/site-packages:${PYTHONPATH} /usr/bin/python3 -W ignore:setup.py install is deprecated -W ignore:easy_install command is deprecated setup.py egg_info --egg-base ../../../build/opencv_ros2 build --build-base /home/fuga1129/aurora_sim_v2/build/opencv_ros2/build install --record /home/fuga1129/aurora_sim_v2/build/opencv_ros2/install.log --single-version-externally-managed install_data
[3.571s] Level 1:colcon.colcon_core.environment:checking '/home/fuga1129/aurora_sim_v2/install/opencv_ros2' for CMake config files
[3.572s] Level 1:colcon.colcon_core.environment:checking '/home/fuga1129/aurora_sim_v2/install/opencv_ros2/lib'
[3.572s] Level 1:colcon.colcon_core.environment:checking '/home/fuga1129/aurora_sim_v2/install/opencv_ros2/bin'
[3.572s] Level 1:colcon.colcon_core.environment:checking '/home/fuga1129/aurora_sim_v2/install/opencv_ros2/lib/pkgconfig/opencv_ros2.pc'
[3.573s] Level 1:colcon.colcon_core.environment:checking '/home/fuga1129/aurora_sim_v2/install/opencv_ros2/lib/python3.10/site-packages'
[3.573s] Level 1:colcon.colcon_core.shell:create_environment_hook('opencv_ros2', 'pythonpath')
[3.573s] INFO:colcon.colcon_core.shell:Creating environment hook '/home/fuga1129/aurora_sim_v2/install/opencv_ros2/share/opencv_ros2/hook/pythonpath.ps1'
[3.574s] INFO:colcon.colcon_core.shell:Creating environment descriptor '/home/fuga1129/aurora_sim_v2/install/opencv_ros2/share/opencv_ros2/hook/pythonpath.dsv'
[3.575s] INFO:colcon.colcon_core.shell:Creating environment hook '/home/fuga1129/aurora_sim_v2/install/opencv_ros2/share/opencv_ros2/hook/pythonpath.sh'
[3.576s] Level 1:colcon.colcon_core.environment:checking '/home/fuga1129/aurora_sim_v2/install/opencv_ros2/bin'
[3.576s] Level 1:colcon.colcon_core.environment:create_environment_scripts_only(opencv_ros2)
[3.577s] INFO:colcon.colcon_core.shell:Creating package script '/home/fuga1129/aurora_sim_v2/install/opencv_ros2/share/opencv_ros2/package.ps1'
[3.579s] INFO:colcon.colcon_core.shell:Creating package descriptor '/home/fuga1129/aurora_sim_v2/install/opencv_ros2/share/opencv_ros2/package.dsv'
[3.580s] INFO:colcon.colcon_core.shell:Creating package script '/home/fuga1129/aurora_sim_v2/install/opencv_ros2/share/opencv_ros2/package.sh'
[3.581s] INFO:colcon.colcon_core.shell:Creating package script '/home/fuga1129/aurora_sim_v2/install/opencv_ros2/share/opencv_ros2/package.bash'
[3.582s] INFO:colcon.colcon_core.shell:Creating package script '/home/fuga1129/aurora_sim_v2/install/opencv_ros2/share/opencv_ros2/package.zsh'
[3.584s] Level 1:colcon.colcon_core.environment:create_file_with_runtime_dependencies(/home/fuga1129/aurora_sim_v2/install/opencv_ros2/share/colcon-core/packages/opencv_ros2)
[3.587s] Level 1:colcon.colcon_core.environment:checking '/home/fuga1129/aurora_sim_v2/install/ros2_aruco' for CMake module files
[3.588s] DEBUG:colcon.colcon_core.event_handler.log_command:Invoked command in '/home/fuga1129/aurora_sim_v2/src/ros2_aruco/ros2_aruco' returned '0': PYTHONPATH=/home/fuga1129/aurora_sim_v2/build/ros2_aruco/prefix_override:/usr/lib/python3/dist-packages/colcon_core/task/python/colcon_distutils_commands:/home/fuga1129/aurora_sim_v2/install/ros2_aruco/lib/python3.10/site-packages:${PYTHONPATH} /usr/bin/python3 -W ignore:setup.py install is deprecated -W ignore:easy_install command is deprecated setup.py egg_info --egg-base ../../../build/ros2_aruco build --build-base /home/fuga1129/aurora_sim_v2/build/ros2_aruco/build install --record /home/fuga1129/aurora_sim_v2/build/ros2_aruco/install.log --single-version-externally-managed install_data
[3.589s] Level 1:colcon.colcon_core.environment:checking '/home/fuga1129/aurora_sim_v2/install/ros2_aruco' for CMake config files
[3.591s] Level 1:colcon.colcon_core.environment:checking '/home/fuga1129/aurora_sim_v2/install/ros2_aruco/lib'
[3.592s] Level 1:colcon.colcon_core.environment:checking '/home/fuga1129/aurora_sim_v2/install/ros2_aruco/bin'
[3.592s] Level 1:colcon.colcon_core.environment:checking '/home/fuga1129/aurora_sim_v2/install/ros2_aruco/lib/pkgconfig/ros2_aruco.pc'
[3.592s] Level 1:colcon.colcon_core.environment:checking '/home/fuga1129/aurora_sim_v2/install/ros2_aruco/lib/python3.10/site-packages'
[3.592s] Level 1:colcon.colcon_core.shell:create_environment_hook('ros2_aruco', 'pythonpath')
[3.593s] INFO:colcon.colcon_core.shell:Creating environment hook '/home/fuga1129/aurora_sim_v2/install/ros2_aruco/share/ros2_aruco/hook/pythonpath.ps1'
[3.594s] INFO:colcon.colcon_core.shell:Creating environment descriptor '/home/fuga1129/aurora_sim_v2/install/ros2_aruco/share/ros2_aruco/hook/pythonpath.dsv'
[3.595s] INFO:colcon.colcon_core.shell:Creating environment hook '/home/fuga1129/aurora_sim_v2/install/ros2_aruco/share/ros2_aruco/hook/pythonpath.sh'
[3.596s] Level 1:colcon.colcon_core.environment:checking '/home/fuga1129/aurora_sim_v2/install/ros2_aruco/bin'
[3.597s] Level 1:colcon.colcon_core.environment:create_environment_scripts_only(ros2_aruco)
[3.597s] INFO:colcon.colcon_core.shell:Creating package script '/home/fuga1129/aurora_sim_v2/install/ros2_aruco/share/ros2_aruco/package.ps1'
[3.600s] INFO:colcon.colcon_core.shell:Creating package descriptor '/home/fuga1129/aurora_sim_v2/install/ros2_aruco/share/ros2_aruco/package.dsv'
[3.601s] INFO:colcon.colcon_core.shell:Creating package script '/home/fuga1129/aurora_sim_v2/install/ros2_aruco/share/ros2_aruco/package.sh'
[3.602s] INFO:colcon.colcon_core.shell:Creating package script '/home/fuga1129/aurora_sim_v2/install/ros2_aruco/share/ros2_aruco/package.bash'
[3.603s] INFO:colcon.colcon_core.shell:Creating package script '/home/fuga1129/aurora_sim_v2/install/ros2_aruco/share/ros2_aruco/package.zsh'
[3.604s] Level 1:colcon.colcon_core.environment:create_file_with_runtime_dependencies(/home/fuga1129/aurora_sim_v2/install/ros2_aruco/share/colcon-core/packages/ros2_aruco)
[3.613s] Level 1:colcon.colcon_core.environment:checking '/home/fuga1129/aurora_sim_v2/install/yolov8_ros2' for CMake module files
[3.614s] Level 1:colcon.colcon_core.environment:checking '/home/fuga1129/aurora_sim_v2/install/yolov8_ros2' for CMake config files
[3.615s] Level 1:colcon.colcon_core.environment:checking '/home/fuga1129/aurora_sim_v2/install/yolov8_ros2/lib'
[3.615s] Level 1:colcon.colcon_core.environment:checking '/home/fuga1129/aurora_sim_v2/install/yolov8_ros2/bin'
[3.615s] Level 1:colcon.colcon_core.environment:checking '/home/fuga1129/aurora_sim_v2/install/yolov8_ros2/lib/pkgconfig/yolov8_ros2.pc'
[3.616s] Level 1:colcon.colcon_core.environment:checking '/home/fuga1129/aurora_sim_v2/install/yolov8_ros2/lib/python3.10/site-packages'
[3.616s] Level 1:colcon.colcon_core.shell:create_environment_hook('yolov8_ros2', 'pythonpath')
[3.616s] INFO:colcon.colcon_core.shell:Creating environment hook '/home/fuga1129/aurora_sim_v2/install/yolov8_ros2/share/yolov8_ros2/hook/pythonpath.ps1'
[3.618s] INFO:colcon.colcon_core.shell:Creating environment descriptor '/home/fuga1129/aurora_sim_v2/install/yolov8_ros2/share/yolov8_ros2/hook/pythonpath.dsv'
[3.619s] INFO:colcon.colcon_core.shell:Creating environment hook '/home/fuga1129/aurora_sim_v2/install/yolov8_ros2/share/yolov8_ros2/hook/pythonpath.sh'
[3.620s] Level 1:colcon.colcon_core.environment:checking '/home/fuga1129/aurora_sim_v2/install/yolov8_ros2/bin'
[3.620s] Level 1:colcon.colcon_core.environment:create_environment_scripts_only(yolov8_ros2)
[3.620s] INFO:colcon.colcon_core.shell:Creating package script '/home/fuga1129/aurora_sim_v2/install/yolov8_ros2/share/yolov8_ros2/package.ps1'
[3.620s] DEBUG:colcon.colcon_core.event_handler.log_command:Invoked command in '/home/fuga1129/aurora_sim_v2/src/chapter5/yolov8_ros2' returned '0': PYTHONPATH=/home/fuga1129/aurora_sim_v2/build/yolov8_ros2/prefix_override:/usr/lib/python3/dist-packages/colcon_core/task/python/colcon_distutils_commands:/home/fuga1129/aurora_sim_v2/install/yolov8_ros2/lib/python3.10/site-packages:${PYTHONPATH} /usr/bin/python3 -W ignore:setup.py install is deprecated -W ignore:easy_install command is deprecated setup.py egg_info --egg-base ../../../build/yolov8_ros2 build --build-base /home/fuga1129/aurora_sim_v2/build/yolov8_ros2/build install --record /home/fuga1129/aurora_sim_v2/build/yolov8_ros2/install.log --single-version-externally-managed install_data
[3.622s] INFO:colcon.colcon_core.shell:Creating package descriptor '/home/fuga1129/aurora_sim_v2/install/yolov8_ros2/share/yolov8_ros2/package.dsv'
[3.623s] INFO:colcon.colcon_core.shell:Creating package script '/home/fuga1129/aurora_sim_v2/install/yolov8_ros2/share/yolov8_ros2/package.sh'
[3.624s] INFO:colcon.colcon_core.shell:Creating package script '/home/fuga1129/aurora_sim_v2/install/yolov8_ros2/share/yolov8_ros2/package.bash'
[3.624s] INFO:colcon.colcon_core.shell:Creating package script '/home/fuga1129/aurora_sim_v2/install/yolov8_ros2/share/yolov8_ros2/package.zsh'
[3.626s] Level 1:colcon.colcon_core.environment:create_file_with_runtime_dependencies(/home/fuga1129/aurora_sim_v2/install/yolov8_ros2/share/colcon-core/packages/yolov8_ros2)
[3.646s] Level 1:colcon.colcon_core.environment:checking '/home/fuga1129/aurora_sim_v2/install/aurora1' for CMake module files
[3.647s] Level 1:colcon.colcon_core.environment:checking '/home/fuga1129/aurora_sim_v2/install/aurora1' for CMake config files
[3.647s] DEBUG:colcon.colcon_core.event_handler.log_command:Invoked command in '/home/fuga1129/aurora_sim_v2/src/aurora1' returned '0': PYTHONPATH=/home/fuga1129/aurora_sim_v2/build/aurora1/prefix_override:/usr/lib/python3/dist-packages/colcon_core/task/python/colcon_distutils_commands:/home/fuga1129/aurora_sim_v2/install/aurora1/lib/python3.10/site-packages:${PYTHONPATH} /usr/bin/python3 -W ignore:setup.py install is deprecated -W ignore:easy_install command is deprecated setup.py egg_info --egg-base ../../build/aurora1 build --build-base /home/fuga1129/aurora_sim_v2/build/aurora1/build install --record /home/fuga1129/aurora_sim_v2/build/aurora1/install.log --single-version-externally-managed install_data
[3.648s] Level 1:colcon.colcon_core.environment:checking '/home/fuga1129/aurora_sim_v2/install/aurora1/lib'
[3.648s] Level 1:colcon.colcon_core.environment:checking '/home/fuga1129/aurora_sim_v2/install/aurora1/bin'
[3.649s] Level 1:colcon.colcon_core.environment:checking '/home/fuga1129/aurora_sim_v2/install/aurora1/lib/pkgconfig/aurora1.pc'
[3.649s] Level 1:colcon.colcon_core.environment:checking '/home/fuga1129/aurora_sim_v2/install/aurora1/lib/python3.10/site-packages'
[3.649s] Level 1:colcon.colcon_core.shell:create_environment_hook('aurora1', 'pythonpath')
[3.649s] INFO:colcon.colcon_core.shell:Creating environment hook '/home/fuga1129/aurora_sim_v2/install/aurora1/share/aurora1/hook/pythonpath.ps1'
[3.650s] INFO:colcon.colcon_core.shell:Creating environment descriptor '/home/fuga1129/aurora_sim_v2/install/aurora1/share/aurora1/hook/pythonpath.dsv'
[3.651s] INFO:colcon.colcon_core.shell:Creating environment hook '/home/fuga1129/aurora_sim_v2/install/aurora1/share/aurora1/hook/pythonpath.sh'
[3.652s] Level 1:colcon.colcon_core.environment:checking '/home/fuga1129/aurora_sim_v2/install/aurora1/bin'
[3.652s] Level 1:colcon.colcon_core.environment:create_environment_scripts_only(aurora1)
[3.652s] INFO:colcon.colcon_core.shell:Creating package script '/home/fuga1129/aurora_sim_v2/install/aurora1/share/aurora1/package.ps1'
[3.653s] INFO:colcon.colcon_core.shell:Creating package descriptor '/home/fuga1129/aurora_sim_v2/install/aurora1/share/aurora1/package.dsv'
[3.654s] INFO:colcon.colcon_core.shell:Creating package script '/home/fuga1129/aurora_sim_v2/install/aurora1/share/aurora1/package.sh'
[3.655s] INFO:colcon.colcon_core.shell:Creating package script '/home/fuga1129/aurora_sim_v2/install/aurora1/share/aurora1/package.bash'
[3.655s] INFO:colcon.colcon_core.shell:Creating package script '/home/fuga1129/aurora_sim_v2/install/aurora1/share/aurora1/package.zsh'
[3.656s] Level 1:colcon.colcon_core.environment:create_file_with_runtime_dependencies(/home/fuga1129/aurora_sim_v2/install/aurora1/share/colcon-core/packages/aurora1)
[3.666s] Level 1:colcon.colcon_core.environment:checking '/home/fuga1129/aurora_sim_v2/install/aurora_drive' for CMake module files
[3.667s] Level 1:colcon.colcon_core.environment:checking '/home/fuga1129/aurora_sim_v2/install/aurora_drive' for CMake config files
[3.668s] Level 1:colcon.colcon_core.environment:checking '/home/fuga1129/aurora_sim_v2/install/aurora_drive/lib'
[3.668s] Level 1:colcon.colcon_core.environment:checking '/home/fuga1129/aurora_sim_v2/install/aurora_drive/bin'
[3.668s] Level 1:colcon.colcon_core.environment:checking '/home/fuga1129/aurora_sim_v2/install/aurora_drive/lib/pkgconfig/aurora_drive.pc'
[3.668s] Level 1:colcon.colcon_core.environment:checking '/home/fuga1129/aurora_sim_v2/install/aurora_drive/lib/python3.10/site-packages'
[3.668s] Level 1:colcon.colcon_core.shell:create_environment_hook('aurora_drive', 'pythonpath')
[3.669s] INFO:colcon.colcon_core.shell:Creating environment hook '/home/fuga1129/aurora_sim_v2/install/aurora_drive/share/aurora_drive/hook/pythonpath.ps1'
[3.670s] DEBUG:colcon.colcon_core.event_handler.log_command:Invoked command in '/home/fuga1129/aurora_sim_v2/src/aurora_drive' returned '0': PYTHONPATH=/home/fuga1129/aurora_sim_v2/build/aurora_drive/prefix_override:/usr/lib/python3/dist-packages/colcon_core/task/python/colcon_distutils_commands:/home/fuga1129/aurora_sim_v2/install/aurora_drive/lib/python3.10/site-packages:${PYTHONPATH} /usr/bin/python3 -W ignore:setup.py install is deprecated -W ignore:easy_install command is deprecated setup.py egg_info --egg-base ../../build/aurora_drive build --build-base /home/fuga1129/aurora_sim_v2/build/aurora_drive/build install --record /home/fuga1129/aurora_sim_v2/build/aurora_drive/install.log --single-version-externally-managed install_data
[3.670s] INFO:colcon.colcon_core.shell:Creating environment descriptor '/home/fuga1129/aurora_sim_v2/install/aurora_drive/share/aurora_drive/hook/pythonpath.dsv'
[3.671s] INFO:colcon.colcon_core.shell:Creating environment hook '/home/fuga1129/aurora_sim_v2/install/aurora_drive/share/aurora_drive/hook/pythonpath.sh'
[3.672s] Level 1:colcon.colcon_core.environment:checking '/home/fuga1129/aurora_sim_v2/install/aurora_drive/bin'
[3.672s] Level 1:colcon.colcon_core.environment:create_environment_scripts_only(aurora_drive)
[3.672s] INFO:colcon.colcon_core.shell:Creating package script '/home/fuga1129/aurora_sim_v2/install/aurora_drive/share/aurora_drive/package.ps1'
[3.673s] INFO:colcon.colcon_core.shell:Creating package descriptor '/home/fuga1129/aurora_sim_v2/install/aurora_drive/share/aurora_drive/package.dsv'
[3.674s] INFO:colcon.colcon_core.shell:Creating package script '/home/fuga1129/aurora_sim_v2/install/aurora_drive/share/aurora_drive/package.sh'
[3.675s] INFO:colcon.colcon_core.shell:Creating package script '/home/fuga1129/aurora_sim_v2/install/aurora_drive/share/aurora_drive/package.bash'
[3.675s] INFO:colcon.colcon_core.shell:Creating package script '/home/fuga1129/aurora_sim_v2/install/aurora_drive/share/aurora_drive/package.zsh'
[3.676s] Level 1:colcon.colcon_core.environment:create_file_with_runtime_dependencies(/home/fuga1129/aurora_sim_v2/install/aurora_drive/share/colcon-core/packages/aurora_drive)
[3.676s] DEBUG:colcon.colcon_parallel_executor.executor.parallel:closing loop
[3.676s] DEBUG:colcon.colcon_parallel_executor.executor.parallel:loop closed
[3.677s] DEBUG:colcon.colcon_parallel_executor.executor.parallel:run_until_complete finished with '0'
[3.677s] DEBUG:colcon.colcon_core.event_reactor:joining thread
[3.685s] INFO:colcon.colcon_core.plugin_system:Skipping extension 'colcon_notification.desktop_notification.terminal_notifier': Not used on non-Darwin systems
[3.685s] INFO:colcon.colcon_core.plugin_system:Skipping extension 'colcon_notification.desktop_notification.win32': Not used on non-Windows systems
[3.685s] INFO:colcon.colcon_notification.desktop_notification:Sending desktop notification using 'notify2'
[3.703s] DEBUG:colcon.colcon_core.event_reactor:joined thread
[3.704s] INFO:colcon.colcon_core.shell:Creating prefix script '/home/fuga1129/aurora_sim_v2/install/local_setup.ps1'
[3.705s] INFO:colcon.colcon_core.shell:Creating prefix util module '/home/fuga1129/aurora_sim_v2/install/_local_setup_util_ps1.py'
[3.707s] INFO:colcon.colcon_core.shell:Creating prefix chain script '/home/fuga1129/aurora_sim_v2/install/setup.ps1'
[3.710s] INFO:colcon.colcon_core.shell:Creating prefix script '/home/fuga1129/aurora_sim_v2/install/local_setup.sh'
[3.711s] INFO:colcon.colcon_core.shell:Creating prefix util module '/home/fuga1129/aurora_sim_v2/install/_local_setup_util_sh.py'
[3.712s] INFO:colcon.colcon_core.shell:Creating prefix chain script '/home/fuga1129/aurora_sim_v2/install/setup.sh'
[3.715s] INFO:colcon.colcon_core.shell:Creating prefix script '/home/fuga1129/aurora_sim_v2/install/local_setup.bash'
[3.715s] INFO:colcon.colcon_core.shell:Creating prefix chain script '/home/fuga1129/aurora_sim_v2/install/setup.bash'
[3.719s] INFO:colcon.colcon_core.shell:Creating prefix script '/home/fuga1129/aurora_sim_v2/install/local_setup.zsh'
[3.720s] INFO:colcon.colcon_core.shell:Creating prefix chain script '/home/fuga1129/aurora_sim_v2/install/setup.zsh'
