[0.356s] Invoking command in '/home/fuga1129/aurora_sim_v2/build/aurora1': PYTHONPATH=/home/fuga1129/aurora_sim_v2/build/aurora1/prefix_override:/usr/lib/python3/dist-packages/colcon_core/task/python/colcon_distutils_commands:/home/fuga1129/aurora_sim_v2/install/aurora1/lib/python3.10/site-packages:${PYTHONPATH} /usr/bin/python3 -W ignore:setup.py install is deprecated -W ignore:easy_install command is deprecated setup.py develop --editable --build-directory /home/fuga1129/aurora_sim_v2/build/aurora1/build --no-deps symlink_data --force
[0.513s] running develop
[0.594s] running egg_info
[0.594s] writing aurora1.egg-info/PKG-INFO
[0.594s] writing dependency_links to aurora1.egg-info/dependency_links.txt
[0.594s] writing entry points to aurora1.egg-info/entry_points.txt
[0.595s] writing requirements to aurora1.egg-info/requires.txt
[0.595s] writing top-level names to aurora1.egg-info/top_level.txt
[0.596s] reading manifest file 'aurora1.egg-info/SOURCES.txt'
[0.596s] writing manifest file 'aurora1.egg-info/SOURCES.txt'
[0.597s] running build_ext
[0.597s] Creating /home/fuga1129/aurora_sim_v2/install/aurora1/lib/python3.10/site-packages/aurora1.egg-link (link to .)
[0.598s] Installing ackermann_4wd_controller script to /home/fuga1129/aurora_sim_v2/install/aurora1/lib/aurora1
[0.598s] 
[0.598s] Installed /home/fuga1129/aurora_sim_v2/build/aurora1
[0.598s] running symlink_data
[0.598s] symbolically linking /home/fuga1129/aurora_sim_v2/build/aurora1/resource/aurora1 -> /home/fuga1129/aurora_sim_v2/install/aurora1/share/ament_index/resource_index/packages
[0.598s] symbolically linking /home/fuga1129/aurora_sim_v2/build/aurora1/package.xml -> /home/fuga1129/aurora_sim_v2/install/aurora1/share/aurora1
[0.598s] symbolically linking /home/fuga1129/aurora_sim_v2/build/aurora1/launch/launch_sim.launch.py -> /home/fuga1129/aurora_sim_v2/install/aurora1/share/aurora1/launch
[0.598s] symbolically linking /home/fuga1129/aurora_sim_v2/build/aurora1/launch/joystick.launch.py -> /home/fuga1129/aurora_sim_v2/install/aurora1/share/aurora1/launch
[0.598s] symbolically linking /home/fuga1129/aurora_sim_v2/build/aurora1/launch/rsp.launch.py -> /home/fuga1129/aurora_sim_v2/install/aurora1/share/aurora1/launch
[0.598s] symbolically linking /home/fuga1129/aurora_sim_v2/build/aurora1/config/joystick.yaml -> /home/fuga1129/aurora_sim_v2/install/aurora1/share/aurora1/config
[0.598s] error: can't copy '/home/fuga1129/aurora_sim_v2/build/aurora1/config/ekf.yaml': doesn't exist or not a regular file
[0.598s] symbolically linking /home/fuga1129/aurora_sim_v2/build/aurora1/config/rover_controller_4wd_v2.yaml -> /home/fuga1129/aurora_sim_v2/install/aurora1/share/aurora1/config
[0.615s] Invoked command in '/home/fuga1129/aurora_sim_v2/build/aurora1' returned '1': PYTHONPATH=/home/fuga1129/aurora_sim_v2/build/aurora1/prefix_override:/usr/lib/python3/dist-packages/colcon_core/task/python/colcon_distutils_commands:/home/fuga1129/aurora_sim_v2/install/aurora1/lib/python3.10/site-packages:${PYTHONPATH} /usr/bin/python3 -W ignore:setup.py install is deprecated -W ignore:easy_install command is deprecated setup.py develop --editable --build-directory /home/fuga1129/aurora_sim_v2/build/aurora1/build --no-deps symlink_data --force
