[0.588s] Invoking command in '/home/fuga1129/aurora_sim_v2/src/aurora_drive': PYTHONPATH=/home/fuga1129/aurora_sim_v2/build/aurora_drive/prefix_override:/usr/lib/python3/dist-packages/colcon_core/task/python/colcon_distutils_commands:/home/fuga1129/aurora_sim_v2/install/aurora_drive/lib/python3.10/site-packages:${PYTHONPATH} /usr/bin/python3 -W ignore:setup.py install is deprecated -W ignore:easy_install command is deprecated setup.py egg_info --egg-base ../../build/aurora_drive build --build-base /home/fuga1129/aurora_sim_v2/build/aurora_drive/build install --record /home/fuga1129/aurora_sim_v2/build/aurora_drive/install.log --single-version-externally-managed install_data
[0.787s] running egg_info
[0.787s] creating ../../build/aurora_drive/aurora_drive.egg-info
[0.788s] writing ../../build/aurora_drive/aurora_drive.egg-info/PKG-INFO
[0.788s] writing dependency_links to ../../build/aurora_drive/aurora_drive.egg-info/dependency_links.txt
[0.788s] writing entry points to ../../build/aurora_drive/aurora_drive.egg-info/entry_points.txt
[0.788s] writing requirements to ../../build/aurora_drive/aurora_drive.egg-info/requires.txt
[0.788s] writing top-level names to ../../build/aurora_drive/aurora_drive.egg-info/top_level.txt
[0.788s] writing manifest file '../../build/aurora_drive/aurora_drive.egg-info/SOURCES.txt'
[0.789s] reading manifest file '../../build/aurora_drive/aurora_drive.egg-info/SOURCES.txt'
[0.790s] writing manifest file '../../build/aurora_drive/aurora_drive.egg-info/SOURCES.txt'
[0.790s] running build
[0.790s] running build_py
[0.790s] creating /home/fuga1129/aurora_sim_v2/build/aurora_drive/build
[0.790s] creating /home/fuga1129/aurora_sim_v2/build/aurora_drive/build/lib
[0.791s] creating /home/fuga1129/aurora_sim_v2/build/aurora_drive/build/lib/aurora_drive
[0.791s] copying aurora_drive/__init__.py -> /home/fuga1129/aurora_sim_v2/build/aurora_drive/build/lib/aurora_drive
[0.791s] copying aurora_drive/aruco_map_builder.py -> /home/fuga1129/aurora_sim_v2/build/aurora_drive/build/lib/aurora_drive
[0.791s] copying aurora_drive/odometry_4ws.py -> /home/fuga1129/aurora_sim_v2/build/aurora_drive/build/lib/aurora_drive
[0.791s] copying aurora_drive/aruco_marker_mapper.py -> /home/fuga1129/aurora_sim_v2/build/aurora_drive/build/lib/aurora_drive
[0.791s] copying aurora_drive/ackermann_sim_controller.py -> /home/fuga1129/aurora_sim_v2/build/aurora_drive/build/lib/aurora_drive
[0.791s] copying aurora_drive/ackermann_4wd_controller.py -> /home/fuga1129/aurora_sim_v2/build/aurora_drive/build/lib/aurora_drive
[0.791s] running install
[0.791s] running install_lib
[0.791s] creating /home/fuga1129/aurora_sim_v2/install/aurora_drive/lib/python3.10/site-packages/aurora_drive
[0.792s] copying /home/fuga1129/aurora_sim_v2/build/aurora_drive/build/lib/aurora_drive/__init__.py -> /home/fuga1129/aurora_sim_v2/install/aurora_drive/lib/python3.10/site-packages/aurora_drive
[0.792s] copying /home/fuga1129/aurora_sim_v2/build/aurora_drive/build/lib/aurora_drive/aruco_map_builder.py -> /home/fuga1129/aurora_sim_v2/install/aurora_drive/lib/python3.10/site-packages/aurora_drive
[0.792s] copying /home/fuga1129/aurora_sim_v2/build/aurora_drive/build/lib/aurora_drive/odometry_4ws.py -> /home/fuga1129/aurora_sim_v2/install/aurora_drive/lib/python3.10/site-packages/aurora_drive
[0.792s] copying /home/fuga1129/aurora_sim_v2/build/aurora_drive/build/lib/aurora_drive/aruco_marker_mapper.py -> /home/fuga1129/aurora_sim_v2/install/aurora_drive/lib/python3.10/site-packages/aurora_drive
[0.792s] copying /home/fuga1129/aurora_sim_v2/build/aurora_drive/build/lib/aurora_drive/ackermann_sim_controller.py -> /home/fuga1129/aurora_sim_v2/install/aurora_drive/lib/python3.10/site-packages/aurora_drive
[0.792s] copying /home/fuga1129/aurora_sim_v2/build/aurora_drive/build/lib/aurora_drive/ackermann_4wd_controller.py -> /home/fuga1129/aurora_sim_v2/install/aurora_drive/lib/python3.10/site-packages/aurora_drive
[0.792s] byte-compiling /home/fuga1129/aurora_sim_v2/install/aurora_drive/lib/python3.10/site-packages/aurora_drive/__init__.py to __init__.cpython-310.pyc
[0.792s] byte-compiling /home/fuga1129/aurora_sim_v2/install/aurora_drive/lib/python3.10/site-packages/aurora_drive/aruco_map_builder.py to aruco_map_builder.cpython-310.pyc
[0.794s] byte-compiling /home/fuga1129/aurora_sim_v2/install/aurora_drive/lib/python3.10/site-packages/aurora_drive/odometry_4ws.py to odometry_4ws.cpython-310.pyc
[0.795s] byte-compiling /home/fuga1129/aurora_sim_v2/install/aurora_drive/lib/python3.10/site-packages/aurora_drive/aruco_marker_mapper.py to aruco_marker_mapper.cpython-310.pyc
[0.795s] byte-compiling /home/fuga1129/aurora_sim_v2/install/aurora_drive/lib/python3.10/site-packages/aurora_drive/ackermann_sim_controller.py to ackermann_sim_controller.cpython-310.pyc
[0.796s] byte-compiling /home/fuga1129/aurora_sim_v2/install/aurora_drive/lib/python3.10/site-packages/aurora_drive/ackermann_4wd_controller.py to ackermann_4wd_controller.cpython-310.pyc
[0.796s] running install_data
[0.796s] creating /home/fuga1129/aurora_sim_v2/install/aurora_drive/share/ament_index
[0.796s] creating /home/fuga1129/aurora_sim_v2/install/aurora_drive/share/ament_index/resource_index
[0.796s] creating /home/fuga1129/aurora_sim_v2/install/aurora_drive/share/ament_index/resource_index/packages
[0.796s] copying resource/aurora_drive -> /home/fuga1129/aurora_sim_v2/install/aurora_drive/share/ament_index/resource_index/packages
[0.796s] copying package.xml -> /home/fuga1129/aurora_sim_v2/install/aurora_drive/share/aurora_drive
[0.797s] creating /home/fuga1129/aurora_sim_v2/install/aurora_drive/share/aurora_drive/launch
[0.797s] copying launch/rsp_v2.launch.py -> /home/fuga1129/aurora_sim_v2/install/aurora_drive/share/aurora_drive/launch
[0.797s] copying launch/joystick_real.launch.py -> /home/fuga1129/aurora_sim_v2/install/aurora_drive/share/aurora_drive/launch
[0.797s] copying launch/launch_sim.launch.py -> /home/fuga1129/aurora_sim_v2/install/aurora_drive/share/aurora_drive/launch
[0.797s] copying launch/joystick_v2.launch.py -> /home/fuga1129/aurora_sim_v2/install/aurora_drive/share/aurora_drive/launch
[0.797s] copying launch/launch_sim_v2.launch.py -> /home/fuga1129/aurora_sim_v2/install/aurora_drive/share/aurora_drive/launch
[0.797s] copying launch/launch_sim_v3.launch.py -> /home/fuga1129/aurora_sim_v2/install/aurora_drive/share/aurora_drive/launch
[0.797s] copying launch/joystick.launch.py -> /home/fuga1129/aurora_sim_v2/install/aurora_drive/share/aurora_drive/launch
[0.797s] copying launch/all.launch.py -> /home/fuga1129/aurora_sim_v2/install/aurora_drive/share/aurora_drive/launch
[0.797s] copying launch/rsp.launch.py -> /home/fuga1129/aurora_sim_v2/install/aurora_drive/share/aurora_drive/launch
[0.797s] copying launch/slam_launch.py -> /home/fuga1129/aurora_sim_v2/install/aurora_drive/share/aurora_drive/launch
[0.798s] creating /home/fuga1129/aurora_sim_v2/install/aurora_drive/share/aurora_drive/config
[0.798s] copying config/joystick.yaml -> /home/fuga1129/aurora_sim_v2/install/aurora_drive/share/aurora_drive/config
[0.798s] copying config/rover_controller_4wd_v2.yaml -> /home/fuga1129/aurora_sim_v2/install/aurora_drive/share/aurora_drive/config
[0.798s] copying config/controller_4ws.yaml -> /home/fuga1129/aurora_sim_v2/install/aurora_drive/share/aurora_drive/config
[0.798s] copying config/twist_mux.yaml -> /home/fuga1129/aurora_sim_v2/install/aurora_drive/share/aurora_drive/config
[0.798s] copying config/nav2_param.yaml -> /home/fuga1129/aurora_sim_v2/install/aurora_drive/share/aurora_drive/config
[0.798s] copying config/slam_toolbox.yaml -> /home/fuga1129/aurora_sim_v2/install/aurora_drive/share/aurora_drive/config
[0.798s] copying config/mapper_params_online_async.yaml -> /home/fuga1129/aurora_sim_v2/install/aurora_drive/share/aurora_drive/config
[0.798s] creating /home/fuga1129/aurora_sim_v2/install/aurora_drive/share/aurora_drive/description
[0.798s] copying description/robot_core_4wd_v2.xacro -> /home/fuga1129/aurora_sim_v2/install/aurora_drive/share/aurora_drive/description
[0.798s] copying description/depth_camera.xacro -> /home/fuga1129/aurora_sim_v2/install/aurora_drive/share/aurora_drive/description
[0.798s] copying description/inertial_macros.xacro -> /home/fuga1129/aurora_sim_v2/install/aurora_drive/share/aurora_drive/description
[0.799s] copying description/ros2_control_4wd_v2.xacro -> /home/fuga1129/aurora_sim_v2/install/aurora_drive/share/aurora_drive/description
[0.799s] copying description/lidar.xacro -> /home/fuga1129/aurora_sim_v2/install/aurora_drive/share/aurora_drive/description
[0.799s] copying description/robot.urdf.xacro -> /home/fuga1129/aurora_sim_v2/install/aurora_drive/share/aurora_drive/description
[0.799s] copying description/camera.xacro -> /home/fuga1129/aurora_sim_v2/install/aurora_drive/share/aurora_drive/description
[0.799s] creating /home/fuga1129/aurora_sim_v2/install/aurora_drive/share/aurora_drive/world
[0.799s] copying world/aruco.world -> /home/fuga1129/aurora_sim_v2/install/aurora_drive/share/aurora_drive/world
[0.799s] copying world/house.world -> /home/fuga1129/aurora_sim_v2/install/aurora_drive/share/aurora_drive/world
[0.799s] copying world/obstacle_v2.world -> /home/fuga1129/aurora_sim_v2/install/aurora_drive/share/aurora_drive/world
[0.799s] copying world/obstacle.world -> /home/fuga1129/aurora_sim_v2/install/aurora_drive/share/aurora_drive/world
[0.799s] running install_egg_info
[0.800s] Copying ../../build/aurora_drive/aurora_drive.egg-info to /home/fuga1129/aurora_sim_v2/install/aurora_drive/lib/python3.10/site-packages/aurora_drive-0.0.0-py3.10.egg-info
[0.800s] running install_scripts
[0.821s] Installing ackermann_4wd_controller script to /home/fuga1129/aurora_sim_v2/install/aurora_drive/lib/aurora_drive
[0.821s] Installing ackermann_sim_controller script to /home/fuga1129/aurora_sim_v2/install/aurora_drive/lib/aurora_drive
[0.821s] Installing aruco_map_builder script to /home/fuga1129/aurora_sim_v2/install/aurora_drive/lib/aurora_drive
[0.821s] Installing aruco_marker_mapper script to /home/fuga1129/aurora_sim_v2/install/aurora_drive/lib/aurora_drive
[0.821s] Installing odometry_4ws script to /home/fuga1129/aurora_sim_v2/install/aurora_drive/lib/aurora_drive
[0.821s] writing list of installed files to '/home/fuga1129/aurora_sim_v2/build/aurora_drive/install.log'
[0.846s] Invoked command in '/home/fuga1129/aurora_sim_v2/src/aurora_drive' returned '0': PYTHONPATH=/home/fuga1129/aurora_sim_v2/build/aurora_drive/prefix_override:/usr/lib/python3/dist-packages/colcon_core/task/python/colcon_distutils_commands:/home/fuga1129/aurora_sim_v2/install/aurora_drive/lib/python3.10/site-packages:${PYTHONPATH} /usr/bin/python3 -W ignore:setup.py install is deprecated -W ignore:easy_install command is deprecated setup.py egg_info --egg-base ../../build/aurora_drive build --build-base /home/fuga1129/aurora_sim_v2/build/aurora_drive/build install --record /home/fuga1129/aurora_sim_v2/build/aurora_drive/install.log --single-version-externally-managed install_data
