[3.003s] Invoking command in '/home/fuga1129/aurora_sim_v2/build/opencv_ros2': PYTHONPATH=/home/fuga1129/aurora_sim_v2/build/opencv_ros2/prefix_override:/usr/lib/python3/dist-packages/colcon_core/task/python/colcon_distutils_commands:/home/fuga1129/aurora_sim_v2/install/opencv_ros2/lib/python3.10/site-packages:${PYTHONPATH} /usr/bin/python3 -W ignore:setup.py install is deprecated -W ignore:easy_install command is deprecated setup.py develop --editable --build-directory /home/fuga1129/aurora_sim_v2/build/opencv_ros2/build --no-deps symlink_data --force
[3.588s] running develop
[3.960s] running egg_info
[3.960s] writing opencv_ros2.egg-info/PKG-INFO
[3.960s] writing dependency_links to opencv_ros2.egg-info/dependency_links.txt
[3.960s] writing entry points to opencv_ros2.egg-info/entry_points.txt
[3.961s] writing requirements to opencv_ros2.egg-info/requires.txt
[3.961s] writing top-level names to opencv_ros2.egg-info/top_level.txt
[3.968s] reading manifest file 'opencv_ros2.egg-info/SOURCES.txt'
[3.972s] writing manifest file 'opencv_ros2.egg-info/SOURCES.txt'
[3.972s] running build_ext
[3.972s] Creating /home/fuga1129/aurora_sim_v2/install/opencv_ros2/lib/python3.10/site-packages/opencv-ros2.egg-link (link to .)
[3.972s] Installing aruco_node_tf script to /home/fuga1129/aurora_sim_v2/install/opencv_ros2/lib/opencv_ros2
[3.973s] Installing aruco_node_tf_v2 script to /home/fuga1129/aurora_sim_v2/install/opencv_ros2/lib/opencv_ros2
[3.973s] Installing canny_edge_detection script to /home/fuga1129/aurora_sim_v2/install/opencv_ros2/lib/opencv_ros2
[3.973s] Installing challenge5_1_say_hello script to /home/fuga1129/aurora_sim_v2/install/opencv_ros2/lib/opencv_ros2
[3.973s] Installing challenge5_2_cup_direction script to /home/fuga1129/aurora_sim_v2/install/opencv_ros2/lib/opencv_ros2
[3.973s] Installing face_detection script to /home/fuga1129/aurora_sim_v2/install/opencv_ros2/lib/opencv_ros2
[3.973s] Installing imgproc_opencv_ros script to /home/fuga1129/aurora_sim_v2/install/opencv_ros2/lib/opencv_ros2
[3.973s] Installing qrcode_detector script to /home/fuga1129/aurora_sim_v2/install/opencv_ros2/lib/opencv_ros2
[3.973s] Installing quiz5_1_smile_detection script to /home/fuga1129/aurora_sim_v2/install/opencv_ros2/lib/opencv_ros2
[3.974s] 
[3.974s] Installed /home/fuga1129/aurora_sim_v2/build/opencv_ros2
[3.974s] running symlink_data
[3.974s] symbolically linking /home/fuga1129/aurora_sim_v2/build/opencv_ros2/resource/opencv_ros2 -> /home/fuga1129/aurora_sim_v2/install/opencv_ros2/share/ament_index/resource_index/packages
[3.974s] symbolically linking /home/fuga1129/aurora_sim_v2/build/opencv_ros2/package.xml -> /home/fuga1129/aurora_sim_v2/install/opencv_ros2/share/opencv_ros2
[4.046s] Invoked command in '/home/fuga1129/aurora_sim_v2/build/opencv_ros2' returned '0': PYTHONPATH=/home/fuga1129/aurora_sim_v2/build/opencv_ros2/prefix_override:/usr/lib/python3/dist-packages/colcon_core/task/python/colcon_distutils_commands:/home/fuga1129/aurora_sim_v2/install/opencv_ros2/lib/python3.10/site-packages:${PYTHONPATH} /usr/bin/python3 -W ignore:setup.py install is deprecated -W ignore:easy_install command is deprecated setup.py develop --editable --build-directory /home/fuga1129/aurora_sim_v2/build/opencv_ros2/build --no-deps symlink_data --force
