[0.632s] Invoking command in '/home/fuga1129/aurora_sim_v2/src/aurora1': PYTHONPATH=/home/fuga1129/aurora_sim_v2/build/aurora1/prefix_override:/usr/lib/python3/dist-packages/colcon_core/task/python/colcon_distutils_commands:/home/fuga1129/aurora_sim_v2/install/aurora1/lib/python3.10/site-packages:${PYTHONPATH} /usr/bin/python3 -W ignore:setup.py install is deprecated -W ignore:easy_install command is deprecated setup.py egg_info --egg-base ../../build/aurora1 build --build-base /home/fuga1129/aurora_sim_v2/build/aurora1/build install --record /home/fuga1129/aurora_sim_v2/build/aurora1/install.log --single-version-externally-managed install_data
[0.801s] running egg_info
[0.801s] writing ../../build/aurora1/aurora1.egg-info/PKG-INFO
[0.801s] writing dependency_links to ../../build/aurora1/aurora1.egg-info/dependency_links.txt
[0.801s] writing entry points to ../../build/aurora1/aurora1.egg-info/entry_points.txt
[0.801s] writing requirements to ../../build/aurora1/aurora1.egg-info/requires.txt
[0.801s] writing top-level names to ../../build/aurora1/aurora1.egg-info/top_level.txt
[0.802s] reading manifest file '../../build/aurora1/aurora1.egg-info/SOURCES.txt'
[0.803s] writing manifest file '../../build/aurora1/aurora1.egg-info/SOURCES.txt'
[0.803s] running build
[0.803s] running build_py
[0.803s] running install
[0.804s] running install_lib
[0.804s] running install_data
[0.805s] running install_egg_info
[0.806s] removing '/home/fuga1129/aurora_sim_v2/install/aurora1/lib/python3.10/site-packages/aurora1-0.0.0-py3.10.egg-info' (and everything under it)
[0.806s] Copying ../../build/aurora1/aurora1.egg-info to /home/fuga1129/aurora_sim_v2/install/aurora1/lib/python3.10/site-packages/aurora1-0.0.0-py3.10.egg-info
[0.806s] running install_scripts
[0.822s] Installing ackermann_4wd_controller script to /home/fuga1129/aurora_sim_v2/install/aurora1/lib/aurora1
[0.823s] Installing ackermann_4wd_controller_real script to /home/fuga1129/aurora_sim_v2/install/aurora1/lib/aurora1
[0.823s] writing list of installed files to '/home/fuga1129/aurora_sim_v2/build/aurora1/install.log'
[0.843s] Invoked command in '/home/fuga1129/aurora_sim_v2/src/aurora1' returned '0': PYTHONPATH=/home/fuga1129/aurora_sim_v2/build/aurora1/prefix_override:/usr/lib/python3/dist-packages/colcon_core/task/python/colcon_distutils_commands:/home/fuga1129/aurora_sim_v2/install/aurora1/lib/python3.10/site-packages:${PYTHONPATH} /usr/bin/python3 -W ignore:setup.py install is deprecated -W ignore:easy_install command is deprecated setup.py egg_info --egg-base ../../build/aurora1 build --build-base /home/fuga1129/aurora_sim_v2/build/aurora1/build install --record /home/fuga1129/aurora_sim_v2/build/aurora1/install.log --single-version-externally-managed install_data
