running develop
Removing /home/aurora/aurora_sim_v2/install/aurora_drive/lib/python3.10/site-packages/aurora-drive.egg-link (link to .)
running egg_info
writing ../../build/aurora_drive/aurora_drive.egg-info/PKG-INFO
writing dependency_links to ../../build/aurora_drive/aurora_drive.egg-info/dependency_links.txt
writing entry points to ../../build/aurora_drive/aurora_drive.egg-info/entry_points.txt
writing requirements to ../../build/aurora_drive/aurora_drive.egg-info/requires.txt
writing top-level names to ../../build/aurora_drive/aurora_drive.egg-info/top_level.txt
reading manifest file '../../build/aurora_drive/aurora_drive.egg-info/SOURCES.txt'
writing manifest file '../../build/aurora_drive/aurora_drive.egg-info/SOURCES.txt'
running build
running build_py
running install
running install_lib
creating /home/aurora/aurora_sim_v2/install/aurora_drive/lib/python3.10/site-packages/aurora_drive
copying /home/aurora/aurora_sim_v2/build/aurora_drive/build/lib/aurora_drive/ackermann_sim_controller.py -> /home/aurora/aurora_sim_v2/install/aurora_drive/lib/python3.10/site-packages/aurora_drive
copying /home/aurora/aurora_sim_v2/build/aurora_drive/build/lib/aurora_drive/odometry_4ws.py -> /home/aurora/aurora_sim_v2/install/aurora_drive/lib/python3.10/site-packages/aurora_drive
copying /home/aurora/aurora_sim_v2/build/aurora_drive/build/lib/aurora_drive/ackermann_4wd_controller.py -> /home/aurora/aurora_sim_v2/install/aurora_drive/lib/python3.10/site-packages/aurora_drive
copying /home/aurora/aurora_sim_v2/build/aurora_drive/build/lib/aurora_drive/__init__.py -> /home/aurora/aurora_sim_v2/install/aurora_drive/lib/python3.10/site-packages/aurora_drive
byte-compiling /home/aurora/aurora_sim_v2/install/aurora_drive/lib/python3.10/site-packages/aurora_drive/ackermann_sim_controller.py to ackermann_sim_controller.cpython-310.pyc
byte-compiling /home/aurora/aurora_sim_v2/install/aurora_drive/lib/python3.10/site-packages/aurora_drive/odometry_4ws.py to odometry_4ws.cpython-310.pyc
byte-compiling /home/aurora/aurora_sim_v2/install/aurora_drive/lib/python3.10/site-packages/aurora_drive/ackermann_4wd_controller.py to ackermann_4wd_controller.cpython-310.pyc
byte-compiling /home/aurora/aurora_sim_v2/install/aurora_drive/lib/python3.10/site-packages/aurora_drive/__init__.py to __init__.cpython-310.pyc
running install_data
copying resource/aurora_drive -> /home/aurora/aurora_sim_v2/install/aurora_drive/share/ament_index/resource_index/packages
copying package.xml -> /home/aurora/aurora_sim_v2/install/aurora_drive/share/aurora_drive
copying launch/joystick_real.launch.py -> /home/aurora/aurora_sim_v2/install/aurora_drive/share/aurora_drive/launch
copying launch/joystick.launch.py -> /home/aurora/aurora_sim_v2/install/aurora_drive/share/aurora_drive/launch
copying launch/joystick_v2.launch.py -> /home/aurora/aurora_sim_v2/install/aurora_drive/share/aurora_drive/launch
copying launch/all.launch.py -> /home/aurora/aurora_sim_v2/install/aurora_drive/share/aurora_drive/launch
copying launch/launch_sim.launch.py -> /home/aurora/aurora_sim_v2/install/aurora_drive/share/aurora_drive/launch
copying launch/rsp.launch.py -> /home/aurora/aurora_sim_v2/install/aurora_drive/share/aurora_drive/launch
copying launch/rsp_v2.launch.py -> /home/aurora/aurora_sim_v2/install/aurora_drive/share/aurora_drive/launch
copying launch/launch_sim_v2.launch.py -> /home/aurora/aurora_sim_v2/install/aurora_drive/share/aurora_drive/launch
copying launch/joystick_real.launch.py -> /home/aurora/aurora_sim_v2/install/aurora_drive/share/aurora_drive/launch
copying launch/slam_launch.py -> /home/aurora/aurora_sim_v2/install/aurora_drive/share/aurora_drive/launch
copying launch/joystick.launch.py -> /home/aurora/aurora_sim_v2/install/aurora_drive/share/aurora_drive/launch
copying launch/joystick_v2.launch.py -> /home/aurora/aurora_sim_v2/install/aurora_drive/share/aurora_drive/launch
copying launch/all.launch.py -> /home/aurora/aurora_sim_v2/install/aurora_drive/share/aurora_drive/launch
copying launch/launch_sim.launch.py -> /home/aurora/aurora_sim_v2/install/aurora_drive/share/aurora_drive/launch
copying launch/rsp.launch.py -> /home/aurora/aurora_sim_v2/install/aurora_drive/share/aurora_drive/launch
copying launch/rsp_v2.launch.py -> /home/aurora/aurora_sim_v2/install/aurora_drive/share/aurora_drive/launch
copying launch/launch_sim_v2.launch.py -> /home/aurora/aurora_sim_v2/install/aurora_drive/share/aurora_drive/launch
copying config/twist_mux.yaml -> /home/aurora/aurora_sim_v2/install/aurora_drive/share/aurora_drive/config
copying config/joystick.yaml -> /home/aurora/aurora_sim_v2/install/aurora_drive/share/aurora_drive/config
copying config/controller_4ws.yaml -> /home/aurora/aurora_sim_v2/install/aurora_drive/share/aurora_drive/config
copying config/slam_toolbox.yaml -> /home/aurora/aurora_sim_v2/install/aurora_drive/share/aurora_drive/config
copying config/mapper_params_online_async.yaml -> /home/aurora/aurora_sim_v2/install/aurora_drive/share/aurora_drive/config
copying config/nav2_param.yaml -> /home/aurora/aurora_sim_v2/install/aurora_drive/share/aurora_drive/config
copying config/rover_controller_4wd_v2.yaml -> /home/aurora/aurora_sim_v2/install/aurora_drive/share/aurora_drive/config
copying description/robot.urdf.xacro -> /home/aurora/aurora_sim_v2/install/aurora_drive/share/aurora_drive/description
copying description/camera.xacro -> /home/aurora/aurora_sim_v2/install/aurora_drive/share/aurora_drive/description
copying description/inertial_macros.xacro -> /home/aurora/aurora_sim_v2/install/aurora_drive/share/aurora_drive/description
copying description/depth_camera.xacro -> /home/aurora/aurora_sim_v2/install/aurora_drive/share/aurora_drive/description
copying description/ros2_control_4wd_v2.xacro -> /home/aurora/aurora_sim_v2/install/aurora_drive/share/aurora_drive/description
copying description/lidar.xacro -> /home/aurora/aurora_sim_v2/install/aurora_drive/share/aurora_drive/description
copying description/robot_core_4wd_v2.xacro -> /home/aurora/aurora_sim_v2/install/aurora_drive/share/aurora_drive/description
copying world/obstacle.world -> /home/aurora/aurora_sim_v2/install/aurora_drive/share/aurora_drive/world
copying world/obstacle_v2.world -> /home/aurora/aurora_sim_v2/install/aurora_drive/share/aurora_drive/world
copying world/house.world -> /home/aurora/aurora_sim_v2/install/aurora_drive/share/aurora_drive/world
running install_egg_info
Copying ../../build/aurora_drive/aurora_drive.egg-info to /home/aurora/aurora_sim_v2/install/aurora_drive/lib/python3.10/site-packages/aurora_drive-0.0.0-py3.10.egg-info
running install_scripts
Installing ackermann_4wd_controller script to /home/aurora/aurora_sim_v2/install/aurora_drive/lib/aurora_drive
Installing ackermann_sim_controller script to /home/aurora/aurora_sim_v2/install/aurora_drive/lib/aurora_drive
Installing odometry_4ws script to /home/aurora/aurora_sim_v2/install/aurora_drive/lib/aurora_drive
writing list of installed files to '/home/aurora/aurora_sim_v2/build/aurora_drive/install.log'
