running develop
Removing /home/fuga1129/aurora_sim_v2/install/yolov8_ros2/lib/python3.10/site-packages/yolov8-ros2.egg-link (link to .)
running egg_info
writing ../../../build/yolov8_ros2/yolov8_ros2.egg-info/PKG-INFO
writing dependency_links to ../../../build/yolov8_ros2/yolov8_ros2.egg-info/dependency_links.txt
writing entry points to ../../../build/yolov8_ros2/yolov8_ros2.egg-info/entry_points.txt
writing requirements to ../../../build/yolov8_ros2/yolov8_ros2.egg-info/requires.txt
writing top-level names to ../../../build/yolov8_ros2/yolov8_ros2.egg-info/top_level.txt
reading manifest file '../../../build/yolov8_ros2/yolov8_ros2.egg-info/SOURCES.txt'
adding license file 'LICENSE'
writing manifest file '../../../build/yolov8_ros2/yolov8_ros2.egg-info/SOURCES.txt'
running build
running build_py
running install
running install_lib
creating /home/fuga1129/aurora_sim_v2/install/yolov8_ros2/lib/python3.10/site-packages/yolov8_ros2
copying /home/fuga1129/aurora_sim_v2/build/yolov8_ros2/build/lib/yolov8_ros2/__init__.py -> /home/fuga1129/aurora_sim_v2/install/yolov8_ros2/lib/python3.10/site-packages/yolov8_ros2
copying /home/fuga1129/aurora_sim_v2/build/yolov8_ros2/build/lib/yolov8_ros2/object_detection_srv.py -> /home/fuga1129/aurora_sim_v2/install/yolov8_ros2/lib/python3.10/site-packages/yolov8_ros2
copying /home/fuga1129/aurora_sim_v2/build/yolov8_ros2/build/lib/yolov8_ros2/object_detection_tf.py -> /home/fuga1129/aurora_sim_v2/install/yolov8_ros2/lib/python3.10/site-packages/yolov8_ros2
copying /home/fuga1129/aurora_sim_v2/build/yolov8_ros2/build/lib/yolov8_ros2/object_detection_action_server.py -> /home/fuga1129/aurora_sim_v2/install/yolov8_ros2/lib/python3.10/site-packages/yolov8_ros2
copying /home/fuga1129/aurora_sim_v2/build/yolov8_ros2/build/lib/yolov8_ros2/object_segmentation.py -> /home/fuga1129/aurora_sim_v2/install/yolov8_ros2/lib/python3.10/site-packages/yolov8_ros2
copying /home/fuga1129/aurora_sim_v2/build/yolov8_ros2/build/lib/yolov8_ros2/object_detection.py -> /home/fuga1129/aurora_sim_v2/install/yolov8_ros2/lib/python3.10/site-packages/yolov8_ros2
byte-compiling /home/fuga1129/aurora_sim_v2/install/yolov8_ros2/lib/python3.10/site-packages/yolov8_ros2/__init__.py to __init__.cpython-310.pyc
byte-compiling /home/fuga1129/aurora_sim_v2/install/yolov8_ros2/lib/python3.10/site-packages/yolov8_ros2/object_detection_srv.py to object_detection_srv.cpython-310.pyc
byte-compiling /home/fuga1129/aurora_sim_v2/install/yolov8_ros2/lib/python3.10/site-packages/yolov8_ros2/object_detection_tf.py to object_detection_tf.cpython-310.pyc
byte-compiling /home/fuga1129/aurora_sim_v2/install/yolov8_ros2/lib/python3.10/site-packages/yolov8_ros2/object_detection_action_server.py to object_detection_action_server.cpython-310.pyc
byte-compiling /home/fuga1129/aurora_sim_v2/install/yolov8_ros2/lib/python3.10/site-packages/yolov8_ros2/object_segmentation.py to object_segmentation.cpython-310.pyc
byte-compiling /home/fuga1129/aurora_sim_v2/install/yolov8_ros2/lib/python3.10/site-packages/yolov8_ros2/object_detection.py to object_detection.cpython-310.pyc
running install_data
copying resource/yolov8_ros2 -> /home/fuga1129/aurora_sim_v2/install/yolov8_ros2/share/ament_index/resource_index/packages
copying package.xml -> /home/fuga1129/aurora_sim_v2/install/yolov8_ros2/share/yolov8_ros2
running install_egg_info
Copying ../../../build/yolov8_ros2/yolov8_ros2.egg-info to /home/fuga1129/aurora_sim_v2/install/yolov8_ros2/lib/python3.10/site-packages/yolov8_ros2-2.0.0-py3.10.egg-info
running install_scripts
Installing object_detection script to /home/fuga1129/aurora_sim_v2/install/yolov8_ros2/lib/yolov8_ros2
Installing object_detection_action_server script to /home/fuga1129/aurora_sim_v2/install/yolov8_ros2/lib/yolov8_ros2
Installing object_detection_srv script to /home/fuga1129/aurora_sim_v2/install/yolov8_ros2/lib/yolov8_ros2
Installing object_detection_tf script to /home/fuga1129/aurora_sim_v2/install/yolov8_ros2/lib/yolov8_ros2
Installing object_segmentation script to /home/fuga1129/aurora_sim_v2/install/yolov8_ros2/lib/yolov8_ros2
writing list of installed files to '/home/fuga1129/aurora_sim_v2/build/yolov8_ros2/install.log'
