[0.365s] Invoking command in '/home/fuga1129/aurora_sim_v2/build/aurora1': PYTHONPATH=/home/fuga1129/aurora_sim_v2/build/aurora1/prefix_override:/usr/lib/python3/dist-packages/colcon_core/task/python/colcon_distutils_commands:/home/fuga1129/aurora_sim_v2/install/aurora1/lib/python3.10/site-packages:${PYTHONPATH} /usr/bin/python3 -W ignore:setup.py install is deprecated -W ignore:easy_install command is deprecated setup.py develop --editable --build-directory /home/fuga1129/aurora_sim_v2/build/aurora1/build --no-deps symlink_data --force
[0.520s] running develop
[0.604s] running egg_info
[0.604s] writing aurora1.egg-info/PKG-INFO
[0.604s] writing dependency_links to aurora1.egg-info/dependency_links.txt
[0.605s] writing entry points to aurora1.egg-info/entry_points.txt
[0.605s] writing requirements to aurora1.egg-info/requires.txt
[0.605s] writing top-level names to aurora1.egg-info/top_level.txt
[0.606s] reading manifest file 'aurora1.egg-info/SOURCES.txt'
[0.606s] writing manifest file 'aurora1.egg-info/SOURCES.txt'
[0.607s] running build_ext
[0.607s] Creating /home/fuga1129/aurora_sim_v2/install/aurora1/lib/python3.10/site-packages/aurora1.egg-link (link to .)
[0.607s] Installing ackermann_4wd_controller script to /home/fuga1129/aurora_sim_v2/install/aurora1/lib/aurora1
[0.608s] 
[0.608s] Installed /home/fuga1129/aurora_sim_v2/build/aurora1
[0.608s] running symlink_data
[0.608s] symbolically linking /home/fuga1129/aurora_sim_v2/build/aurora1/resource/aurora1 -> /home/fuga1129/aurora_sim_v2/install/aurora1/share/ament_index/resource_index/packages
[0.608s] symbolically linking /home/fuga1129/aurora_sim_v2/build/aurora1/package.xml -> /home/fuga1129/aurora_sim_v2/install/aurora1/share/aurora1
[0.608s] creating /home/fuga1129/aurora_sim_v2/install/aurora1/share/aurora1/launch
[0.608s] error: [Errno 2] No such file or directory: '/home/fuga1129/aurora_sim_v2/install/aurora1/share/aurora1/launch/joystick.launch.py'
[0.627s] Invoked command in '/home/fuga1129/aurora_sim_v2/build/aurora1' returned '1': PYTHONPATH=/home/fuga1129/aurora_sim_v2/build/aurora1/prefix_override:/usr/lib/python3/dist-packages/colcon_core/task/python/colcon_distutils_commands:/home/fuga1129/aurora_sim_v2/install/aurora1/lib/python3.10/site-packages:${PYTHONPATH} /usr/bin/python3 -W ignore:setup.py install is deprecated -W ignore:easy_install command is deprecated setup.py develop --editable --build-directory /home/fuga1129/aurora_sim_v2/build/aurora1/build --no-deps symlink_data --force
