/home/aurora/aurora_sim_v2/install/aurora_drive/lib/python3.10/site-packages/aurora_drive/ackermann_sim_controller.py
/home/aurora/aurora_sim_v2/install/aurora_drive/lib/python3.10/site-packages/aurora_drive/odometry_4ws.py
/home/aurora/aurora_sim_v2/install/aurora_drive/lib/python3.10/site-packages/aurora_drive/ackermann_4wd_controller.py
/home/aurora/aurora_sim_v2/install/aurora_drive/lib/python3.10/site-packages/aurora_drive/__init__.py
/home/aurora/aurora_sim_v2/install/aurora_drive/lib/python3.10/site-packages/aurora_drive/__pycache__/ackermann_sim_controller.cpython-310.pyc
/home/aurora/aurora_sim_v2/install/aurora_drive/lib/python3.10/site-packages/aurora_drive/__pycache__/odometry_4ws.cpython-310.pyc
/home/aurora/aurora_sim_v2/install/aurora_drive/lib/python3.10/site-packages/aurora_drive/__pycache__/ackermann_4wd_controller.cpython-310.pyc
/home/aurora/aurora_sim_v2/install/aurora_drive/lib/python3.10/site-packages/aurora_drive/__pycache__/__init__.cpython-310.pyc
/home/aurora/aurora_sim_v2/install/aurora_drive/share/ament_index/resource_index/packages/aurora_drive
/home/aurora/aurora_sim_v2/install/aurora_drive/share/aurora_drive/package.xml
/home/aurora/aurora_sim_v2/install/aurora_drive/share/aurora_drive/launch/joystick_real.launch.py
/home/aurora/aurora_sim_v2/install/aurora_drive/share/aurora_drive/launch/joystick.launch.py
/home/aurora/aurora_sim_v2/install/aurora_drive/share/aurora_drive/launch/joystick_v2.launch.py
/home/aurora/aurora_sim_v2/install/aurora_drive/share/aurora_drive/launch/all.launch.py
/home/aurora/aurora_sim_v2/install/aurora_drive/share/aurora_drive/launch/launch_sim.launch.py
/home/aurora/aurora_sim_v2/install/aurora_drive/share/aurora_drive/launch/rsp.launch.py
/home/aurora/aurora_sim_v2/install/aurora_drive/share/aurora_drive/launch/rsp_v2.launch.py
/home/aurora/aurora_sim_v2/install/aurora_drive/share/aurora_drive/launch/launch_sim_v2.launch.py
/home/aurora/aurora_sim_v2/install/aurora_drive/share/aurora_drive/launch/slam_launch.py
/home/aurora/aurora_sim_v2/install/aurora_drive/share/aurora_drive/config/twist_mux.yaml
/home/aurora/aurora_sim_v2/install/aurora_drive/share/aurora_drive/config/joystick.yaml
/home/aurora/aurora_sim_v2/install/aurora_drive/share/aurora_drive/config/controller_4ws.yaml
/home/aurora/aurora_sim_v2/install/aurora_drive/share/aurora_drive/config/slam_toolbox.yaml
/home/aurora/aurora_sim_v2/install/aurora_drive/share/aurora_drive/config/mapper_params_online_async.yaml
/home/aurora/aurora_sim_v2/install/aurora_drive/share/aurora_drive/config/nav2_param.yaml
/home/aurora/aurora_sim_v2/install/aurora_drive/share/aurora_drive/config/rover_controller_4wd_v2.yaml
/home/aurora/aurora_sim_v2/install/aurora_drive/share/aurora_drive/description/robot.urdf.xacro
/home/aurora/aurora_sim_v2/install/aurora_drive/share/aurora_drive/description/camera.xacro
/home/aurora/aurora_sim_v2/install/aurora_drive/share/aurora_drive/description/inertial_macros.xacro
/home/aurora/aurora_sim_v2/install/aurora_drive/share/aurora_drive/description/depth_camera.xacro
/home/aurora/aurora_sim_v2/install/aurora_drive/share/aurora_drive/description/ros2_control_4wd_v2.xacro
/home/aurora/aurora_sim_v2/install/aurora_drive/share/aurora_drive/description/lidar.xacro
/home/aurora/aurora_sim_v2/install/aurora_drive/share/aurora_drive/description/robot_core_4wd_v2.xacro
/home/aurora/aurora_sim_v2/install/aurora_drive/share/aurora_drive/world/obstacle.world
/home/aurora/aurora_sim_v2/install/aurora_drive/share/aurora_drive/world/obstacle_v2.world
/home/aurora/aurora_sim_v2/install/aurora_drive/share/aurora_drive/world/house.world
/home/aurora/aurora_sim_v2/install/aurora_drive/lib/python3.10/site-packages/aurora_drive-0.0.0-py3.10.egg-info/entry_points.txt
/home/aurora/aurora_sim_v2/install/aurora_drive/lib/python3.10/site-packages/aurora_drive-0.0.0-py3.10.egg-info/requires.txt
/home/aurora/aurora_sim_v2/install/aurora_drive/lib/python3.10/site-packages/aurora_drive-0.0.0-py3.10.egg-info/SOURCES.txt
/home/aurora/aurora_sim_v2/install/aurora_drive/lib/python3.10/site-packages/aurora_drive-0.0.0-py3.10.egg-info/zip-safe
/home/aurora/aurora_sim_v2/install/aurora_drive/lib/python3.10/site-packages/aurora_drive-0.0.0-py3.10.egg-info/PKG-INFO
/home/aurora/aurora_sim_v2/install/aurora_drive/lib/python3.10/site-packages/aurora_drive-0.0.0-py3.10.egg-info/dependency_links.txt
/home/aurora/aurora_sim_v2/install/aurora_drive/lib/python3.10/site-packages/aurora_drive-0.0.0-py3.10.egg-info/top_level.txt
/home/aurora/aurora_sim_v2/install/aurora_drive/lib/aurora_drive/ackermann_4wd_controller
/home/aurora/aurora_sim_v2/install/aurora_drive/lib/aurora_drive/ackermann_sim_controller
/home/aurora/aurora_sim_v2/install/aurora_drive/lib/aurora_drive/odometry_4ws
