[2.963s] Invoking command in '/home/fuga1129/aurora_sim_v2/src/chapter5/yolov8_ros2': PYTHONPATH=/home/fuga1129/aurora_sim_v2/build/yolov8_ros2/prefix_override:/usr/lib/python3/dist-packages/colcon_core/task/python/colcon_distutils_commands:/home/fuga1129/aurora_sim_v2/install/yolov8_ros2/lib/python3.10/site-packages:${PYTHONPATH} /usr/bin/python3 -W ignore:setup.py install is deprecated -W ignore:easy_install command is deprecated setup.py egg_info --egg-base ../../../build/yolov8_ros2 build --build-base /home/fuga1129/aurora_sim_v2/build/yolov8_ros2/build install --record /home/fuga1129/aurora_sim_v2/build/yolov8_ros2/install.log --single-version-externally-managed install_data
[3.390s] running egg_info
[3.391s] writing ../../../build/yolov8_ros2/yolov8_ros2.egg-info/PKG-INFO
[3.392s] writing dependency_links to ../../../build/yolov8_ros2/yolov8_ros2.egg-info/dependency_links.txt
[3.392s] writing entry points to ../../../build/yolov8_ros2/yolov8_ros2.egg-info/entry_points.txt
[3.393s] writing requirements to ../../../build/yolov8_ros2/yolov8_ros2.egg-info/requires.txt
[3.394s] writing top-level names to ../../../build/yolov8_ros2/yolov8_ros2.egg-info/top_level.txt
[3.395s] reading manifest file '../../../build/yolov8_ros2/yolov8_ros2.egg-info/SOURCES.txt'
[3.396s] adding license file 'LICENSE'
[3.397s] writing manifest file '../../../build/yolov8_ros2/yolov8_ros2.egg-info/SOURCES.txt'
[3.399s] running build
[3.399s] running build_py
[3.400s] running install
[3.401s] running install_lib
[3.404s] running install_data
[3.404s] running install_egg_info
[3.413s] removing '/home/fuga1129/aurora_sim_v2/install/yolov8_ros2/lib/python3.10/site-packages/yolov8_ros2-2.0.0-py3.10.egg-info' (and everything under it)
[3.413s] Copying ../../../build/yolov8_ros2/yolov8_ros2.egg-info to /home/fuga1129/aurora_sim_v2/install/yolov8_ros2/lib/python3.10/site-packages/yolov8_ros2-2.0.0-py3.10.egg-info
[3.413s] running install_scripts
[3.445s] Installing object_detection script to /home/fuga1129/aurora_sim_v2/install/yolov8_ros2/lib/yolov8_ros2
[3.445s] Installing object_detection_action_server script to /home/fuga1129/aurora_sim_v2/install/yolov8_ros2/lib/yolov8_ros2
[3.446s] Installing object_detection_srv script to /home/fuga1129/aurora_sim_v2/install/yolov8_ros2/lib/yolov8_ros2
[3.446s] Installing object_detection_tf script to /home/fuga1129/aurora_sim_v2/install/yolov8_ros2/lib/yolov8_ros2
[3.446s] Installing object_segmentation script to /home/fuga1129/aurora_sim_v2/install/yolov8_ros2/lib/yolov8_ros2
[3.447s] writing list of installed files to '/home/fuga1129/aurora_sim_v2/build/yolov8_ros2/install.log'
[3.495s] Invoked command in '/home/fuga1129/aurora_sim_v2/src/chapter5/yolov8_ros2' returned '0': PYTHONPATH=/home/fuga1129/aurora_sim_v2/build/yolov8_ros2/prefix_override:/usr/lib/python3/dist-packages/colcon_core/task/python/colcon_distutils_commands:/home/fuga1129/aurora_sim_v2/install/yolov8_ros2/lib/python3.10/site-packages:${PYTHONPATH} /usr/bin/python3 -W ignore:setup.py install is deprecated -W ignore:easy_install command is deprecated setup.py egg_info --egg-base ../../../build/yolov8_ros2 build --build-base /home/fuga1129/aurora_sim_v2/build/yolov8_ros2/build install --record /home/fuga1129/aurora_sim_v2/build/yolov8_ros2/install.log --single-version-externally-managed install_data
