[1.398s] Invoking command in '/home/fuga1129/aurora_sim_v2/src/ros2_aruco/ros2_aruco': PYTHONPATH=/home/fuga1129/aurora_sim_v2/build/ros2_aruco/prefix_override:/usr/lib/python3/dist-packages/colcon_core/task/python/colcon_distutils_commands:/home/fuga1129/aurora_sim_v2/install/ros2_aruco/lib/python3.10/site-packages:${PYTHONPATH} /usr/bin/python3 -W ignore:setup.py install is deprecated -W ignore:easy_install command is deprecated setup.py egg_info --egg-base ../../../build/ros2_aruco build --build-base /home/fuga1129/aurora_sim_v2/build/ros2_aruco/build install --record /home/fuga1129/aurora_sim_v2/build/ros2_aruco/install.log --single-version-externally-managed install_data
[1.662s] running egg_info
[1.663s] creating ../../../build/ros2_aruco/ros2_aruco.egg-info
[1.663s] writing ../../../build/ros2_aruco/ros2_aruco.egg-info/PKG-INFO
[1.663s] writing dependency_links to ../../../build/ros2_aruco/ros2_aruco.egg-info/dependency_links.txt
[1.663s] writing entry points to ../../../build/ros2_aruco/ros2_aruco.egg-info/entry_points.txt
[1.663s] writing requirements to ../../../build/ros2_aruco/ros2_aruco.egg-info/requires.txt
[1.663s] writing top-level names to ../../../build/ros2_aruco/ros2_aruco.egg-info/top_level.txt
[1.663s] writing manifest file '../../../build/ros2_aruco/ros2_aruco.egg-info/SOURCES.txt'
[1.665s] reading manifest file '../../../build/ros2_aruco/ros2_aruco.egg-info/SOURCES.txt'
[1.665s] writing manifest file '../../../build/ros2_aruco/ros2_aruco.egg-info/SOURCES.txt'
[1.666s] running build
[1.666s] running build_py
[1.666s] creating /home/fuga1129/aurora_sim_v2/build/ros2_aruco/build
[1.666s] creating /home/fuga1129/aurora_sim_v2/build/ros2_aruco/build/lib
[1.666s] creating /home/fuga1129/aurora_sim_v2/build/ros2_aruco/build/lib/ros2_aruco
[1.666s] copying ros2_aruco/__init__.py -> /home/fuga1129/aurora_sim_v2/build/ros2_aruco/build/lib/ros2_aruco
[1.666s] copying ros2_aruco/aruco_generate_marker.py -> /home/fuga1129/aurora_sim_v2/build/ros2_aruco/build/lib/ros2_aruco
[1.666s] copying ros2_aruco/aruco_node.py -> /home/fuga1129/aurora_sim_v2/build/ros2_aruco/build/lib/ros2_aruco
[1.666s] running install
[1.667s] running install_lib
[1.667s] creating /home/fuga1129/aurora_sim_v2/install/ros2_aruco/lib/python3.10/site-packages/ros2_aruco
[1.667s] copying /home/fuga1129/aurora_sim_v2/build/ros2_aruco/build/lib/ros2_aruco/__init__.py -> /home/fuga1129/aurora_sim_v2/install/ros2_aruco/lib/python3.10/site-packages/ros2_aruco
[1.667s] copying /home/fuga1129/aurora_sim_v2/build/ros2_aruco/build/lib/ros2_aruco/aruco_generate_marker.py -> /home/fuga1129/aurora_sim_v2/install/ros2_aruco/lib/python3.10/site-packages/ros2_aruco
[1.667s] copying /home/fuga1129/aurora_sim_v2/build/ros2_aruco/build/lib/ros2_aruco/aruco_node.py -> /home/fuga1129/aurora_sim_v2/install/ros2_aruco/lib/python3.10/site-packages/ros2_aruco
[1.668s] byte-compiling /home/fuga1129/aurora_sim_v2/install/ros2_aruco/lib/python3.10/site-packages/ros2_aruco/__init__.py to __init__.cpython-310.pyc
[1.668s] byte-compiling /home/fuga1129/aurora_sim_v2/install/ros2_aruco/lib/python3.10/site-packages/ros2_aruco/aruco_generate_marker.py to aruco_generate_marker.cpython-310.pyc
[1.669s] byte-compiling /home/fuga1129/aurora_sim_v2/install/ros2_aruco/lib/python3.10/site-packages/ros2_aruco/aruco_node.py to aruco_node.cpython-310.pyc
[1.670s] running install_data
[1.670s] creating /home/fuga1129/aurora_sim_v2/install/ros2_aruco/share/ament_index
[1.670s] creating /home/fuga1129/aurora_sim_v2/install/ros2_aruco/share/ament_index/resource_index
[1.670s] creating /home/fuga1129/aurora_sim_v2/install/ros2_aruco/share/ament_index/resource_index/packages
[1.670s] copying resource/ros2_aruco -> /home/fuga1129/aurora_sim_v2/install/ros2_aruco/share/ament_index/resource_index/packages
[1.670s] copying package.xml -> /home/fuga1129/aurora_sim_v2/install/ros2_aruco/share/ros2_aruco
[1.670s] creating /home/fuga1129/aurora_sim_v2/install/ros2_aruco/share/ros2_aruco/launch
[1.670s] copying launch/aruco_recognition.launch.py -> /home/fuga1129/aurora_sim_v2/install/ros2_aruco/share/ros2_aruco/launch
[1.670s] creating /home/fuga1129/aurora_sim_v2/install/ros2_aruco/share/ros2_aruco/config
[1.670s] copying config/aruco_parameters.yaml -> /home/fuga1129/aurora_sim_v2/install/ros2_aruco/share/ros2_aruco/config
[1.670s] running install_egg_info
[1.671s] Copying ../../../build/ros2_aruco/ros2_aruco.egg-info to /home/fuga1129/aurora_sim_v2/install/ros2_aruco/lib/python3.10/site-packages/ros2_aruco-0.1.0-py3.10.egg-info
[1.672s] running install_scripts
[1.690s] Installing aruco_generate_marker script to /home/fuga1129/aurora_sim_v2/install/ros2_aruco/lib/ros2_aruco
[1.690s] Installing aruco_node script to /home/fuga1129/aurora_sim_v2/install/ros2_aruco/lib/ros2_aruco
[1.690s] writing list of installed files to '/home/fuga1129/aurora_sim_v2/build/ros2_aruco/install.log'
[1.721s] Invoked command in '/home/fuga1129/aurora_sim_v2/src/ros2_aruco/ros2_aruco' returned '0': PYTHONPATH=/home/fuga1129/aurora_sim_v2/build/ros2_aruco/prefix_override:/usr/lib/python3/dist-packages/colcon_core/task/python/colcon_distutils_commands:/home/fuga1129/aurora_sim_v2/install/ros2_aruco/lib/python3.10/site-packages:${PYTHONPATH} /usr/bin/python3 -W ignore:setup.py install is deprecated -W ignore:easy_install command is deprecated setup.py egg_info --egg-base ../../../build/ros2_aruco build --build-base /home/fuga1129/aurora_sim_v2/build/ros2_aruco/build install --record /home/fuga1129/aurora_sim_v2/build/ros2_aruco/install.log --single-version-externally-managed install_data
