[3.114s] Invoking command in '/home/fuga1129/aurora_sim_v2/build/aurora_drive': PYTHONPATH=/home/fuga1129/aurora_sim_v2/build/aurora_drive/prefix_override:/usr/lib/python3/dist-packages/colcon_core/task/python/colcon_distutils_commands:/home/fuga1129/aurora_sim_v2/install/aurora_drive/lib/python3.10/site-packages:${PYTHONPATH} /usr/bin/python3 -W ignore:setup.py install is deprecated -W ignore:easy_install command is deprecated setup.py develop --editable --build-directory /home/fuga1129/aurora_sim_v2/build/aurora_drive/build --no-deps symlink_data --force
[3.636s] running develop
[4.008s] running egg_info
[4.008s] writing aurora_drive.egg-info/PKG-INFO
[4.009s] writing dependency_links to aurora_drive.egg-info/dependency_links.txt
[4.009s] writing entry points to aurora_drive.egg-info/entry_points.txt
[4.010s] writing requirements to aurora_drive.egg-info/requires.txt
[4.010s] writing top-level names to aurora_drive.egg-info/top_level.txt
[4.014s] reading manifest file 'aurora_drive.egg-info/SOURCES.txt'
[4.016s] writing manifest file 'aurora_drive.egg-info/SOURCES.txt'
[4.020s] running build_ext
[4.021s] Creating /home/fuga1129/aurora_sim_v2/install/aurora_drive/lib/python3.10/site-packages/aurora-drive.egg-link (link to .)
[4.022s] Installing ackermann_4wd_controller script to /home/fuga1129/aurora_sim_v2/install/aurora_drive/lib/aurora_drive
[4.023s] Installing ackermann_sim_controller script to /home/fuga1129/aurora_sim_v2/install/aurora_drive/lib/aurora_drive
[4.023s] Installing aruco_marker_mapper script to /home/fuga1129/aurora_sim_v2/install/aurora_drive/lib/aurora_drive
[4.023s] Installing odometry_4ws script to /home/fuga1129/aurora_sim_v2/install/aurora_drive/lib/aurora_drive
[4.024s] 
[4.024s] Installed /home/fuga1129/aurora_sim_v2/build/aurora_drive
[4.024s] running symlink_data
[4.024s] symbolically linking /home/fuga1129/aurora_sim_v2/build/aurora_drive/resource/aurora_drive -> /home/fuga1129/aurora_sim_v2/install/aurora_drive/share/ament_index/resource_index/packages
[4.025s] symbolically linking /home/fuga1129/aurora_sim_v2/build/aurora_drive/package.xml -> /home/fuga1129/aurora_sim_v2/install/aurora_drive/share/aurora_drive
[4.025s] symbolically linking /home/fuga1129/aurora_sim_v2/build/aurora_drive/launch/rsp_v2.launch.py -> /home/fuga1129/aurora_sim_v2/install/aurora_drive/share/aurora_drive/launch
[4.026s] symbolically linking /home/fuga1129/aurora_sim_v2/build/aurora_drive/launch/joystick_real.launch.py -> /home/fuga1129/aurora_sim_v2/install/aurora_drive/share/aurora_drive/launch
[4.026s] symbolically linking /home/fuga1129/aurora_sim_v2/build/aurora_drive/launch/launch_sim.launch.py -> /home/fuga1129/aurora_sim_v2/install/aurora_drive/share/aurora_drive/launch
[4.027s] symbolically linking /home/fuga1129/aurora_sim_v2/build/aurora_drive/launch/joystick_v2.launch.py -> /home/fuga1129/aurora_sim_v2/install/aurora_drive/share/aurora_drive/launch
[4.028s] symbolically linking /home/fuga1129/aurora_sim_v2/build/aurora_drive/launch/launch_sim_v2.launch.py -> /home/fuga1129/aurora_sim_v2/install/aurora_drive/share/aurora_drive/launch
[4.028s] symbolically linking /home/fuga1129/aurora_sim_v2/build/aurora_drive/launch/launch_sim_v3.launch.py -> /home/fuga1129/aurora_sim_v2/install/aurora_drive/share/aurora_drive/launch
[4.029s] symbolically linking /home/fuga1129/aurora_sim_v2/build/aurora_drive/launch/joystick.launch.py -> /home/fuga1129/aurora_sim_v2/install/aurora_drive/share/aurora_drive/launch
[4.029s] symbolically linking /home/fuga1129/aurora_sim_v2/build/aurora_drive/launch/all.launch.py -> /home/fuga1129/aurora_sim_v2/install/aurora_drive/share/aurora_drive/launch
[4.030s] symbolically linking /home/fuga1129/aurora_sim_v2/build/aurora_drive/launch/rsp.launch.py -> /home/fuga1129/aurora_sim_v2/install/aurora_drive/share/aurora_drive/launch
[4.031s] symbolically linking /home/fuga1129/aurora_sim_v2/build/aurora_drive/launch/rsp_v2.launch.py -> /home/fuga1129/aurora_sim_v2/install/aurora_drive/share/aurora_drive/launch
[4.031s] symbolically linking /home/fuga1129/aurora_sim_v2/build/aurora_drive/launch/slam_launch.py -> /home/fuga1129/aurora_sim_v2/install/aurora_drive/share/aurora_drive/launch
[4.032s] symbolically linking /home/fuga1129/aurora_sim_v2/build/aurora_drive/launch/joystick_real.launch.py -> /home/fuga1129/aurora_sim_v2/install/aurora_drive/share/aurora_drive/launch
[4.033s] symbolically linking /home/fuga1129/aurora_sim_v2/build/aurora_drive/launch/launch_sim.launch.py -> /home/fuga1129/aurora_sim_v2/install/aurora_drive/share/aurora_drive/launch
[4.033s] symbolically linking /home/fuga1129/aurora_sim_v2/build/aurora_drive/launch/joystick_v2.launch.py -> /home/fuga1129/aurora_sim_v2/install/aurora_drive/share/aurora_drive/launch
[4.034s] symbolically linking /home/fuga1129/aurora_sim_v2/build/aurora_drive/launch/launch_sim_v2.launch.py -> /home/fuga1129/aurora_sim_v2/install/aurora_drive/share/aurora_drive/launch
[4.034s] symbolically linking /home/fuga1129/aurora_sim_v2/build/aurora_drive/launch/launch_sim_v3.launch.py -> /home/fuga1129/aurora_sim_v2/install/aurora_drive/share/aurora_drive/launch
[4.035s] symbolically linking /home/fuga1129/aurora_sim_v2/build/aurora_drive/launch/joystick.launch.py -> /home/fuga1129/aurora_sim_v2/install/aurora_drive/share/aurora_drive/launch
[4.035s] symbolically linking /home/fuga1129/aurora_sim_v2/build/aurora_drive/launch/all.launch.py -> /home/fuga1129/aurora_sim_v2/install/aurora_drive/share/aurora_drive/launch
[4.037s] symbolically linking /home/fuga1129/aurora_sim_v2/build/aurora_drive/launch/rsp.launch.py -> /home/fuga1129/aurora_sim_v2/install/aurora_drive/share/aurora_drive/launch
[4.037s] symbolically linking /home/fuga1129/aurora_sim_v2/build/aurora_drive/config/joystick.yaml -> /home/fuga1129/aurora_sim_v2/install/aurora_drive/share/aurora_drive/config
[4.038s] symbolically linking /home/fuga1129/aurora_sim_v2/build/aurora_drive/config/rover_controller_4wd_v2.yaml -> /home/fuga1129/aurora_sim_v2/install/aurora_drive/share/aurora_drive/config
[4.039s] symbolically linking /home/fuga1129/aurora_sim_v2/build/aurora_drive/config/controller_4ws.yaml -> /home/fuga1129/aurora_sim_v2/install/aurora_drive/share/aurora_drive/config
[4.040s] symbolically linking /home/fuga1129/aurora_sim_v2/build/aurora_drive/config/twist_mux.yaml -> /home/fuga1129/aurora_sim_v2/install/aurora_drive/share/aurora_drive/config
[4.040s] symbolically linking /home/fuga1129/aurora_sim_v2/build/aurora_drive/config/nav2_param.yaml -> /home/fuga1129/aurora_sim_v2/install/aurora_drive/share/aurora_drive/config
[4.041s] symbolically linking /home/fuga1129/aurora_sim_v2/build/aurora_drive/config/slam_toolbox.yaml -> /home/fuga1129/aurora_sim_v2/install/aurora_drive/share/aurora_drive/config
[4.042s] symbolically linking /home/fuga1129/aurora_sim_v2/build/aurora_drive/config/mapper_params_online_async.yaml -> /home/fuga1129/aurora_sim_v2/install/aurora_drive/share/aurora_drive/config
[4.042s] symbolically linking /home/fuga1129/aurora_sim_v2/build/aurora_drive/description/robot_core_4wd_v2.xacro -> /home/fuga1129/aurora_sim_v2/install/aurora_drive/share/aurora_drive/description
[4.043s] symbolically linking /home/fuga1129/aurora_sim_v2/build/aurora_drive/description/depth_camera.xacro -> /home/fuga1129/aurora_sim_v2/install/aurora_drive/share/aurora_drive/description
[4.044s] symbolically linking /home/fuga1129/aurora_sim_v2/build/aurora_drive/description/inertial_macros.xacro -> /home/fuga1129/aurora_sim_v2/install/aurora_drive/share/aurora_drive/description
[4.044s] symbolically linking /home/fuga1129/aurora_sim_v2/build/aurora_drive/description/ros2_control_4wd_v2.xacro -> /home/fuga1129/aurora_sim_v2/install/aurora_drive/share/aurora_drive/description
[4.045s] symbolically linking /home/fuga1129/aurora_sim_v2/build/aurora_drive/description/lidar.xacro -> /home/fuga1129/aurora_sim_v2/install/aurora_drive/share/aurora_drive/description
[4.046s] symbolically linking /home/fuga1129/aurora_sim_v2/build/aurora_drive/description/robot.urdf.xacro -> /home/fuga1129/aurora_sim_v2/install/aurora_drive/share/aurora_drive/description
[4.046s] symbolically linking /home/fuga1129/aurora_sim_v2/build/aurora_drive/description/camera.xacro -> /home/fuga1129/aurora_sim_v2/install/aurora_drive/share/aurora_drive/description
[4.047s] symbolically linking /home/fuga1129/aurora_sim_v2/build/aurora_drive/world/aruco.world -> /home/fuga1129/aurora_sim_v2/install/aurora_drive/share/aurora_drive/world
[4.048s] symbolically linking /home/fuga1129/aurora_sim_v2/build/aurora_drive/world/house.world -> /home/fuga1129/aurora_sim_v2/install/aurora_drive/share/aurora_drive/world
[4.052s] symbolically linking /home/fuga1129/aurora_sim_v2/build/aurora_drive/world/obstacle_v2.world -> /home/fuga1129/aurora_sim_v2/install/aurora_drive/share/aurora_drive/world
[4.059s] symbolically linking /home/fuga1129/aurora_sim_v2/build/aurora_drive/world/obstacle.world -> /home/fuga1129/aurora_sim_v2/install/aurora_drive/share/aurora_drive/world
[4.131s] Invoked command in '/home/fuga1129/aurora_sim_v2/build/aurora_drive' returned '0': PYTHONPATH=/home/fuga1129/aurora_sim_v2/build/aurora_drive/prefix_override:/usr/lib/python3/dist-packages/colcon_core/task/python/colcon_distutils_commands:/home/fuga1129/aurora_sim_v2/install/aurora_drive/lib/python3.10/site-packages:${PYTHONPATH} /usr/bin/python3 -W ignore:setup.py install is deprecated -W ignore:easy_install command is deprecated setup.py develop --editable --build-directory /home/fuga1129/aurora_sim_v2/build/aurora_drive/build --no-deps symlink_data --force
