[2.987s] Invoking command in '/home/fuga1129/aurora_sim_v2/src/chapter5/yolov8_ros2': PYTHONPATH=/home/fuga1129/aurora_sim_v2/build/yolov8_ros2/prefix_override:/usr/lib/python3/dist-packages/colcon_core/task/python/colcon_distutils_commands:/home/fuga1129/aurora_sim_v2/install/yolov8_ros2/lib/python3.10/site-packages:${PYTHONPATH} /usr/bin/python3 -W ignore:setup.py install is deprecated -W ignore:easy_install command is deprecated setup.py egg_info --egg-base ../../../build/yolov8_ros2 build --build-base /home/fuga1129/aurora_sim_v2/build/yolov8_ros2/build install --record /home/fuga1129/aurora_sim_v2/build/yolov8_ros2/install.log --single-version-externally-managed install_data
[3.449s] running egg_info
[3.450s] writing ../../../build/yolov8_ros2/yolov8_ros2.egg-info/PKG-INFO
[3.451s] writing dependency_links to ../../../build/yolov8_ros2/yolov8_ros2.egg-info/dependency_links.txt
[3.452s] writing entry points to ../../../build/yolov8_ros2/yolov8_ros2.egg-info/entry_points.txt
[3.452s] writing requirements to ../../../build/yolov8_ros2/yolov8_ros2.egg-info/requires.txt
[3.452s] writing top-level names to ../../../build/yolov8_ros2/yolov8_ros2.egg-info/top_level.txt
[3.455s] reading manifest file '../../../build/yolov8_ros2/yolov8_ros2.egg-info/SOURCES.txt'
[3.455s] adding license file 'LICENSE'
[3.457s] writing manifest file '../../../build/yolov8_ros2/yolov8_ros2.egg-info/SOURCES.txt'
[3.457s] running build
[3.457s] running build_py
[3.458s] running install
[3.459s] running install_lib
[3.465s] running install_data
[3.466s] running install_egg_info
[3.467s] removing '/home/fuga1129/aurora_sim_v2/install/yolov8_ros2/lib/python3.10/site-packages/yolov8_ros2-2.0.0-py3.10.egg-info' (and everything under it)
[3.467s] Copying ../../../build/yolov8_ros2/yolov8_ros2.egg-info to /home/fuga1129/aurora_sim_v2/install/yolov8_ros2/lib/python3.10/site-packages/yolov8_ros2-2.0.0-py3.10.egg-info
[3.468s] running install_scripts
[3.513s] Installing object_detection script to /home/fuga1129/aurora_sim_v2/install/yolov8_ros2/lib/yolov8_ros2
[3.516s] Installing object_detection_action_server script to /home/fuga1129/aurora_sim_v2/install/yolov8_ros2/lib/yolov8_ros2
[3.516s] Installing object_detection_srv script to /home/fuga1129/aurora_sim_v2/install/yolov8_ros2/lib/yolov8_ros2
[3.517s] Installing object_detection_tf script to /home/fuga1129/aurora_sim_v2/install/yolov8_ros2/lib/yolov8_ros2
[3.517s] Installing object_segmentation script to /home/fuga1129/aurora_sim_v2/install/yolov8_ros2/lib/yolov8_ros2
[3.517s] writing list of installed files to '/home/fuga1129/aurora_sim_v2/build/yolov8_ros2/install.log'
[3.567s] Invoked command in '/home/fuga1129/aurora_sim_v2/src/chapter5/yolov8_ros2' returned '0': PYTHONPATH=/home/fuga1129/aurora_sim_v2/build/yolov8_ros2/prefix_override:/usr/lib/python3/dist-packages/colcon_core/task/python/colcon_distutils_commands:/home/fuga1129/aurora_sim_v2/install/yolov8_ros2/lib/python3.10/site-packages:${PYTHONPATH} /usr/bin/python3 -W ignore:setup.py install is deprecated -W ignore:easy_install command is deprecated setup.py egg_info --egg-base ../../../build/yolov8_ros2 build --build-base /home/fuga1129/aurora_sim_v2/build/yolov8_ros2/build install --record /home/fuga1129/aurora_sim_v2/build/yolov8_ros2/install.log --single-version-externally-managed install_data
