running develop
running egg_info
writing aurora_drive.egg-info/PKG-INFO
writing dependency_links to aurora_drive.egg-info/dependency_links.txt
writing entry points to aurora_drive.egg-info/entry_points.txt
writing requirements to aurora_drive.egg-info/requires.txt
writing top-level names to aurora_drive.egg-info/top_level.txt
reading manifest file 'aurora_drive.egg-info/SOURCES.txt'
writing manifest file 'aurora_drive.egg-info/SOURCES.txt'
running build_ext
Creating /home/fuga1129/aurora_sim_v2/install/aurora_drive/lib/python3.10/site-packages/aurora-drive.egg-link (link to .)
Installing ackermann_4wd_controller script to /home/fuga1129/aurora_sim_v2/install/aurora_drive/lib/aurora_drive
Installing ackermann_sim_controller script to /home/fuga1129/aurora_sim_v2/install/aurora_drive/lib/aurora_drive
Installing odometry_4ws script to /home/fuga1129/aurora_sim_v2/install/aurora_drive/lib/aurora_drive

Installed /home/fuga1129/aurora_sim_v2/build/aurora_drive
running symlink_data
symbolically linking /home/fuga1129/aurora_sim_v2/build/aurora_drive/resource/aurora_drive -> /home/fuga1129/aurora_sim_v2/install/aurora_drive/share/ament_index/resource_index/packages
symbolically linking /home/fuga1129/aurora_sim_v2/build/aurora_drive/package.xml -> /home/fuga1129/aurora_sim_v2/install/aurora_drive/share/aurora_drive
symbolically linking /home/fuga1129/aurora_sim_v2/build/aurora_drive/launch/rsp_v2.launch.py -> /home/fuga1129/aurora_sim_v2/install/aurora_drive/share/aurora_drive/launch
symbolically linking /home/fuga1129/aurora_sim_v2/build/aurora_drive/launch/joystick_real.launch.py -> /home/fuga1129/aurora_sim_v2/install/aurora_drive/share/aurora_drive/launch
symbolically linking /home/fuga1129/aurora_sim_v2/build/aurora_drive/launch/launch_sim.launch.py -> /home/fuga1129/aurora_sim_v2/install/aurora_drive/share/aurora_drive/launch
symbolically linking /home/fuga1129/aurora_sim_v2/build/aurora_drive/launch/joystick_v2.launch.py -> /home/fuga1129/aurora_sim_v2/install/aurora_drive/share/aurora_drive/launch
symbolically linking /home/fuga1129/aurora_sim_v2/build/aurora_drive/launch/launch_sim_v2.launch.py -> /home/fuga1129/aurora_sim_v2/install/aurora_drive/share/aurora_drive/launch
symbolically linking /home/fuga1129/aurora_sim_v2/build/aurora_drive/launch/joystick.launch.py -> /home/fuga1129/aurora_sim_v2/install/aurora_drive/share/aurora_drive/launch
symbolically linking /home/fuga1129/aurora_sim_v2/build/aurora_drive/launch/all.launch.py -> /home/fuga1129/aurora_sim_v2/install/aurora_drive/share/aurora_drive/launch
symbolically linking /home/fuga1129/aurora_sim_v2/build/aurora_drive/launch/rsp.launch.py -> /home/fuga1129/aurora_sim_v2/install/aurora_drive/share/aurora_drive/launch
symbolically linking /home/fuga1129/aurora_sim_v2/build/aurora_drive/launch/rsp_v2.launch.py -> /home/fuga1129/aurora_sim_v2/install/aurora_drive/share/aurora_drive/launch
symbolically linking /home/fuga1129/aurora_sim_v2/build/aurora_drive/launch/slam_launch.py -> /home/fuga1129/aurora_sim_v2/install/aurora_drive/share/aurora_drive/launch
symbolically linking /home/fuga1129/aurora_sim_v2/build/aurora_drive/launch/joystick_real.launch.py -> /home/fuga1129/aurora_sim_v2/install/aurora_drive/share/aurora_drive/launch
symbolically linking /home/fuga1129/aurora_sim_v2/build/aurora_drive/launch/launch_sim.launch.py -> /home/fuga1129/aurora_sim_v2/install/aurora_drive/share/aurora_drive/launch
symbolically linking /home/fuga1129/aurora_sim_v2/build/aurora_drive/launch/joystick_v2.launch.py -> /home/fuga1129/aurora_sim_v2/install/aurora_drive/share/aurora_drive/launch
symbolically linking /home/fuga1129/aurora_sim_v2/build/aurora_drive/launch/launch_sim_v2.launch.py -> /home/fuga1129/aurora_sim_v2/install/aurora_drive/share/aurora_drive/launch
symbolically linking /home/fuga1129/aurora_sim_v2/build/aurora_drive/launch/joystick.launch.py -> /home/fuga1129/aurora_sim_v2/install/aurora_drive/share/aurora_drive/launch
symbolically linking /home/fuga1129/aurora_sim_v2/build/aurora_drive/launch/all.launch.py -> /home/fuga1129/aurora_sim_v2/install/aurora_drive/share/aurora_drive/launch
symbolically linking /home/fuga1129/aurora_sim_v2/build/aurora_drive/launch/rsp.launch.py -> /home/fuga1129/aurora_sim_v2/install/aurora_drive/share/aurora_drive/launch
symbolically linking /home/fuga1129/aurora_sim_v2/build/aurora_drive/config/joystick.yaml -> /home/fuga1129/aurora_sim_v2/install/aurora_drive/share/aurora_drive/config
symbolically linking /home/fuga1129/aurora_sim_v2/build/aurora_drive/config/rover_controller_4wd_v2.yaml -> /home/fuga1129/aurora_sim_v2/install/aurora_drive/share/aurora_drive/config
symbolically linking /home/fuga1129/aurora_sim_v2/build/aurora_drive/config/controller_4ws.yaml -> /home/fuga1129/aurora_sim_v2/install/aurora_drive/share/aurora_drive/config
symbolically linking /home/fuga1129/aurora_sim_v2/build/aurora_drive/config/twist_mux.yaml -> /home/fuga1129/aurora_sim_v2/install/aurora_drive/share/aurora_drive/config
symbolically linking /home/fuga1129/aurora_sim_v2/build/aurora_drive/config/nav2_param.yaml -> /home/fuga1129/aurora_sim_v2/install/aurora_drive/share/aurora_drive/config
symbolically linking /home/fuga1129/aurora_sim_v2/build/aurora_drive/config/slam_toolbox.yaml -> /home/fuga1129/aurora_sim_v2/install/aurora_drive/share/aurora_drive/config
symbolically linking /home/fuga1129/aurora_sim_v2/build/aurora_drive/config/mapper_params_online_async.yaml -> /home/fuga1129/aurora_sim_v2/install/aurora_drive/share/aurora_drive/config
symbolically linking /home/fuga1129/aurora_sim_v2/build/aurora_drive/description/robot_core_4wd_v2.xacro -> /home/fuga1129/aurora_sim_v2/install/aurora_drive/share/aurora_drive/description
symbolically linking /home/fuga1129/aurora_sim_v2/build/aurora_drive/description/depth_camera.xacro -> /home/fuga1129/aurora_sim_v2/install/aurora_drive/share/aurora_drive/description
symbolically linking /home/fuga1129/aurora_sim_v2/build/aurora_drive/description/inertial_macros.xacro -> /home/fuga1129/aurora_sim_v2/install/aurora_drive/share/aurora_drive/description
symbolically linking /home/fuga1129/aurora_sim_v2/build/aurora_drive/description/ros2_control_4wd_v2.xacro -> /home/fuga1129/aurora_sim_v2/install/aurora_drive/share/aurora_drive/description
symbolically linking /home/fuga1129/aurora_sim_v2/build/aurora_drive/description/lidar.xacro -> /home/fuga1129/aurora_sim_v2/install/aurora_drive/share/aurora_drive/description
symbolically linking /home/fuga1129/aurora_sim_v2/build/aurora_drive/description/robot.urdf.xacro -> /home/fuga1129/aurora_sim_v2/install/aurora_drive/share/aurora_drive/description
symbolically linking /home/fuga1129/aurora_sim_v2/build/aurora_drive/description/camera.xacro -> /home/fuga1129/aurora_sim_v2/install/aurora_drive/share/aurora_drive/description
symbolically linking /home/fuga1129/aurora_sim_v2/build/aurora_drive/world/house.world -> /home/fuga1129/aurora_sim_v2/install/aurora_drive/share/aurora_drive/world
symbolically linking /home/fuga1129/aurora_sim_v2/build/aurora_drive/world/obstacle_v2.world -> /home/fuga1129/aurora_sim_v2/install/aurora_drive/share/aurora_drive/world
symbolically linking /home/fuga1129/aurora_sim_v2/build/aurora_drive/world/obstacle.world -> /home/fuga1129/aurora_sim_v2/install/aurora_drive/share/aurora_drive/world
