[2.869s] Invoking command in '/home/fuga1129/aurora_sim_v2/src/ros2_aruco/ros2_aruco': PYTHONPATH=/home/fuga1129/aurora_sim_v2/build/ros2_aruco/prefix_override:/usr/lib/python3/dist-packages/colcon_core/task/python/colcon_distutils_commands:/home/fuga1129/aurora_sim_v2/install/ros2_aruco/lib/python3.10/site-packages:${PYTHONPATH} /usr/bin/python3 -W ignore:setup.py install is deprecated -W ignore:easy_install command is deprecated setup.py egg_info --egg-base ../../../build/ros2_aruco build --build-base /home/fuga1129/aurora_sim_v2/build/ros2_aruco/build install --record /home/fuga1129/aurora_sim_v2/build/ros2_aruco/install.log --single-version-externally-managed install_data
[3.398s] running egg_info
[3.399s] writing ../../../build/ros2_aruco/ros2_aruco.egg-info/PKG-INFO
[3.400s] writing dependency_links to ../../../build/ros2_aruco/ros2_aruco.egg-info/dependency_links.txt
[3.400s] writing entry points to ../../../build/ros2_aruco/ros2_aruco.egg-info/entry_points.txt
[3.400s] writing requirements to ../../../build/ros2_aruco/ros2_aruco.egg-info/requires.txt
[3.402s] writing top-level names to ../../../build/ros2_aruco/ros2_aruco.egg-info/top_level.txt
[3.406s] reading manifest file '../../../build/ros2_aruco/ros2_aruco.egg-info/SOURCES.txt'
[3.407s] writing manifest file '../../../build/ros2_aruco/ros2_aruco.egg-info/SOURCES.txt'
[3.407s] running build
[3.407s] running build_py
[3.407s] running install
[3.407s] running install_lib
[3.408s] running install_data
[3.410s] running install_egg_info
[3.412s] removing '/home/fuga1129/aurora_sim_v2/install/ros2_aruco/lib/python3.10/site-packages/ros2_aruco-0.1.0-py3.10.egg-info' (and everything under it)
[3.413s] Copying ../../../build/ros2_aruco/ros2_aruco.egg-info to /home/fuga1129/aurora_sim_v2/install/ros2_aruco/lib/python3.10/site-packages/ros2_aruco-0.1.0-py3.10.egg-info
[3.413s] running install_scripts
[3.447s] Installing aruco_generate_marker script to /home/fuga1129/aurora_sim_v2/install/ros2_aruco/lib/ros2_aruco
[3.448s] Installing aruco_node script to /home/fuga1129/aurora_sim_v2/install/ros2_aruco/lib/ros2_aruco
[3.448s] writing list of installed files to '/home/fuga1129/aurora_sim_v2/build/ros2_aruco/install.log'
[3.492s] Invoked command in '/home/fuga1129/aurora_sim_v2/src/ros2_aruco/ros2_aruco' returned '0': PYTHONPATH=/home/fuga1129/aurora_sim_v2/build/ros2_aruco/prefix_override:/usr/lib/python3/dist-packages/colcon_core/task/python/colcon_distutils_commands:/home/fuga1129/aurora_sim_v2/install/ros2_aruco/lib/python3.10/site-packages:${PYTHONPATH} /usr/bin/python3 -W ignore:setup.py install is deprecated -W ignore:easy_install command is deprecated setup.py egg_info --egg-base ../../../build/ros2_aruco build --build-base /home/fuga1129/aurora_sim_v2/build/ros2_aruco/build install --record /home/fuga1129/aurora_sim_v2/build/ros2_aruco/install.log --single-version-externally-managed install_data
