[1.610s] Invoking command in '/home/fuga1129/aurora_sim_v2/src/chapter5/opencv_ros2': PYTHONPATH=/home/fuga1129/aurora_sim_v2/build/opencv_ros2/prefix_override:/usr/lib/python3/dist-packages/colcon_core/task/python/colcon_distutils_commands:/home/fuga1129/aurora_sim_v2/install/opencv_ros2/lib/python3.10/site-packages:${PYTHONPATH} /usr/bin/python3 -W ignore:setup.py install is deprecated -W ignore:easy_install command is deprecated setup.py egg_info --egg-base ../../../build/opencv_ros2 build --build-base /home/fuga1129/aurora_sim_v2/build/opencv_ros2/build install --record /home/fuga1129/aurora_sim_v2/build/opencv_ros2/install.log --single-version-externally-managed install_data
[1.952s] running egg_info
[1.953s] writing ../../../build/opencv_ros2/opencv_ros2.egg-info/PKG-INFO
[1.953s] writing dependency_links to ../../../build/opencv_ros2/opencv_ros2.egg-info/dependency_links.txt
[1.953s] writing entry points to ../../../build/opencv_ros2/opencv_ros2.egg-info/entry_points.txt
[1.953s] writing requirements to ../../../build/opencv_ros2/opencv_ros2.egg-info/requires.txt
[1.954s] writing top-level names to ../../../build/opencv_ros2/opencv_ros2.egg-info/top_level.txt
[1.956s] reading manifest file '../../../build/opencv_ros2/opencv_ros2.egg-info/SOURCES.txt'
[1.957s] adding license file 'LICENSE'
[1.957s] writing manifest file '../../../build/opencv_ros2/opencv_ros2.egg-info/SOURCES.txt'
[1.958s] running build
[1.958s] running build_py
[1.958s] copying opencv_ros2/aruco_node_tf_v2.py -> /home/fuga1129/aurora_sim_v2/build/opencv_ros2/build/lib/opencv_ros2
[1.959s] copying opencv_ros2/aruco_node_tf.py -> /home/fuga1129/aurora_sim_v2/build/opencv_ros2/build/lib/opencv_ros2
[1.959s] running install
[1.960s] running install_lib
[1.961s] copying /home/fuga1129/aurora_sim_v2/build/opencv_ros2/build/lib/opencv_ros2/aruco_node_tf_v2.py -> /home/fuga1129/aurora_sim_v2/install/opencv_ros2/lib/python3.10/site-packages/opencv_ros2
[1.961s] copying /home/fuga1129/aurora_sim_v2/build/opencv_ros2/build/lib/opencv_ros2/aruco_node_tf.py -> /home/fuga1129/aurora_sim_v2/install/opencv_ros2/lib/python3.10/site-packages/opencv_ros2
[1.962s] byte-compiling /home/fuga1129/aurora_sim_v2/install/opencv_ros2/lib/python3.10/site-packages/opencv_ros2/aruco_node_tf_v2.py to aruco_node_tf_v2.cpython-310.pyc
[1.964s] byte-compiling /home/fuga1129/aurora_sim_v2/install/opencv_ros2/lib/python3.10/site-packages/opencv_ros2/aruco_node_tf.py to aruco_node_tf.cpython-310.pyc
[1.966s] running install_data
[1.966s] running install_egg_info
[1.968s] removing '/home/fuga1129/aurora_sim_v2/install/opencv_ros2/lib/python3.10/site-packages/opencv_ros2-2.0.0-py3.10.egg-info' (and everything under it)
[1.968s] Copying ../../../build/opencv_ros2/opencv_ros2.egg-info to /home/fuga1129/aurora_sim_v2/install/opencv_ros2/lib/python3.10/site-packages/opencv_ros2-2.0.0-py3.10.egg-info
[1.969s] running install_scripts
[1.997s] Installing aruco_node_tf script to /home/fuga1129/aurora_sim_v2/install/opencv_ros2/lib/opencv_ros2
[1.997s] Installing aruco_node_tf_v2 script to /home/fuga1129/aurora_sim_v2/install/opencv_ros2/lib/opencv_ros2
[1.997s] Installing canny_edge_detection script to /home/fuga1129/aurora_sim_v2/install/opencv_ros2/lib/opencv_ros2
[1.997s] Installing challenge5_1_say_hello script to /home/fuga1129/aurora_sim_v2/install/opencv_ros2/lib/opencv_ros2
[1.997s] Installing challenge5_2_cup_direction script to /home/fuga1129/aurora_sim_v2/install/opencv_ros2/lib/opencv_ros2
[1.997s] Installing face_detection script to /home/fuga1129/aurora_sim_v2/install/opencv_ros2/lib/opencv_ros2
[1.998s] Installing imgproc_opencv_ros script to /home/fuga1129/aurora_sim_v2/install/opencv_ros2/lib/opencv_ros2
[1.998s] Installing qrcode_detector script to /home/fuga1129/aurora_sim_v2/install/opencv_ros2/lib/opencv_ros2
[1.998s] Installing quiz5_1_smile_detection script to /home/fuga1129/aurora_sim_v2/install/opencv_ros2/lib/opencv_ros2
[1.998s] writing list of installed files to '/home/fuga1129/aurora_sim_v2/build/opencv_ros2/install.log'
[2.034s] Invoked command in '/home/fuga1129/aurora_sim_v2/src/chapter5/opencv_ros2' returned '0': PYTHONPATH=/home/fuga1129/aurora_sim_v2/build/opencv_ros2/prefix_override:/usr/lib/python3/dist-packages/colcon_core/task/python/colcon_distutils_commands:/home/fuga1129/aurora_sim_v2/install/opencv_ros2/lib/python3.10/site-packages:${PYTHONPATH} /usr/bin/python3 -W ignore:setup.py install is deprecated -W ignore:easy_install command is deprecated setup.py egg_info --egg-base ../../../build/opencv_ros2 build --build-base /home/fuga1129/aurora_sim_v2/build/opencv_ros2/build install --record /home/fuga1129/aurora_sim_v2/build/opencv_ros2/install.log --single-version-externally-managed install_data
