[3.038s] Invoking command in '/home/fuga1129/aurora_sim_v2/build/ros2_aruco': PYTHONPATH=/home/fuga1129/aurora_sim_v2/build/ros2_aruco/prefix_override:/usr/lib/python3/dist-packages/colcon_core/task/python/colcon_distutils_commands:/home/fuga1129/aurora_sim_v2/install/ros2_aruco/lib/python3.10/site-packages:${PYTHONPATH} /usr/bin/python3 -W ignore:setup.py install is deprecated -W ignore:easy_install command is deprecated setup.py develop --editable --build-directory /home/fuga1129/aurora_sim_v2/build/ros2_aruco/build --no-deps symlink_data --force
[3.498s] running develop
[3.765s] running egg_info
[3.766s] writing ros2_aruco.egg-info/PKG-INFO
[3.766s] writing dependency_links to ros2_aruco.egg-info/dependency_links.txt
[3.766s] writing entry points to ros2_aruco.egg-info/entry_points.txt
[3.766s] writing requirements to ros2_aruco.egg-info/requires.txt
[3.769s] writing top-level names to ros2_aruco.egg-info/top_level.txt
[3.771s] reading manifest file 'ros2_aruco.egg-info/SOURCES.txt'
[3.773s] writing manifest file 'ros2_aruco.egg-info/SOURCES.txt'
[3.775s] running build_ext
[3.780s] Creating /home/fuga1129/aurora_sim_v2/install/ros2_aruco/lib/python3.10/site-packages/ros2-aruco.egg-link (link to .)
[3.780s] Installing aruco_generate_marker script to /home/fuga1129/aurora_sim_v2/install/ros2_aruco/lib/ros2_aruco
[3.780s] Installing aruco_node script to /home/fuga1129/aurora_sim_v2/install/ros2_aruco/lib/ros2_aruco
[3.780s] 
[3.781s] Installed /home/fuga1129/aurora_sim_v2/build/ros2_aruco
[3.781s] running symlink_data
[3.781s] symbolically linking /home/fuga1129/aurora_sim_v2/build/ros2_aruco/resource/ros2_aruco -> /home/fuga1129/aurora_sim_v2/install/ros2_aruco/share/ament_index/resource_index/packages
[3.781s] symbolically linking /home/fuga1129/aurora_sim_v2/build/ros2_aruco/package.xml -> /home/fuga1129/aurora_sim_v2/install/ros2_aruco/share/ros2_aruco
[3.781s] symbolically linking /home/fuga1129/aurora_sim_v2/build/ros2_aruco/launch/aruco_recognition.launch.py -> /home/fuga1129/aurora_sim_v2/install/ros2_aruco/share/ros2_aruco/launch
[3.782s] symbolically linking /home/fuga1129/aurora_sim_v2/build/ros2_aruco/config/aruco_parameters.yaml -> /home/fuga1129/aurora_sim_v2/install/ros2_aruco/share/ros2_aruco/config
[3.853s] Invoked command in '/home/fuga1129/aurora_sim_v2/build/ros2_aruco' returned '0': PYTHONPATH=/home/fuga1129/aurora_sim_v2/build/ros2_aruco/prefix_override:/usr/lib/python3/dist-packages/colcon_core/task/python/colcon_distutils_commands:/home/fuga1129/aurora_sim_v2/install/ros2_aruco/lib/python3.10/site-packages:${PYTHONPATH} /usr/bin/python3 -W ignore:setup.py install is deprecated -W ignore:easy_install command is deprecated setup.py develop --editable --build-directory /home/fuga1129/aurora_sim_v2/build/ros2_aruco/build --no-deps symlink_data --force
