[0.358s] Invoking command in '/home/fuga1129/aurora_sim_v2/build/aurora1': PYTHONPATH=/home/fuga1129/aurora_sim_v2/build/aurora1/prefix_override:/usr/lib/python3/dist-packages/colcon_core/task/python/colcon_distutils_commands:/home/fuga1129/aurora_sim_v2/install/aurora1/lib/python3.10/site-packages:${PYTHONPATH} /usr/bin/python3 -W ignore:setup.py install is deprecated -W ignore:easy_install command is deprecated setup.py develop --editable --build-directory /home/fuga1129/aurora_sim_v2/build/aurora1/build --no-deps symlink_data --force
[0.511s] running develop
[0.596s] running egg_info
[0.596s] writing aurora1.egg-info/PKG-INFO
[0.596s] writing dependency_links to aurora1.egg-info/dependency_links.txt
[0.596s] writing entry points to aurora1.egg-info/entry_points.txt
[0.596s] writing requirements to aurora1.egg-info/requires.txt
[0.596s] writing top-level names to aurora1.egg-info/top_level.txt
[0.597s] reading manifest file 'aurora1.egg-info/SOURCES.txt'
[0.597s] writing manifest file 'aurora1.egg-info/SOURCES.txt'
[0.598s] running build_ext
[0.598s] Creating /home/fuga1129/aurora_sim_v2/install/aurora1/lib/python3.10/site-packages/aurora1.egg-link (link to .)
[0.599s] Installing ackermann_4wd_controller script to /home/fuga1129/aurora_sim_v2/install/aurora1/lib/aurora1
[0.599s] 
[0.599s] Installed /home/fuga1129/aurora_sim_v2/build/aurora1
[0.599s] running symlink_data
[0.599s] symbolically linking /home/fuga1129/aurora_sim_v2/build/aurora1/resource/aurora1 -> /home/fuga1129/aurora_sim_v2/install/aurora1/share/ament_index/resource_index/packages
[0.599s] symbolically linking /home/fuga1129/aurora_sim_v2/build/aurora1/package.xml -> /home/fuga1129/aurora_sim_v2/install/aurora1/share/aurora1
[0.600s] symbolically linking /home/fuga1129/aurora_sim_v2/build/aurora1/launch/launch_sim.launch.py -> /home/fuga1129/aurora_sim_v2/install/aurora1/share/aurora1/launch
[0.600s] symbolically linking /home/fuga1129/aurora_sim_v2/build/aurora1/launch/joystick.launch.py -> /home/fuga1129/aurora_sim_v2/install/aurora1/share/aurora1/launch
[0.600s] symbolically linking /home/fuga1129/aurora_sim_v2/build/aurora1/launch/rsp.launch.py -> /home/fuga1129/aurora_sim_v2/install/aurora1/share/aurora1/launch
[0.600s] symbolically linking /home/fuga1129/aurora_sim_v2/build/aurora1/config/joystick.yaml -> /home/fuga1129/aurora_sim_v2/install/aurora1/share/aurora1/config
[0.600s] symbolically linking /home/fuga1129/aurora_sim_v2/build/aurora1/config/rover_controller_4wd_v2.yaml -> /home/fuga1129/aurora_sim_v2/install/aurora1/share/aurora1/config
[0.600s] error: [Errno 2] No such file or directory: '/home/fuga1129/aurora_sim_v2/install/aurora1/share/aurora1/config/ekf.yaml'
[0.616s] Invoked command in '/home/fuga1129/aurora_sim_v2/build/aurora1' returned '1': PYTHONPATH=/home/fuga1129/aurora_sim_v2/build/aurora1/prefix_override:/usr/lib/python3/dist-packages/colcon_core/task/python/colcon_distutils_commands:/home/fuga1129/aurora_sim_v2/install/aurora1/lib/python3.10/site-packages:${PYTHONPATH} /usr/bin/python3 -W ignore:setup.py install is deprecated -W ignore:easy_install command is deprecated setup.py develop --editable --build-directory /home/fuga1129/aurora_sim_v2/build/aurora1/build --no-deps symlink_data --force
