[1.535s] Invoking command in '/home/fuga1129/aurora_sim_v2/src/chapter5/opencv_ros2': PYTHONPATH=/home/fuga1129/aurora_sim_v2/build/opencv_ros2/prefix_override:/usr/lib/python3/dist-packages/colcon_core/task/python/colcon_distutils_commands:/home/fuga1129/aurora_sim_v2/install/opencv_ros2/lib/python3.10/site-packages:${PYTHONPATH} /usr/bin/python3 -W ignore:setup.py install is deprecated -W ignore:easy_install command is deprecated setup.py egg_info --egg-base ../../../build/opencv_ros2 build --build-base /home/fuga1129/aurora_sim_v2/build/opencv_ros2/build install --record /home/fuga1129/aurora_sim_v2/build/opencv_ros2/install.log --single-version-externally-managed install_data
[1.748s] running egg_info
[1.749s] writing ../../../build/opencv_ros2/opencv_ros2.egg-info/PKG-INFO
[1.749s] writing dependency_links to ../../../build/opencv_ros2/opencv_ros2.egg-info/dependency_links.txt
[1.749s] writing entry points to ../../../build/opencv_ros2/opencv_ros2.egg-info/entry_points.txt
[1.749s] writing requirements to ../../../build/opencv_ros2/opencv_ros2.egg-info/requires.txt
[1.749s] writing top-level names to ../../../build/opencv_ros2/opencv_ros2.egg-info/top_level.txt
[1.752s] reading manifest file '../../../build/opencv_ros2/opencv_ros2.egg-info/SOURCES.txt'
[1.752s] adding license file 'LICENSE'
[1.753s] writing manifest file '../../../build/opencv_ros2/opencv_ros2.egg-info/SOURCES.txt'
[1.753s] running build
[1.753s] running build_py
[1.754s] running install
[1.754s] running install_lib
[1.756s] copying /home/fuga1129/aurora_sim_v2/build/opencv_ros2/build/lib/opencv_ros2/aruco_node_tf.py -> /home/fuga1129/aurora_sim_v2/install/opencv_ros2/lib/python3.10/site-packages/opencv_ros2
[1.757s] byte-compiling /home/fuga1129/aurora_sim_v2/install/opencv_ros2/lib/python3.10/site-packages/opencv_ros2/aruco_node_tf.py to aruco_node_tf.cpython-310.pyc
[1.758s] running install_data
[1.758s] running install_egg_info
[1.761s] removing '/home/fuga1129/aurora_sim_v2/install/opencv_ros2/lib/python3.10/site-packages/opencv_ros2-2.0.0-py3.10.egg-info' (and everything under it)
[1.762s] Copying ../../../build/opencv_ros2/opencv_ros2.egg-info to /home/fuga1129/aurora_sim_v2/install/opencv_ros2/lib/python3.10/site-packages/opencv_ros2-2.0.0-py3.10.egg-info
[1.763s] running install_scripts
[1.781s] Installing aruco_node_tf script to /home/fuga1129/aurora_sim_v2/install/opencv_ros2/lib/opencv_ros2
[1.781s] Installing canny_edge_detection script to /home/fuga1129/aurora_sim_v2/install/opencv_ros2/lib/opencv_ros2
[1.782s] Installing challenge5_1_say_hello script to /home/fuga1129/aurora_sim_v2/install/opencv_ros2/lib/opencv_ros2
[1.782s] Installing challenge5_2_cup_direction script to /home/fuga1129/aurora_sim_v2/install/opencv_ros2/lib/opencv_ros2
[1.782s] Installing face_detection script to /home/fuga1129/aurora_sim_v2/install/opencv_ros2/lib/opencv_ros2
[1.782s] Installing imgproc_opencv_ros script to /home/fuga1129/aurora_sim_v2/install/opencv_ros2/lib/opencv_ros2
[1.782s] Installing qrcode_detector script to /home/fuga1129/aurora_sim_v2/install/opencv_ros2/lib/opencv_ros2
[1.782s] Installing quiz5_1_smile_detection script to /home/fuga1129/aurora_sim_v2/install/opencv_ros2/lib/opencv_ros2
[1.782s] writing list of installed files to '/home/fuga1129/aurora_sim_v2/build/opencv_ros2/install.log'
[1.813s] Invoked command in '/home/fuga1129/aurora_sim_v2/src/chapter5/opencv_ros2' returned '0': PYTHONPATH=/home/fuga1129/aurora_sim_v2/build/opencv_ros2/prefix_override:/usr/lib/python3/dist-packages/colcon_core/task/python/colcon_distutils_commands:/home/fuga1129/aurora_sim_v2/install/opencv_ros2/lib/python3.10/site-packages:${PYTHONPATH} /usr/bin/python3 -W ignore:setup.py install is deprecated -W ignore:easy_install command is deprecated setup.py egg_info --egg-base ../../../build/opencv_ros2 build --build-base /home/fuga1129/aurora_sim_v2/build/opencv_ros2/build install --record /home/fuga1129/aurora_sim_v2/build/opencv_ros2/install.log --single-version-externally-managed install_data
