running develop
running egg_info
writing yolov8_ros2.egg-info/PKG-INFO
writing dependency_links to yolov8_ros2.egg-info/dependency_links.txt
writing entry points to yolov8_ros2.egg-info/entry_points.txt
writing requirements to yolov8_ros2.egg-info/requires.txt
writing top-level names to yolov8_ros2.egg-info/top_level.txt
reading manifest file 'yolov8_ros2.egg-info/SOURCES.txt'
writing manifest file 'yolov8_ros2.egg-info/SOURCES.txt'
running build_ext
Creating /home/fuga1129/aurora_sim_v2/install/yolov8_ros2/lib/python3.10/site-packages/yolov8-ros2.egg-link (link to .)
Installing object_detection script to /home/fuga1129/aurora_sim_v2/install/yolov8_ros2/lib/yolov8_ros2
Installing object_detection_action_server script to /home/fuga1129/aurora_sim_v2/install/yolov8_ros2/lib/yolov8_ros2
Installing object_detection_srv script to /home/fuga1129/aurora_sim_v2/install/yolov8_ros2/lib/yolov8_ros2
Installing object_detection_tf script to /home/fuga1129/aurora_sim_v2/install/yolov8_ros2/lib/yolov8_ros2
Installing object_segmentation script to /home/fuga1129/aurora_sim_v2/install/yolov8_ros2/lib/yolov8_ros2

Installed /home/fuga1129/aurora_sim_v2/build/yolov8_ros2
running symlink_data
symbolically linking /home/fuga1129/aurora_sim_v2/build/yolov8_ros2/resource/yolov8_ros2 -> /home/fuga1129/aurora_sim_v2/install/yolov8_ros2/share/ament_index/resource_index/packages
symbolically linking /home/fuga1129/aurora_sim_v2/build/yolov8_ros2/package.xml -> /home/fuga1129/aurora_sim_v2/install/yolov8_ros2/share/yolov8_ros2
