[2.905s] Invoking command in '/home/fuga1129/aurora_sim_v2/src/aurora_drive': PYTHONPATH=/home/fuga1129/aurora_sim_v2/build/aurora_drive/prefix_override:/usr/lib/python3/dist-packages/colcon_core/task/python/colcon_distutils_commands:/home/fuga1129/aurora_sim_v2/install/aurora_drive/lib/python3.10/site-packages:${PYTHONPATH} /usr/bin/python3 -W ignore:setup.py install is deprecated -W ignore:easy_install command is deprecated setup.py egg_info --egg-base ../../build/aurora_drive build --build-base /home/fuga1129/aurora_sim_v2/build/aurora_drive/build install --record /home/fuga1129/aurora_sim_v2/build/aurora_drive/install.log --single-version-externally-managed install_data
[3.399s] running egg_info
[3.401s] writing ../../build/aurora_drive/aurora_drive.egg-info/PKG-INFO
[3.401s] writing dependency_links to ../../build/aurora_drive/aurora_drive.egg-info/dependency_links.txt
[3.401s] writing entry points to ../../build/aurora_drive/aurora_drive.egg-info/entry_points.txt
[3.402s] writing requirements to ../../build/aurora_drive/aurora_drive.egg-info/requires.txt
[3.402s] writing top-level names to ../../build/aurora_drive/aurora_drive.egg-info/top_level.txt
[3.409s] reading manifest file '../../build/aurora_drive/aurora_drive.egg-info/SOURCES.txt'
[3.409s] writing manifest file '../../build/aurora_drive/aurora_drive.egg-info/SOURCES.txt'
[3.410s] running build
[3.410s] running build_py
[3.410s] copying aurora_drive/aruco_marker_mapper.py -> /home/fuga1129/aurora_sim_v2/build/aurora_drive/build/lib/aurora_drive
[3.410s] running install
[3.412s] running install_lib
[3.414s] copying /home/fuga1129/aurora_sim_v2/build/aurora_drive/build/lib/aurora_drive/aruco_marker_mapper.py -> /home/fuga1129/aurora_sim_v2/install/aurora_drive/lib/python3.10/site-packages/aurora_drive
[3.417s] byte-compiling /home/fuga1129/aurora_sim_v2/install/aurora_drive/lib/python3.10/site-packages/aurora_drive/aruco_marker_mapper.py to aruco_marker_mapper.cpython-310.pyc
[3.417s] running install_data
[3.422s] running install_egg_info
[3.422s] removing '/home/fuga1129/aurora_sim_v2/install/aurora_drive/lib/python3.10/site-packages/aurora_drive-0.0.0-py3.10.egg-info' (and everything under it)
[3.423s] Copying ../../build/aurora_drive/aurora_drive.egg-info to /home/fuga1129/aurora_sim_v2/install/aurora_drive/lib/python3.10/site-packages/aurora_drive-0.0.0-py3.10.egg-info
[3.425s] running install_scripts
[3.465s] Installing ackermann_4wd_controller script to /home/fuga1129/aurora_sim_v2/install/aurora_drive/lib/aurora_drive
[3.465s] Installing ackermann_sim_controller script to /home/fuga1129/aurora_sim_v2/install/aurora_drive/lib/aurora_drive
[3.465s] Installing aruco_marker_mapper script to /home/fuga1129/aurora_sim_v2/install/aurora_drive/lib/aurora_drive
[3.465s] Installing odometry_4ws script to /home/fuga1129/aurora_sim_v2/install/aurora_drive/lib/aurora_drive
[3.466s] writing list of installed files to '/home/fuga1129/aurora_sim_v2/build/aurora_drive/install.log'
[3.518s] Invoked command in '/home/fuga1129/aurora_sim_v2/src/aurora_drive' returned '0': PYTHONPATH=/home/fuga1129/aurora_sim_v2/build/aurora_drive/prefix_override:/usr/lib/python3/dist-packages/colcon_core/task/python/colcon_distutils_commands:/home/fuga1129/aurora_sim_v2/install/aurora_drive/lib/python3.10/site-packages:${PYTHONPATH} /usr/bin/python3 -W ignore:setup.py install is deprecated -W ignore:easy_install command is deprecated setup.py egg_info --egg-base ../../build/aurora_drive build --build-base /home/fuga1129/aurora_sim_v2/build/aurora_drive/build install --record /home/fuga1129/aurora_sim_v2/build/aurora_drive/install.log --single-version-externally-managed install_data
