running develop
running egg_info
writing aurora1.egg-info/PKG-INFO
writing dependency_links to aurora1.egg-info/dependency_links.txt
writing entry points to aurora1.egg-info/entry_points.txt
writing requirements to aurora1.egg-info/requires.txt
writing top-level names to aurora1.egg-info/top_level.txt
reading manifest file 'aurora1.egg-info/SOURCES.txt'
writing manifest file 'aurora1.egg-info/SOURCES.txt'
running build_ext
Creating /home/aurora/aurora_sim_v2/install/aurora1/lib/python3.10/site-packages/aurora1.egg-link (link to .)
Installing ackermann_4wd_controller script to /home/aurora/aurora_sim_v2/install/aurora1/lib/aurora1
Installing ackermann_4wd_controller_real script to /home/aurora/aurora_sim_v2/install/aurora1/lib/aurora1

Installed /home/aurora/aurora_sim_v2/build/aurora1
running symlink_data
symbolically linking /home/aurora/aurora_sim_v2/build/aurora1/resource/aurora1 -> /home/aurora/aurora_sim_v2/install/aurora1/share/ament_index/resource_index/packages
symbolically linking /home/aurora/aurora_sim_v2/build/aurora1/package.xml -> /home/aurora/aurora_sim_v2/install/aurora1/share/aurora1
symbolically linking /home/aurora/aurora_sim_v2/build/aurora1/launch/joystick_real.launch.py -> /home/aurora/aurora_sim_v2/install/aurora1/share/aurora1/launch
symbolically linking /home/aurora/aurora_sim_v2/build/aurora1/launch/joystick.launch.py -> /home/aurora/aurora_sim_v2/install/aurora1/share/aurora1/launch
symbolically linking /home/aurora/aurora_sim_v2/build/aurora1/launch/launch_sim.launch.py -> /home/aurora/aurora_sim_v2/install/aurora1/share/aurora1/launch
symbolically linking /home/aurora/aurora_sim_v2/build/aurora1/launch/rsp.launch.py -> /home/aurora/aurora_sim_v2/install/aurora1/share/aurora1/launch
symbolically linking /home/aurora/aurora_sim_v2/build/aurora1/config/joystick.yaml -> /home/aurora/aurora_sim_v2/install/aurora1/share/aurora1/config
symbolically linking /home/aurora/aurora_sim_v2/build/aurora1/config/mapper_params_online_async.yaml -> /home/aurora/aurora_sim_v2/install/aurora1/share/aurora1/config
symbolically linking /home/aurora/aurora_sim_v2/build/aurora1/config/rover_controller_4wd_v2.yaml -> /home/aurora/aurora_sim_v2/install/aurora1/share/aurora1/config
symbolically linking /home/aurora/aurora_sim_v2/build/aurora1/description/robot.urdf.xacro -> /home/aurora/aurora_sim_v2/install/aurora1/share/aurora1/description
symbolically linking /home/aurora/aurora_sim_v2/build/aurora1/description/camera.xacro -> /home/aurora/aurora_sim_v2/install/aurora1/share/aurora1/description
symbolically linking /home/aurora/aurora_sim_v2/build/aurora1/description/inertial_macros.xacro -> /home/aurora/aurora_sim_v2/install/aurora1/share/aurora1/description
symbolically linking /home/aurora/aurora_sim_v2/build/aurora1/description/depth_camera.xacro -> /home/aurora/aurora_sim_v2/install/aurora1/share/aurora1/description
symbolically linking /home/aurora/aurora_sim_v2/build/aurora1/description/ros2_control_4wd_v2.xacro -> /home/aurora/aurora_sim_v2/install/aurora1/share/aurora1/description
symbolically linking /home/aurora/aurora_sim_v2/build/aurora1/description/lidar.xacro -> /home/aurora/aurora_sim_v2/install/aurora1/share/aurora1/description
symbolically linking /home/aurora/aurora_sim_v2/build/aurora1/description/robot_core_4wd_v2.xacro -> /home/aurora/aurora_sim_v2/install/aurora1/share/aurora1/description
symbolically linking /home/aurora/aurora_sim_v2/build/aurora1/rviz/slam.rviz -> /home/aurora/aurora_sim_v2/install/aurora1/share/aurora1/rviz
symbolically linking /home/aurora/aurora_sim_v2/build/aurora1/launch/joystick_real.launch.py -> /home/aurora/aurora_sim_v2/install/aurora1/share/aurora1/launch
symbolically linking /home/aurora/aurora_sim_v2/build/aurora1/launch/slam_launch.py -> /home/aurora/aurora_sim_v2/install/aurora1/share/aurora1/launch
symbolically linking /home/aurora/aurora_sim_v2/build/aurora1/launch/joystick.launch.py -> /home/aurora/aurora_sim_v2/install/aurora1/share/aurora1/launch
symbolically linking /home/aurora/aurora_sim_v2/build/aurora1/launch/launch_sim.launch.py -> /home/aurora/aurora_sim_v2/install/aurora1/share/aurora1/launch
symbolically linking /home/aurora/aurora_sim_v2/build/aurora1/launch/rsp.launch.py -> /home/aurora/aurora_sim_v2/install/aurora1/share/aurora1/launch
