[1.671s] Invoking command in '/home/aurora/aurora_sim_v2/build/aurora1': PYTHONPATH=/home/aurora/aurora_sim_v2/build/aurora1/prefix_override:/usr/lib/python3/dist-packages/colcon_core/task/python/colcon_distutils_commands:/home/aurora/aurora_sim_v2/install/aurora1/lib/python3.10/site-packages:${PYTHONPATH} /usr/bin/python3 -W ignore:setup.py install is deprecated -W ignore:easy_install command is deprecated setup.py develop --editable --build-directory /home/aurora/aurora_sim_v2/build/aurora1/build --no-deps symlink_data --force
[2.149s] running develop
[2.430s] running egg_info
[2.431s] writing aurora1.egg-info/PKG-INFO
[2.431s] writing dependency_links to aurora1.egg-info/dependency_links.txt
[2.431s] writing entry points to aurora1.egg-info/entry_points.txt
[2.432s] writing requirements to aurora1.egg-info/requires.txt
[2.432s] writing top-level names to aurora1.egg-info/top_level.txt
[2.436s] reading manifest file 'aurora1.egg-info/SOURCES.txt'
[2.437s] writing manifest file 'aurora1.egg-info/SOURCES.txt'
[2.440s] running build_ext
[2.441s] Creating /home/aurora/aurora_sim_v2/install/aurora1/lib/python3.10/site-packages/aurora1.egg-link (link to .)
[2.443s] Installing ackermann_4wd_controller script to /home/aurora/aurora_sim_v2/install/aurora1/lib/aurora1
[2.443s] Installing ackermann_4wd_controller_real script to /home/aurora/aurora_sim_v2/install/aurora1/lib/aurora1
[2.444s] 
[2.444s] Installed /home/aurora/aurora_sim_v2/build/aurora1
[2.444s] running symlink_data
[2.445s] symbolically linking /home/aurora/aurora_sim_v2/build/aurora1/resource/aurora1 -> /home/aurora/aurora_sim_v2/install/aurora1/share/ament_index/resource_index/packages
[2.445s] symbolically linking /home/aurora/aurora_sim_v2/build/aurora1/package.xml -> /home/aurora/aurora_sim_v2/install/aurora1/share/aurora1
[2.446s] symbolically linking /home/aurora/aurora_sim_v2/build/aurora1/launch/joystick_real.launch.py -> /home/aurora/aurora_sim_v2/install/aurora1/share/aurora1/launch
[2.446s] symbolically linking /home/aurora/aurora_sim_v2/build/aurora1/launch/joystick.launch.py -> /home/aurora/aurora_sim_v2/install/aurora1/share/aurora1/launch
[2.447s] symbolically linking /home/aurora/aurora_sim_v2/build/aurora1/launch/launch_sim.launch.py -> /home/aurora/aurora_sim_v2/install/aurora1/share/aurora1/launch
[2.447s] symbolically linking /home/aurora/aurora_sim_v2/build/aurora1/launch/rsp.launch.py -> /home/aurora/aurora_sim_v2/install/aurora1/share/aurora1/launch
[2.447s] symbolically linking /home/aurora/aurora_sim_v2/build/aurora1/config/joystick.yaml -> /home/aurora/aurora_sim_v2/install/aurora1/share/aurora1/config
[2.448s] symbolically linking /home/aurora/aurora_sim_v2/build/aurora1/config/mapper_params_online_async.yaml -> /home/aurora/aurora_sim_v2/install/aurora1/share/aurora1/config
[2.448s] symbolically linking /home/aurora/aurora_sim_v2/build/aurora1/config/rover_controller_4wd_v2.yaml -> /home/aurora/aurora_sim_v2/install/aurora1/share/aurora1/config
[2.449s] symbolically linking /home/aurora/aurora_sim_v2/build/aurora1/description/robot.urdf.xacro -> /home/aurora/aurora_sim_v2/install/aurora1/share/aurora1/description
[2.449s] symbolically linking /home/aurora/aurora_sim_v2/build/aurora1/description/camera.xacro -> /home/aurora/aurora_sim_v2/install/aurora1/share/aurora1/description
[2.449s] symbolically linking /home/aurora/aurora_sim_v2/build/aurora1/description/inertial_macros.xacro -> /home/aurora/aurora_sim_v2/install/aurora1/share/aurora1/description
[2.449s] symbolically linking /home/aurora/aurora_sim_v2/build/aurora1/description/depth_camera.xacro -> /home/aurora/aurora_sim_v2/install/aurora1/share/aurora1/description
[2.450s] symbolically linking /home/aurora/aurora_sim_v2/build/aurora1/description/ros2_control_4wd_v2.xacro -> /home/aurora/aurora_sim_v2/install/aurora1/share/aurora1/description
[2.450s] symbolically linking /home/aurora/aurora_sim_v2/build/aurora1/description/lidar.xacro -> /home/aurora/aurora_sim_v2/install/aurora1/share/aurora1/description
[2.450s] symbolically linking /home/aurora/aurora_sim_v2/build/aurora1/description/robot_core_4wd_v2.xacro -> /home/aurora/aurora_sim_v2/install/aurora1/share/aurora1/description
[2.450s] symbolically linking /home/aurora/aurora_sim_v2/build/aurora1/rviz/slam.rviz -> /home/aurora/aurora_sim_v2/install/aurora1/share/aurora1/rviz
[2.451s] symbolically linking /home/aurora/aurora_sim_v2/build/aurora1/launch/joystick_real.launch.py -> /home/aurora/aurora_sim_v2/install/aurora1/share/aurora1/launch
[2.451s] symbolically linking /home/aurora/aurora_sim_v2/build/aurora1/launch/slam_launch.py -> /home/aurora/aurora_sim_v2/install/aurora1/share/aurora1/launch
[2.451s] symbolically linking /home/aurora/aurora_sim_v2/build/aurora1/launch/joystick.launch.py -> /home/aurora/aurora_sim_v2/install/aurora1/share/aurora1/launch
[2.451s] symbolically linking /home/aurora/aurora_sim_v2/build/aurora1/launch/launch_sim.launch.py -> /home/aurora/aurora_sim_v2/install/aurora1/share/aurora1/launch
[2.452s] symbolically linking /home/aurora/aurora_sim_v2/build/aurora1/launch/rsp.launch.py -> /home/aurora/aurora_sim_v2/install/aurora1/share/aurora1/launch
[2.529s] Invoked command in '/home/aurora/aurora_sim_v2/build/aurora1' returned '0': PYTHONPATH=/home/aurora/aurora_sim_v2/build/aurora1/prefix_override:/usr/lib/python3/dist-packages/colcon_core/task/python/colcon_distutils_commands:/home/aurora/aurora_sim_v2/install/aurora1/lib/python3.10/site-packages:${PYTHONPATH} /usr/bin/python3 -W ignore:setup.py install is deprecated -W ignore:easy_install command is deprecated setup.py develop --editable --build-directory /home/aurora/aurora_sim_v2/build/aurora1/build --no-deps symlink_data --force
