[0.941s] Invoking command in '/home/fuga1129/aurora_sim_v2/src/chapter5/opencv_ros2': PYTHONPATH=/home/fuga1129/aurora_sim_v2/build/opencv_ros2/prefix_override:/usr/lib/python3/dist-packages/colcon_core/task/python/colcon_distutils_commands:/home/fuga1129/aurora_sim_v2/install/opencv_ros2/lib/python3.10/site-packages:${PYTHONPATH} /usr/bin/python3 -W ignore:setup.py install is deprecated -W ignore:easy_install command is deprecated setup.py egg_info --egg-base ../../../build/opencv_ros2 build --build-base /home/fuga1129/aurora_sim_v2/build/opencv_ros2/build install --record /home/fuga1129/aurora_sim_v2/build/opencv_ros2/install.log --single-version-externally-managed install_data
[1.092s] running egg_info
[1.092s] creating ../../../build/opencv_ros2/opencv_ros2.egg-info
[1.092s] writing ../../../build/opencv_ros2/opencv_ros2.egg-info/PKG-INFO
[1.092s] writing dependency_links to ../../../build/opencv_ros2/opencv_ros2.egg-info/dependency_links.txt
[1.093s] writing entry points to ../../../build/opencv_ros2/opencv_ros2.egg-info/entry_points.txt
[1.093s] writing requirements to ../../../build/opencv_ros2/opencv_ros2.egg-info/requires.txt
[1.093s] writing top-level names to ../../../build/opencv_ros2/opencv_ros2.egg-info/top_level.txt
[1.093s] writing manifest file '../../../build/opencv_ros2/opencv_ros2.egg-info/SOURCES.txt'
[1.093s] reading manifest file '../../../build/opencv_ros2/opencv_ros2.egg-info/SOURCES.txt'
[1.094s] adding license file 'LICENSE'
[1.094s] writing manifest file '../../../build/opencv_ros2/opencv_ros2.egg-info/SOURCES.txt'
[1.094s] running build
[1.094s] running build_py
[1.094s] creating /home/fuga1129/aurora_sim_v2/build/opencv_ros2/build
[1.094s] creating /home/fuga1129/aurora_sim_v2/build/opencv_ros2/build/lib
[1.094s] creating /home/fuga1129/aurora_sim_v2/build/opencv_ros2/build/lib/opencv_ros2
[1.094s] copying opencv_ros2/__init__.py -> /home/fuga1129/aurora_sim_v2/build/opencv_ros2/build/lib/opencv_ros2
[1.094s] copying opencv_ros2/imgproc_opencv_ros.py -> /home/fuga1129/aurora_sim_v2/build/opencv_ros2/build/lib/opencv_ros2
[1.094s] copying opencv_ros2/face_detection.py -> /home/fuga1129/aurora_sim_v2/build/opencv_ros2/build/lib/opencv_ros2
[1.095s] copying opencv_ros2/imgproc_opencv.py -> /home/fuga1129/aurora_sim_v2/build/opencv_ros2/build/lib/opencv_ros2
[1.095s] copying opencv_ros2/read_write.py -> /home/fuga1129/aurora_sim_v2/build/opencv_ros2/build/lib/opencv_ros2
[1.095s] copying opencv_ros2/qrcode_detector.py -> /home/fuga1129/aurora_sim_v2/build/opencv_ros2/build/lib/opencv_ros2
[1.095s] copying opencv_ros2/aruco_node_tf.py -> /home/fuga1129/aurora_sim_v2/build/opencv_ros2/build/lib/opencv_ros2
[1.095s] copying opencv_ros2/canny_edge_detection.py -> /home/fuga1129/aurora_sim_v2/build/opencv_ros2/build/lib/opencv_ros2
[1.095s] running install
[1.095s] running install_lib
[1.095s] creating /home/fuga1129/aurora_sim_v2/install/opencv_ros2/lib/python3.10/site-packages/opencv_ros2
[1.095s] copying /home/fuga1129/aurora_sim_v2/build/opencv_ros2/build/lib/opencv_ros2/__init__.py -> /home/fuga1129/aurora_sim_v2/install/opencv_ros2/lib/python3.10/site-packages/opencv_ros2
[1.095s] copying /home/fuga1129/aurora_sim_v2/build/opencv_ros2/build/lib/opencv_ros2/imgproc_opencv_ros.py -> /home/fuga1129/aurora_sim_v2/install/opencv_ros2/lib/python3.10/site-packages/opencv_ros2
[1.095s] copying /home/fuga1129/aurora_sim_v2/build/opencv_ros2/build/lib/opencv_ros2/face_detection.py -> /home/fuga1129/aurora_sim_v2/install/opencv_ros2/lib/python3.10/site-packages/opencv_ros2
[1.095s] copying /home/fuga1129/aurora_sim_v2/build/opencv_ros2/build/lib/opencv_ros2/imgproc_opencv.py -> /home/fuga1129/aurora_sim_v2/install/opencv_ros2/lib/python3.10/site-packages/opencv_ros2
[1.095s] copying /home/fuga1129/aurora_sim_v2/build/opencv_ros2/build/lib/opencv_ros2/read_write.py -> /home/fuga1129/aurora_sim_v2/install/opencv_ros2/lib/python3.10/site-packages/opencv_ros2
[1.096s] copying /home/fuga1129/aurora_sim_v2/build/opencv_ros2/build/lib/opencv_ros2/qrcode_detector.py -> /home/fuga1129/aurora_sim_v2/install/opencv_ros2/lib/python3.10/site-packages/opencv_ros2
[1.096s] copying /home/fuga1129/aurora_sim_v2/build/opencv_ros2/build/lib/opencv_ros2/aruco_node_tf.py -> /home/fuga1129/aurora_sim_v2/install/opencv_ros2/lib/python3.10/site-packages/opencv_ros2
[1.096s] copying /home/fuga1129/aurora_sim_v2/build/opencv_ros2/build/lib/opencv_ros2/canny_edge_detection.py -> /home/fuga1129/aurora_sim_v2/install/opencv_ros2/lib/python3.10/site-packages/opencv_ros2
[1.096s] byte-compiling /home/fuga1129/aurora_sim_v2/install/opencv_ros2/lib/python3.10/site-packages/opencv_ros2/__init__.py to __init__.cpython-310.pyc
[1.096s] byte-compiling /home/fuga1129/aurora_sim_v2/install/opencv_ros2/lib/python3.10/site-packages/opencv_ros2/imgproc_opencv_ros.py to imgproc_opencv_ros.cpython-310.pyc
[1.096s] byte-compiling /home/fuga1129/aurora_sim_v2/install/opencv_ros2/lib/python3.10/site-packages/opencv_ros2/face_detection.py to face_detection.cpython-310.pyc
[1.096s] byte-compiling /home/fuga1129/aurora_sim_v2/install/opencv_ros2/lib/python3.10/site-packages/opencv_ros2/imgproc_opencv.py to imgproc_opencv.cpython-310.pyc
[1.096s] byte-compiling /home/fuga1129/aurora_sim_v2/install/opencv_ros2/lib/python3.10/site-packages/opencv_ros2/read_write.py to read_write.cpython-310.pyc
[1.097s] byte-compiling /home/fuga1129/aurora_sim_v2/install/opencv_ros2/lib/python3.10/site-packages/opencv_ros2/qrcode_detector.py to qrcode_detector.cpython-310.pyc
[1.097s] byte-compiling /home/fuga1129/aurora_sim_v2/install/opencv_ros2/lib/python3.10/site-packages/opencv_ros2/aruco_node_tf.py to aruco_node_tf.cpython-310.pyc
[1.098s] byte-compiling /home/fuga1129/aurora_sim_v2/install/opencv_ros2/lib/python3.10/site-packages/opencv_ros2/canny_edge_detection.py to canny_edge_detection.cpython-310.pyc
[1.098s] running install_data
[1.098s] creating /home/fuga1129/aurora_sim_v2/install/opencv_ros2/share/ament_index
[1.098s] creating /home/fuga1129/aurora_sim_v2/install/opencv_ros2/share/ament_index/resource_index
[1.098s] creating /home/fuga1129/aurora_sim_v2/install/opencv_ros2/share/ament_index/resource_index/packages
[1.098s] copying resource/opencv_ros2 -> /home/fuga1129/aurora_sim_v2/install/opencv_ros2/share/ament_index/resource_index/packages
[1.098s] copying package.xml -> /home/fuga1129/aurora_sim_v2/install/opencv_ros2/share/opencv_ros2
[1.098s] running install_egg_info
[1.099s] Copying ../../../build/opencv_ros2/opencv_ros2.egg-info to /home/fuga1129/aurora_sim_v2/install/opencv_ros2/lib/python3.10/site-packages/opencv_ros2-2.0.0-py3.10.egg-info
[1.100s] running install_scripts
[1.113s] Installing aruco_node_tf script to /home/fuga1129/aurora_sim_v2/install/opencv_ros2/lib/opencv_ros2
[1.113s] Installing canny_edge_detection script to /home/fuga1129/aurora_sim_v2/install/opencv_ros2/lib/opencv_ros2
[1.113s] Installing challenge5_1_say_hello script to /home/fuga1129/aurora_sim_v2/install/opencv_ros2/lib/opencv_ros2
[1.113s] Installing challenge5_2_cup_direction script to /home/fuga1129/aurora_sim_v2/install/opencv_ros2/lib/opencv_ros2
[1.113s] Installing face_detection script to /home/fuga1129/aurora_sim_v2/install/opencv_ros2/lib/opencv_ros2
[1.113s] Installing imgproc_opencv_ros script to /home/fuga1129/aurora_sim_v2/install/opencv_ros2/lib/opencv_ros2
[1.113s] Installing qrcode_detector script to /home/fuga1129/aurora_sim_v2/install/opencv_ros2/lib/opencv_ros2
[1.113s] Installing quiz5_1_smile_detection script to /home/fuga1129/aurora_sim_v2/install/opencv_ros2/lib/opencv_ros2
[1.113s] writing list of installed files to '/home/fuga1129/aurora_sim_v2/build/opencv_ros2/install.log'
[1.131s] Invoked command in '/home/fuga1129/aurora_sim_v2/src/chapter5/opencv_ros2' returned '0': PYTHONPATH=/home/fuga1129/aurora_sim_v2/build/opencv_ros2/prefix_override:/usr/lib/python3/dist-packages/colcon_core/task/python/colcon_distutils_commands:/home/fuga1129/aurora_sim_v2/install/opencv_ros2/lib/python3.10/site-packages:${PYTHONPATH} /usr/bin/python3 -W ignore:setup.py install is deprecated -W ignore:easy_install command is deprecated setup.py egg_info --egg-base ../../../build/opencv_ros2 build --build-base /home/fuga1129/aurora_sim_v2/build/opencv_ros2/build install --record /home/fuga1129/aurora_sim_v2/build/opencv_ros2/install.log --single-version-externally-managed install_data
