[1.712s] Invoking command in '/home/aurora/aurora_sim_v2/src/aurora1': PYTHONPATH=/home/aurora/aurora_sim_v2/build/aurora1/prefix_override:/usr/lib/python3/dist-packages/colcon_core/task/python/colcon_distutils_commands:/home/aurora/aurora_sim_v2/install/aurora1/lib/python3.10/site-packages:${PYTHONPATH} /usr/bin/python3 -W ignore:setup.py install is deprecated -W ignore:easy_install command is deprecated setup.py egg_info --egg-base ../../build/aurora1 build --build-base /home/aurora/aurora_sim_v2/build/aurora1/build install --record /home/aurora/aurora_sim_v2/build/aurora1/install.log --single-version-externally-managed install_data
[2.168s] running egg_info
[2.169s] writing ../../build/aurora1/aurora1.egg-info/PKG-INFO
[2.170s] writing dependency_links to ../../build/aurora1/aurora1.egg-info/dependency_links.txt
[2.170s] writing entry points to ../../build/aurora1/aurora1.egg-info/entry_points.txt
[2.171s] writing requirements to ../../build/aurora1/aurora1.egg-info/requires.txt
[2.171s] writing top-level names to ../../build/aurora1/aurora1.egg-info/top_level.txt
[2.174s] reading manifest file '../../build/aurora1/aurora1.egg-info/SOURCES.txt'
[2.176s] writing manifest file '../../build/aurora1/aurora1.egg-info/SOURCES.txt'
[2.177s] running build
[2.177s] running build_py
[2.177s] running install
[2.178s] running install_lib
[2.180s] running install_data
[2.181s] running install_egg_info
[2.185s] removing '/home/aurora/aurora_sim_v2/install/aurora1/lib/python3.10/site-packages/aurora1-0.0.0-py3.10.egg-info' (and everything under it)
[2.186s] Copying ../../build/aurora1/aurora1.egg-info to /home/aurora/aurora_sim_v2/install/aurora1/lib/python3.10/site-packages/aurora1-0.0.0-py3.10.egg-info
[2.188s] running install_scripts
[2.229s] Installing ackermann_4wd_controller script to /home/aurora/aurora_sim_v2/install/aurora1/lib/aurora1
[2.230s] Installing ackermann_4wd_controller_real script to /home/aurora/aurora_sim_v2/install/aurora1/lib/aurora1
[2.230s] writing list of installed files to '/home/aurora/aurora_sim_v2/build/aurora1/install.log'
[2.345s] Invoked command in '/home/aurora/aurora_sim_v2/src/aurora1' returned '0': PYTHONPATH=/home/aurora/aurora_sim_v2/build/aurora1/prefix_override:/usr/lib/python3/dist-packages/colcon_core/task/python/colcon_distutils_commands:/home/aurora/aurora_sim_v2/install/aurora1/lib/python3.10/site-packages:${PYTHONPATH} /usr/bin/python3 -W ignore:setup.py install is deprecated -W ignore:easy_install command is deprecated setup.py egg_info --egg-base ../../build/aurora1 build --build-base /home/aurora/aurora_sim_v2/build/aurora1/build install --record /home/aurora/aurora_sim_v2/build/aurora1/install.log --single-version-externally-managed install_data
