running egg_info
creating ../../build/aurora_gps/aurora_gps.egg-info
writing ../../build/aurora_gps/aurora_gps.egg-info/PKG-INFO
writing dependency_links to ../../build/aurora_gps/aurora_gps.egg-info/dependency_links.txt
writing entry points to ../../build/aurora_gps/aurora_gps.egg-info/entry_points.txt
writing requirements to ../../build/aurora_gps/aurora_gps.egg-info/requires.txt
writing top-level names to ../../build/aurora_gps/aurora_gps.egg-info/top_level.txt
writing manifest file '../../build/aurora_gps/aurora_gps.egg-info/SOURCES.txt'
reading manifest file '../../build/aurora_gps/aurora_gps.egg-info/SOURCES.txt'
writing manifest file '../../build/aurora_gps/aurora_gps.egg-info/SOURCES.txt'
running build
running build_py
creating /home/aurora/aurora_sim_v2/build/aurora_gps/build
creating /home/aurora/aurora_sim_v2/build/aurora_gps/build/lib
creating /home/aurora/aurora_sim_v2/build/aurora_gps/build/lib/aurora_gps
copying aurora_gps/aurora_gps.py -> /home/aurora/aurora_sim_v2/build/aurora_gps/build/lib/aurora_gps
copying aurora_gps/__init__.py -> /home/aurora/aurora_sim_v2/build/aurora_gps/build/lib/aurora_gps
running install
running install_lib
creating /home/aurora/aurora_sim_v2/install/aurora_gps/lib/python3.10/site-packages/aurora_gps
copying /home/aurora/aurora_sim_v2/build/aurora_gps/build/lib/aurora_gps/aurora_gps.py -> /home/aurora/aurora_sim_v2/install/aurora_gps/lib/python3.10/site-packages/aurora_gps
copying /home/aurora/aurora_sim_v2/build/aurora_gps/build/lib/aurora_gps/__init__.py -> /home/aurora/aurora_sim_v2/install/aurora_gps/lib/python3.10/site-packages/aurora_gps
byte-compiling /home/aurora/aurora_sim_v2/install/aurora_gps/lib/python3.10/site-packages/aurora_gps/aurora_gps.py to aurora_gps.cpython-310.pyc
byte-compiling /home/aurora/aurora_sim_v2/install/aurora_gps/lib/python3.10/site-packages/aurora_gps/__init__.py to __init__.cpython-310.pyc
running install_data
creating /home/aurora/aurora_sim_v2/install/aurora_gps/share/ament_index
creating /home/aurora/aurora_sim_v2/install/aurora_gps/share/ament_index/resource_index
creating /home/aurora/aurora_sim_v2/install/aurora_gps/share/ament_index/resource_index/packages
copying resource/aurora_gps -> /home/aurora/aurora_sim_v2/install/aurora_gps/share/ament_index/resource_index/packages
copying package.xml -> /home/aurora/aurora_sim_v2/install/aurora_gps/share/aurora_gps
running install_egg_info
Copying ../../build/aurora_gps/aurora_gps.egg-info to /home/aurora/aurora_sim_v2/install/aurora_gps/lib/python3.10/site-packages/aurora_gps-0.0.0-py3.10.egg-info
running install_scripts
writing list of installed files to '/home/aurora/aurora_sim_v2/build/aurora_gps/install.log'
