[0.354s] Invoking command in '/home/fuga1129/aurora_sim_v2/build/aurora1': PYTHONPATH=/home/fuga1129/aurora_sim_v2/build/aurora1/prefix_override:/usr/lib/python3/dist-packages/colcon_core/task/python/colcon_distutils_commands:/home/fuga1129/aurora_sim_v2/install/aurora1/lib/python3.10/site-packages:${PYTHONPATH} /usr/bin/python3 -W ignore:setup.py install is deprecated -W ignore:easy_install command is deprecated setup.py develop --uninstall --editable --build-directory /home/fuga1129/aurora_sim_v2/build/aurora1/build
[0.503s] running develop
[0.585s] Removing /home/fuga1129/aurora_sim_v2/install/aurora1/lib/python3.10/site-packages/aurora1.egg-link (link to .)
[0.602s] Invoked command in '/home/fuga1129/aurora_sim_v2/build/aurora1' returned '0': PYTHONPATH=/home/fuga1129/aurora_sim_v2/build/aurora1/prefix_override:/usr/lib/python3/dist-packages/colcon_core/task/python/colcon_distutils_commands:/home/fuga1129/aurora_sim_v2/install/aurora1/lib/python3.10/site-packages:${PYTHONPATH} /usr/bin/python3 -W ignore:setup.py install is deprecated -W ignore:easy_install command is deprecated setup.py develop --uninstall --editable --build-directory /home/fuga1129/aurora_sim_v2/build/aurora1/build
[0.603s] Invoking command in '/home/fuga1129/aurora_sim_v2/src/aurora1': PYTHONPATH=/home/fuga1129/aurora_sim_v2/build/aurora1/prefix_override:/usr/lib/python3/dist-packages/colcon_core/task/python/colcon_distutils_commands:/home/fuga1129/aurora_sim_v2/install/aurora1/lib/python3.10/site-packages:${PYTHONPATH} /usr/bin/python3 -W ignore:setup.py install is deprecated -W ignore:easy_install command is deprecated setup.py egg_info --egg-base ../../build/aurora1 build --build-base /home/fuga1129/aurora_sim_v2/build/aurora1/build install --record /home/fuga1129/aurora_sim_v2/build/aurora1/install.log --single-version-externally-managed install_data --force
[0.739s] running egg_info
[0.739s] writing ../../build/aurora1/aurora1.egg-info/PKG-INFO
[0.739s] writing dependency_links to ../../build/aurora1/aurora1.egg-info/dependency_links.txt
[0.739s] writing entry points to ../../build/aurora1/aurora1.egg-info/entry_points.txt
[0.739s] writing requirements to ../../build/aurora1/aurora1.egg-info/requires.txt
[0.739s] writing top-level names to ../../build/aurora1/aurora1.egg-info/top_level.txt
[0.740s] reading manifest file '../../build/aurora1/aurora1.egg-info/SOURCES.txt'
[0.741s] writing manifest file '../../build/aurora1/aurora1.egg-info/SOURCES.txt'
[0.741s] running build
[0.741s] running build_py
[0.741s] running install
[0.742s] running install_lib
[0.742s] creating /home/fuga1129/aurora_sim_v2/install/aurora1/lib/python3.10/site-packages/aurora1
[0.742s] copying /home/fuga1129/aurora_sim_v2/build/aurora1/build/lib/aurora1/__init__.py -> /home/fuga1129/aurora_sim_v2/install/aurora1/lib/python3.10/site-packages/aurora1
[0.742s] copying /home/fuga1129/aurora_sim_v2/build/aurora1/build/lib/aurora1/ackermann_4wd_controller.py -> /home/fuga1129/aurora_sim_v2/install/aurora1/lib/python3.10/site-packages/aurora1
[0.743s] byte-compiling /home/fuga1129/aurora_sim_v2/install/aurora1/lib/python3.10/site-packages/aurora1/__init__.py to __init__.cpython-310.pyc
[0.743s] byte-compiling /home/fuga1129/aurora_sim_v2/install/aurora1/lib/python3.10/site-packages/aurora1/ackermann_4wd_controller.py to ackermann_4wd_controller.cpython-310.pyc
[0.743s] running install_data
[0.743s] copying resource/aurora1 -> /home/fuga1129/aurora_sim_v2/install/aurora1/share/ament_index/resource_index/packages
[0.743s] copying package.xml -> /home/fuga1129/aurora_sim_v2/install/aurora1/share/aurora1
[0.744s] copying launch/launch_sim.launch.py -> /home/fuga1129/aurora_sim_v2/install/aurora1/share/aurora1/launch
[0.744s] copying launch/joystick.launch.py -> /home/fuga1129/aurora_sim_v2/install/aurora1/share/aurora1/launch
[0.744s] copying launch/rsp.launch.py -> /home/fuga1129/aurora_sim_v2/install/aurora1/share/aurora1/launch
[0.744s] copying config/joystick.yaml -> /home/fuga1129/aurora_sim_v2/install/aurora1/share/aurora1/config
[0.744s] copying config/rover_controller_4wd_v2.yaml -> /home/fuga1129/aurora_sim_v2/install/aurora1/share/aurora1/config
[0.744s] copying description/robot_core_4wd_v2.xacro -> /home/fuga1129/aurora_sim_v2/install/aurora1/share/aurora1/description
[0.744s] copying description/depth_camera.xacro -> /home/fuga1129/aurora_sim_v2/install/aurora1/share/aurora1/description
[0.744s] copying description/inertial_macros.xacro -> /home/fuga1129/aurora_sim_v2/install/aurora1/share/aurora1/description
[0.744s] copying description/ros2_control_4wd_v2.xacro -> /home/fuga1129/aurora_sim_v2/install/aurora1/share/aurora1/description
[0.744s] copying description/lidar.xacro -> /home/fuga1129/aurora_sim_v2/install/aurora1/share/aurora1/description
[0.744s] copying description/robot.urdf.xacro -> /home/fuga1129/aurora_sim_v2/install/aurora1/share/aurora1/description
[0.744s] copying description/camera.xacro -> /home/fuga1129/aurora_sim_v2/install/aurora1/share/aurora1/description
[0.744s] running install_egg_info
[0.745s] Copying ../../build/aurora1/aurora1.egg-info to /home/fuga1129/aurora_sim_v2/install/aurora1/lib/python3.10/site-packages/aurora1-0.0.0-py3.10.egg-info
[0.745s] running install_scripts
[0.757s] Installing ackermann_4wd_controller script to /home/fuga1129/aurora_sim_v2/install/aurora1/lib/aurora1
[0.757s] writing list of installed files to '/home/fuga1129/aurora_sim_v2/build/aurora1/install.log'
[0.772s] Invoked command in '/home/fuga1129/aurora_sim_v2/src/aurora1' returned '0': PYTHONPATH=/home/fuga1129/aurora_sim_v2/build/aurora1/prefix_override:/usr/lib/python3/dist-packages/colcon_core/task/python/colcon_distutils_commands:/home/fuga1129/aurora_sim_v2/install/aurora1/lib/python3.10/site-packages:${PYTHONPATH} /usr/bin/python3 -W ignore:setup.py install is deprecated -W ignore:easy_install command is deprecated setup.py egg_info --egg-base ../../build/aurora1 build --build-base /home/fuga1129/aurora_sim_v2/build/aurora1/build install --record /home/fuga1129/aurora_sim_v2/build/aurora1/install.log --single-version-externally-managed install_data --force
