[1.236s] Invoking command in '/home/aurora/aurora_sim_v2/src/aurora_gps': PYTHONPATH=/home/aurora/aurora_sim_v2/build/aurora_gps/prefix_override:/usr/lib/python3/dist-packages/colcon_core/task/python/colcon_distutils_commands:/home/aurora/aurora_sim_v2/install/aurora_gps/lib/python3.10/site-packages:${PYTHONPATH} /usr/bin/python3 -W ignore:setup.py install is deprecated -W ignore:easy_install command is deprecated setup.py egg_info --egg-base ../../build/aurora_gps build --build-base /home/aurora/aurora_sim_v2/build/aurora_gps/build install --record /home/aurora/aurora_sim_v2/build/aurora_gps/install.log --single-version-externally-managed install_data
[1.674s] running egg_info
[1.675s] writing ../../build/aurora_gps/aurora_gps.egg-info/PKG-INFO
[1.676s] writing dependency_links to ../../build/aurora_gps/aurora_gps.egg-info/dependency_links.txt
[1.676s] writing entry points to ../../build/aurora_gps/aurora_gps.egg-info/entry_points.txt
[1.677s] writing requirements to ../../build/aurora_gps/aurora_gps.egg-info/requires.txt
[1.677s] writing top-level names to ../../build/aurora_gps/aurora_gps.egg-info/top_level.txt
[1.680s] reading manifest file '../../build/aurora_gps/aurora_gps.egg-info/SOURCES.txt'
[1.682s] writing manifest file '../../build/aurora_gps/aurora_gps.egg-info/SOURCES.txt'
[1.682s] running build
[1.682s] running build_py
[1.683s] running install
[1.683s] running install_lib
[1.686s] byte-compiling /home/aurora/aurora_sim_v2/install/aurora_gps/lib/python3.10/site-packages/aurora_gps/aurora_gps.py to aurora_gps.cpython-310.pyc
[1.686s]   File "/home/aurora/aurora_sim_v2/install/aurora_gps/lib/python3.10/site-packages/aurora_gps/aurora_gps.py", line 27
[1.686s]     self.timer = self.create_timer(0.1, self.gps_callback)
[1.687s]     ^^^^
[1.687s] SyntaxError: expected 'except' or 'finally' block
[1.687s] 
[1.687s] running install_data
[1.687s] running install_egg_info
[1.692s] removing '/home/aurora/aurora_sim_v2/install/aurora_gps/lib/python3.10/site-packages/aurora_gps-0.0.0-py3.10.egg-info' (and everything under it)
[1.692s] Copying ../../build/aurora_gps/aurora_gps.egg-info to /home/aurora/aurora_sim_v2/install/aurora_gps/lib/python3.10/site-packages/aurora_gps-0.0.0-py3.10.egg-info
[1.694s] running install_scripts
[1.730s] Installing aurora_gps script to /home/aurora/aurora_sim_v2/install/aurora_gps/lib/aurora_gps
[1.731s] writing list of installed files to '/home/aurora/aurora_sim_v2/build/aurora_gps/install.log'
[1.797s] Invoked command in '/home/aurora/aurora_sim_v2/src/aurora_gps' returned '0': PYTHONPATH=/home/aurora/aurora_sim_v2/build/aurora_gps/prefix_override:/usr/lib/python3/dist-packages/colcon_core/task/python/colcon_distutils_commands:/home/aurora/aurora_sim_v2/install/aurora_gps/lib/python3.10/site-packages:${PYTHONPATH} /usr/bin/python3 -W ignore:setup.py install is deprecated -W ignore:easy_install command is deprecated setup.py egg_info --egg-base ../../build/aurora_gps build --build-base /home/aurora/aurora_sim_v2/build/aurora_gps/build install --record /home/aurora/aurora_sim_v2/build/aurora_gps/install.log --single-version-externally-managed install_data
