[2.447s] Invoking command in '/home/fuga1129/aurora_sim_v2/src/chapter5/yolov8_ros2': PYTHONPATH=/home/fuga1129/aurora_sim_v2/build/yolov8_ros2/prefix_override:/usr/lib/python3/dist-packages/colcon_core/task/python/colcon_distutils_commands:/home/fuga1129/aurora_sim_v2/install/yolov8_ros2/lib/python3.10/site-packages:${PYTHONPATH} /usr/bin/python3 -W ignore:setup.py install is deprecated -W ignore:easy_install command is deprecated setup.py egg_info --egg-base ../../../build/yolov8_ros2 build --build-base /home/fuga1129/aurora_sim_v2/build/yolov8_ros2/build install --record /home/fuga1129/aurora_sim_v2/build/yolov8_ros2/install.log --single-version-externally-managed install_data
[2.859s] running egg_info
[2.861s] writing ../../../build/yolov8_ros2/yolov8_ros2.egg-info/PKG-INFO
[2.861s] writing dependency_links to ../../../build/yolov8_ros2/yolov8_ros2.egg-info/dependency_links.txt
[2.861s] writing entry points to ../../../build/yolov8_ros2/yolov8_ros2.egg-info/entry_points.txt
[2.862s] writing requirements to ../../../build/yolov8_ros2/yolov8_ros2.egg-info/requires.txt
[2.862s] writing top-level names to ../../../build/yolov8_ros2/yolov8_ros2.egg-info/top_level.txt
[2.865s] reading manifest file '../../../build/yolov8_ros2/yolov8_ros2.egg-info/SOURCES.txt'
[2.867s] adding license file 'LICENSE'
[2.869s] writing manifest file '../../../build/yolov8_ros2/yolov8_ros2.egg-info/SOURCES.txt'
[2.870s] running build
[2.870s] running build_py
[2.871s] running install
[2.871s] running install_lib
[2.871s] running install_data
[2.872s] running install_egg_info
[2.874s] removing '/home/fuga1129/aurora_sim_v2/install/yolov8_ros2/lib/python3.10/site-packages/yolov8_ros2-2.0.0-py3.10.egg-info' (and everything under it)
[2.875s] Copying ../../../build/yolov8_ros2/yolov8_ros2.egg-info to /home/fuga1129/aurora_sim_v2/install/yolov8_ros2/lib/python3.10/site-packages/yolov8_ros2-2.0.0-py3.10.egg-info
[2.876s] running install_scripts
[2.911s] Installing object_detection script to /home/fuga1129/aurora_sim_v2/install/yolov8_ros2/lib/yolov8_ros2
[2.912s] Installing object_detection_action_server script to /home/fuga1129/aurora_sim_v2/install/yolov8_ros2/lib/yolov8_ros2
[2.912s] Installing object_detection_srv script to /home/fuga1129/aurora_sim_v2/install/yolov8_ros2/lib/yolov8_ros2
[2.912s] Installing object_detection_tf script to /home/fuga1129/aurora_sim_v2/install/yolov8_ros2/lib/yolov8_ros2
[2.912s] Installing object_segmentation script to /home/fuga1129/aurora_sim_v2/install/yolov8_ros2/lib/yolov8_ros2
[2.912s] writing list of installed files to '/home/fuga1129/aurora_sim_v2/build/yolov8_ros2/install.log'
[2.962s] Invoked command in '/home/fuga1129/aurora_sim_v2/src/chapter5/yolov8_ros2' returned '0': PYTHONPATH=/home/fuga1129/aurora_sim_v2/build/yolov8_ros2/prefix_override:/usr/lib/python3/dist-packages/colcon_core/task/python/colcon_distutils_commands:/home/fuga1129/aurora_sim_v2/install/yolov8_ros2/lib/python3.10/site-packages:${PYTHONPATH} /usr/bin/python3 -W ignore:setup.py install is deprecated -W ignore:easy_install command is deprecated setup.py egg_info --egg-base ../../../build/yolov8_ros2 build --build-base /home/fuga1129/aurora_sim_v2/build/yolov8_ros2/build install --record /home/fuga1129/aurora_sim_v2/build/yolov8_ros2/install.log --single-version-externally-managed install_data
