[0.247s] DEBUG:colcon:Command line arguments: ['/usr/bin/colcon', 'build']
[0.247s] DEBUG:colcon:Parsed command line arguments: Namespace(log_base=None, log_level=None, verb_name='build', build_base='build', install_base='install', merge_install=False, symlink_install=False, test_result_base=None, continue_on_error=False, executor='parallel', parallel_workers=12, event_handlers=None, ignore_user_meta=False, metas=['./colcon.meta'], base_paths=['.'], packages_ignore=None, packages_ignore_regex=None, paths=None, packages_up_to=None, packages_up_to_regex=None, packages_above=None, packages_above_and_dependencies=None, packages_above_depth=None, packages_select_by_dep=None, packages_skip_by_dep=None, packages_skip_up_to=None, packages_select_build_failed=False, packages_skip_build_finished=False, packages_select_test_failures=False, packages_skip_test_passed=False, packages_select=None, packages_skip=None, packages_select_regex=None, packages_skip_regex=None, packages_start=None, packages_end=None, allow_overriding=[], cmake_args=None, cmake_target=None, cmake_target_skip_unavailable=False, cmake_clean_cache=False, cmake_clean_first=False, cmake_force_configure=False, ament_cmake_args=None, catkin_cmake_args=None, catkin_skip_building_tests=False, mixin_files=None, mixin=None, verb_parser=<colcon_mixin.mixin.mixin_argument.MixinArgumentDecorator object at 0x734dbf9f63e0>, verb_extension=<colcon_core.verb.build.BuildVerb object at 0x734dbf9f5f30>, main=<bound method BuildVerb.main of <colcon_core.verb.build.BuildVerb object at 0x734dbf9f5f30>>, mixin_verb=('build',))
[0.387s] Level 1:colcon.colcon_core.package_discovery:discover_packages(colcon_meta) check parameters
[0.387s] Level 1:colcon.colcon_core.package_discovery:discover_packages(recursive) check parameters
[0.387s] Level 1:colcon.colcon_core.package_discovery:discover_packages(ignore) check parameters
[0.387s] Level 1:colcon.colcon_core.package_discovery:discover_packages(path) check parameters
[0.387s] Level 1:colcon.colcon_core.package_discovery:discover_packages(colcon_meta) discover
[0.387s] Level 1:colcon.colcon_core.package_discovery:discover_packages(recursive) discover
[0.387s] INFO:colcon.colcon_core.package_discovery:Crawling recursively for packages in '/home/fuga1129/aurora_sim_v2'
[0.387s] Level 1:colcon.colcon_core.package_identification:_identify(.) by extensions ['ignore', 'ignore_ament_install']
[0.387s] Level 1:colcon.colcon_core.package_identification:_identify(.) by extension 'ignore'
[0.387s] Level 1:colcon.colcon_core.package_identification:_identify(.) by extension 'ignore_ament_install'
[0.387s] Level 1:colcon.colcon_core.package_identification:_identify(.) by extensions ['colcon_pkg']
[0.387s] Level 1:colcon.colcon_core.package_identification:_identify(.) by extension 'colcon_pkg'
[0.387s] Level 1:colcon.colcon_core.package_identification:_identify(.) by extensions ['colcon_meta']
[0.387s] Level 1:colcon.colcon_core.package_identification:_identify(.) by extension 'colcon_meta'
[0.387s] Level 1:colcon.colcon_core.package_identification:_identify(.) by extensions ['ros']
[0.387s] Level 1:colcon.colcon_core.package_identification:_identify(.) by extension 'ros'
[0.396s] Level 1:colcon.colcon_core.package_identification:_identify(.) by extensions ['cmake', 'python']
[0.396s] Level 1:colcon.colcon_core.package_identification:_identify(.) by extension 'cmake'
[0.396s] Level 1:colcon.colcon_core.package_identification:_identify(.) by extension 'python'
[0.396s] Level 1:colcon.colcon_core.package_identification:_identify(.) by extensions ['python_setup_py']
[0.396s] Level 1:colcon.colcon_core.package_identification:_identify(.) by extension 'python_setup_py'
[0.396s] Level 1:colcon.colcon_core.package_identification:_identify(build) by extensions ['ignore', 'ignore_ament_install']
[0.396s] Level 1:colcon.colcon_core.package_identification:_identify(build) by extension 'ignore'
[0.396s] Level 1:colcon.colcon_core.package_identification:_identify(build) ignored
[0.396s] Level 1:colcon.colcon_core.package_identification:_identify(install) by extensions ['ignore', 'ignore_ament_install']
[0.396s] Level 1:colcon.colcon_core.package_identification:_identify(install) by extension 'ignore'
[0.396s] Level 1:colcon.colcon_core.package_identification:_identify(install) ignored
[0.396s] Level 1:colcon.colcon_core.package_identification:_identify(log) by extensions ['ignore', 'ignore_ament_install']
[0.396s] Level 1:colcon.colcon_core.package_identification:_identify(log) by extension 'ignore'
[0.396s] Level 1:colcon.colcon_core.package_identification:_identify(log) ignored
[0.397s] Level 1:colcon.colcon_core.package_identification:_identify(src) by extensions ['ignore', 'ignore_ament_install']
[0.397s] Level 1:colcon.colcon_core.package_identification:_identify(src) by extension 'ignore'
[0.397s] Level 1:colcon.colcon_core.package_identification:_identify(src) by extension 'ignore_ament_install'
[0.397s] Level 1:colcon.colcon_core.package_identification:_identify(src) by extensions ['colcon_pkg']
[0.397s] Level 1:colcon.colcon_core.package_identification:_identify(src) by extension 'colcon_pkg'
[0.397s] Level 1:colcon.colcon_core.package_identification:_identify(src) by extensions ['colcon_meta']
[0.397s] Level 1:colcon.colcon_core.package_identification:_identify(src) by extension 'colcon_meta'
[0.397s] Level 1:colcon.colcon_core.package_identification:_identify(src) by extensions ['ros']
[0.397s] Level 1:colcon.colcon_core.package_identification:_identify(src) by extension 'ros'
[0.397s] Level 1:colcon.colcon_core.package_identification:_identify(src) by extensions ['cmake', 'python']
[0.397s] Level 1:colcon.colcon_core.package_identification:_identify(src) by extension 'cmake'
[0.397s] Level 1:colcon.colcon_core.package_identification:_identify(src) by extension 'python'
[0.397s] Level 1:colcon.colcon_core.package_identification:_identify(src) by extensions ['python_setup_py']
[0.397s] Level 1:colcon.colcon_core.package_identification:_identify(src) by extension 'python_setup_py'
[0.397s] Level 1:colcon.colcon_core.package_identification:_identify(src/aurora1) by extensions ['ignore', 'ignore_ament_install']
[0.397s] Level 1:colcon.colcon_core.package_identification:_identify(src/aurora1) by extension 'ignore'
[0.397s] Level 1:colcon.colcon_core.package_identification:_identify(src/aurora1) by extension 'ignore_ament_install'
[0.397s] Level 1:colcon.colcon_core.package_identification:_identify(src/aurora1) by extensions ['colcon_pkg']
[0.397s] Level 1:colcon.colcon_core.package_identification:_identify(src/aurora1) by extension 'colcon_pkg'
[0.397s] Level 1:colcon.colcon_core.package_identification:_identify(src/aurora1) by extensions ['colcon_meta']
[0.397s] Level 1:colcon.colcon_core.package_identification:_identify(src/aurora1) by extension 'colcon_meta'
[0.397s] Level 1:colcon.colcon_core.package_identification:_identify(src/aurora1) by extensions ['ros']
[0.397s] Level 1:colcon.colcon_core.package_identification:_identify(src/aurora1) by extension 'ros'
[0.399s] DEBUG:colcon.colcon_core.package_identification:Package 'src/aurora1' with type 'ros.ament_python' and name 'aurora1'
[0.399s] Level 1:colcon.colcon_core.package_discovery:discover_packages(recursive) using defaults
[0.399s] Level 1:colcon.colcon_core.package_discovery:discover_packages(ignore) discover
[0.399s] Level 1:colcon.colcon_core.package_discovery:discover_packages(ignore) using defaults
[0.399s] Level 1:colcon.colcon_core.package_discovery:discover_packages(path) discover
[0.399s] Level 1:colcon.colcon_core.package_discovery:discover_packages(path) using defaults
[0.423s] Level 1:colcon.colcon_core.package_discovery:discover_packages(prefix_path) check parameters
[0.423s] Level 1:colcon.colcon_core.package_discovery:discover_packages(prefix_path) discover
[0.425s] DEBUG:colcon.colcon_installed_package_information.package_discovery:Found 348 installed packages in /opt/ros/humble
[0.426s] Level 1:colcon.colcon_core.package_discovery:discover_packages(prefix_path) using defaults
[0.448s] Level 5:colcon.colcon_core.verb:set package 'aurora1' build argument 'cmake_args' from command line to 'None'
[0.448s] Level 5:colcon.colcon_core.verb:set package 'aurora1' build argument 'cmake_target' from command line to 'None'
[0.448s] Level 5:colcon.colcon_core.verb:set package 'aurora1' build argument 'cmake_target_skip_unavailable' from command line to 'False'
[0.448s] Level 5:colcon.colcon_core.verb:set package 'aurora1' build argument 'cmake_clean_cache' from command line to 'False'
[0.448s] Level 5:colcon.colcon_core.verb:set package 'aurora1' build argument 'cmake_clean_first' from command line to 'False'
[0.448s] Level 5:colcon.colcon_core.verb:set package 'aurora1' build argument 'cmake_force_configure' from command line to 'False'
[0.448s] Level 5:colcon.colcon_core.verb:set package 'aurora1' build argument 'ament_cmake_args' from command line to 'None'
[0.448s] Level 5:colcon.colcon_core.verb:set package 'aurora1' build argument 'catkin_cmake_args' from command line to 'None'
[0.448s] Level 5:colcon.colcon_core.verb:set package 'aurora1' build argument 'catkin_skip_building_tests' from command line to 'False'
[0.448s] DEBUG:colcon.colcon_core.verb:Building package 'aurora1' with the following arguments: {'ament_cmake_args': None, 'build_base': '/home/fuga1129/aurora_sim_v2/build/aurora1', 'catkin_cmake_args': None, 'catkin_skip_building_tests': False, 'cmake_args': None, 'cmake_clean_cache': False, 'cmake_clean_first': False, 'cmake_force_configure': False, 'cmake_target': None, 'cmake_target_skip_unavailable': False, 'install_base': '/home/fuga1129/aurora_sim_v2/install/aurora1', 'merge_install': False, 'path': '/home/fuga1129/aurora_sim_v2/src/aurora1', 'symlink_install': False, 'test_result_base': None}
[0.448s] INFO:colcon.colcon_core.executor:Executing jobs using 'parallel' executor
[0.449s] DEBUG:colcon.colcon_parallel_executor.executor.parallel:run_until_complete
[0.449s] INFO:colcon.colcon_ros.task.ament_python.build:Building ROS package in '/home/fuga1129/aurora_sim_v2/src/aurora1' with build type 'ament_python'
[0.449s] Level 1:colcon.colcon_core.shell:create_environment_hook('aurora1', 'ament_prefix_path')
[0.452s] INFO:colcon.colcon_core.plugin_system:Skipping extension 'colcon_core.shell.bat': Not used on non-Windows systems
[0.452s] INFO:colcon.colcon_core.shell:Creating environment hook '/home/fuga1129/aurora_sim_v2/install/aurora1/share/aurora1/hook/ament_prefix_path.ps1'
[0.453s] INFO:colcon.colcon_core.shell:Creating environment descriptor '/home/fuga1129/aurora_sim_v2/install/aurora1/share/aurora1/hook/ament_prefix_path.dsv'
[0.453s] INFO:colcon.colcon_core.shell:Creating environment hook '/home/fuga1129/aurora_sim_v2/install/aurora1/share/aurora1/hook/ament_prefix_path.sh'
[0.453s] INFO:colcon.colcon_core.shell:Skip shell extension 'powershell' for command environment: Not usable outside of PowerShell
[0.454s] DEBUG:colcon.colcon_core.shell:Skip shell extension 'dsv' for command environment
[0.607s] INFO:colcon.colcon_core.task.python.build:Building Python package in '/home/fuga1129/aurora_sim_v2/src/aurora1'
[0.607s] INFO:colcon.colcon_core.shell:Skip shell extension 'powershell' for command environment: Not usable outside of PowerShell
[0.607s] DEBUG:colcon.colcon_core.shell:Skip shell extension 'dsv' for command environment
[0.871s] DEBUG:colcon.colcon_core.event_handler.log_command:Invoking command in '/home/fuga1129/aurora_sim_v2/src/aurora1': PYTHONPATH=/home/fuga1129/aurora_sim_v2/build/aurora1/prefix_override:/usr/lib/python3/dist-packages/colcon_core/task/python/colcon_distutils_commands:/home/fuga1129/aurora_sim_v2/install/aurora1/lib/python3.10/site-packages:${PYTHONPATH} /usr/bin/python3 -W ignore:setup.py install is deprecated -W ignore:easy_install command is deprecated setup.py egg_info --egg-base ../../build/aurora1 build --build-base /home/fuga1129/aurora_sim_v2/build/aurora1/build install --record /home/fuga1129/aurora_sim_v2/build/aurora1/install.log --single-version-externally-managed install_data
[1.053s] DEBUG:colcon.colcon_core.event_handler.log_command:Invoked command in '/home/fuga1129/aurora_sim_v2/src/aurora1' returned '0': PYTHONPATH=/home/fuga1129/aurora_sim_v2/build/aurora1/prefix_override:/usr/lib/python3/dist-packages/colcon_core/task/python/colcon_distutils_commands:/home/fuga1129/aurora_sim_v2/install/aurora1/lib/python3.10/site-packages:${PYTHONPATH} /usr/bin/python3 -W ignore:setup.py install is deprecated -W ignore:easy_install command is deprecated setup.py egg_info --egg-base ../../build/aurora1 build --build-base /home/fuga1129/aurora_sim_v2/build/aurora1/build install --record /home/fuga1129/aurora_sim_v2/build/aurora1/install.log --single-version-externally-managed install_data
[1.057s] Level 1:colcon.colcon_core.environment:checking '/home/fuga1129/aurora_sim_v2/install/aurora1' for CMake module files
[1.058s] Level 1:colcon.colcon_core.environment:checking '/home/fuga1129/aurora_sim_v2/install/aurora1' for CMake config files
[1.059s] Level 1:colcon.colcon_core.environment:checking '/home/fuga1129/aurora_sim_v2/install/aurora1/lib'
[1.060s] Level 1:colcon.colcon_core.environment:checking '/home/fuga1129/aurora_sim_v2/install/aurora1/bin'
[1.060s] Level 1:colcon.colcon_core.environment:checking '/home/fuga1129/aurora_sim_v2/install/aurora1/lib/pkgconfig/aurora1.pc'
[1.060s] Level 1:colcon.colcon_core.environment:checking '/home/fuga1129/aurora_sim_v2/install/aurora1/lib/python3.10/site-packages'
[1.060s] Level 1:colcon.colcon_core.shell:create_environment_hook('aurora1', 'pythonpath')
[1.060s] INFO:colcon.colcon_core.shell:Creating environment hook '/home/fuga1129/aurora_sim_v2/install/aurora1/share/aurora1/hook/pythonpath.ps1'
[1.061s] INFO:colcon.colcon_core.shell:Creating environment descriptor '/home/fuga1129/aurora_sim_v2/install/aurora1/share/aurora1/hook/pythonpath.dsv'
[1.061s] INFO:colcon.colcon_core.shell:Creating environment hook '/home/fuga1129/aurora_sim_v2/install/aurora1/share/aurora1/hook/pythonpath.sh'
[1.062s] Level 1:colcon.colcon_core.environment:checking '/home/fuga1129/aurora_sim_v2/install/aurora1/bin'
[1.062s] Level 1:colcon.colcon_core.environment:create_environment_scripts_only(aurora1)
[1.062s] INFO:colcon.colcon_core.shell:Creating package script '/home/fuga1129/aurora_sim_v2/install/aurora1/share/aurora1/package.ps1'
[1.063s] INFO:colcon.colcon_core.shell:Creating package descriptor '/home/fuga1129/aurora_sim_v2/install/aurora1/share/aurora1/package.dsv'
[1.064s] INFO:colcon.colcon_core.shell:Creating package script '/home/fuga1129/aurora_sim_v2/install/aurora1/share/aurora1/package.sh'
[1.064s] INFO:colcon.colcon_core.shell:Creating package script '/home/fuga1129/aurora_sim_v2/install/aurora1/share/aurora1/package.bash'
[1.065s] INFO:colcon.colcon_core.shell:Creating package script '/home/fuga1129/aurora_sim_v2/install/aurora1/share/aurora1/package.zsh'
[1.066s] Level 1:colcon.colcon_core.environment:create_file_with_runtime_dependencies(/home/fuga1129/aurora_sim_v2/install/aurora1/share/colcon-core/packages/aurora1)
[1.066s] DEBUG:colcon.colcon_parallel_executor.executor.parallel:closing loop
[1.066s] DEBUG:colcon.colcon_parallel_executor.executor.parallel:loop closed
[1.066s] DEBUG:colcon.colcon_parallel_executor.executor.parallel:run_until_complete finished with '0'
[1.067s] DEBUG:colcon.colcon_core.event_reactor:joining thread
[1.072s] INFO:colcon.colcon_core.plugin_system:Skipping extension 'colcon_notification.desktop_notification.terminal_notifier': Not used on non-Darwin systems
[1.072s] INFO:colcon.colcon_core.plugin_system:Skipping extension 'colcon_notification.desktop_notification.win32': Not used on non-Windows systems
[1.072s] INFO:colcon.colcon_notification.desktop_notification:Sending desktop notification using 'notify2'
[1.089s] DEBUG:colcon.colcon_core.event_reactor:joined thread
[1.089s] INFO:colcon.colcon_core.shell:Creating prefix script '/home/fuga1129/aurora_sim_v2/install/local_setup.ps1'
[1.091s] INFO:colcon.colcon_core.shell:Creating prefix util module '/home/fuga1129/aurora_sim_v2/install/_local_setup_util_ps1.py'
[1.092s] INFO:colcon.colcon_core.shell:Creating prefix chain script '/home/fuga1129/aurora_sim_v2/install/setup.ps1'
[1.093s] INFO:colcon.colcon_core.shell:Creating prefix script '/home/fuga1129/aurora_sim_v2/install/local_setup.sh'
[1.093s] INFO:colcon.colcon_core.shell:Creating prefix util module '/home/fuga1129/aurora_sim_v2/install/_local_setup_util_sh.py'
[1.093s] INFO:colcon.colcon_core.shell:Creating prefix chain script '/home/fuga1129/aurora_sim_v2/install/setup.sh'
[1.094s] INFO:colcon.colcon_core.shell:Creating prefix script '/home/fuga1129/aurora_sim_v2/install/local_setup.bash'
[1.094s] INFO:colcon.colcon_core.shell:Creating prefix chain script '/home/fuga1129/aurora_sim_v2/install/setup.bash'
[1.095s] INFO:colcon.colcon_core.shell:Creating prefix script '/home/fuga1129/aurora_sim_v2/install/local_setup.zsh'
[1.095s] INFO:colcon.colcon_core.shell:Creating prefix chain script '/home/fuga1129/aurora_sim_v2/install/setup.zsh'
