[2.547s] Invoking command in '/home/fuga1129/aurora_sim_v2/src/aurora_drive': PYTHONPATH=/home/fuga1129/aurora_sim_v2/build/aurora_drive/prefix_override:/usr/lib/python3/dist-packages/colcon_core/task/python/colcon_distutils_commands:/home/fuga1129/aurora_sim_v2/install/aurora_drive/lib/python3.10/site-packages:${PYTHONPATH} /usr/bin/python3 -W ignore:setup.py install is deprecated -W ignore:easy_install command is deprecated setup.py egg_info --egg-base ../../build/aurora_drive build --build-base /home/fuga1129/aurora_sim_v2/build/aurora_drive/build install --record /home/fuga1129/aurora_sim_v2/build/aurora_drive/install.log --single-version-externally-managed install_data
[2.960s] running egg_info
[2.960s] writing ../../build/aurora_drive/aurora_drive.egg-info/PKG-INFO
[2.963s] writing dependency_links to ../../build/aurora_drive/aurora_drive.egg-info/dependency_links.txt
[2.963s] writing entry points to ../../build/aurora_drive/aurora_drive.egg-info/entry_points.txt
[2.964s] writing requirements to ../../build/aurora_drive/aurora_drive.egg-info/requires.txt
[2.964s] writing top-level names to ../../build/aurora_drive/aurora_drive.egg-info/top_level.txt
[2.964s] reading manifest file '../../build/aurora_drive/aurora_drive.egg-info/SOURCES.txt'
[2.966s] writing manifest file '../../build/aurora_drive/aurora_drive.egg-info/SOURCES.txt'
[2.966s] running build
[2.966s] running build_py
[2.968s] copying aurora_drive/aruco_marker_mapper.py -> /home/fuga1129/aurora_sim_v2/build/aurora_drive/build/lib/aurora_drive
[2.970s] running install
[2.970s] running install_lib
[2.971s] copying /home/fuga1129/aurora_sim_v2/build/aurora_drive/build/lib/aurora_drive/aruco_marker_mapper.py -> /home/fuga1129/aurora_sim_v2/install/aurora_drive/lib/python3.10/site-packages/aurora_drive
[2.972s] byte-compiling /home/fuga1129/aurora_sim_v2/install/aurora_drive/lib/python3.10/site-packages/aurora_drive/aruco_marker_mapper.py to aruco_marker_mapper.cpython-310.pyc
[2.974s] running install_data
[2.974s] running install_egg_info
[2.976s] removing '/home/fuga1129/aurora_sim_v2/install/aurora_drive/lib/python3.10/site-packages/aurora_drive-0.0.0-py3.10.egg-info' (and everything under it)
[2.976s] Copying ../../build/aurora_drive/aurora_drive.egg-info to /home/fuga1129/aurora_sim_v2/install/aurora_drive/lib/python3.10/site-packages/aurora_drive-0.0.0-py3.10.egg-info
[2.980s] running install_scripts
[3.008s] Installing ackermann_4wd_controller script to /home/fuga1129/aurora_sim_v2/install/aurora_drive/lib/aurora_drive
[3.008s] Installing ackermann_sim_controller script to /home/fuga1129/aurora_sim_v2/install/aurora_drive/lib/aurora_drive
[3.008s] Installing aruco_marker_mapper script to /home/fuga1129/aurora_sim_v2/install/aurora_drive/lib/aurora_drive
[3.009s] Installing odometry_4ws script to /home/fuga1129/aurora_sim_v2/install/aurora_drive/lib/aurora_drive
[3.009s] writing list of installed files to '/home/fuga1129/aurora_sim_v2/build/aurora_drive/install.log'
[3.053s] Invoked command in '/home/fuga1129/aurora_sim_v2/src/aurora_drive' returned '0': PYTHONPATH=/home/fuga1129/aurora_sim_v2/build/aurora_drive/prefix_override:/usr/lib/python3/dist-packages/colcon_core/task/python/colcon_distutils_commands:/home/fuga1129/aurora_sim_v2/install/aurora_drive/lib/python3.10/site-packages:${PYTHONPATH} /usr/bin/python3 -W ignore:setup.py install is deprecated -W ignore:easy_install command is deprecated setup.py egg_info --egg-base ../../build/aurora_drive build --build-base /home/fuga1129/aurora_sim_v2/build/aurora_drive/build install --record /home/fuga1129/aurora_sim_v2/build/aurora_drive/install.log --single-version-externally-managed install_data
