[0.839s] Invoking command in '/home/fuga1129/aurora_sim_v2/build/aurora1': PYTHONPATH=/home/fuga1129/aurora_sim_v2/build/aurora1/prefix_override:/usr/lib/python3/dist-packages/colcon_core/task/python/colcon_distutils_commands:/home/fuga1129/aurora_sim_v2/install/aurora1/lib/python3.10/site-packages:${PYTHONPATH} /usr/bin/python3 -W ignore:setup.py install is deprecated -W ignore:easy_install command is deprecated setup.py develop --uninstall --editable --build-directory /home/fuga1129/aurora_sim_v2/build/aurora1/build
[1.046s] running develop
[1.150s] Removing /home/fuga1129/aurora_sim_v2/install/aurora1/lib/python3.10/site-packages/aurora1.egg-link (link to .)
[1.176s] Invoked command in '/home/fuga1129/aurora_sim_v2/build/aurora1' returned '0': PYTHONPATH=/home/fuga1129/aurora_sim_v2/build/aurora1/prefix_override:/usr/lib/python3/dist-packages/colcon_core/task/python/colcon_distutils_commands:/home/fuga1129/aurora_sim_v2/install/aurora1/lib/python3.10/site-packages:${PYTHONPATH} /usr/bin/python3 -W ignore:setup.py install is deprecated -W ignore:easy_install command is deprecated setup.py develop --uninstall --editable --build-directory /home/fuga1129/aurora_sim_v2/build/aurora1/build
[1.177s] Invoking command in '/home/fuga1129/aurora_sim_v2/src/aurora1': PYTHONPATH=/home/fuga1129/aurora_sim_v2/build/aurora1/prefix_override:/usr/lib/python3/dist-packages/colcon_core/task/python/colcon_distutils_commands:/home/fuga1129/aurora_sim_v2/install/aurora1/lib/python3.10/site-packages:${PYTHONPATH} /usr/bin/python3 -W ignore:setup.py install is deprecated -W ignore:easy_install command is deprecated setup.py egg_info --egg-base ../../build/aurora1 build --build-base /home/fuga1129/aurora_sim_v2/build/aurora1/build install --record /home/fuga1129/aurora_sim_v2/build/aurora1/install.log --single-version-externally-managed install_data --force
[1.384s] running egg_info
[1.385s] writing ../../build/aurora1/aurora1.egg-info/PKG-INFO
[1.385s] writing dependency_links to ../../build/aurora1/aurora1.egg-info/dependency_links.txt
[1.385s] writing entry points to ../../build/aurora1/aurora1.egg-info/entry_points.txt
[1.385s] writing requirements to ../../build/aurora1/aurora1.egg-info/requires.txt
[1.385s] writing top-level names to ../../build/aurora1/aurora1.egg-info/top_level.txt
[1.386s] reading manifest file '../../build/aurora1/aurora1.egg-info/SOURCES.txt'
[1.387s] writing manifest file '../../build/aurora1/aurora1.egg-info/SOURCES.txt'
[1.387s] running build
[1.387s] running build_py
[1.388s] running install
[1.388s] running install_lib
[1.389s] creating /home/fuga1129/aurora_sim_v2/install/aurora1/lib/python3.10/site-packages/aurora1
[1.389s] copying /home/fuga1129/aurora_sim_v2/build/aurora1/build/lib/aurora1/__init__.py -> /home/fuga1129/aurora_sim_v2/install/aurora1/lib/python3.10/site-packages/aurora1
[1.389s] copying /home/fuga1129/aurora_sim_v2/build/aurora1/build/lib/aurora1/ackermann_4wd_controller_real.py -> /home/fuga1129/aurora_sim_v2/install/aurora1/lib/python3.10/site-packages/aurora1
[1.389s] copying /home/fuga1129/aurora_sim_v2/build/aurora1/build/lib/aurora1/ackermann_4wd_controller.py -> /home/fuga1129/aurora_sim_v2/install/aurora1/lib/python3.10/site-packages/aurora1
[1.389s] byte-compiling /home/fuga1129/aurora_sim_v2/install/aurora1/lib/python3.10/site-packages/aurora1/__init__.py to __init__.cpython-310.pyc
[1.389s] byte-compiling /home/fuga1129/aurora_sim_v2/install/aurora1/lib/python3.10/site-packages/aurora1/ackermann_4wd_controller_real.py to ackermann_4wd_controller_real.cpython-310.pyc
[1.390s] byte-compiling /home/fuga1129/aurora_sim_v2/install/aurora1/lib/python3.10/site-packages/aurora1/ackermann_4wd_controller.py to ackermann_4wd_controller.cpython-310.pyc
[1.391s] running install_data
[1.391s] copying resource/aurora1 -> /home/fuga1129/aurora_sim_v2/install/aurora1/share/ament_index/resource_index/packages
[1.391s] copying package.xml -> /home/fuga1129/aurora_sim_v2/install/aurora1/share/aurora1
[1.391s] copying launch/joystick_real.launch.py -> /home/fuga1129/aurora_sim_v2/install/aurora1/share/aurora1/launch
[1.391s] copying launch/launch_sim.launch.py -> /home/fuga1129/aurora_sim_v2/install/aurora1/share/aurora1/launch
[1.391s] copying launch/joystick.launch.py -> /home/fuga1129/aurora_sim_v2/install/aurora1/share/aurora1/launch
[1.391s] copying launch/rsp.launch.py -> /home/fuga1129/aurora_sim_v2/install/aurora1/share/aurora1/launch
[1.391s] copying config/joystick.yaml -> /home/fuga1129/aurora_sim_v2/install/aurora1/share/aurora1/config
[1.391s] copying config/rover_controller_4wd_v2.yaml -> /home/fuga1129/aurora_sim_v2/install/aurora1/share/aurora1/config
[1.391s] copying config/mapper_params_online_async.yaml -> /home/fuga1129/aurora_sim_v2/install/aurora1/share/aurora1/config
[1.392s] copying description/robot_core_4wd_v2.xacro -> /home/fuga1129/aurora_sim_v2/install/aurora1/share/aurora1/description
[1.392s] copying description/depth_camera.xacro -> /home/fuga1129/aurora_sim_v2/install/aurora1/share/aurora1/description
[1.392s] copying description/inertial_macros.xacro -> /home/fuga1129/aurora_sim_v2/install/aurora1/share/aurora1/description
[1.393s] copying description/ros2_control_4wd_v2.xacro -> /home/fuga1129/aurora_sim_v2/install/aurora1/share/aurora1/description
[1.393s] copying description/lidar.xacro -> /home/fuga1129/aurora_sim_v2/install/aurora1/share/aurora1/description
[1.393s] copying description/robot.urdf.xacro -> /home/fuga1129/aurora_sim_v2/install/aurora1/share/aurora1/description
[1.394s] copying description/camera.xacro -> /home/fuga1129/aurora_sim_v2/install/aurora1/share/aurora1/description
[1.394s] copying rviz/slam.rviz -> /home/fuga1129/aurora_sim_v2/install/aurora1/share/aurora1/rviz
[1.394s] copying launch/slam_launch.py -> /home/fuga1129/aurora_sim_v2/install/aurora1/share/aurora1/launch
[1.394s] copying launch/joystick_real.launch.py -> /home/fuga1129/aurora_sim_v2/install/aurora1/share/aurora1/launch
[1.394s] copying launch/launch_sim.launch.py -> /home/fuga1129/aurora_sim_v2/install/aurora1/share/aurora1/launch
[1.394s] copying launch/joystick.launch.py -> /home/fuga1129/aurora_sim_v2/install/aurora1/share/aurora1/launch
[1.395s] copying launch/rsp.launch.py -> /home/fuga1129/aurora_sim_v2/install/aurora1/share/aurora1/launch
[1.395s] running install_egg_info
[1.396s] Copying ../../build/aurora1/aurora1.egg-info to /home/fuga1129/aurora_sim_v2/install/aurora1/lib/python3.10/site-packages/aurora1-0.0.0-py3.10.egg-info
[1.397s] running install_scripts
[1.413s] Installing ackermann_4wd_controller script to /home/fuga1129/aurora_sim_v2/install/aurora1/lib/aurora1
[1.413s] Installing ackermann_4wd_controller_real script to /home/fuga1129/aurora_sim_v2/install/aurora1/lib/aurora1
[1.413s] writing list of installed files to '/home/fuga1129/aurora_sim_v2/build/aurora1/install.log'
[1.436s] Invoked command in '/home/fuga1129/aurora_sim_v2/src/aurora1' returned '0': PYTHONPATH=/home/fuga1129/aurora_sim_v2/build/aurora1/prefix_override:/usr/lib/python3/dist-packages/colcon_core/task/python/colcon_distutils_commands:/home/fuga1129/aurora_sim_v2/install/aurora1/lib/python3.10/site-packages:${PYTHONPATH} /usr/bin/python3 -W ignore:setup.py install is deprecated -W ignore:easy_install command is deprecated setup.py egg_info --egg-base ../../build/aurora1 build --build-base /home/fuga1129/aurora_sim_v2/build/aurora1/build install --record /home/fuga1129/aurora_sim_v2/build/aurora1/install.log --single-version-externally-managed install_data --force
