[1.129s] Invoking command in '/home/fuga1129/aurora_sim_v2/src/aurora1': PYTHONPATH=/home/fuga1129/aurora_sim_v2/build/aurora1/prefix_override:/usr/lib/python3/dist-packages/colcon_core/task/python/colcon_distutils_commands:/home/fuga1129/aurora_sim_v2/install/aurora1/lib/python3.10/site-packages:${PYTHONPATH} /usr/bin/python3 -W ignore:setup.py install is deprecated -W ignore:easy_install command is deprecated setup.py egg_info --egg-base ../../build/aurora1 build --build-base /home/fuga1129/aurora_sim_v2/build/aurora1/build install --record /home/fuga1129/aurora_sim_v2/build/aurora1/install.log --single-version-externally-managed install_data
[1.330s] running egg_info
[1.331s] writing ../../build/aurora1/aurora1.egg-info/PKG-INFO
[1.331s] writing dependency_links to ../../build/aurora1/aurora1.egg-info/dependency_links.txt
[1.331s] writing entry points to ../../build/aurora1/aurora1.egg-info/entry_points.txt
[1.331s] writing requirements to ../../build/aurora1/aurora1.egg-info/requires.txt
[1.331s] writing top-level names to ../../build/aurora1/aurora1.egg-info/top_level.txt
[1.334s] reading manifest file '../../build/aurora1/aurora1.egg-info/SOURCES.txt'
[1.334s] writing manifest file '../../build/aurora1/aurora1.egg-info/SOURCES.txt'
[1.334s] running build
[1.335s] running build_py
[1.335s] running install
[1.335s] running install_lib
[1.337s] running install_data
[1.337s] running install_egg_info
[1.339s] removing '/home/fuga1129/aurora_sim_v2/install/aurora1/lib/python3.10/site-packages/aurora1-0.0.0-py3.10.egg-info' (and everything under it)
[1.339s] Copying ../../build/aurora1/aurora1.egg-info to /home/fuga1129/aurora_sim_v2/install/aurora1/lib/python3.10/site-packages/aurora1-0.0.0-py3.10.egg-info
[1.339s] running install_scripts
[1.358s] Installing ackermann_4wd_controller script to /home/fuga1129/aurora_sim_v2/install/aurora1/lib/aurora1
[1.358s] Installing ackermann_4wd_controller_real script to /home/fuga1129/aurora_sim_v2/install/aurora1/lib/aurora1
[1.358s] writing list of installed files to '/home/fuga1129/aurora_sim_v2/build/aurora1/install.log'
[1.389s] Invoked command in '/home/fuga1129/aurora_sim_v2/src/aurora1' returned '0': PYTHONPATH=/home/fuga1129/aurora_sim_v2/build/aurora1/prefix_override:/usr/lib/python3/dist-packages/colcon_core/task/python/colcon_distutils_commands:/home/fuga1129/aurora_sim_v2/install/aurora1/lib/python3.10/site-packages:${PYTHONPATH} /usr/bin/python3 -W ignore:setup.py install is deprecated -W ignore:easy_install command is deprecated setup.py egg_info --egg-base ../../build/aurora1 build --build-base /home/fuga1129/aurora_sim_v2/build/aurora1/build install --record /home/fuga1129/aurora_sim_v2/build/aurora1/install.log --single-version-externally-managed install_data
