running develop
Removing /home/fuga1129/aurora_sim_v2/install/aurora_autonav/lib/python3.10/site-packages/aurora-autonav.egg-link (link to .)
running egg_info
writing ../../build/aurora_autonav/aurora_autonav.egg-info/PKG-INFO
writing dependency_links to ../../build/aurora_autonav/aurora_autonav.egg-info/dependency_links.txt
writing entry points to ../../build/aurora_autonav/aurora_autonav.egg-info/entry_points.txt
writing requirements to ../../build/aurora_autonav/aurora_autonav.egg-info/requires.txt
writing top-level names to ../../build/aurora_autonav/aurora_autonav.egg-info/top_level.txt
reading manifest file '../../build/aurora_autonav/aurora_autonav.egg-info/SOURCES.txt'
writing manifest file '../../build/aurora_autonav/aurora_autonav.egg-info/SOURCES.txt'
running build
running build_py
creating /home/fuga1129/aurora_sim_v2/build/aurora_autonav/build
creating /home/fuga1129/aurora_sim_v2/build/aurora_autonav/build/lib
creating /home/fuga1129/aurora_sim_v2/build/aurora_autonav/build/lib/aurora_autonav
copying aurora_autonav/__init__.py -> /home/fuga1129/aurora_sim_v2/build/aurora_autonav/build/lib/aurora_autonav
copying aurora_autonav/checkpoint_manager.py -> /home/fuga1129/aurora_sim_v2/build/aurora_autonav/build/lib/aurora_autonav
copying aurora_autonav/checkpoint_navigation_node_v2.py -> /home/fuga1129/aurora_sim_v2/build/aurora_autonav/build/lib/aurora_autonav
copying aurora_autonav/checkpoint_navigation_node.py -> /home/fuga1129/aurora_sim_v2/build/aurora_autonav/build/lib/aurora_autonav
copying aurora_autonav/checkpoint_geometry.py -> /home/fuga1129/aurora_sim_v2/build/aurora_autonav/build/lib/aurora_autonav
running install
running install_lib
creating /home/fuga1129/aurora_sim_v2/install/aurora_autonav/lib/python3.10/site-packages/aurora_autonav
copying /home/fuga1129/aurora_sim_v2/build/aurora_autonav/build/lib/aurora_autonav/__init__.py -> /home/fuga1129/aurora_sim_v2/install/aurora_autonav/lib/python3.10/site-packages/aurora_autonav
copying /home/fuga1129/aurora_sim_v2/build/aurora_autonav/build/lib/aurora_autonav/checkpoint_manager.py -> /home/fuga1129/aurora_sim_v2/install/aurora_autonav/lib/python3.10/site-packages/aurora_autonav
copying /home/fuga1129/aurora_sim_v2/build/aurora_autonav/build/lib/aurora_autonav/checkpoint_navigation_node_v2.py -> /home/fuga1129/aurora_sim_v2/install/aurora_autonav/lib/python3.10/site-packages/aurora_autonav
copying /home/fuga1129/aurora_sim_v2/build/aurora_autonav/build/lib/aurora_autonav/checkpoint_navigation_node.py -> /home/fuga1129/aurora_sim_v2/install/aurora_autonav/lib/python3.10/site-packages/aurora_autonav
copying /home/fuga1129/aurora_sim_v2/build/aurora_autonav/build/lib/aurora_autonav/checkpoint_geometry.py -> /home/fuga1129/aurora_sim_v2/install/aurora_autonav/lib/python3.10/site-packages/aurora_autonav
byte-compiling /home/fuga1129/aurora_sim_v2/install/aurora_autonav/lib/python3.10/site-packages/aurora_autonav/__init__.py to __init__.cpython-310.pyc
byte-compiling /home/fuga1129/aurora_sim_v2/install/aurora_autonav/lib/python3.10/site-packages/aurora_autonav/checkpoint_manager.py to checkpoint_manager.cpython-310.pyc
byte-compiling /home/fuga1129/aurora_sim_v2/install/aurora_autonav/lib/python3.10/site-packages/aurora_autonav/checkpoint_navigation_node_v2.py to checkpoint_navigation_node_v2.cpython-310.pyc
byte-compiling /home/fuga1129/aurora_sim_v2/install/aurora_autonav/lib/python3.10/site-packages/aurora_autonav/checkpoint_navigation_node.py to checkpoint_navigation_node.cpython-310.pyc
byte-compiling /home/fuga1129/aurora_sim_v2/install/aurora_autonav/lib/python3.10/site-packages/aurora_autonav/checkpoint_geometry.py to checkpoint_geometry.cpython-310.pyc
running install_data
copying resource/aurora_autonav -> /home/fuga1129/aurora_sim_v2/install/aurora_autonav/share/ament_index/resource_index/packages
copying package.xml -> /home/fuga1129/aurora_sim_v2/install/aurora_autonav/share/aurora_autonav
running install_egg_info
Copying ../../build/aurora_autonav/aurora_autonav.egg-info to /home/fuga1129/aurora_sim_v2/install/aurora_autonav/lib/python3.10/site-packages/aurora_autonav-0.0.0-py3.10.egg-info
running install_scripts
Installing checkpoin_geometry script to /home/fuga1129/aurora_sim_v2/install/aurora_autonav/lib/aurora_autonav
Installing checkpoint_navigation_node script to /home/fuga1129/aurora_sim_v2/install/aurora_autonav/lib/aurora_autonav
Installing checkpoint_navigation_node_v2 script to /home/fuga1129/aurora_sim_v2/install/aurora_autonav/lib/aurora_autonav
writing list of installed files to '/home/fuga1129/aurora_sim_v2/build/aurora_autonav/install.log'
