[0.622s] Invoking command in '/home/fuga1129/aurora_sim_v2/src/aurora1': PYTHONPATH=/home/fuga1129/aurora_sim_v2/build/aurora1/prefix_override:/usr/lib/python3/dist-packages/colcon_core/task/python/colcon_distutils_commands:/home/fuga1129/aurora_sim_v2/install/aurora1/lib/python3.10/site-packages:${PYTHONPATH} /usr/bin/python3 -W ignore:setup.py install is deprecated -W ignore:easy_install command is deprecated setup.py egg_info --egg-base ../../build/aurora1 build --build-base /home/fuga1129/aurora_sim_v2/build/aurora1/build install --record /home/fuga1129/aurora_sim_v2/build/aurora1/install.log --single-version-externally-managed install_data
[0.774s] running egg_info
[0.775s] creating ../../build/aurora1/aurora1.egg-info
[0.775s] writing ../../build/aurora1/aurora1.egg-info/PKG-INFO
[0.775s] writing dependency_links to ../../build/aurora1/aurora1.egg-info/dependency_links.txt
[0.775s] writing entry points to ../../build/aurora1/aurora1.egg-info/entry_points.txt
[0.775s] writing requirements to ../../build/aurora1/aurora1.egg-info/requires.txt
[0.775s] writing top-level names to ../../build/aurora1/aurora1.egg-info/top_level.txt
[0.775s] writing manifest file '../../build/aurora1/aurora1.egg-info/SOURCES.txt'
[0.776s] reading manifest file '../../build/aurora1/aurora1.egg-info/SOURCES.txt'
[0.777s] writing manifest file '../../build/aurora1/aurora1.egg-info/SOURCES.txt'
[0.777s] running build
[0.777s] running build_py
[0.777s] creating /home/fuga1129/aurora_sim_v2/build/aurora1/build
[0.777s] creating /home/fuga1129/aurora_sim_v2/build/aurora1/build/lib
[0.777s] creating /home/fuga1129/aurora_sim_v2/build/aurora1/build/lib/aurora1
[0.777s] copying aurora1/__init__.py -> /home/fuga1129/aurora_sim_v2/build/aurora1/build/lib/aurora1
[0.777s] copying aurora1/ackermann_4wd_controller_real.py -> /home/fuga1129/aurora_sim_v2/build/aurora1/build/lib/aurora1
[0.777s] copying aurora1/ackermann_4wd_controller.py -> /home/fuga1129/aurora_sim_v2/build/aurora1/build/lib/aurora1
[0.777s] running install
[0.777s] running install_lib
[0.778s] creating /home/fuga1129/aurora_sim_v2/install/aurora1/lib/python3.10/site-packages/aurora1
[0.778s] copying /home/fuga1129/aurora_sim_v2/build/aurora1/build/lib/aurora1/__init__.py -> /home/fuga1129/aurora_sim_v2/install/aurora1/lib/python3.10/site-packages/aurora1
[0.778s] copying /home/fuga1129/aurora_sim_v2/build/aurora1/build/lib/aurora1/ackermann_4wd_controller_real.py -> /home/fuga1129/aurora_sim_v2/install/aurora1/lib/python3.10/site-packages/aurora1
[0.778s] copying /home/fuga1129/aurora_sim_v2/build/aurora1/build/lib/aurora1/ackermann_4wd_controller.py -> /home/fuga1129/aurora_sim_v2/install/aurora1/lib/python3.10/site-packages/aurora1
[0.778s] byte-compiling /home/fuga1129/aurora_sim_v2/install/aurora1/lib/python3.10/site-packages/aurora1/__init__.py to __init__.cpython-310.pyc
[0.778s] byte-compiling /home/fuga1129/aurora_sim_v2/install/aurora1/lib/python3.10/site-packages/aurora1/ackermann_4wd_controller_real.py to ackermann_4wd_controller_real.cpython-310.pyc
[0.779s] byte-compiling /home/fuga1129/aurora_sim_v2/install/aurora1/lib/python3.10/site-packages/aurora1/ackermann_4wd_controller.py to ackermann_4wd_controller.cpython-310.pyc
[0.779s] running install_data
[0.779s] creating /home/fuga1129/aurora_sim_v2/install/aurora1/share/ament_index
[0.780s] creating /home/fuga1129/aurora_sim_v2/install/aurora1/share/ament_index/resource_index
[0.780s] creating /home/fuga1129/aurora_sim_v2/install/aurora1/share/ament_index/resource_index/packages
[0.780s] copying resource/aurora1 -> /home/fuga1129/aurora_sim_v2/install/aurora1/share/ament_index/resource_index/packages
[0.780s] copying package.xml -> /home/fuga1129/aurora_sim_v2/install/aurora1/share/aurora1
[0.780s] creating /home/fuga1129/aurora_sim_v2/install/aurora1/share/aurora1/launch
[0.780s] copying launch/joystick_real.launch.py -> /home/fuga1129/aurora_sim_v2/install/aurora1/share/aurora1/launch
[0.780s] copying launch/launch_sim.launch.py -> /home/fuga1129/aurora_sim_v2/install/aurora1/share/aurora1/launch
[0.780s] copying launch/joystick.launch.py -> /home/fuga1129/aurora_sim_v2/install/aurora1/share/aurora1/launch
[0.780s] copying launch/rsp.launch.py -> /home/fuga1129/aurora_sim_v2/install/aurora1/share/aurora1/launch
[0.780s] creating /home/fuga1129/aurora_sim_v2/install/aurora1/share/aurora1/config
[0.780s] copying config/joystick.yaml -> /home/fuga1129/aurora_sim_v2/install/aurora1/share/aurora1/config
[0.780s] copying config/rover_controller_4wd_v2.yaml -> /home/fuga1129/aurora_sim_v2/install/aurora1/share/aurora1/config
[0.780s] copying config/mapper_params_online_async.yaml -> /home/fuga1129/aurora_sim_v2/install/aurora1/share/aurora1/config
[0.781s] creating /home/fuga1129/aurora_sim_v2/install/aurora1/share/aurora1/description
[0.781s] copying description/robot_core_4wd_v2.xacro -> /home/fuga1129/aurora_sim_v2/install/aurora1/share/aurora1/description
[0.781s] copying description/depth_camera.xacro -> /home/fuga1129/aurora_sim_v2/install/aurora1/share/aurora1/description
[0.781s] copying description/inertial_macros.xacro -> /home/fuga1129/aurora_sim_v2/install/aurora1/share/aurora1/description
[0.781s] copying description/ros2_control_4wd_v2.xacro -> /home/fuga1129/aurora_sim_v2/install/aurora1/share/aurora1/description
[0.781s] copying description/lidar.xacro -> /home/fuga1129/aurora_sim_v2/install/aurora1/share/aurora1/description
[0.781s] copying description/robot.urdf.xacro -> /home/fuga1129/aurora_sim_v2/install/aurora1/share/aurora1/description
[0.781s] copying description/camera.xacro -> /home/fuga1129/aurora_sim_v2/install/aurora1/share/aurora1/description
[0.781s] creating /home/fuga1129/aurora_sim_v2/install/aurora1/share/aurora1/rviz
[0.781s] copying rviz/slam.rviz -> /home/fuga1129/aurora_sim_v2/install/aurora1/share/aurora1/rviz
[0.781s] copying launch/slam_launch.py -> /home/fuga1129/aurora_sim_v2/install/aurora1/share/aurora1/launch
[0.781s] running install_egg_info
[0.782s] Copying ../../build/aurora1/aurora1.egg-info to /home/fuga1129/aurora_sim_v2/install/aurora1/lib/python3.10/site-packages/aurora1-0.0.0-py3.10.egg-info
[0.782s] running install_scripts
[0.797s] Installing ackermann_4wd_controller script to /home/fuga1129/aurora_sim_v2/install/aurora1/lib/aurora1
[0.797s] Installing ackermann_4wd_controller_real script to /home/fuga1129/aurora_sim_v2/install/aurora1/lib/aurora1
[0.797s] writing list of installed files to '/home/fuga1129/aurora_sim_v2/build/aurora1/install.log'
[0.821s] Invoked command in '/home/fuga1129/aurora_sim_v2/src/aurora1' returned '0': PYTHONPATH=/home/fuga1129/aurora_sim_v2/build/aurora1/prefix_override:/usr/lib/python3/dist-packages/colcon_core/task/python/colcon_distutils_commands:/home/fuga1129/aurora_sim_v2/install/aurora1/lib/python3.10/site-packages:${PYTHONPATH} /usr/bin/python3 -W ignore:setup.py install is deprecated -W ignore:easy_install command is deprecated setup.py egg_info --egg-base ../../build/aurora1 build --build-base /home/fuga1129/aurora_sim_v2/build/aurora1/build install --record /home/fuga1129/aurora_sim_v2/build/aurora1/install.log --single-version-externally-managed install_data
