[0.072s] DEBUG:colcon:Command line arguments: ['/usr/bin/colcon', 'build']
[0.072s] DEBUG:colcon:Parsed command line arguments: Namespace(log_base=None, log_level=None, verb_name='build', build_base='build', install_base='install', merge_install=False, symlink_install=False, test_result_base=None, continue_on_error=False, executor='parallel', parallel_workers=12, event_handlers=None, ignore_user_meta=False, metas=['./colcon.meta'], base_paths=['.'], packages_ignore=None, packages_ignore_regex=None, paths=None, packages_up_to=None, packages_up_to_regex=None, packages_above=None, packages_above_and_dependencies=None, packages_above_depth=None, packages_select_by_dep=None, packages_skip_by_dep=None, packages_skip_up_to=None, packages_select_build_failed=False, packages_skip_build_finished=False, packages_select_test_failures=False, packages_skip_test_passed=False, packages_select=None, packages_skip=None, packages_select_regex=None, packages_skip_regex=None, packages_start=None, packages_end=None, allow_overriding=[], cmake_args=None, cmake_target=None, cmake_target_skip_unavailable=False, cmake_clean_cache=False, cmake_clean_first=False, cmake_force_configure=False, ament_cmake_args=None, catkin_cmake_args=None, catkin_skip_building_tests=False, mixin_files=None, mixin=None, verb_parser=<colcon_mixin.mixin.mixin_argument.MixinArgumentDecorator object at 0x721407b38d90>, verb_extension=<colcon_core.verb.build.BuildVerb object at 0x721407ca5d80>, main=<bound method BuildVerb.main of <colcon_core.verb.build.BuildVerb object at 0x721407ca5d80>>, mixin_verb=('build',))
[0.173s] Level 1:colcon.colcon_core.package_discovery:discover_packages(colcon_meta) check parameters
[0.173s] Level 1:colcon.colcon_core.package_discovery:discover_packages(recursive) check parameters
[0.173s] Level 1:colcon.colcon_core.package_discovery:discover_packages(ignore) check parameters
[0.173s] Level 1:colcon.colcon_core.package_discovery:discover_packages(path) check parameters
[0.173s] Level 1:colcon.colcon_core.package_discovery:discover_packages(colcon_meta) discover
[0.173s] Level 1:colcon.colcon_core.package_discovery:discover_packages(recursive) discover
[0.173s] INFO:colcon.colcon_core.package_discovery:Crawling recursively for packages in '/home/fuga1129/aurora_sim_v2'
[0.173s] Level 1:colcon.colcon_core.package_identification:_identify(.) by extensions ['ignore', 'ignore_ament_install']
[0.173s] Level 1:colcon.colcon_core.package_identification:_identify(.) by extension 'ignore'
[0.173s] Level 1:colcon.colcon_core.package_identification:_identify(.) by extension 'ignore_ament_install'
[0.173s] Level 1:colcon.colcon_core.package_identification:_identify(.) by extensions ['colcon_pkg']
[0.173s] Level 1:colcon.colcon_core.package_identification:_identify(.) by extension 'colcon_pkg'
[0.173s] Level 1:colcon.colcon_core.package_identification:_identify(.) by extensions ['colcon_meta']
[0.173s] Level 1:colcon.colcon_core.package_identification:_identify(.) by extension 'colcon_meta'
[0.173s] Level 1:colcon.colcon_core.package_identification:_identify(.) by extensions ['ros']
[0.173s] Level 1:colcon.colcon_core.package_identification:_identify(.) by extension 'ros'
[0.180s] Level 1:colcon.colcon_core.package_identification:_identify(.) by extensions ['cmake', 'python']
[0.180s] Level 1:colcon.colcon_core.package_identification:_identify(.) by extension 'cmake'
[0.180s] Level 1:colcon.colcon_core.package_identification:_identify(.) by extension 'python'
[0.180s] Level 1:colcon.colcon_core.package_identification:_identify(.) by extensions ['python_setup_py']
[0.180s] Level 1:colcon.colcon_core.package_identification:_identify(.) by extension 'python_setup_py'
[0.180s] Level 1:colcon.colcon_core.package_identification:_identify(build) by extensions ['ignore', 'ignore_ament_install']
[0.180s] Level 1:colcon.colcon_core.package_identification:_identify(build) by extension 'ignore'
[0.180s] Level 1:colcon.colcon_core.package_identification:_identify(build) ignored
[0.180s] Level 1:colcon.colcon_core.package_identification:_identify(install) by extensions ['ignore', 'ignore_ament_install']
[0.180s] Level 1:colcon.colcon_core.package_identification:_identify(install) by extension 'ignore'
[0.180s] Level 1:colcon.colcon_core.package_identification:_identify(install) ignored
[0.181s] Level 1:colcon.colcon_core.package_identification:_identify(log) by extensions ['ignore', 'ignore_ament_install']
[0.181s] Level 1:colcon.colcon_core.package_identification:_identify(log) by extension 'ignore'
[0.181s] Level 1:colcon.colcon_core.package_identification:_identify(log) ignored
[0.181s] Level 1:colcon.colcon_core.package_identification:_identify(src) by extensions ['ignore', 'ignore_ament_install']
[0.181s] Level 1:colcon.colcon_core.package_identification:_identify(src) by extension 'ignore'
[0.181s] Level 1:colcon.colcon_core.package_identification:_identify(src) by extension 'ignore_ament_install'
[0.181s] Level 1:colcon.colcon_core.package_identification:_identify(src) by extensions ['colcon_pkg']
[0.181s] Level 1:colcon.colcon_core.package_identification:_identify(src) by extension 'colcon_pkg'
[0.181s] Level 1:colcon.colcon_core.package_identification:_identify(src) by extensions ['colcon_meta']
[0.181s] Level 1:colcon.colcon_core.package_identification:_identify(src) by extension 'colcon_meta'
[0.181s] Level 1:colcon.colcon_core.package_identification:_identify(src) by extensions ['ros']
[0.181s] Level 1:colcon.colcon_core.package_identification:_identify(src) by extension 'ros'
[0.181s] Level 1:colcon.colcon_core.package_identification:_identify(src) by extensions ['cmake', 'python']
[0.181s] Level 1:colcon.colcon_core.package_identification:_identify(src) by extension 'cmake'
[0.181s] Level 1:colcon.colcon_core.package_identification:_identify(src) by extension 'python'
[0.181s] Level 1:colcon.colcon_core.package_identification:_identify(src) by extensions ['python_setup_py']
[0.181s] Level 1:colcon.colcon_core.package_identification:_identify(src) by extension 'python_setup_py'
[0.181s] Level 1:colcon.colcon_core.package_identification:_identify(src/aurora1) by extensions ['ignore', 'ignore_ament_install']
[0.181s] Level 1:colcon.colcon_core.package_identification:_identify(src/aurora1) by extension 'ignore'
[0.181s] Level 1:colcon.colcon_core.package_identification:_identify(src/aurora1) by extension 'ignore_ament_install'
[0.181s] Level 1:colcon.colcon_core.package_identification:_identify(src/aurora1) by extensions ['colcon_pkg']
[0.181s] Level 1:colcon.colcon_core.package_identification:_identify(src/aurora1) by extension 'colcon_pkg'
[0.181s] Level 1:colcon.colcon_core.package_identification:_identify(src/aurora1) by extensions ['colcon_meta']
[0.181s] Level 1:colcon.colcon_core.package_identification:_identify(src/aurora1) by extension 'colcon_meta'
[0.181s] Level 1:colcon.colcon_core.package_identification:_identify(src/aurora1) by extensions ['ros']
[0.181s] Level 1:colcon.colcon_core.package_identification:_identify(src/aurora1) by extension 'ros'
[0.183s] DEBUG:colcon.colcon_core.package_identification:Package 'src/aurora1' with type 'ros.ament_python' and name 'aurora1'
[0.183s] Level 1:colcon.colcon_core.package_identification:_identify(src/aurora_drive) by extensions ['ignore', 'ignore_ament_install']
[0.183s] Level 1:colcon.colcon_core.package_identification:_identify(src/aurora_drive) by extension 'ignore'
[0.183s] Level 1:colcon.colcon_core.package_identification:_identify(src/aurora_drive) by extension 'ignore_ament_install'
[0.183s] Level 1:colcon.colcon_core.package_identification:_identify(src/aurora_drive) by extensions ['colcon_pkg']
[0.183s] Level 1:colcon.colcon_core.package_identification:_identify(src/aurora_drive) by extension 'colcon_pkg'
[0.183s] Level 1:colcon.colcon_core.package_identification:_identify(src/aurora_drive) by extensions ['colcon_meta']
[0.183s] Level 1:colcon.colcon_core.package_identification:_identify(src/aurora_drive) by extension 'colcon_meta'
[0.183s] Level 1:colcon.colcon_core.package_identification:_identify(src/aurora_drive) by extensions ['ros']
[0.183s] Level 1:colcon.colcon_core.package_identification:_identify(src/aurora_drive) by extension 'ros'
[0.183s] DEBUG:colcon.colcon_core.package_identification:Package 'src/aurora_drive' with type 'ros.ament_python' and name 'aurora_drive'
[0.183s] Level 1:colcon.colcon_core.package_identification:_identify(src/chapter5) by extensions ['ignore', 'ignore_ament_install']
[0.183s] Level 1:colcon.colcon_core.package_identification:_identify(src/chapter5) by extension 'ignore'
[0.183s] Level 1:colcon.colcon_core.package_identification:_identify(src/chapter5) by extension 'ignore_ament_install'
[0.183s] Level 1:colcon.colcon_core.package_identification:_identify(src/chapter5) by extensions ['colcon_pkg']
[0.183s] Level 1:colcon.colcon_core.package_identification:_identify(src/chapter5) by extension 'colcon_pkg'
[0.183s] Level 1:colcon.colcon_core.package_identification:_identify(src/chapter5) by extensions ['colcon_meta']
[0.183s] Level 1:colcon.colcon_core.package_identification:_identify(src/chapter5) by extension 'colcon_meta'
[0.184s] Level 1:colcon.colcon_core.package_identification:_identify(src/chapter5) by extensions ['ros']
[0.184s] Level 1:colcon.colcon_core.package_identification:_identify(src/chapter5) by extension 'ros'
[0.184s] Level 1:colcon.colcon_core.package_identification:_identify(src/chapter5) by extensions ['cmake', 'python']
[0.184s] Level 1:colcon.colcon_core.package_identification:_identify(src/chapter5) by extension 'cmake'
[0.184s] Level 1:colcon.colcon_core.package_identification:_identify(src/chapter5) by extension 'python'
[0.184s] Level 1:colcon.colcon_core.package_identification:_identify(src/chapter5) by extensions ['python_setup_py']
[0.184s] Level 1:colcon.colcon_core.package_identification:_identify(src/chapter5) by extension 'python_setup_py'
[0.184s] Level 1:colcon.colcon_core.package_identification:_identify(src/chapter5/opencv_ros2) by extensions ['ignore', 'ignore_ament_install']
[0.184s] Level 1:colcon.colcon_core.package_identification:_identify(src/chapter5/opencv_ros2) by extension 'ignore'
[0.184s] Level 1:colcon.colcon_core.package_identification:_identify(src/chapter5/opencv_ros2) by extension 'ignore_ament_install'
[0.184s] Level 1:colcon.colcon_core.package_identification:_identify(src/chapter5/opencv_ros2) by extensions ['colcon_pkg']
[0.184s] Level 1:colcon.colcon_core.package_identification:_identify(src/chapter5/opencv_ros2) by extension 'colcon_pkg'
[0.184s] Level 1:colcon.colcon_core.package_identification:_identify(src/chapter5/opencv_ros2) by extensions ['colcon_meta']
[0.184s] Level 1:colcon.colcon_core.package_identification:_identify(src/chapter5/opencv_ros2) by extension 'colcon_meta'
[0.184s] Level 1:colcon.colcon_core.package_identification:_identify(src/chapter5/opencv_ros2) by extensions ['ros']
[0.184s] Level 1:colcon.colcon_core.package_identification:_identify(src/chapter5/opencv_ros2) by extension 'ros'
[0.184s] DEBUG:colcon.colcon_core.package_identification:Package 'src/chapter5/opencv_ros2' with type 'ros.ament_python' and name 'opencv_ros2'
[0.184s] Level 1:colcon.colcon_core.package_identification:_identify(src/chapter5/yolov8_ros2) by extensions ['ignore', 'ignore_ament_install']
[0.184s] Level 1:colcon.colcon_core.package_identification:_identify(src/chapter5/yolov8_ros2) by extension 'ignore'
[0.184s] Level 1:colcon.colcon_core.package_identification:_identify(src/chapter5/yolov8_ros2) by extension 'ignore_ament_install'
[0.184s] Level 1:colcon.colcon_core.package_identification:_identify(src/chapter5/yolov8_ros2) by extensions ['colcon_pkg']
[0.184s] Level 1:colcon.colcon_core.package_identification:_identify(src/chapter5/yolov8_ros2) by extension 'colcon_pkg'
[0.184s] Level 1:colcon.colcon_core.package_identification:_identify(src/chapter5/yolov8_ros2) by extensions ['colcon_meta']
[0.184s] Level 1:colcon.colcon_core.package_identification:_identify(src/chapter5/yolov8_ros2) by extension 'colcon_meta'
[0.184s] Level 1:colcon.colcon_core.package_identification:_identify(src/chapter5/yolov8_ros2) by extensions ['ros']
[0.184s] Level 1:colcon.colcon_core.package_identification:_identify(src/chapter5/yolov8_ros2) by extension 'ros'
[0.185s] DEBUG:colcon.colcon_core.package_identification:Package 'src/chapter5/yolov8_ros2' with type 'ros.ament_python' and name 'yolov8_ros2'
[0.185s] Level 1:colcon.colcon_core.package_identification:_identify(src/ros2_aruco) by extensions ['ignore', 'ignore_ament_install']
[0.185s] Level 1:colcon.colcon_core.package_identification:_identify(src/ros2_aruco) by extension 'ignore'
[0.185s] Level 1:colcon.colcon_core.package_identification:_identify(src/ros2_aruco) by extension 'ignore_ament_install'
[0.185s] Level 1:colcon.colcon_core.package_identification:_identify(src/ros2_aruco) by extensions ['colcon_pkg']
[0.185s] Level 1:colcon.colcon_core.package_identification:_identify(src/ros2_aruco) by extension 'colcon_pkg'
[0.185s] Level 1:colcon.colcon_core.package_identification:_identify(src/ros2_aruco) by extensions ['colcon_meta']
[0.185s] Level 1:colcon.colcon_core.package_identification:_identify(src/ros2_aruco) by extension 'colcon_meta'
[0.185s] Level 1:colcon.colcon_core.package_identification:_identify(src/ros2_aruco) by extensions ['ros']
[0.185s] Level 1:colcon.colcon_core.package_identification:_identify(src/ros2_aruco) by extension 'ros'
[0.185s] Level 1:colcon.colcon_core.package_identification:_identify(src/ros2_aruco) by extensions ['cmake', 'python']
[0.185s] Level 1:colcon.colcon_core.package_identification:_identify(src/ros2_aruco) by extension 'cmake'
[0.185s] Level 1:colcon.colcon_core.package_identification:_identify(src/ros2_aruco) by extension 'python'
[0.185s] Level 1:colcon.colcon_core.package_identification:_identify(src/ros2_aruco) by extensions ['python_setup_py']
[0.185s] Level 1:colcon.colcon_core.package_identification:_identify(src/ros2_aruco) by extension 'python_setup_py'
[0.185s] Level 1:colcon.colcon_core.package_identification:_identify(src/ros2_aruco/ros2_aruco) by extensions ['ignore', 'ignore_ament_install']
[0.185s] Level 1:colcon.colcon_core.package_identification:_identify(src/ros2_aruco/ros2_aruco) by extension 'ignore'
[0.185s] Level 1:colcon.colcon_core.package_identification:_identify(src/ros2_aruco/ros2_aruco) by extension 'ignore_ament_install'
[0.185s] Level 1:colcon.colcon_core.package_identification:_identify(src/ros2_aruco/ros2_aruco) by extensions ['colcon_pkg']
[0.185s] Level 1:colcon.colcon_core.package_identification:_identify(src/ros2_aruco/ros2_aruco) by extension 'colcon_pkg'
[0.185s] Level 1:colcon.colcon_core.package_identification:_identify(src/ros2_aruco/ros2_aruco) by extensions ['colcon_meta']
[0.185s] Level 1:colcon.colcon_core.package_identification:_identify(src/ros2_aruco/ros2_aruco) by extension 'colcon_meta'
[0.185s] Level 1:colcon.colcon_core.package_identification:_identify(src/ros2_aruco/ros2_aruco) by extensions ['ros']
[0.185s] Level 1:colcon.colcon_core.package_identification:_identify(src/ros2_aruco/ros2_aruco) by extension 'ros'
[0.185s] DEBUG:colcon.colcon_core.package_identification:Package 'src/ros2_aruco/ros2_aruco' with type 'ros.ament_python' and name 'ros2_aruco'
[0.185s] Level 1:colcon.colcon_core.package_identification:_identify(src/ros2_aruco/ros2_aruco_interfaces) by extensions ['ignore', 'ignore_ament_install']
[0.186s] Level 1:colcon.colcon_core.package_identification:_identify(src/ros2_aruco/ros2_aruco_interfaces) by extension 'ignore'
[0.186s] Level 1:colcon.colcon_core.package_identification:_identify(src/ros2_aruco/ros2_aruco_interfaces) by extension 'ignore_ament_install'
[0.186s] Level 1:colcon.colcon_core.package_identification:_identify(src/ros2_aruco/ros2_aruco_interfaces) by extensions ['colcon_pkg']
[0.186s] Level 1:colcon.colcon_core.package_identification:_identify(src/ros2_aruco/ros2_aruco_interfaces) by extension 'colcon_pkg'
[0.186s] Level 1:colcon.colcon_core.package_identification:_identify(src/ros2_aruco/ros2_aruco_interfaces) by extensions ['colcon_meta']
[0.186s] Level 1:colcon.colcon_core.package_identification:_identify(src/ros2_aruco/ros2_aruco_interfaces) by extension 'colcon_meta'
[0.186s] Level 1:colcon.colcon_core.package_identification:_identify(src/ros2_aruco/ros2_aruco_interfaces) by extensions ['ros']
[0.186s] Level 1:colcon.colcon_core.package_identification:_identify(src/ros2_aruco/ros2_aruco_interfaces) by extension 'ros'
[0.187s] DEBUG:colcon.colcon_core.package_identification:Package 'src/ros2_aruco/ros2_aruco_interfaces' with type 'ros.ament_cmake' and name 'ros2_aruco_interfaces'
[0.187s] Level 1:colcon.colcon_core.package_discovery:discover_packages(recursive) using defaults
[0.187s] Level 1:colcon.colcon_core.package_discovery:discover_packages(ignore) discover
[0.187s] Level 1:colcon.colcon_core.package_discovery:discover_packages(ignore) using defaults
[0.187s] Level 1:colcon.colcon_core.package_discovery:discover_packages(path) discover
[0.187s] Level 1:colcon.colcon_core.package_discovery:discover_packages(path) using defaults
[0.207s] Level 1:colcon.colcon_core.package_discovery:discover_packages(prefix_path) check parameters
[0.207s] Level 1:colcon.colcon_core.package_discovery:discover_packages(prefix_path) discover
[0.209s] DEBUG:colcon.colcon_installed_package_information.package_discovery:Found 6 installed packages in /home/fuga1129/aurora_sim_v2/install
[0.210s] DEBUG:colcon.colcon_installed_package_information.package_discovery:Found 55 installed packages in /home/fuga1129/moveit2_ws/install
[0.211s] DEBUG:colcon.colcon_installed_package_information.package_discovery:Found 415 installed packages in /opt/ros/humble
[0.212s] Level 1:colcon.colcon_core.package_discovery:discover_packages(prefix_path) using defaults
[0.241s] Level 5:colcon.colcon_core.verb:set package 'aurora1' build argument 'cmake_args' from command line to 'None'
[0.241s] Level 5:colcon.colcon_core.verb:set package 'aurora1' build argument 'cmake_target' from command line to 'None'
[0.241s] Level 5:colcon.colcon_core.verb:set package 'aurora1' build argument 'cmake_target_skip_unavailable' from command line to 'False'
[0.241s] Level 5:colcon.colcon_core.verb:set package 'aurora1' build argument 'cmake_clean_cache' from command line to 'False'
[0.241s] Level 5:colcon.colcon_core.verb:set package 'aurora1' build argument 'cmake_clean_first' from command line to 'False'
[0.241s] Level 5:colcon.colcon_core.verb:set package 'aurora1' build argument 'cmake_force_configure' from command line to 'False'
[0.241s] Level 5:colcon.colcon_core.verb:set package 'aurora1' build argument 'ament_cmake_args' from command line to 'None'
[0.241s] Level 5:colcon.colcon_core.verb:set package 'aurora1' build argument 'catkin_cmake_args' from command line to 'None'
[0.241s] Level 5:colcon.colcon_core.verb:set package 'aurora1' build argument 'catkin_skip_building_tests' from command line to 'False'
[0.241s] DEBUG:colcon.colcon_core.verb:Building package 'aurora1' with the following arguments: {'ament_cmake_args': None, 'build_base': '/home/fuga1129/aurora_sim_v2/build/aurora1', 'catkin_cmake_args': None, 'catkin_skip_building_tests': False, 'cmake_args': None, 'cmake_clean_cache': False, 'cmake_clean_first': False, 'cmake_force_configure': False, 'cmake_target': None, 'cmake_target_skip_unavailable': False, 'install_base': '/home/fuga1129/aurora_sim_v2/install/aurora1', 'merge_install': False, 'path': '/home/fuga1129/aurora_sim_v2/src/aurora1', 'symlink_install': False, 'test_result_base': None}
[0.241s] Level 5:colcon.colcon_core.verb:set package 'aurora_drive' build argument 'cmake_args' from command line to 'None'
[0.241s] Level 5:colcon.colcon_core.verb:set package 'aurora_drive' build argument 'cmake_target' from command line to 'None'
[0.241s] Level 5:colcon.colcon_core.verb:set package 'aurora_drive' build argument 'cmake_target_skip_unavailable' from command line to 'False'
[0.241s] Level 5:colcon.colcon_core.verb:set package 'aurora_drive' build argument 'cmake_clean_cache' from command line to 'False'
[0.241s] Level 5:colcon.colcon_core.verb:set package 'aurora_drive' build argument 'cmake_clean_first' from command line to 'False'
[0.241s] Level 5:colcon.colcon_core.verb:set package 'aurora_drive' build argument 'cmake_force_configure' from command line to 'False'
[0.241s] Level 5:colcon.colcon_core.verb:set package 'aurora_drive' build argument 'ament_cmake_args' from command line to 'None'
[0.241s] Level 5:colcon.colcon_core.verb:set package 'aurora_drive' build argument 'catkin_cmake_args' from command line to 'None'
[0.241s] Level 5:colcon.colcon_core.verb:set package 'aurora_drive' build argument 'catkin_skip_building_tests' from command line to 'False'
[0.241s] DEBUG:colcon.colcon_core.verb:Building package 'aurora_drive' with the following arguments: {'ament_cmake_args': None, 'build_base': '/home/fuga1129/aurora_sim_v2/build/aurora_drive', 'catkin_cmake_args': None, 'catkin_skip_building_tests': False, 'cmake_args': None, 'cmake_clean_cache': False, 'cmake_clean_first': False, 'cmake_force_configure': False, 'cmake_target': None, 'cmake_target_skip_unavailable': False, 'install_base': '/home/fuga1129/aurora_sim_v2/install/aurora_drive', 'merge_install': False, 'path': '/home/fuga1129/aurora_sim_v2/src/aurora_drive', 'symlink_install': False, 'test_result_base': None}
[0.241s] Level 5:colcon.colcon_core.verb:set package 'opencv_ros2' build argument 'cmake_args' from command line to 'None'
[0.241s] Level 5:colcon.colcon_core.verb:set package 'opencv_ros2' build argument 'cmake_target' from command line to 'None'
[0.241s] Level 5:colcon.colcon_core.verb:set package 'opencv_ros2' build argument 'cmake_target_skip_unavailable' from command line to 'False'
[0.241s] Level 5:colcon.colcon_core.verb:set package 'opencv_ros2' build argument 'cmake_clean_cache' from command line to 'False'
[0.241s] Level 5:colcon.colcon_core.verb:set package 'opencv_ros2' build argument 'cmake_clean_first' from command line to 'False'
[0.241s] Level 5:colcon.colcon_core.verb:set package 'opencv_ros2' build argument 'cmake_force_configure' from command line to 'False'
[0.241s] Level 5:colcon.colcon_core.verb:set package 'opencv_ros2' build argument 'ament_cmake_args' from command line to 'None'
[0.241s] Level 5:colcon.colcon_core.verb:set package 'opencv_ros2' build argument 'catkin_cmake_args' from command line to 'None'
[0.241s] Level 5:colcon.colcon_core.verb:set package 'opencv_ros2' build argument 'catkin_skip_building_tests' from command line to 'False'
[0.241s] DEBUG:colcon.colcon_core.verb:Building package 'opencv_ros2' with the following arguments: {'ament_cmake_args': None, 'build_base': '/home/fuga1129/aurora_sim_v2/build/opencv_ros2', 'catkin_cmake_args': None, 'catkin_skip_building_tests': False, 'cmake_args': None, 'cmake_clean_cache': False, 'cmake_clean_first': False, 'cmake_force_configure': False, 'cmake_target': None, 'cmake_target_skip_unavailable': False, 'install_base': '/home/fuga1129/aurora_sim_v2/install/opencv_ros2', 'merge_install': False, 'path': '/home/fuga1129/aurora_sim_v2/src/chapter5/opencv_ros2', 'symlink_install': False, 'test_result_base': None}
[0.242s] Level 5:colcon.colcon_core.verb:set package 'ros2_aruco' build argument 'cmake_args' from command line to 'None'
[0.242s] Level 5:colcon.colcon_core.verb:set package 'ros2_aruco' build argument 'cmake_target' from command line to 'None'
[0.242s] Level 5:colcon.colcon_core.verb:set package 'ros2_aruco' build argument 'cmake_target_skip_unavailable' from command line to 'False'
[0.242s] Level 5:colcon.colcon_core.verb:set package 'ros2_aruco' build argument 'cmake_clean_cache' from command line to 'False'
[0.242s] Level 5:colcon.colcon_core.verb:set package 'ros2_aruco' build argument 'cmake_clean_first' from command line to 'False'
[0.242s] Level 5:colcon.colcon_core.verb:set package 'ros2_aruco' build argument 'cmake_force_configure' from command line to 'False'
[0.242s] Level 5:colcon.colcon_core.verb:set package 'ros2_aruco' build argument 'ament_cmake_args' from command line to 'None'
[0.242s] Level 5:colcon.colcon_core.verb:set package 'ros2_aruco' build argument 'catkin_cmake_args' from command line to 'None'
[0.242s] Level 5:colcon.colcon_core.verb:set package 'ros2_aruco' build argument 'catkin_skip_building_tests' from command line to 'False'
[0.242s] DEBUG:colcon.colcon_core.verb:Building package 'ros2_aruco' with the following arguments: {'ament_cmake_args': None, 'build_base': '/home/fuga1129/aurora_sim_v2/build/ros2_aruco', 'catkin_cmake_args': None, 'catkin_skip_building_tests': False, 'cmake_args': None, 'cmake_clean_cache': False, 'cmake_clean_first': False, 'cmake_force_configure': False, 'cmake_target': None, 'cmake_target_skip_unavailable': False, 'install_base': '/home/fuga1129/aurora_sim_v2/install/ros2_aruco', 'merge_install': False, 'path': '/home/fuga1129/aurora_sim_v2/src/ros2_aruco/ros2_aruco', 'symlink_install': False, 'test_result_base': None}
[0.242s] Level 5:colcon.colcon_core.verb:set package 'ros2_aruco_interfaces' build argument 'cmake_args' from command line to 'None'
[0.242s] Level 5:colcon.colcon_core.verb:set package 'ros2_aruco_interfaces' build argument 'cmake_target' from command line to 'None'
[0.242s] Level 5:colcon.colcon_core.verb:set package 'ros2_aruco_interfaces' build argument 'cmake_target_skip_unavailable' from command line to 'False'
[0.242s] Level 5:colcon.colcon_core.verb:set package 'ros2_aruco_interfaces' build argument 'cmake_clean_cache' from command line to 'False'
[0.242s] Level 5:colcon.colcon_core.verb:set package 'ros2_aruco_interfaces' build argument 'cmake_clean_first' from command line to 'False'
[0.242s] Level 5:colcon.colcon_core.verb:set package 'ros2_aruco_interfaces' build argument 'cmake_force_configure' from command line to 'False'
[0.242s] Level 5:colcon.colcon_core.verb:set package 'ros2_aruco_interfaces' build argument 'ament_cmake_args' from command line to 'None'
[0.242s] Level 5:colcon.colcon_core.verb:set package 'ros2_aruco_interfaces' build argument 'catkin_cmake_args' from command line to 'None'
[0.242s] Level 5:colcon.colcon_core.verb:set package 'ros2_aruco_interfaces' build argument 'catkin_skip_building_tests' from command line to 'False'
[0.242s] DEBUG:colcon.colcon_core.verb:Building package 'ros2_aruco_interfaces' with the following arguments: {'ament_cmake_args': None, 'build_base': '/home/fuga1129/aurora_sim_v2/build/ros2_aruco_interfaces', 'catkin_cmake_args': None, 'catkin_skip_building_tests': False, 'cmake_args': None, 'cmake_clean_cache': False, 'cmake_clean_first': False, 'cmake_force_configure': False, 'cmake_target': None, 'cmake_target_skip_unavailable': False, 'install_base': '/home/fuga1129/aurora_sim_v2/install/ros2_aruco_interfaces', 'merge_install': False, 'path': '/home/fuga1129/aurora_sim_v2/src/ros2_aruco/ros2_aruco_interfaces', 'symlink_install': False, 'test_result_base': None}
[0.242s] Level 5:colcon.colcon_core.verb:set package 'yolov8_ros2' build argument 'cmake_args' from command line to 'None'
[0.242s] Level 5:colcon.colcon_core.verb:set package 'yolov8_ros2' build argument 'cmake_target' from command line to 'None'
[0.242s] Level 5:colcon.colcon_core.verb:set package 'yolov8_ros2' build argument 'cmake_target_skip_unavailable' from command line to 'False'
[0.242s] Level 5:colcon.colcon_core.verb:set package 'yolov8_ros2' build argument 'cmake_clean_cache' from command line to 'False'
[0.242s] Level 5:colcon.colcon_core.verb:set package 'yolov8_ros2' build argument 'cmake_clean_first' from command line to 'False'
[0.242s] Level 5:colcon.colcon_core.verb:set package 'yolov8_ros2' build argument 'cmake_force_configure' from command line to 'False'
[0.242s] Level 5:colcon.colcon_core.verb:set package 'yolov8_ros2' build argument 'ament_cmake_args' from command line to 'None'
[0.242s] Level 5:colcon.colcon_core.verb:set package 'yolov8_ros2' build argument 'catkin_cmake_args' from command line to 'None'
[0.242s] Level 5:colcon.colcon_core.verb:set package 'yolov8_ros2' build argument 'catkin_skip_building_tests' from command line to 'False'
[0.242s] DEBUG:colcon.colcon_core.verb:Building package 'yolov8_ros2' with the following arguments: {'ament_cmake_args': None, 'build_base': '/home/fuga1129/aurora_sim_v2/build/yolov8_ros2', 'catkin_cmake_args': None, 'catkin_skip_building_tests': False, 'cmake_args': None, 'cmake_clean_cache': False, 'cmake_clean_first': False, 'cmake_force_configure': False, 'cmake_target': None, 'cmake_target_skip_unavailable': False, 'install_base': '/home/fuga1129/aurora_sim_v2/install/yolov8_ros2', 'merge_install': False, 'path': '/home/fuga1129/aurora_sim_v2/src/chapter5/yolov8_ros2', 'symlink_install': False, 'test_result_base': None}
[0.242s] INFO:colcon.colcon_core.executor:Executing jobs using 'parallel' executor
[0.243s] DEBUG:colcon.colcon_parallel_executor.executor.parallel:run_until_complete
[0.243s] INFO:colcon.colcon_ros.task.ament_python.build:Building ROS package in '/home/fuga1129/aurora_sim_v2/src/aurora1' with build type 'ament_python'
[0.243s] Level 1:colcon.colcon_core.shell:create_environment_hook('aurora1', 'ament_prefix_path')
[0.245s] INFO:colcon.colcon_core.plugin_system:Skipping extension 'colcon_core.shell.bat': Not used on non-Windows systems
[0.245s] INFO:colcon.colcon_core.shell:Creating environment hook '/home/fuga1129/aurora_sim_v2/install/aurora1/share/aurora1/hook/ament_prefix_path.ps1'
[0.245s] INFO:colcon.colcon_core.shell:Creating environment descriptor '/home/fuga1129/aurora_sim_v2/install/aurora1/share/aurora1/hook/ament_prefix_path.dsv'
[0.246s] INFO:colcon.colcon_core.shell:Creating environment hook '/home/fuga1129/aurora_sim_v2/install/aurora1/share/aurora1/hook/ament_prefix_path.sh'
[0.246s] INFO:colcon.colcon_core.shell:Skip shell extension 'powershell' for command environment: Not usable outside of PowerShell
[0.246s] DEBUG:colcon.colcon_core.shell:Skip shell extension 'dsv' for command environment
[0.250s] INFO:colcon.colcon_ros.task.ament_python.build:Building ROS package in '/home/fuga1129/aurora_sim_v2/src/aurora_drive' with build type 'ament_python'
[0.250s] Level 1:colcon.colcon_core.shell:create_environment_hook('aurora_drive', 'ament_prefix_path')
[0.250s] INFO:colcon.colcon_core.shell:Creating environment hook '/home/fuga1129/aurora_sim_v2/install/aurora_drive/share/aurora_drive/hook/ament_prefix_path.ps1'
[0.250s] INFO:colcon.colcon_core.shell:Creating environment descriptor '/home/fuga1129/aurora_sim_v2/install/aurora_drive/share/aurora_drive/hook/ament_prefix_path.dsv'
[0.251s] INFO:colcon.colcon_core.shell:Creating environment hook '/home/fuga1129/aurora_sim_v2/install/aurora_drive/share/aurora_drive/hook/ament_prefix_path.sh'
[0.251s] INFO:colcon.colcon_core.shell:Skip shell extension 'powershell' for command environment: Not usable outside of PowerShell
[0.251s] DEBUG:colcon.colcon_core.shell:Skip shell extension 'dsv' for command environment
[0.254s] INFO:colcon.colcon_ros.task.ament_python.build:Building ROS package in '/home/fuga1129/aurora_sim_v2/src/chapter5/opencv_ros2' with build type 'ament_python'
[0.254s] Level 1:colcon.colcon_core.shell:create_environment_hook('opencv_ros2', 'ament_prefix_path')
[0.255s] INFO:colcon.colcon_core.shell:Creating environment hook '/home/fuga1129/aurora_sim_v2/install/opencv_ros2/share/opencv_ros2/hook/ament_prefix_path.ps1'
[0.277s] INFO:colcon.colcon_core.shell:Creating environment descriptor '/home/fuga1129/aurora_sim_v2/install/opencv_ros2/share/opencv_ros2/hook/ament_prefix_path.dsv'
[0.278s] INFO:colcon.colcon_core.shell:Creating environment hook '/home/fuga1129/aurora_sim_v2/install/opencv_ros2/share/opencv_ros2/hook/ament_prefix_path.sh'
[0.278s] INFO:colcon.colcon_core.shell:Skip shell extension 'powershell' for command environment: Not usable outside of PowerShell
[0.278s] DEBUG:colcon.colcon_core.shell:Skip shell extension 'dsv' for command environment
[0.287s] INFO:colcon.colcon_ros.task.ament_python.build:Building ROS package in '/home/fuga1129/aurora_sim_v2/src/ros2_aruco/ros2_aruco' with build type 'ament_python'
[0.287s] Level 1:colcon.colcon_core.shell:create_environment_hook('ros2_aruco', 'ament_prefix_path')
[0.287s] INFO:colcon.colcon_core.shell:Creating environment hook '/home/fuga1129/aurora_sim_v2/install/ros2_aruco/share/ros2_aruco/hook/ament_prefix_path.ps1'
[0.288s] INFO:colcon.colcon_core.shell:Creating environment descriptor '/home/fuga1129/aurora_sim_v2/install/ros2_aruco/share/ros2_aruco/hook/ament_prefix_path.dsv'
[0.288s] INFO:colcon.colcon_core.shell:Creating environment hook '/home/fuga1129/aurora_sim_v2/install/ros2_aruco/share/ros2_aruco/hook/ament_prefix_path.sh'
[0.289s] INFO:colcon.colcon_core.shell:Skip shell extension 'powershell' for command environment: Not usable outside of PowerShell
[0.289s] DEBUG:colcon.colcon_core.shell:Skip shell extension 'dsv' for command environment
[0.296s] INFO:colcon.colcon_ros.task.ament_cmake.build:Building ROS package in '/home/fuga1129/aurora_sim_v2/src/ros2_aruco/ros2_aruco_interfaces' with build type 'ament_cmake'
[0.296s] INFO:colcon.colcon_cmake.task.cmake.build:Building CMake package in '/home/fuga1129/aurora_sim_v2/src/ros2_aruco/ros2_aruco_interfaces'
[0.296s] INFO:colcon.colcon_core.shell:Skip shell extension 'powershell' for command environment: Not usable outside of PowerShell
[0.297s] DEBUG:colcon.colcon_core.shell:Skip shell extension 'dsv' for command environment
[0.304s] INFO:colcon.colcon_ros.task.ament_python.build:Building ROS package in '/home/fuga1129/aurora_sim_v2/src/chapter5/yolov8_ros2' with build type 'ament_python'
[0.304s] Level 1:colcon.colcon_core.shell:create_environment_hook('yolov8_ros2', 'ament_prefix_path')
[0.304s] INFO:colcon.colcon_core.shell:Creating environment hook '/home/fuga1129/aurora_sim_v2/install/yolov8_ros2/share/yolov8_ros2/hook/ament_prefix_path.ps1'
[0.305s] INFO:colcon.colcon_core.shell:Creating environment descriptor '/home/fuga1129/aurora_sim_v2/install/yolov8_ros2/share/yolov8_ros2/hook/ament_prefix_path.dsv'
[0.305s] INFO:colcon.colcon_core.shell:Creating environment hook '/home/fuga1129/aurora_sim_v2/install/yolov8_ros2/share/yolov8_ros2/hook/ament_prefix_path.sh'
[0.314s] INFO:colcon.colcon_core.shell:Skip shell extension 'powershell' for command environment: Not usable outside of PowerShell
[0.314s] DEBUG:colcon.colcon_core.shell:Skip shell extension 'dsv' for command environment
[0.486s] INFO:colcon.colcon_core.task.python.build:Building Python package in '/home/fuga1129/aurora_sim_v2/src/aurora1'
[0.486s] INFO:colcon.colcon_core.shell:Skip shell extension 'powershell' for command environment: Not usable outside of PowerShell
[0.486s] DEBUG:colcon.colcon_core.shell:Skip shell extension 'dsv' for command environment
[0.666s] INFO:colcon.colcon_core.task.python.build:Building Python package in '/home/fuga1129/aurora_sim_v2/src/aurora_drive'
[0.666s] INFO:colcon.colcon_core.shell:Skip shell extension 'powershell' for command environment: Not usable outside of PowerShell
[0.666s] DEBUG:colcon.colcon_core.shell:Skip shell extension 'dsv' for command environment
[0.835s] INFO:colcon.colcon_core.task.python.build:Building Python package in '/home/fuga1129/aurora_sim_v2/src/chapter5/opencv_ros2'
[0.836s] INFO:colcon.colcon_core.shell:Skip shell extension 'powershell' for command environment: Not usable outside of PowerShell
[0.836s] DEBUG:colcon.colcon_core.shell:Skip shell extension 'dsv' for command environment
[1.010s] INFO:colcon.colcon_core.task.python.build:Building Python package in '/home/fuga1129/aurora_sim_v2/src/ros2_aruco/ros2_aruco'
[1.010s] INFO:colcon.colcon_core.shell:Skip shell extension 'powershell' for command environment: Not usable outside of PowerShell
[1.010s] DEBUG:colcon.colcon_core.shell:Skip shell extension 'dsv' for command environment
[1.018s] DEBUG:colcon.colcon_core.event_handler.log_command:Invoking command in '/home/fuga1129/aurora_sim_v2/build/ros2_aruco_interfaces': CMAKE_PREFIX_PATH=${CMAKE_PREFIX_PATH}:/home/fuga1129/aurora_sim_v2/install/yolov8_ros2:/home/fuga1129/aurora_sim_v2/install/ros2_aruco:/home/fuga1129/aurora_sim_v2/install/opencv_ros2:/home/fuga1129/aurora_sim_v2/install/aurora_drive:/home/fuga1129/aurora_sim_v2/install/aurora1:/home/fuga1129/moveit2_ws/install/moveit_configs_utils:/home/fuga1129/moveit2_ws/install/launch_param_builder:/opt/ros/humble /usr/bin/cmake --build /home/fuga1129/aurora_sim_v2/build/ros2_aruco_interfaces -- -j12 -l12
[1.217s] INFO:colcon.colcon_core.task.python.build:Building Python package in '/home/fuga1129/aurora_sim_v2/src/chapter5/yolov8_ros2'
[1.218s] INFO:colcon.colcon_core.shell:Skip shell extension 'powershell' for command environment: Not usable outside of PowerShell
[1.218s] DEBUG:colcon.colcon_core.shell:Skip shell extension 'dsv' for command environment
[1.321s] DEBUG:colcon.colcon_core.event_handler.log_command:Invoked command in '/home/fuga1129/aurora_sim_v2/build/ros2_aruco_interfaces' returned '0': CMAKE_PREFIX_PATH=${CMAKE_PREFIX_PATH}:/home/fuga1129/aurora_sim_v2/install/yolov8_ros2:/home/fuga1129/aurora_sim_v2/install/ros2_aruco:/home/fuga1129/aurora_sim_v2/install/opencv_ros2:/home/fuga1129/aurora_sim_v2/install/aurora_drive:/home/fuga1129/aurora_sim_v2/install/aurora1:/home/fuga1129/moveit2_ws/install/moveit_configs_utils:/home/fuga1129/moveit2_ws/install/launch_param_builder:/opt/ros/humble /usr/bin/cmake --build /home/fuga1129/aurora_sim_v2/build/ros2_aruco_interfaces -- -j12 -l12
[1.334s] DEBUG:colcon.colcon_core.event_handler.log_command:Invoking command in '/home/fuga1129/aurora_sim_v2/build/ros2_aruco_interfaces': CMAKE_PREFIX_PATH=${CMAKE_PREFIX_PATH}:/home/fuga1129/aurora_sim_v2/install/yolov8_ros2:/home/fuga1129/aurora_sim_v2/install/ros2_aruco:/home/fuga1129/aurora_sim_v2/install/opencv_ros2:/home/fuga1129/aurora_sim_v2/install/aurora_drive:/home/fuga1129/aurora_sim_v2/install/aurora1:/home/fuga1129/moveit2_ws/install/moveit_configs_utils:/home/fuga1129/moveit2_ws/install/launch_param_builder:/opt/ros/humble /usr/bin/cmake --install /home/fuga1129/aurora_sim_v2/build/ros2_aruco_interfaces
[1.399s] Level 1:colcon.colcon_core.environment:create_environment_scripts_only(ros2_aruco_interfaces)
[1.399s] DEBUG:colcon.colcon_core.event_handler.log_command:Invoked command in '/home/fuga1129/aurora_sim_v2/build/ros2_aruco_interfaces' returned '0': CMAKE_PREFIX_PATH=${CMAKE_PREFIX_PATH}:/home/fuga1129/aurora_sim_v2/install/yolov8_ros2:/home/fuga1129/aurora_sim_v2/install/ros2_aruco:/home/fuga1129/aurora_sim_v2/install/opencv_ros2:/home/fuga1129/aurora_sim_v2/install/aurora_drive:/home/fuga1129/aurora_sim_v2/install/aurora1:/home/fuga1129/moveit2_ws/install/moveit_configs_utils:/home/fuga1129/moveit2_ws/install/launch_param_builder:/opt/ros/humble /usr/bin/cmake --install /home/fuga1129/aurora_sim_v2/build/ros2_aruco_interfaces
[1.402s] Level 1:colcon.colcon_core.environment:checking '/home/fuga1129/aurora_sim_v2/install/ros2_aruco_interfaces' for CMake module files
[1.403s] Level 1:colcon.colcon_core.environment:checking '/home/fuga1129/aurora_sim_v2/install/ros2_aruco_interfaces' for CMake config files
[1.403s] Level 1:colcon.colcon_core.shell:create_environment_hook('ros2_aruco_interfaces', 'cmake_prefix_path')
[1.404s] INFO:colcon.colcon_core.shell:Creating environment hook '/home/fuga1129/aurora_sim_v2/install/ros2_aruco_interfaces/share/ros2_aruco_interfaces/hook/cmake_prefix_path.ps1'
[1.404s] INFO:colcon.colcon_core.shell:Creating environment descriptor '/home/fuga1129/aurora_sim_v2/install/ros2_aruco_interfaces/share/ros2_aruco_interfaces/hook/cmake_prefix_path.dsv'
[1.405s] INFO:colcon.colcon_core.shell:Creating environment hook '/home/fuga1129/aurora_sim_v2/install/ros2_aruco_interfaces/share/ros2_aruco_interfaces/hook/cmake_prefix_path.sh'
[1.405s] Level 1:colcon.colcon_core.environment:checking '/home/fuga1129/aurora_sim_v2/install/ros2_aruco_interfaces/lib'
[1.406s] Level 1:colcon.colcon_core.shell:create_environment_hook('ros2_aruco_interfaces', 'ld_library_path_lib')
[1.406s] INFO:colcon.colcon_core.shell:Creating environment hook '/home/fuga1129/aurora_sim_v2/install/ros2_aruco_interfaces/share/ros2_aruco_interfaces/hook/ld_library_path_lib.ps1'
[1.406s] INFO:colcon.colcon_core.shell:Creating environment descriptor '/home/fuga1129/aurora_sim_v2/install/ros2_aruco_interfaces/share/ros2_aruco_interfaces/hook/ld_library_path_lib.dsv'
[1.407s] INFO:colcon.colcon_core.shell:Creating environment hook '/home/fuga1129/aurora_sim_v2/install/ros2_aruco_interfaces/share/ros2_aruco_interfaces/hook/ld_library_path_lib.sh'
[1.407s] Level 1:colcon.colcon_core.environment:checking '/home/fuga1129/aurora_sim_v2/install/ros2_aruco_interfaces/bin'
[1.407s] Level 1:colcon.colcon_core.environment:checking '/home/fuga1129/aurora_sim_v2/install/ros2_aruco_interfaces/lib/pkgconfig/ros2_aruco_interfaces.pc'
[1.407s] Level 1:colcon.colcon_core.environment:checking '/home/fuga1129/aurora_sim_v2/install/ros2_aruco_interfaces/lib/python3.10/site-packages'
[1.408s] Level 1:colcon.colcon_core.environment:checking '/home/fuga1129/aurora_sim_v2/install/ros2_aruco_interfaces/bin'
[1.408s] INFO:colcon.colcon_core.shell:Creating package script '/home/fuga1129/aurora_sim_v2/install/ros2_aruco_interfaces/share/ros2_aruco_interfaces/package.ps1'
[1.409s] INFO:colcon.colcon_core.shell:Creating package descriptor '/home/fuga1129/aurora_sim_v2/install/ros2_aruco_interfaces/share/ros2_aruco_interfaces/package.dsv'
[1.410s] INFO:colcon.colcon_core.shell:Creating package script '/home/fuga1129/aurora_sim_v2/install/ros2_aruco_interfaces/share/ros2_aruco_interfaces/package.sh'
[1.411s] INFO:colcon.colcon_core.shell:Creating package script '/home/fuga1129/aurora_sim_v2/install/ros2_aruco_interfaces/share/ros2_aruco_interfaces/package.bash'
[1.411s] INFO:colcon.colcon_core.shell:Creating package script '/home/fuga1129/aurora_sim_v2/install/ros2_aruco_interfaces/share/ros2_aruco_interfaces/package.zsh'
[1.412s] Level 1:colcon.colcon_core.environment:create_file_with_runtime_dependencies(/home/fuga1129/aurora_sim_v2/install/ros2_aruco_interfaces/share/colcon-core/packages/ros2_aruco_interfaces)
[1.413s] Level 1:colcon.colcon_core.environment:create_environment_scripts_only(ros2_aruco_interfaces)
[1.413s] Level 1:colcon.colcon_core.environment:checking '/home/fuga1129/aurora_sim_v2/install/ros2_aruco_interfaces' for CMake module files
[1.414s] Level 1:colcon.colcon_core.environment:checking '/home/fuga1129/aurora_sim_v2/install/ros2_aruco_interfaces' for CMake config files
[1.414s] Level 1:colcon.colcon_core.shell:create_environment_hook('ros2_aruco_interfaces', 'cmake_prefix_path')
[1.414s] INFO:colcon.colcon_core.shell:Creating environment hook '/home/fuga1129/aurora_sim_v2/install/ros2_aruco_interfaces/share/ros2_aruco_interfaces/hook/cmake_prefix_path.ps1'
[1.415s] INFO:colcon.colcon_core.shell:Creating environment descriptor '/home/fuga1129/aurora_sim_v2/install/ros2_aruco_interfaces/share/ros2_aruco_interfaces/hook/cmake_prefix_path.dsv'
[1.415s] INFO:colcon.colcon_core.shell:Creating environment hook '/home/fuga1129/aurora_sim_v2/install/ros2_aruco_interfaces/share/ros2_aruco_interfaces/hook/cmake_prefix_path.sh'
[1.416s] Level 1:colcon.colcon_core.environment:checking '/home/fuga1129/aurora_sim_v2/install/ros2_aruco_interfaces/lib'
[1.416s] Level 1:colcon.colcon_core.shell:create_environment_hook('ros2_aruco_interfaces', 'ld_library_path_lib')
[1.416s] INFO:colcon.colcon_core.shell:Creating environment hook '/home/fuga1129/aurora_sim_v2/install/ros2_aruco_interfaces/share/ros2_aruco_interfaces/hook/ld_library_path_lib.ps1'
[1.416s] INFO:colcon.colcon_core.shell:Creating environment descriptor '/home/fuga1129/aurora_sim_v2/install/ros2_aruco_interfaces/share/ros2_aruco_interfaces/hook/ld_library_path_lib.dsv'
[1.417s] INFO:colcon.colcon_core.shell:Creating environment hook '/home/fuga1129/aurora_sim_v2/install/ros2_aruco_interfaces/share/ros2_aruco_interfaces/hook/ld_library_path_lib.sh'
[1.417s] Level 1:colcon.colcon_core.environment:checking '/home/fuga1129/aurora_sim_v2/install/ros2_aruco_interfaces/bin'
[1.417s] Level 1:colcon.colcon_core.environment:checking '/home/fuga1129/aurora_sim_v2/install/ros2_aruco_interfaces/lib/pkgconfig/ros2_aruco_interfaces.pc'
[1.417s] Level 1:colcon.colcon_core.environment:checking '/home/fuga1129/aurora_sim_v2/install/ros2_aruco_interfaces/lib/python3.10/site-packages'
[1.418s] Level 1:colcon.colcon_core.environment:checking '/home/fuga1129/aurora_sim_v2/install/ros2_aruco_interfaces/bin'
[1.418s] INFO:colcon.colcon_core.shell:Creating package script '/home/fuga1129/aurora_sim_v2/install/ros2_aruco_interfaces/share/ros2_aruco_interfaces/package.ps1'
[1.419s] INFO:colcon.colcon_core.shell:Creating package descriptor '/home/fuga1129/aurora_sim_v2/install/ros2_aruco_interfaces/share/ros2_aruco_interfaces/package.dsv'
[1.419s] INFO:colcon.colcon_core.shell:Creating package script '/home/fuga1129/aurora_sim_v2/install/ros2_aruco_interfaces/share/ros2_aruco_interfaces/package.sh'
[1.420s] INFO:colcon.colcon_core.shell:Creating package script '/home/fuga1129/aurora_sim_v2/install/ros2_aruco_interfaces/share/ros2_aruco_interfaces/package.bash'
[1.420s] INFO:colcon.colcon_core.shell:Creating package script '/home/fuga1129/aurora_sim_v2/install/ros2_aruco_interfaces/share/ros2_aruco_interfaces/package.zsh'
[1.420s] Level 1:colcon.colcon_core.environment:create_file_with_runtime_dependencies(/home/fuga1129/aurora_sim_v2/install/ros2_aruco_interfaces/share/colcon-core/packages/ros2_aruco_interfaces)
[1.524s] DEBUG:colcon.colcon_core.event_handler.log_command:Invoking command in '/home/fuga1129/aurora_sim_v2/src/chapter5/opencv_ros2': PYTHONPATH=/home/fuga1129/aurora_sim_v2/build/opencv_ros2/prefix_override:/usr/lib/python3/dist-packages/colcon_core/task/python/colcon_distutils_commands:/home/fuga1129/aurora_sim_v2/install/opencv_ros2/lib/python3.10/site-packages:${PYTHONPATH} /usr/bin/python3 -W ignore:setup.py install is deprecated -W ignore:easy_install command is deprecated setup.py egg_info --egg-base ../../../build/opencv_ros2 build --build-base /home/fuga1129/aurora_sim_v2/build/opencv_ros2/build install --record /home/fuga1129/aurora_sim_v2/build/opencv_ros2/install.log --single-version-externally-managed install_data
[1.536s] DEBUG:colcon.colcon_core.event_handler.log_command:Invoking command in '/home/fuga1129/aurora_sim_v2/src/aurora_drive': PYTHONPATH=/home/fuga1129/aurora_sim_v2/build/aurora_drive/prefix_override:/usr/lib/python3/dist-packages/colcon_core/task/python/colcon_distutils_commands:/home/fuga1129/aurora_sim_v2/install/aurora_drive/lib/python3.10/site-packages:${PYTHONPATH} /usr/bin/python3 -W ignore:setup.py install is deprecated -W ignore:easy_install command is deprecated setup.py egg_info --egg-base ../../build/aurora_drive build --build-base /home/fuga1129/aurora_sim_v2/build/aurora_drive/build install --record /home/fuga1129/aurora_sim_v2/build/aurora_drive/install.log --single-version-externally-managed install_data
[1.631s] DEBUG:colcon.colcon_core.event_handler.log_command:Invoking command in '/home/fuga1129/aurora_sim_v2/src/ros2_aruco/ros2_aruco': PYTHONPATH=/home/fuga1129/aurora_sim_v2/build/ros2_aruco/prefix_override:/usr/lib/python3/dist-packages/colcon_core/task/python/colcon_distutils_commands:/home/fuga1129/aurora_sim_v2/install/ros2_aruco/lib/python3.10/site-packages:${PYTHONPATH} /usr/bin/python3 -W ignore:setup.py install is deprecated -W ignore:easy_install command is deprecated setup.py egg_info --egg-base ../../../build/ros2_aruco build --build-base /home/fuga1129/aurora_sim_v2/build/ros2_aruco/build install --record /home/fuga1129/aurora_sim_v2/build/ros2_aruco/install.log --single-version-externally-managed install_data
[1.650s] DEBUG:colcon.colcon_core.event_handler.log_command:Invoking command in '/home/fuga1129/aurora_sim_v2/src/chapter5/yolov8_ros2': PYTHONPATH=/home/fuga1129/aurora_sim_v2/build/yolov8_ros2/prefix_override:/usr/lib/python3/dist-packages/colcon_core/task/python/colcon_distutils_commands:/home/fuga1129/aurora_sim_v2/install/yolov8_ros2/lib/python3.10/site-packages:${PYTHONPATH} /usr/bin/python3 -W ignore:setup.py install is deprecated -W ignore:easy_install command is deprecated setup.py egg_info --egg-base ../../../build/yolov8_ros2 build --build-base /home/fuga1129/aurora_sim_v2/build/yolov8_ros2/build install --record /home/fuga1129/aurora_sim_v2/build/yolov8_ros2/install.log --single-version-externally-managed install_data
[1.661s] DEBUG:colcon.colcon_core.event_handler.log_command:Invoking command in '/home/fuga1129/aurora_sim_v2/src/aurora1': PYTHONPATH=/home/fuga1129/aurora_sim_v2/build/aurora1/prefix_override:/usr/lib/python3/dist-packages/colcon_core/task/python/colcon_distutils_commands:/home/fuga1129/aurora_sim_v2/install/aurora1/lib/python3.10/site-packages:${PYTHONPATH} /usr/bin/python3 -W ignore:setup.py install is deprecated -W ignore:easy_install command is deprecated setup.py egg_info --egg-base ../../build/aurora1 build --build-base /home/fuga1129/aurora_sim_v2/build/aurora1/build install --record /home/fuga1129/aurora_sim_v2/build/aurora1/install.log --single-version-externally-managed install_data
[1.755s] Level 1:colcon.colcon_core.environment:checking '/home/fuga1129/aurora_sim_v2/install/aurora_drive' for CMake module files
[1.755s] DEBUG:colcon.colcon_core.event_handler.log_command:Invoked command in '/home/fuga1129/aurora_sim_v2/src/aurora_drive' returned '0': PYTHONPATH=/home/fuga1129/aurora_sim_v2/build/aurora_drive/prefix_override:/usr/lib/python3/dist-packages/colcon_core/task/python/colcon_distutils_commands:/home/fuga1129/aurora_sim_v2/install/aurora_drive/lib/python3.10/site-packages:${PYTHONPATH} /usr/bin/python3 -W ignore:setup.py install is deprecated -W ignore:easy_install command is deprecated setup.py egg_info --egg-base ../../build/aurora_drive build --build-base /home/fuga1129/aurora_sim_v2/build/aurora_drive/build install --record /home/fuga1129/aurora_sim_v2/build/aurora_drive/install.log --single-version-externally-managed install_data
[1.756s] Level 1:colcon.colcon_core.environment:checking '/home/fuga1129/aurora_sim_v2/install/aurora_drive' for CMake config files
[1.756s] Level 1:colcon.colcon_core.environment:checking '/home/fuga1129/aurora_sim_v2/install/aurora_drive/lib'
[1.757s] Level 1:colcon.colcon_core.environment:checking '/home/fuga1129/aurora_sim_v2/install/aurora_drive/bin'
[1.757s] Level 1:colcon.colcon_core.environment:checking '/home/fuga1129/aurora_sim_v2/install/aurora_drive/lib/pkgconfig/aurora_drive.pc'
[1.757s] Level 1:colcon.colcon_core.environment:checking '/home/fuga1129/aurora_sim_v2/install/aurora_drive/lib/python3.10/site-packages'
[1.757s] Level 1:colcon.colcon_core.shell:create_environment_hook('aurora_drive', 'pythonpath')
[1.757s] INFO:colcon.colcon_core.shell:Creating environment hook '/home/fuga1129/aurora_sim_v2/install/aurora_drive/share/aurora_drive/hook/pythonpath.ps1'
[1.758s] INFO:colcon.colcon_core.shell:Creating environment descriptor '/home/fuga1129/aurora_sim_v2/install/aurora_drive/share/aurora_drive/hook/pythonpath.dsv'
[1.758s] INFO:colcon.colcon_core.shell:Creating environment hook '/home/fuga1129/aurora_sim_v2/install/aurora_drive/share/aurora_drive/hook/pythonpath.sh'
[1.759s] Level 1:colcon.colcon_core.environment:checking '/home/fuga1129/aurora_sim_v2/install/aurora_drive/bin'
[1.759s] Level 1:colcon.colcon_core.environment:create_environment_scripts_only(aurora_drive)
[1.760s] INFO:colcon.colcon_core.shell:Creating package script '/home/fuga1129/aurora_sim_v2/install/aurora_drive/share/aurora_drive/package.ps1'
[1.761s] INFO:colcon.colcon_core.shell:Creating package descriptor '/home/fuga1129/aurora_sim_v2/install/aurora_drive/share/aurora_drive/package.dsv'
[1.761s] INFO:colcon.colcon_core.shell:Creating package script '/home/fuga1129/aurora_sim_v2/install/aurora_drive/share/aurora_drive/package.sh'
[1.762s] INFO:colcon.colcon_core.shell:Creating package script '/home/fuga1129/aurora_sim_v2/install/aurora_drive/share/aurora_drive/package.bash'
[1.762s] INFO:colcon.colcon_core.shell:Creating package script '/home/fuga1129/aurora_sim_v2/install/aurora_drive/share/aurora_drive/package.zsh'
[1.762s] Level 1:colcon.colcon_core.environment:create_file_with_runtime_dependencies(/home/fuga1129/aurora_sim_v2/install/aurora_drive/share/colcon-core/packages/aurora_drive)
[1.773s] Level 1:colcon.colcon_core.environment:checking '/home/fuga1129/aurora_sim_v2/install/opencv_ros2' for CMake module files
[1.774s] DEBUG:colcon.colcon_core.event_handler.log_command:Invoked command in '/home/fuga1129/aurora_sim_v2/src/chapter5/opencv_ros2' returned '0': PYTHONPATH=/home/fuga1129/aurora_sim_v2/build/opencv_ros2/prefix_override:/usr/lib/python3/dist-packages/colcon_core/task/python/colcon_distutils_commands:/home/fuga1129/aurora_sim_v2/install/opencv_ros2/lib/python3.10/site-packages:${PYTHONPATH} /usr/bin/python3 -W ignore:setup.py install is deprecated -W ignore:easy_install command is deprecated setup.py egg_info --egg-base ../../../build/opencv_ros2 build --build-base /home/fuga1129/aurora_sim_v2/build/opencv_ros2/build install --record /home/fuga1129/aurora_sim_v2/build/opencv_ros2/install.log --single-version-externally-managed install_data
[1.774s] Level 1:colcon.colcon_core.environment:checking '/home/fuga1129/aurora_sim_v2/install/opencv_ros2' for CMake config files
[1.775s] Level 1:colcon.colcon_core.environment:checking '/home/fuga1129/aurora_sim_v2/install/opencv_ros2/lib'
[1.775s] Level 1:colcon.colcon_core.environment:checking '/home/fuga1129/aurora_sim_v2/install/opencv_ros2/bin'
[1.775s] Level 1:colcon.colcon_core.environment:checking '/home/fuga1129/aurora_sim_v2/install/opencv_ros2/lib/pkgconfig/opencv_ros2.pc'
[1.775s] Level 1:colcon.colcon_core.environment:checking '/home/fuga1129/aurora_sim_v2/install/opencv_ros2/lib/python3.10/site-packages'
[1.775s] Level 1:colcon.colcon_core.shell:create_environment_hook('opencv_ros2', 'pythonpath')
[1.775s] INFO:colcon.colcon_core.shell:Creating environment hook '/home/fuga1129/aurora_sim_v2/install/opencv_ros2/share/opencv_ros2/hook/pythonpath.ps1'
[1.776s] INFO:colcon.colcon_core.shell:Creating environment descriptor '/home/fuga1129/aurora_sim_v2/install/opencv_ros2/share/opencv_ros2/hook/pythonpath.dsv'
[1.776s] INFO:colcon.colcon_core.shell:Creating environment hook '/home/fuga1129/aurora_sim_v2/install/opencv_ros2/share/opencv_ros2/hook/pythonpath.sh'
[1.778s] Level 1:colcon.colcon_core.environment:checking '/home/fuga1129/aurora_sim_v2/install/opencv_ros2/bin'
[1.778s] Level 1:colcon.colcon_core.environment:create_environment_scripts_only(opencv_ros2)
[1.778s] INFO:colcon.colcon_core.shell:Creating package script '/home/fuga1129/aurora_sim_v2/install/opencv_ros2/share/opencv_ros2/package.ps1'
[1.779s] INFO:colcon.colcon_core.shell:Creating package descriptor '/home/fuga1129/aurora_sim_v2/install/opencv_ros2/share/opencv_ros2/package.dsv'
[1.779s] INFO:colcon.colcon_core.shell:Creating package script '/home/fuga1129/aurora_sim_v2/install/opencv_ros2/share/opencv_ros2/package.sh'
[1.780s] INFO:colcon.colcon_core.shell:Creating package script '/home/fuga1129/aurora_sim_v2/install/opencv_ros2/share/opencv_ros2/package.bash'
[1.780s] INFO:colcon.colcon_core.shell:Creating package script '/home/fuga1129/aurora_sim_v2/install/opencv_ros2/share/opencv_ros2/package.zsh'
[1.780s] Level 1:colcon.colcon_core.environment:create_file_with_runtime_dependencies(/home/fuga1129/aurora_sim_v2/install/opencv_ros2/share/colcon-core/packages/opencv_ros2)
[1.893s] Level 1:colcon.colcon_core.environment:checking '/home/fuga1129/aurora_sim_v2/install/ros2_aruco' for CMake module files
[1.894s] DEBUG:colcon.colcon_core.event_handler.log_command:Invoked command in '/home/fuga1129/aurora_sim_v2/src/ros2_aruco/ros2_aruco' returned '0': PYTHONPATH=/home/fuga1129/aurora_sim_v2/build/ros2_aruco/prefix_override:/usr/lib/python3/dist-packages/colcon_core/task/python/colcon_distutils_commands:/home/fuga1129/aurora_sim_v2/install/ros2_aruco/lib/python3.10/site-packages:${PYTHONPATH} /usr/bin/python3 -W ignore:setup.py install is deprecated -W ignore:easy_install command is deprecated setup.py egg_info --egg-base ../../../build/ros2_aruco build --build-base /home/fuga1129/aurora_sim_v2/build/ros2_aruco/build install --record /home/fuga1129/aurora_sim_v2/build/ros2_aruco/install.log --single-version-externally-managed install_data
[1.894s] Level 1:colcon.colcon_core.environment:checking '/home/fuga1129/aurora_sim_v2/install/ros2_aruco' for CMake config files
[1.895s] Level 1:colcon.colcon_core.environment:checking '/home/fuga1129/aurora_sim_v2/install/ros2_aruco/lib'
[1.895s] Level 1:colcon.colcon_core.environment:checking '/home/fuga1129/aurora_sim_v2/install/ros2_aruco/bin'
[1.895s] Level 1:colcon.colcon_core.environment:checking '/home/fuga1129/aurora_sim_v2/install/ros2_aruco/lib/pkgconfig/ros2_aruco.pc'
[1.895s] Level 1:colcon.colcon_core.environment:checking '/home/fuga1129/aurora_sim_v2/install/ros2_aruco/lib/python3.10/site-packages'
[1.895s] Level 1:colcon.colcon_core.shell:create_environment_hook('ros2_aruco', 'pythonpath')
[1.896s] INFO:colcon.colcon_core.shell:Creating environment hook '/home/fuga1129/aurora_sim_v2/install/ros2_aruco/share/ros2_aruco/hook/pythonpath.ps1'
[1.896s] INFO:colcon.colcon_core.shell:Creating environment descriptor '/home/fuga1129/aurora_sim_v2/install/ros2_aruco/share/ros2_aruco/hook/pythonpath.dsv'
[1.897s] INFO:colcon.colcon_core.shell:Creating environment hook '/home/fuga1129/aurora_sim_v2/install/ros2_aruco/share/ros2_aruco/hook/pythonpath.sh'
[1.897s] Level 1:colcon.colcon_core.environment:checking '/home/fuga1129/aurora_sim_v2/install/ros2_aruco/bin'
[1.897s] Level 1:colcon.colcon_core.environment:create_environment_scripts_only(ros2_aruco)
[1.898s] INFO:colcon.colcon_core.shell:Creating package script '/home/fuga1129/aurora_sim_v2/install/ros2_aruco/share/ros2_aruco/package.ps1'
[1.898s] INFO:colcon.colcon_core.shell:Creating package descriptor '/home/fuga1129/aurora_sim_v2/install/ros2_aruco/share/ros2_aruco/package.dsv'
[1.899s] INFO:colcon.colcon_core.shell:Creating package script '/home/fuga1129/aurora_sim_v2/install/ros2_aruco/share/ros2_aruco/package.sh'
[1.899s] INFO:colcon.colcon_core.shell:Creating package script '/home/fuga1129/aurora_sim_v2/install/ros2_aruco/share/ros2_aruco/package.bash'
[1.900s] INFO:colcon.colcon_core.shell:Creating package script '/home/fuga1129/aurora_sim_v2/install/ros2_aruco/share/ros2_aruco/package.zsh'
[1.900s] Level 1:colcon.colcon_core.environment:create_file_with_runtime_dependencies(/home/fuga1129/aurora_sim_v2/install/ros2_aruco/share/colcon-core/packages/ros2_aruco)
[1.909s] Level 1:colcon.colcon_core.environment:checking '/home/fuga1129/aurora_sim_v2/install/aurora1' for CMake module files
[1.910s] DEBUG:colcon.colcon_core.event_handler.log_command:Invoked command in '/home/fuga1129/aurora_sim_v2/src/aurora1' returned '0': PYTHONPATH=/home/fuga1129/aurora_sim_v2/build/aurora1/prefix_override:/usr/lib/python3/dist-packages/colcon_core/task/python/colcon_distutils_commands:/home/fuga1129/aurora_sim_v2/install/aurora1/lib/python3.10/site-packages:${PYTHONPATH} /usr/bin/python3 -W ignore:setup.py install is deprecated -W ignore:easy_install command is deprecated setup.py egg_info --egg-base ../../build/aurora1 build --build-base /home/fuga1129/aurora_sim_v2/build/aurora1/build install --record /home/fuga1129/aurora_sim_v2/build/aurora1/install.log --single-version-externally-managed install_data
[1.910s] Level 1:colcon.colcon_core.environment:checking '/home/fuga1129/aurora_sim_v2/install/aurora1' for CMake config files
[1.911s] Level 1:colcon.colcon_core.environment:checking '/home/fuga1129/aurora_sim_v2/install/aurora1/lib'
[1.911s] Level 1:colcon.colcon_core.environment:checking '/home/fuga1129/aurora_sim_v2/install/aurora1/bin'
[1.911s] Level 1:colcon.colcon_core.environment:checking '/home/fuga1129/aurora_sim_v2/install/aurora1/lib/pkgconfig/aurora1.pc'
[1.911s] Level 1:colcon.colcon_core.environment:checking '/home/fuga1129/aurora_sim_v2/install/aurora1/lib/python3.10/site-packages'
[1.912s] Level 1:colcon.colcon_core.shell:create_environment_hook('aurora1', 'pythonpath')
[1.912s] INFO:colcon.colcon_core.shell:Creating environment hook '/home/fuga1129/aurora_sim_v2/install/aurora1/share/aurora1/hook/pythonpath.ps1'
[1.912s] INFO:colcon.colcon_core.shell:Creating environment descriptor '/home/fuga1129/aurora_sim_v2/install/aurora1/share/aurora1/hook/pythonpath.dsv'
[1.913s] INFO:colcon.colcon_core.shell:Creating environment hook '/home/fuga1129/aurora_sim_v2/install/aurora1/share/aurora1/hook/pythonpath.sh'
[1.913s] Level 1:colcon.colcon_core.environment:checking '/home/fuga1129/aurora_sim_v2/install/aurora1/bin'
[1.913s] Level 1:colcon.colcon_core.environment:create_environment_scripts_only(aurora1)
[1.914s] INFO:colcon.colcon_core.shell:Creating package script '/home/fuga1129/aurora_sim_v2/install/aurora1/share/aurora1/package.ps1'
[1.914s] INFO:colcon.colcon_core.shell:Creating package descriptor '/home/fuga1129/aurora_sim_v2/install/aurora1/share/aurora1/package.dsv'
[1.915s] INFO:colcon.colcon_core.shell:Creating package script '/home/fuga1129/aurora_sim_v2/install/aurora1/share/aurora1/package.sh'
[1.915s] INFO:colcon.colcon_core.shell:Creating package script '/home/fuga1129/aurora_sim_v2/install/aurora1/share/aurora1/package.bash'
[1.916s] INFO:colcon.colcon_core.shell:Creating package script '/home/fuga1129/aurora_sim_v2/install/aurora1/share/aurora1/package.zsh'
[1.916s] Level 1:colcon.colcon_core.environment:create_file_with_runtime_dependencies(/home/fuga1129/aurora_sim_v2/install/aurora1/share/colcon-core/packages/aurora1)
[1.967s] Level 1:colcon.colcon_core.environment:checking '/home/fuga1129/aurora_sim_v2/install/yolov8_ros2' for CMake module files
[1.967s] DEBUG:colcon.colcon_core.event_handler.log_command:Invoked command in '/home/fuga1129/aurora_sim_v2/src/chapter5/yolov8_ros2' returned '0': PYTHONPATH=/home/fuga1129/aurora_sim_v2/build/yolov8_ros2/prefix_override:/usr/lib/python3/dist-packages/colcon_core/task/python/colcon_distutils_commands:/home/fuga1129/aurora_sim_v2/install/yolov8_ros2/lib/python3.10/site-packages:${PYTHONPATH} /usr/bin/python3 -W ignore:setup.py install is deprecated -W ignore:easy_install command is deprecated setup.py egg_info --egg-base ../../../build/yolov8_ros2 build --build-base /home/fuga1129/aurora_sim_v2/build/yolov8_ros2/build install --record /home/fuga1129/aurora_sim_v2/build/yolov8_ros2/install.log --single-version-externally-managed install_data
[1.967s] Level 1:colcon.colcon_core.environment:checking '/home/fuga1129/aurora_sim_v2/install/yolov8_ros2' for CMake config files
[1.968s] Level 1:colcon.colcon_core.environment:checking '/home/fuga1129/aurora_sim_v2/install/yolov8_ros2/lib'
[1.968s] Level 1:colcon.colcon_core.environment:checking '/home/fuga1129/aurora_sim_v2/install/yolov8_ros2/bin'
[1.968s] Level 1:colcon.colcon_core.environment:checking '/home/fuga1129/aurora_sim_v2/install/yolov8_ros2/lib/pkgconfig/yolov8_ros2.pc'
[1.968s] Level 1:colcon.colcon_core.environment:checking '/home/fuga1129/aurora_sim_v2/install/yolov8_ros2/lib/python3.10/site-packages'
[1.968s] Level 1:colcon.colcon_core.shell:create_environment_hook('yolov8_ros2', 'pythonpath')
[1.968s] INFO:colcon.colcon_core.shell:Creating environment hook '/home/fuga1129/aurora_sim_v2/install/yolov8_ros2/share/yolov8_ros2/hook/pythonpath.ps1'
[1.969s] INFO:colcon.colcon_core.shell:Creating environment descriptor '/home/fuga1129/aurora_sim_v2/install/yolov8_ros2/share/yolov8_ros2/hook/pythonpath.dsv'
[1.969s] INFO:colcon.colcon_core.shell:Creating environment hook '/home/fuga1129/aurora_sim_v2/install/yolov8_ros2/share/yolov8_ros2/hook/pythonpath.sh'
[1.969s] Level 1:colcon.colcon_core.environment:checking '/home/fuga1129/aurora_sim_v2/install/yolov8_ros2/bin'
[1.969s] Level 1:colcon.colcon_core.environment:create_environment_scripts_only(yolov8_ros2)
[1.969s] INFO:colcon.colcon_core.shell:Creating package script '/home/fuga1129/aurora_sim_v2/install/yolov8_ros2/share/yolov8_ros2/package.ps1'
[1.970s] INFO:colcon.colcon_core.shell:Creating package descriptor '/home/fuga1129/aurora_sim_v2/install/yolov8_ros2/share/yolov8_ros2/package.dsv'
[1.970s] INFO:colcon.colcon_core.shell:Creating package script '/home/fuga1129/aurora_sim_v2/install/yolov8_ros2/share/yolov8_ros2/package.sh'
[1.970s] INFO:colcon.colcon_core.shell:Creating package script '/home/fuga1129/aurora_sim_v2/install/yolov8_ros2/share/yolov8_ros2/package.bash'
[1.970s] INFO:colcon.colcon_core.shell:Creating package script '/home/fuga1129/aurora_sim_v2/install/yolov8_ros2/share/yolov8_ros2/package.zsh'
[1.971s] Level 1:colcon.colcon_core.environment:create_file_with_runtime_dependencies(/home/fuga1129/aurora_sim_v2/install/yolov8_ros2/share/colcon-core/packages/yolov8_ros2)
[1.971s] DEBUG:colcon.colcon_parallel_executor.executor.parallel:closing loop
[1.971s] DEBUG:colcon.colcon_parallel_executor.executor.parallel:loop closed
[1.971s] DEBUG:colcon.colcon_parallel_executor.executor.parallel:run_until_complete finished with '0'
[1.971s] DEBUG:colcon.colcon_core.event_reactor:joining thread
[1.978s] INFO:colcon.colcon_core.plugin_system:Skipping extension 'colcon_notification.desktop_notification.terminal_notifier': Not used on non-Darwin systems
[1.978s] INFO:colcon.colcon_core.plugin_system:Skipping extension 'colcon_notification.desktop_notification.win32': Not used on non-Windows systems
[1.978s] INFO:colcon.colcon_notification.desktop_notification:Sending desktop notification using 'notify2'
[1.986s] DEBUG:colcon.colcon_core.event_reactor:joined thread
[1.987s] INFO:colcon.colcon_core.shell:Creating prefix script '/home/fuga1129/aurora_sim_v2/install/local_setup.ps1'
[1.987s] INFO:colcon.colcon_core.shell:Creating prefix util module '/home/fuga1129/aurora_sim_v2/install/_local_setup_util_ps1.py'
[1.988s] INFO:colcon.colcon_core.shell:Creating prefix chain script '/home/fuga1129/aurora_sim_v2/install/setup.ps1'
[1.990s] INFO:colcon.colcon_core.shell:Creating prefix script '/home/fuga1129/aurora_sim_v2/install/local_setup.sh'
[1.990s] INFO:colcon.colcon_core.shell:Creating prefix util module '/home/fuga1129/aurora_sim_v2/install/_local_setup_util_sh.py'
[1.990s] INFO:colcon.colcon_core.shell:Creating prefix chain script '/home/fuga1129/aurora_sim_v2/install/setup.sh'
[1.992s] INFO:colcon.colcon_core.shell:Creating prefix script '/home/fuga1129/aurora_sim_v2/install/local_setup.bash'
[1.992s] INFO:colcon.colcon_core.shell:Creating prefix chain script '/home/fuga1129/aurora_sim_v2/install/setup.bash'
[1.993s] INFO:colcon.colcon_core.shell:Creating prefix script '/home/fuga1129/aurora_sim_v2/install/local_setup.zsh'
[1.994s] INFO:colcon.colcon_core.shell:Creating prefix chain script '/home/fuga1129/aurora_sim_v2/install/setup.zsh'
