[2.854s] Invoking command in '/home/fuga1129/aurora_sim_v2/src/aurora_drive': PYTHONPATH=/home/fuga1129/aurora_sim_v2/build/aurora_drive/prefix_override:/usr/lib/python3/dist-packages/colcon_core/task/python/colcon_distutils_commands:/home/fuga1129/aurora_sim_v2/install/aurora_drive/lib/python3.10/site-packages:${PYTHONPATH} /usr/bin/python3 -W ignore:setup.py install is deprecated -W ignore:easy_install command is deprecated setup.py egg_info --egg-base ../../build/aurora_drive build --build-base /home/fuga1129/aurora_sim_v2/build/aurora_drive/build install --record /home/fuga1129/aurora_sim_v2/build/aurora_drive/install.log --single-version-externally-managed install_data
[3.353s] running egg_info
[3.357s] writing ../../build/aurora_drive/aurora_drive.egg-info/PKG-INFO
[3.357s] writing dependency_links to ../../build/aurora_drive/aurora_drive.egg-info/dependency_links.txt
[3.357s] writing entry points to ../../build/aurora_drive/aurora_drive.egg-info/entry_points.txt
[3.357s] writing requirements to ../../build/aurora_drive/aurora_drive.egg-info/requires.txt
[3.358s] writing top-level names to ../../build/aurora_drive/aurora_drive.egg-info/top_level.txt
[3.362s] reading manifest file '../../build/aurora_drive/aurora_drive.egg-info/SOURCES.txt'
[3.366s] writing manifest file '../../build/aurora_drive/aurora_drive.egg-info/SOURCES.txt'
[3.370s] running build
[3.371s] running build_py
[3.371s] copying aurora_drive/aruco_marker_mapper.py -> /home/fuga1129/aurora_sim_v2/build/aurora_drive/build/lib/aurora_drive
[3.371s] running install
[3.371s] running install_lib
[3.373s] copying /home/fuga1129/aurora_sim_v2/build/aurora_drive/build/lib/aurora_drive/aruco_marker_mapper.py -> /home/fuga1129/aurora_sim_v2/install/aurora_drive/lib/python3.10/site-packages/aurora_drive
[3.373s] byte-compiling /home/fuga1129/aurora_sim_v2/install/aurora_drive/lib/python3.10/site-packages/aurora_drive/aruco_marker_mapper.py to aruco_marker_mapper.cpython-310.pyc
[3.374s] running install_data
[3.374s] running install_egg_info
[3.376s] removing '/home/fuga1129/aurora_sim_v2/install/aurora_drive/lib/python3.10/site-packages/aurora_drive-0.0.0-py3.10.egg-info' (and everything under it)
[3.379s] Copying ../../build/aurora_drive/aurora_drive.egg-info to /home/fuga1129/aurora_sim_v2/install/aurora_drive/lib/python3.10/site-packages/aurora_drive-0.0.0-py3.10.egg-info
[3.380s] running install_scripts
[3.421s] Installing ackermann_4wd_controller script to /home/fuga1129/aurora_sim_v2/install/aurora_drive/lib/aurora_drive
[3.421s] Installing ackermann_sim_controller script to /home/fuga1129/aurora_sim_v2/install/aurora_drive/lib/aurora_drive
[3.423s] Installing aruco_marker_mapper script to /home/fuga1129/aurora_sim_v2/install/aurora_drive/lib/aurora_drive
[3.424s] Installing odometry_4ws script to /home/fuga1129/aurora_sim_v2/install/aurora_drive/lib/aurora_drive
[3.425s] writing list of installed files to '/home/fuga1129/aurora_sim_v2/build/aurora_drive/install.log'
[3.486s] Invoked command in '/home/fuga1129/aurora_sim_v2/src/aurora_drive' returned '0': PYTHONPATH=/home/fuga1129/aurora_sim_v2/build/aurora_drive/prefix_override:/usr/lib/python3/dist-packages/colcon_core/task/python/colcon_distutils_commands:/home/fuga1129/aurora_sim_v2/install/aurora_drive/lib/python3.10/site-packages:${PYTHONPATH} /usr/bin/python3 -W ignore:setup.py install is deprecated -W ignore:easy_install command is deprecated setup.py egg_info --egg-base ../../build/aurora_drive build --build-base /home/fuga1129/aurora_sim_v2/build/aurora_drive/build install --record /home/fuga1129/aurora_sim_v2/build/aurora_drive/install.log --single-version-externally-managed install_data
