/home/fuga1129/aurora_sim_v2/install/yolov8_ros2/lib/python3.10/site-packages/yolov8_ros2/__init__.py
/home/fuga1129/aurora_sim_v2/install/yolov8_ros2/lib/python3.10/site-packages/yolov8_ros2/object_detection_srv.py
/home/fuga1129/aurora_sim_v2/install/yolov8_ros2/lib/python3.10/site-packages/yolov8_ros2/object_detection_tf.py
/home/fuga1129/aurora_sim_v2/install/yolov8_ros2/lib/python3.10/site-packages/yolov8_ros2/object_detection_action_server.py
/home/fuga1129/aurora_sim_v2/install/yolov8_ros2/lib/python3.10/site-packages/yolov8_ros2/object_segmentation.py
/home/fuga1129/aurora_sim_v2/install/yolov8_ros2/lib/python3.10/site-packages/yolov8_ros2/object_detection.py
/home/fuga1129/aurora_sim_v2/install/yolov8_ros2/lib/python3.10/site-packages/yolov8_ros2/__pycache__/__init__.cpython-310.pyc
/home/fuga1129/aurora_sim_v2/install/yolov8_ros2/lib/python3.10/site-packages/yolov8_ros2/__pycache__/object_detection_srv.cpython-310.pyc
/home/fuga1129/aurora_sim_v2/install/yolov8_ros2/lib/python3.10/site-packages/yolov8_ros2/__pycache__/object_detection_tf.cpython-310.pyc
/home/fuga1129/aurora_sim_v2/install/yolov8_ros2/lib/python3.10/site-packages/yolov8_ros2/__pycache__/object_detection_action_server.cpython-310.pyc
/home/fuga1129/aurora_sim_v2/install/yolov8_ros2/lib/python3.10/site-packages/yolov8_ros2/__pycache__/object_segmentation.cpython-310.pyc
/home/fuga1129/aurora_sim_v2/install/yolov8_ros2/lib/python3.10/site-packages/yolov8_ros2/__pycache__/object_detection.cpython-310.pyc
/home/fuga1129/aurora_sim_v2/install/yolov8_ros2/share/ament_index/resource_index/packages/yolov8_ros2
/home/fuga1129/aurora_sim_v2/install/yolov8_ros2/share/yolov8_ros2/package.xml
/home/fuga1129/aurora_sim_v2/install/yolov8_ros2/lib/python3.10/site-packages/yolov8_ros2-2.0.0-py3.10.egg-info/top_level.txt
/home/fuga1129/aurora_sim_v2/install/yolov8_ros2/lib/python3.10/site-packages/yolov8_ros2-2.0.0-py3.10.egg-info/requires.txt
/home/fuga1129/aurora_sim_v2/install/yolov8_ros2/lib/python3.10/site-packages/yolov8_ros2-2.0.0-py3.10.egg-info/dependency_links.txt
/home/fuga1129/aurora_sim_v2/install/yolov8_ros2/lib/python3.10/site-packages/yolov8_ros2-2.0.0-py3.10.egg-info/SOURCES.txt
/home/fuga1129/aurora_sim_v2/install/yolov8_ros2/lib/python3.10/site-packages/yolov8_ros2-2.0.0-py3.10.egg-info/zip-safe
/home/fuga1129/aurora_sim_v2/install/yolov8_ros2/lib/python3.10/site-packages/yolov8_ros2-2.0.0-py3.10.egg-info/PKG-INFO
/home/fuga1129/aurora_sim_v2/install/yolov8_ros2/lib/python3.10/site-packages/yolov8_ros2-2.0.0-py3.10.egg-info/entry_points.txt
/home/fuga1129/aurora_sim_v2/install/yolov8_ros2/lib/yolov8_ros2/object_detection
/home/fuga1129/aurora_sim_v2/install/yolov8_ros2/lib/yolov8_ros2/object_detection_action_server
/home/fuga1129/aurora_sim_v2/install/yolov8_ros2/lib/yolov8_ros2/object_detection_srv
/home/fuga1129/aurora_sim_v2/install/yolov8_ros2/lib/yolov8_ros2/object_detection_tf
/home/fuga1129/aurora_sim_v2/install/yolov8_ros2/lib/yolov8_ros2/object_segmentation
