[2.445s] Invoking command in '/home/fuga1129/aurora_sim_v2/src/ros2_aruco/ros2_aruco': PYTHONPATH=/home/fuga1129/aurora_sim_v2/build/ros2_aruco/prefix_override:/usr/lib/python3/dist-packages/colcon_core/task/python/colcon_distutils_commands:/home/fuga1129/aurora_sim_v2/install/ros2_aruco/lib/python3.10/site-packages:${PYTHONPATH} /usr/bin/python3 -W ignore:setup.py install is deprecated -W ignore:easy_install command is deprecated setup.py egg_info --egg-base ../../../build/ros2_aruco build --build-base /home/fuga1129/aurora_sim_v2/build/ros2_aruco/build install --record /home/fuga1129/aurora_sim_v2/build/ros2_aruco/install.log --single-version-externally-managed install_data
[2.850s] running egg_info
[2.851s] writing ../../../build/ros2_aruco/ros2_aruco.egg-info/PKG-INFO
[2.851s] writing dependency_links to ../../../build/ros2_aruco/ros2_aruco.egg-info/dependency_links.txt
[2.852s] writing entry points to ../../../build/ros2_aruco/ros2_aruco.egg-info/entry_points.txt
[2.853s] writing requirements to ../../../build/ros2_aruco/ros2_aruco.egg-info/requires.txt
[2.853s] writing top-level names to ../../../build/ros2_aruco/ros2_aruco.egg-info/top_level.txt
[2.856s] reading manifest file '../../../build/ros2_aruco/ros2_aruco.egg-info/SOURCES.txt'
[2.856s] writing manifest file '../../../build/ros2_aruco/ros2_aruco.egg-info/SOURCES.txt'
[2.857s] running build
[2.857s] running build_py
[2.857s] running install
[2.858s] running install_lib
[2.860s] running install_data
[2.860s] running install_egg_info
[2.863s] removing '/home/fuga1129/aurora_sim_v2/install/ros2_aruco/lib/python3.10/site-packages/ros2_aruco-0.1.0-py3.10.egg-info' (and everything under it)
[2.863s] Copying ../../../build/ros2_aruco/ros2_aruco.egg-info to /home/fuga1129/aurora_sim_v2/install/ros2_aruco/lib/python3.10/site-packages/ros2_aruco-0.1.0-py3.10.egg-info
[2.865s] running install_scripts
[2.899s] Installing aruco_generate_marker script to /home/fuga1129/aurora_sim_v2/install/ros2_aruco/lib/ros2_aruco
[2.899s] Installing aruco_node script to /home/fuga1129/aurora_sim_v2/install/ros2_aruco/lib/ros2_aruco
[2.901s] writing list of installed files to '/home/fuga1129/aurora_sim_v2/build/ros2_aruco/install.log'
[2.950s] Invoked command in '/home/fuga1129/aurora_sim_v2/src/ros2_aruco/ros2_aruco' returned '0': PYTHONPATH=/home/fuga1129/aurora_sim_v2/build/ros2_aruco/prefix_override:/usr/lib/python3/dist-packages/colcon_core/task/python/colcon_distutils_commands:/home/fuga1129/aurora_sim_v2/install/ros2_aruco/lib/python3.10/site-packages:${PYTHONPATH} /usr/bin/python3 -W ignore:setup.py install is deprecated -W ignore:easy_install command is deprecated setup.py egg_info --egg-base ../../../build/ros2_aruco build --build-base /home/fuga1129/aurora_sim_v2/build/ros2_aruco/build install --record /home/fuga1129/aurora_sim_v2/build/ros2_aruco/install.log --single-version-externally-managed install_data
