[2.933s] Invoking command in '/home/fuga1129/aurora_sim_v2/src/chapter5/opencv_ros2': PYTHONPATH=/home/fuga1129/aurora_sim_v2/build/opencv_ros2/prefix_override:/usr/lib/python3/dist-packages/colcon_core/task/python/colcon_distutils_commands:/home/fuga1129/aurora_sim_v2/install/opencv_ros2/lib/python3.10/site-packages:${PYTHONPATH} /usr/bin/python3 -W ignore:setup.py install is deprecated -W ignore:easy_install command is deprecated setup.py egg_info --egg-base ../../../build/opencv_ros2 build --build-base /home/fuga1129/aurora_sim_v2/build/opencv_ros2/build install --record /home/fuga1129/aurora_sim_v2/build/opencv_ros2/install.log --single-version-externally-managed install_data
[3.369s] running egg_info
[3.372s] writing ../../../build/opencv_ros2/opencv_ros2.egg-info/PKG-INFO
[3.372s] writing dependency_links to ../../../build/opencv_ros2/opencv_ros2.egg-info/dependency_links.txt
[3.372s] writing entry points to ../../../build/opencv_ros2/opencv_ros2.egg-info/entry_points.txt
[3.372s] writing requirements to ../../../build/opencv_ros2/opencv_ros2.egg-info/requires.txt
[3.373s] writing top-level names to ../../../build/opencv_ros2/opencv_ros2.egg-info/top_level.txt
[3.378s] reading manifest file '../../../build/opencv_ros2/opencv_ros2.egg-info/SOURCES.txt'
[3.378s] adding license file 'LICENSE'
[3.380s] writing manifest file '../../../build/opencv_ros2/opencv_ros2.egg-info/SOURCES.txt'
[3.381s] running build
[3.382s] running build_py
[3.384s] running install
[3.385s] running install_lib
[3.387s] running install_data
[3.387s] running install_egg_info
[3.391s] removing '/home/fuga1129/aurora_sim_v2/install/opencv_ros2/lib/python3.10/site-packages/opencv_ros2-2.0.0-py3.10.egg-info' (and everything under it)
[3.391s] Copying ../../../build/opencv_ros2/opencv_ros2.egg-info to /home/fuga1129/aurora_sim_v2/install/opencv_ros2/lib/python3.10/site-packages/opencv_ros2-2.0.0-py3.10.egg-info
[3.393s] running install_scripts
[3.432s] Installing aruco_node_tf script to /home/fuga1129/aurora_sim_v2/install/opencv_ros2/lib/opencv_ros2
[3.432s] Installing aruco_node_tf_v2 script to /home/fuga1129/aurora_sim_v2/install/opencv_ros2/lib/opencv_ros2
[3.432s] Installing canny_edge_detection script to /home/fuga1129/aurora_sim_v2/install/opencv_ros2/lib/opencv_ros2
[3.432s] Installing challenge5_1_say_hello script to /home/fuga1129/aurora_sim_v2/install/opencv_ros2/lib/opencv_ros2
[3.433s] Installing challenge5_2_cup_direction script to /home/fuga1129/aurora_sim_v2/install/opencv_ros2/lib/opencv_ros2
[3.433s] Installing face_detection script to /home/fuga1129/aurora_sim_v2/install/opencv_ros2/lib/opencv_ros2
[3.433s] Installing imgproc_opencv_ros script to /home/fuga1129/aurora_sim_v2/install/opencv_ros2/lib/opencv_ros2
[3.433s] Installing qrcode_detector script to /home/fuga1129/aurora_sim_v2/install/opencv_ros2/lib/opencv_ros2
[3.433s] Installing quiz5_1_smile_detection script to /home/fuga1129/aurora_sim_v2/install/opencv_ros2/lib/opencv_ros2
[3.434s] writing list of installed files to '/home/fuga1129/aurora_sim_v2/build/opencv_ros2/install.log'
[3.492s] Invoked command in '/home/fuga1129/aurora_sim_v2/src/chapter5/opencv_ros2' returned '0': PYTHONPATH=/home/fuga1129/aurora_sim_v2/build/opencv_ros2/prefix_override:/usr/lib/python3/dist-packages/colcon_core/task/python/colcon_distutils_commands:/home/fuga1129/aurora_sim_v2/install/opencv_ros2/lib/python3.10/site-packages:${PYTHONPATH} /usr/bin/python3 -W ignore:setup.py install is deprecated -W ignore:easy_install command is deprecated setup.py egg_info --egg-base ../../../build/opencv_ros2 build --build-base /home/fuga1129/aurora_sim_v2/build/opencv_ros2/build install --record /home/fuga1129/aurora_sim_v2/build/opencv_ros2/install.log --single-version-externally-managed install_data
