[0.353s] Invoking command in '/home/fuga1129/aurora_sim_v2/build/aurora1': PYTHONPATH=/home/fuga1129/aurora_sim_v2/build/aurora1/prefix_override:/usr/lib/python3/dist-packages/colcon_core/task/python/colcon_distutils_commands:/home/fuga1129/aurora_sim_v2/install/aurora1/lib/python3.10/site-packages:${PYTHONPATH} /usr/bin/python3 -W ignore:setup.py install is deprecated -W ignore:easy_install command is deprecated setup.py develop --editable --build-directory /home/fuga1129/aurora_sim_v2/build/aurora1/build --no-deps symlink_data
[0.498s] running develop
[0.580s] running egg_info
[0.581s] writing aurora1.egg-info/PKG-INFO
[0.581s] writing dependency_links to aurora1.egg-info/dependency_links.txt
[0.581s] writing entry points to aurora1.egg-info/entry_points.txt
[0.581s] writing requirements to aurora1.egg-info/requires.txt
[0.581s] writing top-level names to aurora1.egg-info/top_level.txt
[0.582s] reading manifest file 'aurora1.egg-info/SOURCES.txt'
[0.583s] writing manifest file 'aurora1.egg-info/SOURCES.txt'
[0.583s] running build_ext
[0.583s] Creating /home/fuga1129/aurora_sim_v2/install/aurora1/lib/python3.10/site-packages/aurora1.egg-link (link to .)
[0.584s] Installing ackermann_4wd_controller script to /home/fuga1129/aurora_sim_v2/install/aurora1/lib/aurora1
[0.584s] 
[0.584s] Installed /home/fuga1129/aurora_sim_v2/build/aurora1
[0.584s] running symlink_data
[0.584s] symbolically linking /home/fuga1129/aurora_sim_v2/build/aurora1/config/ekf.yaml -> /home/fuga1129/aurora_sim_v2/install/aurora1/share/aurora1/config
[0.585s] error: [Errno 17] File exists: '/home/fuga1129/aurora_sim_v2/build/aurora1/description/robot.urdf.xacro' -> '/home/fuga1129/aurora_sim_v2/install/aurora1/share/aurora1/description/robot.urdf.xacro'
[0.585s] symbolically linking /home/fuga1129/aurora_sim_v2/build/aurora1/description/robot.urdf.xacro -> /home/fuga1129/aurora_sim_v2/install/aurora1/share/aurora1/description
[0.600s] Invoked command in '/home/fuga1129/aurora_sim_v2/build/aurora1' returned '1': PYTHONPATH=/home/fuga1129/aurora_sim_v2/build/aurora1/prefix_override:/usr/lib/python3/dist-packages/colcon_core/task/python/colcon_distutils_commands:/home/fuga1129/aurora_sim_v2/install/aurora1/lib/python3.10/site-packages:${PYTHONPATH} /usr/bin/python3 -W ignore:setup.py install is deprecated -W ignore:easy_install command is deprecated setup.py develop --editable --build-directory /home/fuga1129/aurora_sim_v2/build/aurora1/build --no-deps symlink_data
