[0.165s] DEBUG:colcon:Command line arguments: ['/usr/bin/colcon', 'build']
[0.165s] DEBUG:colcon:Parsed command line arguments: Namespace(log_base=None, log_level=None, verb_name='build', build_base='build', install_base='install', merge_install=False, symlink_install=False, test_result_base=None, continue_on_error=False, executor='parallel', parallel_workers=12, event_handlers=None, ignore_user_meta=False, metas=['./colcon.meta'], base_paths=['.'], packages_ignore=None, packages_ignore_regex=None, paths=None, packages_up_to=None, packages_up_to_regex=None, packages_above=None, packages_above_and_dependencies=None, packages_above_depth=None, packages_select_by_dep=None, packages_skip_by_dep=None, packages_skip_up_to=None, packages_select_build_failed=False, packages_skip_build_finished=False, packages_select_test_failures=False, packages_skip_test_passed=False, packages_select=None, packages_skip=None, packages_select_regex=None, packages_skip_regex=None, packages_start=None, packages_end=None, allow_overriding=[], cmake_args=None, cmake_target=None, cmake_target_skip_unavailable=False, cmake_clean_cache=False, cmake_clean_first=False, cmake_force_configure=False, ament_cmake_args=None, catkin_cmake_args=None, catkin_skip_building_tests=False, mixin_files=None, mixin=None, verb_parser=<colcon_mixin.mixin.mixin_argument.MixinArgumentDecorator object at 0x701656680ac0>, verb_extension=<colcon_core.verb.build.BuildVerb object at 0x701656795a20>, main=<bound method BuildVerb.main of <colcon_core.verb.build.BuildVerb object at 0x701656795a20>>, mixin_verb=('build',))
[0.391s] Level 1:colcon.colcon_core.package_discovery:discover_packages(colcon_meta) check parameters
[0.391s] Level 1:colcon.colcon_core.package_discovery:discover_packages(recursive) check parameters
[0.391s] Level 1:colcon.colcon_core.package_discovery:discover_packages(ignore) check parameters
[0.391s] Level 1:colcon.colcon_core.package_discovery:discover_packages(path) check parameters
[0.391s] Level 1:colcon.colcon_core.package_discovery:discover_packages(colcon_meta) discover
[0.391s] Level 1:colcon.colcon_core.package_discovery:discover_packages(recursive) discover
[0.391s] INFO:colcon.colcon_core.package_discovery:Crawling recursively for packages in '/home/fuga1129/aurora_sim_v2'
[0.391s] Level 1:colcon.colcon_core.package_identification:_identify(.) by extensions ['ignore', 'ignore_ament_install']
[0.391s] Level 1:colcon.colcon_core.package_identification:_identify(.) by extension 'ignore'
[0.391s] Level 1:colcon.colcon_core.package_identification:_identify(.) by extension 'ignore_ament_install'
[0.391s] Level 1:colcon.colcon_core.package_identification:_identify(.) by extensions ['colcon_pkg']
[0.391s] Level 1:colcon.colcon_core.package_identification:_identify(.) by extension 'colcon_pkg'
[0.391s] Level 1:colcon.colcon_core.package_identification:_identify(.) by extensions ['colcon_meta']
[0.391s] Level 1:colcon.colcon_core.package_identification:_identify(.) by extension 'colcon_meta'
[0.391s] Level 1:colcon.colcon_core.package_identification:_identify(.) by extensions ['ros']
[0.391s] Level 1:colcon.colcon_core.package_identification:_identify(.) by extension 'ros'
[0.403s] Level 1:colcon.colcon_core.package_identification:_identify(.) by extensions ['cmake', 'python']
[0.403s] Level 1:colcon.colcon_core.package_identification:_identify(.) by extension 'cmake'
[0.403s] Level 1:colcon.colcon_core.package_identification:_identify(.) by extension 'python'
[0.404s] Level 1:colcon.colcon_core.package_identification:_identify(.) by extensions ['python_setup_py']
[0.404s] Level 1:colcon.colcon_core.package_identification:_identify(.) by extension 'python_setup_py'
[0.404s] Level 1:colcon.colcon_core.package_identification:_identify(build) by extensions ['ignore', 'ignore_ament_install']
[0.404s] Level 1:colcon.colcon_core.package_identification:_identify(build) by extension 'ignore'
[0.404s] Level 1:colcon.colcon_core.package_identification:_identify(build) ignored
[0.404s] Level 1:colcon.colcon_core.package_identification:_identify(install) by extensions ['ignore', 'ignore_ament_install']
[0.404s] Level 1:colcon.colcon_core.package_identification:_identify(install) by extension 'ignore'
[0.404s] Level 1:colcon.colcon_core.package_identification:_identify(install) ignored
[0.404s] Level 1:colcon.colcon_core.package_identification:_identify(log) by extensions ['ignore', 'ignore_ament_install']
[0.404s] Level 1:colcon.colcon_core.package_identification:_identify(log) by extension 'ignore'
[0.404s] Level 1:colcon.colcon_core.package_identification:_identify(log) ignored
[0.404s] Level 1:colcon.colcon_core.package_identification:_identify(src) by extensions ['ignore', 'ignore_ament_install']
[0.405s] Level 1:colcon.colcon_core.package_identification:_identify(src) by extension 'ignore'
[0.405s] Level 1:colcon.colcon_core.package_identification:_identify(src) by extension 'ignore_ament_install'
[0.405s] Level 1:colcon.colcon_core.package_identification:_identify(src) by extensions ['colcon_pkg']
[0.405s] Level 1:colcon.colcon_core.package_identification:_identify(src) by extension 'colcon_pkg'
[0.405s] Level 1:colcon.colcon_core.package_identification:_identify(src) by extensions ['colcon_meta']
[0.405s] Level 1:colcon.colcon_core.package_identification:_identify(src) by extension 'colcon_meta'
[0.405s] Level 1:colcon.colcon_core.package_identification:_identify(src) by extensions ['ros']
[0.405s] Level 1:colcon.colcon_core.package_identification:_identify(src) by extension 'ros'
[0.405s] Level 1:colcon.colcon_core.package_identification:_identify(src) by extensions ['cmake', 'python']
[0.405s] Level 1:colcon.colcon_core.package_identification:_identify(src) by extension 'cmake'
[0.405s] Level 1:colcon.colcon_core.package_identification:_identify(src) by extension 'python'
[0.405s] Level 1:colcon.colcon_core.package_identification:_identify(src) by extensions ['python_setup_py']
[0.405s] Level 1:colcon.colcon_core.package_identification:_identify(src) by extension 'python_setup_py'
[0.405s] Level 1:colcon.colcon_core.package_identification:_identify(src/aurora1) by extensions ['ignore', 'ignore_ament_install']
[0.405s] Level 1:colcon.colcon_core.package_identification:_identify(src/aurora1) by extension 'ignore'
[0.405s] Level 1:colcon.colcon_core.package_identification:_identify(src/aurora1) by extension 'ignore_ament_install'
[0.405s] Level 1:colcon.colcon_core.package_identification:_identify(src/aurora1) by extensions ['colcon_pkg']
[0.406s] Level 1:colcon.colcon_core.package_identification:_identify(src/aurora1) by extension 'colcon_pkg'
[0.406s] Level 1:colcon.colcon_core.package_identification:_identify(src/aurora1) by extensions ['colcon_meta']
[0.406s] Level 1:colcon.colcon_core.package_identification:_identify(src/aurora1) by extension 'colcon_meta'
[0.406s] Level 1:colcon.colcon_core.package_identification:_identify(src/aurora1) by extensions ['ros']
[0.406s] Level 1:colcon.colcon_core.package_identification:_identify(src/aurora1) by extension 'ros'
[0.409s] DEBUG:colcon.colcon_core.package_identification:Package 'src/aurora1' with type 'ros.ament_python' and name 'aurora1'
[0.409s] Level 1:colcon.colcon_core.package_identification:_identify(src/aurora_drive) by extensions ['ignore', 'ignore_ament_install']
[0.409s] Level 1:colcon.colcon_core.package_identification:_identify(src/aurora_drive) by extension 'ignore'
[0.409s] Level 1:colcon.colcon_core.package_identification:_identify(src/aurora_drive) by extension 'ignore_ament_install'
[0.409s] Level 1:colcon.colcon_core.package_identification:_identify(src/aurora_drive) by extensions ['colcon_pkg']
[0.409s] Level 1:colcon.colcon_core.package_identification:_identify(src/aurora_drive) by extension 'colcon_pkg'
[0.409s] Level 1:colcon.colcon_core.package_identification:_identify(src/aurora_drive) by extensions ['colcon_meta']
[0.409s] Level 1:colcon.colcon_core.package_identification:_identify(src/aurora_drive) by extension 'colcon_meta'
[0.409s] Level 1:colcon.colcon_core.package_identification:_identify(src/aurora_drive) by extensions ['ros']
[0.409s] Level 1:colcon.colcon_core.package_identification:_identify(src/aurora_drive) by extension 'ros'
[0.410s] DEBUG:colcon.colcon_core.package_identification:Package 'src/aurora_drive' with type 'ros.ament_python' and name 'aurora_drive'
[0.410s] Level 1:colcon.colcon_core.package_identification:_identify(src/chapter5) by extensions ['ignore', 'ignore_ament_install']
[0.410s] Level 1:colcon.colcon_core.package_identification:_identify(src/chapter5) by extension 'ignore'
[0.410s] Level 1:colcon.colcon_core.package_identification:_identify(src/chapter5) by extension 'ignore_ament_install'
[0.410s] Level 1:colcon.colcon_core.package_identification:_identify(src/chapter5) by extensions ['colcon_pkg']
[0.411s] Level 1:colcon.colcon_core.package_identification:_identify(src/chapter5) by extension 'colcon_pkg'
[0.411s] Level 1:colcon.colcon_core.package_identification:_identify(src/chapter5) by extensions ['colcon_meta']
[0.411s] Level 1:colcon.colcon_core.package_identification:_identify(src/chapter5) by extension 'colcon_meta'
[0.411s] Level 1:colcon.colcon_core.package_identification:_identify(src/chapter5) by extensions ['ros']
[0.411s] Level 1:colcon.colcon_core.package_identification:_identify(src/chapter5) by extension 'ros'
[0.411s] Level 1:colcon.colcon_core.package_identification:_identify(src/chapter5) by extensions ['cmake', 'python']
[0.411s] Level 1:colcon.colcon_core.package_identification:_identify(src/chapter5) by extension 'cmake'
[0.411s] Level 1:colcon.colcon_core.package_identification:_identify(src/chapter5) by extension 'python'
[0.411s] Level 1:colcon.colcon_core.package_identification:_identify(src/chapter5) by extensions ['python_setup_py']
[0.411s] Level 1:colcon.colcon_core.package_identification:_identify(src/chapter5) by extension 'python_setup_py'
[0.411s] Level 1:colcon.colcon_core.package_identification:_identify(src/chapter5/opencv_ros2) by extensions ['ignore', 'ignore_ament_install']
[0.411s] Level 1:colcon.colcon_core.package_identification:_identify(src/chapter5/opencv_ros2) by extension 'ignore'
[0.411s] Level 1:colcon.colcon_core.package_identification:_identify(src/chapter5/opencv_ros2) by extension 'ignore_ament_install'
[0.411s] Level 1:colcon.colcon_core.package_identification:_identify(src/chapter5/opencv_ros2) by extensions ['colcon_pkg']
[0.411s] Level 1:colcon.colcon_core.package_identification:_identify(src/chapter5/opencv_ros2) by extension 'colcon_pkg'
[0.411s] Level 1:colcon.colcon_core.package_identification:_identify(src/chapter5/opencv_ros2) by extensions ['colcon_meta']
[0.411s] Level 1:colcon.colcon_core.package_identification:_identify(src/chapter5/opencv_ros2) by extension 'colcon_meta'
[0.411s] Level 1:colcon.colcon_core.package_identification:_identify(src/chapter5/opencv_ros2) by extensions ['ros']
[0.411s] Level 1:colcon.colcon_core.package_identification:_identify(src/chapter5/opencv_ros2) by extension 'ros'
[0.412s] DEBUG:colcon.colcon_core.package_identification:Package 'src/chapter5/opencv_ros2' with type 'ros.ament_python' and name 'opencv_ros2'
[0.412s] Level 1:colcon.colcon_core.package_identification:_identify(src/chapter5/yolov8_ros2) by extensions ['ignore', 'ignore_ament_install']
[0.412s] Level 1:colcon.colcon_core.package_identification:_identify(src/chapter5/yolov8_ros2) by extension 'ignore'
[0.412s] Level 1:colcon.colcon_core.package_identification:_identify(src/chapter5/yolov8_ros2) by extension 'ignore_ament_install'
[0.412s] Level 1:colcon.colcon_core.package_identification:_identify(src/chapter5/yolov8_ros2) by extensions ['colcon_pkg']
[0.412s] Level 1:colcon.colcon_core.package_identification:_identify(src/chapter5/yolov8_ros2) by extension 'colcon_pkg'
[0.412s] Level 1:colcon.colcon_core.package_identification:_identify(src/chapter5/yolov8_ros2) by extensions ['colcon_meta']
[0.412s] Level 1:colcon.colcon_core.package_identification:_identify(src/chapter5/yolov8_ros2) by extension 'colcon_meta'
[0.412s] Level 1:colcon.colcon_core.package_identification:_identify(src/chapter5/yolov8_ros2) by extensions ['ros']
[0.412s] Level 1:colcon.colcon_core.package_identification:_identify(src/chapter5/yolov8_ros2) by extension 'ros'
[0.413s] DEBUG:colcon.colcon_core.package_identification:Package 'src/chapter5/yolov8_ros2' with type 'ros.ament_python' and name 'yolov8_ros2'
[0.413s] Level 1:colcon.colcon_core.package_identification:_identify(src/ros2_aruco) by extensions ['ignore', 'ignore_ament_install']
[0.413s] Level 1:colcon.colcon_core.package_identification:_identify(src/ros2_aruco) by extension 'ignore'
[0.413s] Level 1:colcon.colcon_core.package_identification:_identify(src/ros2_aruco) by extension 'ignore_ament_install'
[0.413s] Level 1:colcon.colcon_core.package_identification:_identify(src/ros2_aruco) by extensions ['colcon_pkg']
[0.413s] Level 1:colcon.colcon_core.package_identification:_identify(src/ros2_aruco) by extension 'colcon_pkg'
[0.413s] Level 1:colcon.colcon_core.package_identification:_identify(src/ros2_aruco) by extensions ['colcon_meta']
[0.413s] Level 1:colcon.colcon_core.package_identification:_identify(src/ros2_aruco) by extension 'colcon_meta'
[0.413s] Level 1:colcon.colcon_core.package_identification:_identify(src/ros2_aruco) by extensions ['ros']
[0.413s] Level 1:colcon.colcon_core.package_identification:_identify(src/ros2_aruco) by extension 'ros'
[0.413s] Level 1:colcon.colcon_core.package_identification:_identify(src/ros2_aruco) by extensions ['cmake', 'python']
[0.413s] Level 1:colcon.colcon_core.package_identification:_identify(src/ros2_aruco) by extension 'cmake'
[0.413s] Level 1:colcon.colcon_core.package_identification:_identify(src/ros2_aruco) by extension 'python'
[0.413s] Level 1:colcon.colcon_core.package_identification:_identify(src/ros2_aruco) by extensions ['python_setup_py']
[0.413s] Level 1:colcon.colcon_core.package_identification:_identify(src/ros2_aruco) by extension 'python_setup_py'
[0.414s] Level 1:colcon.colcon_core.package_identification:_identify(src/ros2_aruco/ros2_aruco) by extensions ['ignore', 'ignore_ament_install']
[0.414s] Level 1:colcon.colcon_core.package_identification:_identify(src/ros2_aruco/ros2_aruco) by extension 'ignore'
[0.414s] Level 1:colcon.colcon_core.package_identification:_identify(src/ros2_aruco/ros2_aruco) by extension 'ignore_ament_install'
[0.414s] Level 1:colcon.colcon_core.package_identification:_identify(src/ros2_aruco/ros2_aruco) by extensions ['colcon_pkg']
[0.414s] Level 1:colcon.colcon_core.package_identification:_identify(src/ros2_aruco/ros2_aruco) by extension 'colcon_pkg'
[0.414s] Level 1:colcon.colcon_core.package_identification:_identify(src/ros2_aruco/ros2_aruco) by extensions ['colcon_meta']
[0.414s] Level 1:colcon.colcon_core.package_identification:_identify(src/ros2_aruco/ros2_aruco) by extension 'colcon_meta'
[0.414s] Level 1:colcon.colcon_core.package_identification:_identify(src/ros2_aruco/ros2_aruco) by extensions ['ros']
[0.414s] Level 1:colcon.colcon_core.package_identification:_identify(src/ros2_aruco/ros2_aruco) by extension 'ros'
[0.415s] DEBUG:colcon.colcon_core.package_identification:Package 'src/ros2_aruco/ros2_aruco' with type 'ros.ament_python' and name 'ros2_aruco'
[0.415s] Level 1:colcon.colcon_core.package_identification:_identify(src/ros2_aruco/ros2_aruco_interfaces) by extensions ['ignore', 'ignore_ament_install']
[0.415s] Level 1:colcon.colcon_core.package_identification:_identify(src/ros2_aruco/ros2_aruco_interfaces) by extension 'ignore'
[0.415s] Level 1:colcon.colcon_core.package_identification:_identify(src/ros2_aruco/ros2_aruco_interfaces) by extension 'ignore_ament_install'
[0.415s] Level 1:colcon.colcon_core.package_identification:_identify(src/ros2_aruco/ros2_aruco_interfaces) by extensions ['colcon_pkg']
[0.415s] Level 1:colcon.colcon_core.package_identification:_identify(src/ros2_aruco/ros2_aruco_interfaces) by extension 'colcon_pkg'
[0.415s] Level 1:colcon.colcon_core.package_identification:_identify(src/ros2_aruco/ros2_aruco_interfaces) by extensions ['colcon_meta']
[0.415s] Level 1:colcon.colcon_core.package_identification:_identify(src/ros2_aruco/ros2_aruco_interfaces) by extension 'colcon_meta'
[0.415s] Level 1:colcon.colcon_core.package_identification:_identify(src/ros2_aruco/ros2_aruco_interfaces) by extensions ['ros']
[0.415s] Level 1:colcon.colcon_core.package_identification:_identify(src/ros2_aruco/ros2_aruco_interfaces) by extension 'ros'
[0.418s] DEBUG:colcon.colcon_core.package_identification:Package 'src/ros2_aruco/ros2_aruco_interfaces' with type 'ros.ament_cmake' and name 'ros2_aruco_interfaces'
[0.418s] Level 1:colcon.colcon_core.package_discovery:discover_packages(recursive) using defaults
[0.418s] Level 1:colcon.colcon_core.package_discovery:discover_packages(ignore) discover
[0.418s] Level 1:colcon.colcon_core.package_discovery:discover_packages(ignore) using defaults
[0.418s] Level 1:colcon.colcon_core.package_discovery:discover_packages(path) discover
[0.418s] Level 1:colcon.colcon_core.package_discovery:discover_packages(path) using defaults
[0.459s] Level 1:colcon.colcon_core.package_discovery:discover_packages(prefix_path) check parameters
[0.459s] Level 1:colcon.colcon_core.package_discovery:discover_packages(prefix_path) discover
[0.462s] DEBUG:colcon.colcon_installed_package_information.package_discovery:Found 6 installed packages in /home/fuga1129/aurora_sim_v2/install
[0.464s] DEBUG:colcon.colcon_installed_package_information.package_discovery:Found 55 installed packages in /home/fuga1129/moveit2_ws/install
[0.466s] DEBUG:colcon.colcon_installed_package_information.package_discovery:Found 415 installed packages in /opt/ros/humble
[0.468s] Level 1:colcon.colcon_core.package_discovery:discover_packages(prefix_path) using defaults
[0.550s] Level 5:colcon.colcon_core.verb:set package 'aurora1' build argument 'cmake_args' from command line to 'None'
[0.550s] Level 5:colcon.colcon_core.verb:set package 'aurora1' build argument 'cmake_target' from command line to 'None'
[0.551s] Level 5:colcon.colcon_core.verb:set package 'aurora1' build argument 'cmake_target_skip_unavailable' from command line to 'False'
[0.551s] Level 5:colcon.colcon_core.verb:set package 'aurora1' build argument 'cmake_clean_cache' from command line to 'False'
[0.551s] Level 5:colcon.colcon_core.verb:set package 'aurora1' build argument 'cmake_clean_first' from command line to 'False'
[0.551s] Level 5:colcon.colcon_core.verb:set package 'aurora1' build argument 'cmake_force_configure' from command line to 'False'
[0.551s] Level 5:colcon.colcon_core.verb:set package 'aurora1' build argument 'ament_cmake_args' from command line to 'None'
[0.551s] Level 5:colcon.colcon_core.verb:set package 'aurora1' build argument 'catkin_cmake_args' from command line to 'None'
[0.551s] Level 5:colcon.colcon_core.verb:set package 'aurora1' build argument 'catkin_skip_building_tests' from command line to 'False'
[0.551s] DEBUG:colcon.colcon_core.verb:Building package 'aurora1' with the following arguments: {'ament_cmake_args': None, 'build_base': '/home/fuga1129/aurora_sim_v2/build/aurora1', 'catkin_cmake_args': None, 'catkin_skip_building_tests': False, 'cmake_args': None, 'cmake_clean_cache': False, 'cmake_clean_first': False, 'cmake_force_configure': False, 'cmake_target': None, 'cmake_target_skip_unavailable': False, 'install_base': '/home/fuga1129/aurora_sim_v2/install/aurora1', 'merge_install': False, 'path': '/home/fuga1129/aurora_sim_v2/src/aurora1', 'symlink_install': False, 'test_result_base': None}
[0.551s] Level 5:colcon.colcon_core.verb:set package 'aurora_drive' build argument 'cmake_args' from command line to 'None'
[0.551s] Level 5:colcon.colcon_core.verb:set package 'aurora_drive' build argument 'cmake_target' from command line to 'None'
[0.552s] Level 5:colcon.colcon_core.verb:set package 'aurora_drive' build argument 'cmake_target_skip_unavailable' from command line to 'False'
[0.552s] Level 5:colcon.colcon_core.verb:set package 'aurora_drive' build argument 'cmake_clean_cache' from command line to 'False'
[0.552s] Level 5:colcon.colcon_core.verb:set package 'aurora_drive' build argument 'cmake_clean_first' from command line to 'False'
[0.552s] Level 5:colcon.colcon_core.verb:set package 'aurora_drive' build argument 'cmake_force_configure' from command line to 'False'
[0.552s] Level 5:colcon.colcon_core.verb:set package 'aurora_drive' build argument 'ament_cmake_args' from command line to 'None'
[0.552s] Level 5:colcon.colcon_core.verb:set package 'aurora_drive' build argument 'catkin_cmake_args' from command line to 'None'
[0.552s] Level 5:colcon.colcon_core.verb:set package 'aurora_drive' build argument 'catkin_skip_building_tests' from command line to 'False'
[0.552s] DEBUG:colcon.colcon_core.verb:Building package 'aurora_drive' with the following arguments: {'ament_cmake_args': None, 'build_base': '/home/fuga1129/aurora_sim_v2/build/aurora_drive', 'catkin_cmake_args': None, 'catkin_skip_building_tests': False, 'cmake_args': None, 'cmake_clean_cache': False, 'cmake_clean_first': False, 'cmake_force_configure': False, 'cmake_target': None, 'cmake_target_skip_unavailable': False, 'install_base': '/home/fuga1129/aurora_sim_v2/install/aurora_drive', 'merge_install': False, 'path': '/home/fuga1129/aurora_sim_v2/src/aurora_drive', 'symlink_install': False, 'test_result_base': None}
[0.552s] Level 5:colcon.colcon_core.verb:set package 'opencv_ros2' build argument 'cmake_args' from command line to 'None'
[0.552s] Level 5:colcon.colcon_core.verb:set package 'opencv_ros2' build argument 'cmake_target' from command line to 'None'
[0.552s] Level 5:colcon.colcon_core.verb:set package 'opencv_ros2' build argument 'cmake_target_skip_unavailable' from command line to 'False'
[0.552s] Level 5:colcon.colcon_core.verb:set package 'opencv_ros2' build argument 'cmake_clean_cache' from command line to 'False'
[0.552s] Level 5:colcon.colcon_core.verb:set package 'opencv_ros2' build argument 'cmake_clean_first' from command line to 'False'
[0.553s] Level 5:colcon.colcon_core.verb:set package 'opencv_ros2' build argument 'cmake_force_configure' from command line to 'False'
[0.553s] Level 5:colcon.colcon_core.verb:set package 'opencv_ros2' build argument 'ament_cmake_args' from command line to 'None'
[0.553s] Level 5:colcon.colcon_core.verb:set package 'opencv_ros2' build argument 'catkin_cmake_args' from command line to 'None'
[0.553s] Level 5:colcon.colcon_core.verb:set package 'opencv_ros2' build argument 'catkin_skip_building_tests' from command line to 'False'
[0.553s] DEBUG:colcon.colcon_core.verb:Building package 'opencv_ros2' with the following arguments: {'ament_cmake_args': None, 'build_base': '/home/fuga1129/aurora_sim_v2/build/opencv_ros2', 'catkin_cmake_args': None, 'catkin_skip_building_tests': False, 'cmake_args': None, 'cmake_clean_cache': False, 'cmake_clean_first': False, 'cmake_force_configure': False, 'cmake_target': None, 'cmake_target_skip_unavailable': False, 'install_base': '/home/fuga1129/aurora_sim_v2/install/opencv_ros2', 'merge_install': False, 'path': '/home/fuga1129/aurora_sim_v2/src/chapter5/opencv_ros2', 'symlink_install': False, 'test_result_base': None}
[0.553s] Level 5:colcon.colcon_core.verb:set package 'ros2_aruco' build argument 'cmake_args' from command line to 'None'
[0.553s] Level 5:colcon.colcon_core.verb:set package 'ros2_aruco' build argument 'cmake_target' from command line to 'None'
[0.553s] Level 5:colcon.colcon_core.verb:set package 'ros2_aruco' build argument 'cmake_target_skip_unavailable' from command line to 'False'
[0.553s] Level 5:colcon.colcon_core.verb:set package 'ros2_aruco' build argument 'cmake_clean_cache' from command line to 'False'
[0.553s] Level 5:colcon.colcon_core.verb:set package 'ros2_aruco' build argument 'cmake_clean_first' from command line to 'False'
[0.553s] Level 5:colcon.colcon_core.verb:set package 'ros2_aruco' build argument 'cmake_force_configure' from command line to 'False'
[0.553s] Level 5:colcon.colcon_core.verb:set package 'ros2_aruco' build argument 'ament_cmake_args' from command line to 'None'
[0.553s] Level 5:colcon.colcon_core.verb:set package 'ros2_aruco' build argument 'catkin_cmake_args' from command line to 'None'
[0.553s] Level 5:colcon.colcon_core.verb:set package 'ros2_aruco' build argument 'catkin_skip_building_tests' from command line to 'False'
[0.553s] DEBUG:colcon.colcon_core.verb:Building package 'ros2_aruco' with the following arguments: {'ament_cmake_args': None, 'build_base': '/home/fuga1129/aurora_sim_v2/build/ros2_aruco', 'catkin_cmake_args': None, 'catkin_skip_building_tests': False, 'cmake_args': None, 'cmake_clean_cache': False, 'cmake_clean_first': False, 'cmake_force_configure': False, 'cmake_target': None, 'cmake_target_skip_unavailable': False, 'install_base': '/home/fuga1129/aurora_sim_v2/install/ros2_aruco', 'merge_install': False, 'path': '/home/fuga1129/aurora_sim_v2/src/ros2_aruco/ros2_aruco', 'symlink_install': False, 'test_result_base': None}
[0.554s] Level 5:colcon.colcon_core.verb:set package 'ros2_aruco_interfaces' build argument 'cmake_args' from command line to 'None'
[0.554s] Level 5:colcon.colcon_core.verb:set package 'ros2_aruco_interfaces' build argument 'cmake_target' from command line to 'None'
[0.554s] Level 5:colcon.colcon_core.verb:set package 'ros2_aruco_interfaces' build argument 'cmake_target_skip_unavailable' from command line to 'False'
[0.554s] Level 5:colcon.colcon_core.verb:set package 'ros2_aruco_interfaces' build argument 'cmake_clean_cache' from command line to 'False'
[0.554s] Level 5:colcon.colcon_core.verb:set package 'ros2_aruco_interfaces' build argument 'cmake_clean_first' from command line to 'False'
[0.554s] Level 5:colcon.colcon_core.verb:set package 'ros2_aruco_interfaces' build argument 'cmake_force_configure' from command line to 'False'
[0.554s] Level 5:colcon.colcon_core.verb:set package 'ros2_aruco_interfaces' build argument 'ament_cmake_args' from command line to 'None'
[0.554s] Level 5:colcon.colcon_core.verb:set package 'ros2_aruco_interfaces' build argument 'catkin_cmake_args' from command line to 'None'
[0.554s] Level 5:colcon.colcon_core.verb:set package 'ros2_aruco_interfaces' build argument 'catkin_skip_building_tests' from command line to 'False'
[0.554s] DEBUG:colcon.colcon_core.verb:Building package 'ros2_aruco_interfaces' with the following arguments: {'ament_cmake_args': None, 'build_base': '/home/fuga1129/aurora_sim_v2/build/ros2_aruco_interfaces', 'catkin_cmake_args': None, 'catkin_skip_building_tests': False, 'cmake_args': None, 'cmake_clean_cache': False, 'cmake_clean_first': False, 'cmake_force_configure': False, 'cmake_target': None, 'cmake_target_skip_unavailable': False, 'install_base': '/home/fuga1129/aurora_sim_v2/install/ros2_aruco_interfaces', 'merge_install': False, 'path': '/home/fuga1129/aurora_sim_v2/src/ros2_aruco/ros2_aruco_interfaces', 'symlink_install': False, 'test_result_base': None}
[0.555s] Level 5:colcon.colcon_core.verb:set package 'yolov8_ros2' build argument 'cmake_args' from command line to 'None'
[0.555s] Level 5:colcon.colcon_core.verb:set package 'yolov8_ros2' build argument 'cmake_target' from command line to 'None'
[0.555s] Level 5:colcon.colcon_core.verb:set package 'yolov8_ros2' build argument 'cmake_target_skip_unavailable' from command line to 'False'
[0.555s] Level 5:colcon.colcon_core.verb:set package 'yolov8_ros2' build argument 'cmake_clean_cache' from command line to 'False'
[0.555s] Level 5:colcon.colcon_core.verb:set package 'yolov8_ros2' build argument 'cmake_clean_first' from command line to 'False'
[0.555s] Level 5:colcon.colcon_core.verb:set package 'yolov8_ros2' build argument 'cmake_force_configure' from command line to 'False'
[0.555s] Level 5:colcon.colcon_core.verb:set package 'yolov8_ros2' build argument 'ament_cmake_args' from command line to 'None'
[0.555s] Level 5:colcon.colcon_core.verb:set package 'yolov8_ros2' build argument 'catkin_cmake_args' from command line to 'None'
[0.555s] Level 5:colcon.colcon_core.verb:set package 'yolov8_ros2' build argument 'catkin_skip_building_tests' from command line to 'False'
[0.555s] DEBUG:colcon.colcon_core.verb:Building package 'yolov8_ros2' with the following arguments: {'ament_cmake_args': None, 'build_base': '/home/fuga1129/aurora_sim_v2/build/yolov8_ros2', 'catkin_cmake_args': None, 'catkin_skip_building_tests': False, 'cmake_args': None, 'cmake_clean_cache': False, 'cmake_clean_first': False, 'cmake_force_configure': False, 'cmake_target': None, 'cmake_target_skip_unavailable': False, 'install_base': '/home/fuga1129/aurora_sim_v2/install/yolov8_ros2', 'merge_install': False, 'path': '/home/fuga1129/aurora_sim_v2/src/chapter5/yolov8_ros2', 'symlink_install': False, 'test_result_base': None}
[0.556s] INFO:colcon.colcon_core.executor:Executing jobs using 'parallel' executor
[0.557s] DEBUG:colcon.colcon_parallel_executor.executor.parallel:run_until_complete
[0.557s] INFO:colcon.colcon_ros.task.ament_python.build:Building ROS package in '/home/fuga1129/aurora_sim_v2/src/aurora1' with build type 'ament_python'
[0.558s] Level 1:colcon.colcon_core.shell:create_environment_hook('aurora1', 'ament_prefix_path')
[0.561s] INFO:colcon.colcon_core.plugin_system:Skipping extension 'colcon_core.shell.bat': Not used on non-Windows systems
[0.561s] INFO:colcon.colcon_core.shell:Creating environment hook '/home/fuga1129/aurora_sim_v2/install/aurora1/share/aurora1/hook/ament_prefix_path.ps1'
[0.562s] INFO:colcon.colcon_core.shell:Creating environment descriptor '/home/fuga1129/aurora_sim_v2/install/aurora1/share/aurora1/hook/ament_prefix_path.dsv'
[0.564s] INFO:colcon.colcon_core.shell:Creating environment hook '/home/fuga1129/aurora_sim_v2/install/aurora1/share/aurora1/hook/ament_prefix_path.sh'
[0.565s] INFO:colcon.colcon_core.shell:Skip shell extension 'powershell' for command environment: Not usable outside of PowerShell
[0.565s] DEBUG:colcon.colcon_core.shell:Skip shell extension 'dsv' for command environment
[0.578s] INFO:colcon.colcon_ros.task.ament_python.build:Building ROS package in '/home/fuga1129/aurora_sim_v2/src/aurora_drive' with build type 'ament_python'
[0.578s] Level 1:colcon.colcon_core.shell:create_environment_hook('aurora_drive', 'ament_prefix_path')
[0.578s] INFO:colcon.colcon_core.shell:Creating environment hook '/home/fuga1129/aurora_sim_v2/install/aurora_drive/share/aurora_drive/hook/ament_prefix_path.ps1'
[0.579s] INFO:colcon.colcon_core.shell:Creating environment descriptor '/home/fuga1129/aurora_sim_v2/install/aurora_drive/share/aurora_drive/hook/ament_prefix_path.dsv'
[0.581s] INFO:colcon.colcon_core.shell:Creating environment hook '/home/fuga1129/aurora_sim_v2/install/aurora_drive/share/aurora_drive/hook/ament_prefix_path.sh'
[0.582s] INFO:colcon.colcon_core.shell:Skip shell extension 'powershell' for command environment: Not usable outside of PowerShell
[0.582s] DEBUG:colcon.colcon_core.shell:Skip shell extension 'dsv' for command environment
[0.594s] INFO:colcon.colcon_ros.task.ament_python.build:Building ROS package in '/home/fuga1129/aurora_sim_v2/src/chapter5/opencv_ros2' with build type 'ament_python'
[0.594s] Level 1:colcon.colcon_core.shell:create_environment_hook('opencv_ros2', 'ament_prefix_path')
[0.595s] INFO:colcon.colcon_core.shell:Creating environment hook '/home/fuga1129/aurora_sim_v2/install/opencv_ros2/share/opencv_ros2/hook/ament_prefix_path.ps1'
[0.596s] INFO:colcon.colcon_core.shell:Creating environment descriptor '/home/fuga1129/aurora_sim_v2/install/opencv_ros2/share/opencv_ros2/hook/ament_prefix_path.dsv'
[0.596s] INFO:colcon.colcon_core.shell:Creating environment hook '/home/fuga1129/aurora_sim_v2/install/opencv_ros2/share/opencv_ros2/hook/ament_prefix_path.sh'
[0.597s] INFO:colcon.colcon_core.shell:Skip shell extension 'powershell' for command environment: Not usable outside of PowerShell
[0.597s] DEBUG:colcon.colcon_core.shell:Skip shell extension 'dsv' for command environment
[0.609s] INFO:colcon.colcon_ros.task.ament_python.build:Building ROS package in '/home/fuga1129/aurora_sim_v2/src/ros2_aruco/ros2_aruco' with build type 'ament_python'
[0.609s] Level 1:colcon.colcon_core.shell:create_environment_hook('ros2_aruco', 'ament_prefix_path')
[0.610s] INFO:colcon.colcon_core.shell:Creating environment hook '/home/fuga1129/aurora_sim_v2/install/ros2_aruco/share/ros2_aruco/hook/ament_prefix_path.ps1'
[0.611s] INFO:colcon.colcon_core.shell:Creating environment descriptor '/home/fuga1129/aurora_sim_v2/install/ros2_aruco/share/ros2_aruco/hook/ament_prefix_path.dsv'
[0.611s] INFO:colcon.colcon_core.shell:Creating environment hook '/home/fuga1129/aurora_sim_v2/install/ros2_aruco/share/ros2_aruco/hook/ament_prefix_path.sh'
[0.612s] INFO:colcon.colcon_core.shell:Skip shell extension 'powershell' for command environment: Not usable outside of PowerShell
[0.612s] DEBUG:colcon.colcon_core.shell:Skip shell extension 'dsv' for command environment
[0.620s] INFO:colcon.colcon_ros.task.ament_cmake.build:Building ROS package in '/home/fuga1129/aurora_sim_v2/src/ros2_aruco/ros2_aruco_interfaces' with build type 'ament_cmake'
[0.620s] INFO:colcon.colcon_cmake.task.cmake.build:Building CMake package in '/home/fuga1129/aurora_sim_v2/src/ros2_aruco/ros2_aruco_interfaces'
[0.620s] INFO:colcon.colcon_core.shell:Skip shell extension 'powershell' for command environment: Not usable outside of PowerShell
[0.620s] DEBUG:colcon.colcon_core.shell:Skip shell extension 'dsv' for command environment
[0.628s] INFO:colcon.colcon_ros.task.ament_python.build:Building ROS package in '/home/fuga1129/aurora_sim_v2/src/chapter5/yolov8_ros2' with build type 'ament_python'
[0.628s] Level 1:colcon.colcon_core.shell:create_environment_hook('yolov8_ros2', 'ament_prefix_path')
[0.629s] INFO:colcon.colcon_core.shell:Creating environment hook '/home/fuga1129/aurora_sim_v2/install/yolov8_ros2/share/yolov8_ros2/hook/ament_prefix_path.ps1'
[0.629s] INFO:colcon.colcon_core.shell:Creating environment descriptor '/home/fuga1129/aurora_sim_v2/install/yolov8_ros2/share/yolov8_ros2/hook/ament_prefix_path.dsv'
[0.630s] INFO:colcon.colcon_core.shell:Creating environment hook '/home/fuga1129/aurora_sim_v2/install/yolov8_ros2/share/yolov8_ros2/hook/ament_prefix_path.sh'
[0.631s] INFO:colcon.colcon_core.shell:Skip shell extension 'powershell' for command environment: Not usable outside of PowerShell
[0.631s] DEBUG:colcon.colcon_core.shell:Skip shell extension 'dsv' for command environment
[1.028s] INFO:colcon.colcon_core.task.python.build:Building Python package in '/home/fuga1129/aurora_sim_v2/src/aurora1'
[1.029s] INFO:colcon.colcon_core.shell:Skip shell extension 'powershell' for command environment: Not usable outside of PowerShell
[1.029s] DEBUG:colcon.colcon_core.shell:Skip shell extension 'dsv' for command environment
[1.396s] INFO:colcon.colcon_core.task.python.build:Building Python package in '/home/fuga1129/aurora_sim_v2/src/aurora_drive'
[1.396s] INFO:colcon.colcon_core.shell:Skip shell extension 'powershell' for command environment: Not usable outside of PowerShell
[1.397s] DEBUG:colcon.colcon_core.shell:Skip shell extension 'dsv' for command environment
[1.878s] INFO:colcon.colcon_core.task.python.build:Building Python package in '/home/fuga1129/aurora_sim_v2/src/chapter5/opencv_ros2'
[1.879s] INFO:colcon.colcon_core.shell:Skip shell extension 'powershell' for command environment: Not usable outside of PowerShell
[1.879s] DEBUG:colcon.colcon_core.shell:Skip shell extension 'dsv' for command environment
[2.256s] INFO:colcon.colcon_core.task.python.build:Building Python package in '/home/fuga1129/aurora_sim_v2/src/ros2_aruco/ros2_aruco'
[2.256s] INFO:colcon.colcon_core.shell:Skip shell extension 'powershell' for command environment: Not usable outside of PowerShell
[2.256s] DEBUG:colcon.colcon_core.shell:Skip shell extension 'dsv' for command environment
[2.273s] DEBUG:colcon.colcon_core.event_handler.log_command:Invoking command in '/home/fuga1129/aurora_sim_v2/build/ros2_aruco_interfaces': CMAKE_PREFIX_PATH=${CMAKE_PREFIX_PATH}:/home/fuga1129/aurora_sim_v2/install/yolov8_ros2:/home/fuga1129/aurora_sim_v2/install/ros2_aruco:/home/fuga1129/aurora_sim_v2/install/opencv_ros2:/home/fuga1129/aurora_sim_v2/install/aurora_drive:/home/fuga1129/aurora_sim_v2/install/aurora1:/home/fuga1129/moveit2_ws/install/moveit_configs_utils:/home/fuga1129/moveit2_ws/install/launch_param_builder:/opt/ros/humble /usr/bin/cmake --build /home/fuga1129/aurora_sim_v2/build/ros2_aruco_interfaces -- -j12 -l12
[2.775s] INFO:colcon.colcon_core.task.python.build:Building Python package in '/home/fuga1129/aurora_sim_v2/src/chapter5/yolov8_ros2'
[2.775s] INFO:colcon.colcon_core.shell:Skip shell extension 'powershell' for command environment: Not usable outside of PowerShell
[2.775s] DEBUG:colcon.colcon_core.shell:Skip shell extension 'dsv' for command environment
[3.048s] DEBUG:colcon.colcon_core.event_handler.log_command:Invoked command in '/home/fuga1129/aurora_sim_v2/build/ros2_aruco_interfaces' returned '0': CMAKE_PREFIX_PATH=${CMAKE_PREFIX_PATH}:/home/fuga1129/aurora_sim_v2/install/yolov8_ros2:/home/fuga1129/aurora_sim_v2/install/ros2_aruco:/home/fuga1129/aurora_sim_v2/install/opencv_ros2:/home/fuga1129/aurora_sim_v2/install/aurora_drive:/home/fuga1129/aurora_sim_v2/install/aurora1:/home/fuga1129/moveit2_ws/install/moveit_configs_utils:/home/fuga1129/moveit2_ws/install/launch_param_builder:/opt/ros/humble /usr/bin/cmake --build /home/fuga1129/aurora_sim_v2/build/ros2_aruco_interfaces -- -j12 -l12
[3.069s] DEBUG:colcon.colcon_core.event_handler.log_command:Invoking command in '/home/fuga1129/aurora_sim_v2/build/ros2_aruco_interfaces': CMAKE_PREFIX_PATH=${CMAKE_PREFIX_PATH}:/home/fuga1129/aurora_sim_v2/install/yolov8_ros2:/home/fuga1129/aurora_sim_v2/install/ros2_aruco:/home/fuga1129/aurora_sim_v2/install/opencv_ros2:/home/fuga1129/aurora_sim_v2/install/aurora_drive:/home/fuga1129/aurora_sim_v2/install/aurora1:/home/fuga1129/moveit2_ws/install/moveit_configs_utils:/home/fuga1129/moveit2_ws/install/launch_param_builder:/opt/ros/humble /usr/bin/cmake --install /home/fuga1129/aurora_sim_v2/build/ros2_aruco_interfaces
[3.182s] Level 1:colcon.colcon_core.environment:create_environment_scripts_only(ros2_aruco_interfaces)
[3.189s] DEBUG:colcon.colcon_core.event_handler.log_command:Invoked command in '/home/fuga1129/aurora_sim_v2/build/ros2_aruco_interfaces' returned '0': CMAKE_PREFIX_PATH=${CMAKE_PREFIX_PATH}:/home/fuga1129/aurora_sim_v2/install/yolov8_ros2:/home/fuga1129/aurora_sim_v2/install/ros2_aruco:/home/fuga1129/aurora_sim_v2/install/opencv_ros2:/home/fuga1129/aurora_sim_v2/install/aurora_drive:/home/fuga1129/aurora_sim_v2/install/aurora1:/home/fuga1129/moveit2_ws/install/moveit_configs_utils:/home/fuga1129/moveit2_ws/install/launch_param_builder:/opt/ros/humble /usr/bin/cmake --install /home/fuga1129/aurora_sim_v2/build/ros2_aruco_interfaces
[3.191s] Level 1:colcon.colcon_core.environment:checking '/home/fuga1129/aurora_sim_v2/install/ros2_aruco_interfaces' for CMake module files
[3.192s] Level 1:colcon.colcon_core.environment:checking '/home/fuga1129/aurora_sim_v2/install/ros2_aruco_interfaces' for CMake config files
[3.193s] Level 1:colcon.colcon_core.shell:create_environment_hook('ros2_aruco_interfaces', 'cmake_prefix_path')
[3.194s] INFO:colcon.colcon_core.shell:Creating environment hook '/home/fuga1129/aurora_sim_v2/install/ros2_aruco_interfaces/share/ros2_aruco_interfaces/hook/cmake_prefix_path.ps1'
[3.195s] INFO:colcon.colcon_core.shell:Creating environment descriptor '/home/fuga1129/aurora_sim_v2/install/ros2_aruco_interfaces/share/ros2_aruco_interfaces/hook/cmake_prefix_path.dsv'
[3.196s] INFO:colcon.colcon_core.shell:Creating environment hook '/home/fuga1129/aurora_sim_v2/install/ros2_aruco_interfaces/share/ros2_aruco_interfaces/hook/cmake_prefix_path.sh'
[3.197s] Level 1:colcon.colcon_core.environment:checking '/home/fuga1129/aurora_sim_v2/install/ros2_aruco_interfaces/lib'
[3.198s] Level 1:colcon.colcon_core.shell:create_environment_hook('ros2_aruco_interfaces', 'ld_library_path_lib')
[3.198s] INFO:colcon.colcon_core.shell:Creating environment hook '/home/fuga1129/aurora_sim_v2/install/ros2_aruco_interfaces/share/ros2_aruco_interfaces/hook/ld_library_path_lib.ps1'
[3.200s] INFO:colcon.colcon_core.shell:Creating environment descriptor '/home/fuga1129/aurora_sim_v2/install/ros2_aruco_interfaces/share/ros2_aruco_interfaces/hook/ld_library_path_lib.dsv'
[3.205s] INFO:colcon.colcon_core.shell:Creating environment hook '/home/fuga1129/aurora_sim_v2/install/ros2_aruco_interfaces/share/ros2_aruco_interfaces/hook/ld_library_path_lib.sh'
[3.206s] Level 1:colcon.colcon_core.environment:checking '/home/fuga1129/aurora_sim_v2/install/ros2_aruco_interfaces/bin'
[3.206s] Level 1:colcon.colcon_core.environment:checking '/home/fuga1129/aurora_sim_v2/install/ros2_aruco_interfaces/lib/pkgconfig/ros2_aruco_interfaces.pc'
[3.207s] Level 1:colcon.colcon_core.environment:checking '/home/fuga1129/aurora_sim_v2/install/ros2_aruco_interfaces/lib/python3.10/site-packages'
[3.213s] Level 1:colcon.colcon_core.environment:checking '/home/fuga1129/aurora_sim_v2/install/ros2_aruco_interfaces/bin'
[3.215s] INFO:colcon.colcon_core.shell:Creating package script '/home/fuga1129/aurora_sim_v2/install/ros2_aruco_interfaces/share/ros2_aruco_interfaces/package.ps1'
[3.218s] INFO:colcon.colcon_core.shell:Creating package descriptor '/home/fuga1129/aurora_sim_v2/install/ros2_aruco_interfaces/share/ros2_aruco_interfaces/package.dsv'
[3.219s] INFO:colcon.colcon_core.shell:Creating package script '/home/fuga1129/aurora_sim_v2/install/ros2_aruco_interfaces/share/ros2_aruco_interfaces/package.sh'
[3.223s] INFO:colcon.colcon_core.shell:Creating package script '/home/fuga1129/aurora_sim_v2/install/ros2_aruco_interfaces/share/ros2_aruco_interfaces/package.bash'
[3.224s] INFO:colcon.colcon_core.shell:Creating package script '/home/fuga1129/aurora_sim_v2/install/ros2_aruco_interfaces/share/ros2_aruco_interfaces/package.zsh'
[3.225s] Level 1:colcon.colcon_core.environment:create_file_with_runtime_dependencies(/home/fuga1129/aurora_sim_v2/install/ros2_aruco_interfaces/share/colcon-core/packages/ros2_aruco_interfaces)
[3.227s] Level 1:colcon.colcon_core.environment:create_environment_scripts_only(ros2_aruco_interfaces)
[3.227s] Level 1:colcon.colcon_core.environment:checking '/home/fuga1129/aurora_sim_v2/install/ros2_aruco_interfaces' for CMake module files
[3.228s] Level 1:colcon.colcon_core.environment:checking '/home/fuga1129/aurora_sim_v2/install/ros2_aruco_interfaces' for CMake config files
[3.230s] Level 1:colcon.colcon_core.shell:create_environment_hook('ros2_aruco_interfaces', 'cmake_prefix_path')
[3.230s] INFO:colcon.colcon_core.shell:Creating environment hook '/home/fuga1129/aurora_sim_v2/install/ros2_aruco_interfaces/share/ros2_aruco_interfaces/hook/cmake_prefix_path.ps1'
[3.232s] INFO:colcon.colcon_core.shell:Creating environment descriptor '/home/fuga1129/aurora_sim_v2/install/ros2_aruco_interfaces/share/ros2_aruco_interfaces/hook/cmake_prefix_path.dsv'
[3.233s] INFO:colcon.colcon_core.shell:Creating environment hook '/home/fuga1129/aurora_sim_v2/install/ros2_aruco_interfaces/share/ros2_aruco_interfaces/hook/cmake_prefix_path.sh'
[3.234s] Level 1:colcon.colcon_core.environment:checking '/home/fuga1129/aurora_sim_v2/install/ros2_aruco_interfaces/lib'
[3.235s] Level 1:colcon.colcon_core.shell:create_environment_hook('ros2_aruco_interfaces', 'ld_library_path_lib')
[3.235s] INFO:colcon.colcon_core.shell:Creating environment hook '/home/fuga1129/aurora_sim_v2/install/ros2_aruco_interfaces/share/ros2_aruco_interfaces/hook/ld_library_path_lib.ps1'
[3.236s] INFO:colcon.colcon_core.shell:Creating environment descriptor '/home/fuga1129/aurora_sim_v2/install/ros2_aruco_interfaces/share/ros2_aruco_interfaces/hook/ld_library_path_lib.dsv'
[3.238s] INFO:colcon.colcon_core.shell:Creating environment hook '/home/fuga1129/aurora_sim_v2/install/ros2_aruco_interfaces/share/ros2_aruco_interfaces/hook/ld_library_path_lib.sh'
[3.239s] Level 1:colcon.colcon_core.environment:checking '/home/fuga1129/aurora_sim_v2/install/ros2_aruco_interfaces/bin'
[3.239s] Level 1:colcon.colcon_core.environment:checking '/home/fuga1129/aurora_sim_v2/install/ros2_aruco_interfaces/lib/pkgconfig/ros2_aruco_interfaces.pc'
[3.240s] Level 1:colcon.colcon_core.environment:checking '/home/fuga1129/aurora_sim_v2/install/ros2_aruco_interfaces/lib/python3.10/site-packages'
[3.240s] Level 1:colcon.colcon_core.environment:checking '/home/fuga1129/aurora_sim_v2/install/ros2_aruco_interfaces/bin'
[3.241s] INFO:colcon.colcon_core.shell:Creating package script '/home/fuga1129/aurora_sim_v2/install/ros2_aruco_interfaces/share/ros2_aruco_interfaces/package.ps1'
[3.242s] INFO:colcon.colcon_core.shell:Creating package descriptor '/home/fuga1129/aurora_sim_v2/install/ros2_aruco_interfaces/share/ros2_aruco_interfaces/package.dsv'
[3.243s] INFO:colcon.colcon_core.shell:Creating package script '/home/fuga1129/aurora_sim_v2/install/ros2_aruco_interfaces/share/ros2_aruco_interfaces/package.sh'
[3.244s] INFO:colcon.colcon_core.shell:Creating package script '/home/fuga1129/aurora_sim_v2/install/ros2_aruco_interfaces/share/ros2_aruco_interfaces/package.bash'
[3.245s] INFO:colcon.colcon_core.shell:Creating package script '/home/fuga1129/aurora_sim_v2/install/ros2_aruco_interfaces/share/ros2_aruco_interfaces/package.zsh'
[3.246s] Level 1:colcon.colcon_core.environment:create_file_with_runtime_dependencies(/home/fuga1129/aurora_sim_v2/install/ros2_aruco_interfaces/share/colcon-core/packages/ros2_aruco_interfaces)
[3.564s] DEBUG:colcon.colcon_core.event_handler.log_command:Invoking command in '/home/fuga1129/aurora_sim_v2/src/aurora_drive': PYTHONPATH=/home/fuga1129/aurora_sim_v2/build/aurora_drive/prefix_override:/usr/lib/python3/dist-packages/colcon_core/task/python/colcon_distutils_commands:/home/fuga1129/aurora_sim_v2/install/aurora_drive/lib/python3.10/site-packages:${PYTHONPATH} /usr/bin/python3 -W ignore:setup.py install is deprecated -W ignore:easy_install command is deprecated setup.py egg_info --egg-base ../../build/aurora_drive build --build-base /home/fuga1129/aurora_sim_v2/build/aurora_drive/build install --record /home/fuga1129/aurora_sim_v2/build/aurora_drive/install.log --single-version-externally-managed install_data
[3.565s] DEBUG:colcon.colcon_core.event_handler.log_command:Invoking command in '/home/fuga1129/aurora_sim_v2/src/ros2_aruco/ros2_aruco': PYTHONPATH=/home/fuga1129/aurora_sim_v2/build/ros2_aruco/prefix_override:/usr/lib/python3/dist-packages/colcon_core/task/python/colcon_distutils_commands:/home/fuga1129/aurora_sim_v2/install/ros2_aruco/lib/python3.10/site-packages:${PYTHONPATH} /usr/bin/python3 -W ignore:setup.py install is deprecated -W ignore:easy_install command is deprecated setup.py egg_info --egg-base ../../../build/ros2_aruco build --build-base /home/fuga1129/aurora_sim_v2/build/ros2_aruco/build install --record /home/fuga1129/aurora_sim_v2/build/ros2_aruco/install.log --single-version-externally-managed install_data
[3.580s] DEBUG:colcon.colcon_core.event_handler.log_command:Invoking command in '/home/fuga1129/aurora_sim_v2/src/aurora1': PYTHONPATH=/home/fuga1129/aurora_sim_v2/build/aurora1/prefix_override:/usr/lib/python3/dist-packages/colcon_core/task/python/colcon_distutils_commands:/home/fuga1129/aurora_sim_v2/install/aurora1/lib/python3.10/site-packages:${PYTHONPATH} /usr/bin/python3 -W ignore:setup.py install is deprecated -W ignore:easy_install command is deprecated setup.py egg_info --egg-base ../../build/aurora1 build --build-base /home/fuga1129/aurora_sim_v2/build/aurora1/build install --record /home/fuga1129/aurora_sim_v2/build/aurora1/install.log --single-version-externally-managed install_data
[3.600s] DEBUG:colcon.colcon_core.event_handler.log_command:Invoking command in '/home/fuga1129/aurora_sim_v2/src/chapter5/opencv_ros2': PYTHONPATH=/home/fuga1129/aurora_sim_v2/build/opencv_ros2/prefix_override:/usr/lib/python3/dist-packages/colcon_core/task/python/colcon_distutils_commands:/home/fuga1129/aurora_sim_v2/install/opencv_ros2/lib/python3.10/site-packages:${PYTHONPATH} /usr/bin/python3 -W ignore:setup.py install is deprecated -W ignore:easy_install command is deprecated setup.py egg_info --egg-base ../../../build/opencv_ros2 build --build-base /home/fuga1129/aurora_sim_v2/build/opencv_ros2/build install --record /home/fuga1129/aurora_sim_v2/build/opencv_ros2/install.log --single-version-externally-managed install_data
[3.615s] DEBUG:colcon.colcon_core.event_handler.log_command:Invoking command in '/home/fuga1129/aurora_sim_v2/src/chapter5/yolov8_ros2': PYTHONPATH=/home/fuga1129/aurora_sim_v2/build/yolov8_ros2/prefix_override:/usr/lib/python3/dist-packages/colcon_core/task/python/colcon_distutils_commands:/home/fuga1129/aurora_sim_v2/install/yolov8_ros2/lib/python3.10/site-packages:${PYTHONPATH} /usr/bin/python3 -W ignore:setup.py install is deprecated -W ignore:easy_install command is deprecated setup.py egg_info --egg-base ../../../build/yolov8_ros2 build --build-base /home/fuga1129/aurora_sim_v2/build/yolov8_ros2/build install --record /home/fuga1129/aurora_sim_v2/build/yolov8_ros2/install.log --single-version-externally-managed install_data
[4.110s] Level 1:colcon.colcon_core.environment:checking '/home/fuga1129/aurora_sim_v2/install/opencv_ros2' for CMake module files
[4.111s] Level 1:colcon.colcon_core.environment:checking '/home/fuga1129/aurora_sim_v2/install/opencv_ros2' for CMake config files
[4.113s] Level 1:colcon.colcon_core.environment:checking '/home/fuga1129/aurora_sim_v2/install/opencv_ros2/lib'
[4.113s] Level 1:colcon.colcon_core.environment:checking '/home/fuga1129/aurora_sim_v2/install/opencv_ros2/bin'
[4.113s] Level 1:colcon.colcon_core.environment:checking '/home/fuga1129/aurora_sim_v2/install/opencv_ros2/lib/pkgconfig/opencv_ros2.pc'
[4.113s] Level 1:colcon.colcon_core.environment:checking '/home/fuga1129/aurora_sim_v2/install/opencv_ros2/lib/python3.10/site-packages'
[4.113s] Level 1:colcon.colcon_core.shell:create_environment_hook('opencv_ros2', 'pythonpath')
[4.114s] INFO:colcon.colcon_core.shell:Creating environment hook '/home/fuga1129/aurora_sim_v2/install/opencv_ros2/share/opencv_ros2/hook/pythonpath.ps1'
[4.117s] DEBUG:colcon.colcon_core.event_handler.log_command:Invoked command in '/home/fuga1129/aurora_sim_v2/src/chapter5/opencv_ros2' returned '0': PYTHONPATH=/home/fuga1129/aurora_sim_v2/build/opencv_ros2/prefix_override:/usr/lib/python3/dist-packages/colcon_core/task/python/colcon_distutils_commands:/home/fuga1129/aurora_sim_v2/install/opencv_ros2/lib/python3.10/site-packages:${PYTHONPATH} /usr/bin/python3 -W ignore:setup.py install is deprecated -W ignore:easy_install command is deprecated setup.py egg_info --egg-base ../../../build/opencv_ros2 build --build-base /home/fuga1129/aurora_sim_v2/build/opencv_ros2/build install --record /home/fuga1129/aurora_sim_v2/build/opencv_ros2/install.log --single-version-externally-managed install_data
[4.119s] INFO:colcon.colcon_core.shell:Creating environment descriptor '/home/fuga1129/aurora_sim_v2/install/opencv_ros2/share/opencv_ros2/hook/pythonpath.dsv'
[4.119s] INFO:colcon.colcon_core.shell:Creating environment hook '/home/fuga1129/aurora_sim_v2/install/opencv_ros2/share/opencv_ros2/hook/pythonpath.sh'
[4.121s] Level 1:colcon.colcon_core.environment:checking '/home/fuga1129/aurora_sim_v2/install/opencv_ros2/bin'
[4.121s] Level 1:colcon.colcon_core.environment:create_environment_scripts_only(opencv_ros2)
[4.122s] INFO:colcon.colcon_core.shell:Creating package script '/home/fuga1129/aurora_sim_v2/install/opencv_ros2/share/opencv_ros2/package.ps1'
[4.123s] INFO:colcon.colcon_core.shell:Creating package descriptor '/home/fuga1129/aurora_sim_v2/install/opencv_ros2/share/opencv_ros2/package.dsv'
[4.124s] INFO:colcon.colcon_core.shell:Creating package script '/home/fuga1129/aurora_sim_v2/install/opencv_ros2/share/opencv_ros2/package.sh'
[4.125s] INFO:colcon.colcon_core.shell:Creating package script '/home/fuga1129/aurora_sim_v2/install/opencv_ros2/share/opencv_ros2/package.bash'
[4.126s] INFO:colcon.colcon_core.shell:Creating package script '/home/fuga1129/aurora_sim_v2/install/opencv_ros2/share/opencv_ros2/package.zsh'
[4.127s] Level 1:colcon.colcon_core.environment:create_file_with_runtime_dependencies(/home/fuga1129/aurora_sim_v2/install/opencv_ros2/share/colcon-core/packages/opencv_ros2)
[4.143s] Level 1:colcon.colcon_core.environment:checking '/home/fuga1129/aurora_sim_v2/install/aurora_drive' for CMake module files
[4.145s] DEBUG:colcon.colcon_core.event_handler.log_command:Invoked command in '/home/fuga1129/aurora_sim_v2/src/aurora_drive' returned '0': PYTHONPATH=/home/fuga1129/aurora_sim_v2/build/aurora_drive/prefix_override:/usr/lib/python3/dist-packages/colcon_core/task/python/colcon_distutils_commands:/home/fuga1129/aurora_sim_v2/install/aurora_drive/lib/python3.10/site-packages:${PYTHONPATH} /usr/bin/python3 -W ignore:setup.py install is deprecated -W ignore:easy_install command is deprecated setup.py egg_info --egg-base ../../build/aurora_drive build --build-base /home/fuga1129/aurora_sim_v2/build/aurora_drive/build install --record /home/fuga1129/aurora_sim_v2/build/aurora_drive/install.log --single-version-externally-managed install_data
[4.146s] Level 1:colcon.colcon_core.environment:checking '/home/fuga1129/aurora_sim_v2/install/aurora_drive' for CMake config files
[4.147s] Level 1:colcon.colcon_core.environment:checking '/home/fuga1129/aurora_sim_v2/install/aurora_drive/lib'
[4.148s] Level 1:colcon.colcon_core.environment:checking '/home/fuga1129/aurora_sim_v2/install/aurora_drive/bin'
[4.148s] Level 1:colcon.colcon_core.environment:checking '/home/fuga1129/aurora_sim_v2/install/aurora_drive/lib/pkgconfig/aurora_drive.pc'
[4.148s] Level 1:colcon.colcon_core.environment:checking '/home/fuga1129/aurora_sim_v2/install/aurora_drive/lib/python3.10/site-packages'
[4.149s] Level 1:colcon.colcon_core.shell:create_environment_hook('aurora_drive', 'pythonpath')
[4.149s] INFO:colcon.colcon_core.shell:Creating environment hook '/home/fuga1129/aurora_sim_v2/install/aurora_drive/share/aurora_drive/hook/pythonpath.ps1'
[4.150s] INFO:colcon.colcon_core.shell:Creating environment descriptor '/home/fuga1129/aurora_sim_v2/install/aurora_drive/share/aurora_drive/hook/pythonpath.dsv'
[4.151s] INFO:colcon.colcon_core.shell:Creating environment hook '/home/fuga1129/aurora_sim_v2/install/aurora_drive/share/aurora_drive/hook/pythonpath.sh'
[4.153s] Level 1:colcon.colcon_core.environment:checking '/home/fuga1129/aurora_sim_v2/install/aurora_drive/bin'
[4.153s] Level 1:colcon.colcon_core.environment:create_environment_scripts_only(aurora_drive)
[4.154s] INFO:colcon.colcon_core.shell:Creating package script '/home/fuga1129/aurora_sim_v2/install/aurora_drive/share/aurora_drive/package.ps1'
[4.155s] INFO:colcon.colcon_core.shell:Creating package descriptor '/home/fuga1129/aurora_sim_v2/install/aurora_drive/share/aurora_drive/package.dsv'
[4.156s] INFO:colcon.colcon_core.shell:Creating package script '/home/fuga1129/aurora_sim_v2/install/aurora_drive/share/aurora_drive/package.sh'
[4.158s] INFO:colcon.colcon_core.shell:Creating package script '/home/fuga1129/aurora_sim_v2/install/aurora_drive/share/aurora_drive/package.bash'
[4.158s] INFO:colcon.colcon_core.shell:Creating package script '/home/fuga1129/aurora_sim_v2/install/aurora_drive/share/aurora_drive/package.zsh'
[4.159s] Level 1:colcon.colcon_core.environment:create_file_with_runtime_dependencies(/home/fuga1129/aurora_sim_v2/install/aurora_drive/share/colcon-core/packages/aurora_drive)
[4.161s] Level 1:colcon.colcon_core.environment:checking '/home/fuga1129/aurora_sim_v2/install/ros2_aruco' for CMake module files
[4.163s] DEBUG:colcon.colcon_core.event_handler.log_command:Invoked command in '/home/fuga1129/aurora_sim_v2/src/ros2_aruco/ros2_aruco' returned '0': PYTHONPATH=/home/fuga1129/aurora_sim_v2/build/ros2_aruco/prefix_override:/usr/lib/python3/dist-packages/colcon_core/task/python/colcon_distutils_commands:/home/fuga1129/aurora_sim_v2/install/ros2_aruco/lib/python3.10/site-packages:${PYTHONPATH} /usr/bin/python3 -W ignore:setup.py install is deprecated -W ignore:easy_install command is deprecated setup.py egg_info --egg-base ../../../build/ros2_aruco build --build-base /home/fuga1129/aurora_sim_v2/build/ros2_aruco/build install --record /home/fuga1129/aurora_sim_v2/build/ros2_aruco/install.log --single-version-externally-managed install_data
[4.163s] Level 1:colcon.colcon_core.environment:checking '/home/fuga1129/aurora_sim_v2/install/ros2_aruco' for CMake config files
[4.165s] Level 1:colcon.colcon_core.environment:checking '/home/fuga1129/aurora_sim_v2/install/ros2_aruco/lib'
[4.165s] Level 1:colcon.colcon_core.environment:checking '/home/fuga1129/aurora_sim_v2/install/ros2_aruco/bin'
[4.165s] Level 1:colcon.colcon_core.environment:checking '/home/fuga1129/aurora_sim_v2/install/ros2_aruco/lib/pkgconfig/ros2_aruco.pc'
[4.166s] Level 1:colcon.colcon_core.environment:checking '/home/fuga1129/aurora_sim_v2/install/ros2_aruco/lib/python3.10/site-packages'
[4.166s] Level 1:colcon.colcon_core.shell:create_environment_hook('ros2_aruco', 'pythonpath')
[4.166s] INFO:colcon.colcon_core.shell:Creating environment hook '/home/fuga1129/aurora_sim_v2/install/ros2_aruco/share/ros2_aruco/hook/pythonpath.ps1'
[4.168s] INFO:colcon.colcon_core.shell:Creating environment descriptor '/home/fuga1129/aurora_sim_v2/install/ros2_aruco/share/ros2_aruco/hook/pythonpath.dsv'
[4.169s] INFO:colcon.colcon_core.shell:Creating environment hook '/home/fuga1129/aurora_sim_v2/install/ros2_aruco/share/ros2_aruco/hook/pythonpath.sh'
[4.170s] Level 1:colcon.colcon_core.environment:checking '/home/fuga1129/aurora_sim_v2/install/ros2_aruco/bin'
[4.170s] Level 1:colcon.colcon_core.environment:create_environment_scripts_only(ros2_aruco)
[4.171s] INFO:colcon.colcon_core.shell:Creating package script '/home/fuga1129/aurora_sim_v2/install/ros2_aruco/share/ros2_aruco/package.ps1'
[4.172s] INFO:colcon.colcon_core.shell:Creating package descriptor '/home/fuga1129/aurora_sim_v2/install/ros2_aruco/share/ros2_aruco/package.dsv'
[4.173s] INFO:colcon.colcon_core.shell:Creating package script '/home/fuga1129/aurora_sim_v2/install/ros2_aruco/share/ros2_aruco/package.sh'
[4.174s] INFO:colcon.colcon_core.shell:Creating package script '/home/fuga1129/aurora_sim_v2/install/ros2_aruco/share/ros2_aruco/package.bash'
[4.174s] INFO:colcon.colcon_core.shell:Creating package script '/home/fuga1129/aurora_sim_v2/install/ros2_aruco/share/ros2_aruco/package.zsh'
[4.175s] Level 1:colcon.colcon_core.environment:create_file_with_runtime_dependencies(/home/fuga1129/aurora_sim_v2/install/ros2_aruco/share/colcon-core/packages/ros2_aruco)
[4.183s] Level 1:colcon.colcon_core.environment:checking '/home/fuga1129/aurora_sim_v2/install/aurora1' for CMake module files
[4.184s] DEBUG:colcon.colcon_core.event_handler.log_command:Invoked command in '/home/fuga1129/aurora_sim_v2/src/aurora1' returned '0': PYTHONPATH=/home/fuga1129/aurora_sim_v2/build/aurora1/prefix_override:/usr/lib/python3/dist-packages/colcon_core/task/python/colcon_distutils_commands:/home/fuga1129/aurora_sim_v2/install/aurora1/lib/python3.10/site-packages:${PYTHONPATH} /usr/bin/python3 -W ignore:setup.py install is deprecated -W ignore:easy_install command is deprecated setup.py egg_info --egg-base ../../build/aurora1 build --build-base /home/fuga1129/aurora_sim_v2/build/aurora1/build install --record /home/fuga1129/aurora_sim_v2/build/aurora1/install.log --single-version-externally-managed install_data
[4.184s] Level 1:colcon.colcon_core.environment:checking '/home/fuga1129/aurora_sim_v2/install/aurora1' for CMake config files
[4.185s] Level 1:colcon.colcon_core.environment:checking '/home/fuga1129/aurora_sim_v2/install/aurora1/lib'
[4.185s] Level 1:colcon.colcon_core.environment:checking '/home/fuga1129/aurora_sim_v2/install/aurora1/bin'
[4.185s] Level 1:colcon.colcon_core.environment:checking '/home/fuga1129/aurora_sim_v2/install/aurora1/lib/pkgconfig/aurora1.pc'
[4.186s] Level 1:colcon.colcon_core.environment:checking '/home/fuga1129/aurora_sim_v2/install/aurora1/lib/python3.10/site-packages'
[4.186s] Level 1:colcon.colcon_core.shell:create_environment_hook('aurora1', 'pythonpath')
[4.187s] INFO:colcon.colcon_core.shell:Creating environment hook '/home/fuga1129/aurora_sim_v2/install/aurora1/share/aurora1/hook/pythonpath.ps1'
[4.187s] INFO:colcon.colcon_core.shell:Creating environment descriptor '/home/fuga1129/aurora_sim_v2/install/aurora1/share/aurora1/hook/pythonpath.dsv'
[4.188s] INFO:colcon.colcon_core.shell:Creating environment hook '/home/fuga1129/aurora_sim_v2/install/aurora1/share/aurora1/hook/pythonpath.sh'
[4.189s] Level 1:colcon.colcon_core.environment:checking '/home/fuga1129/aurora_sim_v2/install/aurora1/bin'
[4.190s] Level 1:colcon.colcon_core.environment:create_environment_scripts_only(aurora1)
[4.190s] INFO:colcon.colcon_core.shell:Creating package script '/home/fuga1129/aurora_sim_v2/install/aurora1/share/aurora1/package.ps1'
[4.191s] INFO:colcon.colcon_core.shell:Creating package descriptor '/home/fuga1129/aurora_sim_v2/install/aurora1/share/aurora1/package.dsv'
[4.191s] INFO:colcon.colcon_core.shell:Creating package script '/home/fuga1129/aurora_sim_v2/install/aurora1/share/aurora1/package.sh'
[4.192s] INFO:colcon.colcon_core.shell:Creating package script '/home/fuga1129/aurora_sim_v2/install/aurora1/share/aurora1/package.bash'
[4.192s] INFO:colcon.colcon_core.shell:Creating package script '/home/fuga1129/aurora_sim_v2/install/aurora1/share/aurora1/package.zsh'
[4.193s] Level 1:colcon.colcon_core.environment:create_file_with_runtime_dependencies(/home/fuga1129/aurora_sim_v2/install/aurora1/share/colcon-core/packages/aurora1)
[4.194s] Level 1:colcon.colcon_core.environment:checking '/home/fuga1129/aurora_sim_v2/install/yolov8_ros2' for CMake module files
[4.195s] DEBUG:colcon.colcon_core.event_handler.log_command:Invoked command in '/home/fuga1129/aurora_sim_v2/src/chapter5/yolov8_ros2' returned '0': PYTHONPATH=/home/fuga1129/aurora_sim_v2/build/yolov8_ros2/prefix_override:/usr/lib/python3/dist-packages/colcon_core/task/python/colcon_distutils_commands:/home/fuga1129/aurora_sim_v2/install/yolov8_ros2/lib/python3.10/site-packages:${PYTHONPATH} /usr/bin/python3 -W ignore:setup.py install is deprecated -W ignore:easy_install command is deprecated setup.py egg_info --egg-base ../../../build/yolov8_ros2 build --build-base /home/fuga1129/aurora_sim_v2/build/yolov8_ros2/build install --record /home/fuga1129/aurora_sim_v2/build/yolov8_ros2/install.log --single-version-externally-managed install_data
[4.196s] Level 1:colcon.colcon_core.environment:checking '/home/fuga1129/aurora_sim_v2/install/yolov8_ros2' for CMake config files
[4.197s] Level 1:colcon.colcon_core.environment:checking '/home/fuga1129/aurora_sim_v2/install/yolov8_ros2/lib'
[4.197s] Level 1:colcon.colcon_core.environment:checking '/home/fuga1129/aurora_sim_v2/install/yolov8_ros2/bin'
[4.197s] Level 1:colcon.colcon_core.environment:checking '/home/fuga1129/aurora_sim_v2/install/yolov8_ros2/lib/pkgconfig/yolov8_ros2.pc'
[4.198s] Level 1:colcon.colcon_core.environment:checking '/home/fuga1129/aurora_sim_v2/install/yolov8_ros2/lib/python3.10/site-packages'
[4.198s] Level 1:colcon.colcon_core.shell:create_environment_hook('yolov8_ros2', 'pythonpath')
[4.198s] INFO:colcon.colcon_core.shell:Creating environment hook '/home/fuga1129/aurora_sim_v2/install/yolov8_ros2/share/yolov8_ros2/hook/pythonpath.ps1'
[4.199s] INFO:colcon.colcon_core.shell:Creating environment descriptor '/home/fuga1129/aurora_sim_v2/install/yolov8_ros2/share/yolov8_ros2/hook/pythonpath.dsv'
[4.200s] INFO:colcon.colcon_core.shell:Creating environment hook '/home/fuga1129/aurora_sim_v2/install/yolov8_ros2/share/yolov8_ros2/hook/pythonpath.sh'
[4.201s] Level 1:colcon.colcon_core.environment:checking '/home/fuga1129/aurora_sim_v2/install/yolov8_ros2/bin'
[4.201s] Level 1:colcon.colcon_core.environment:create_environment_scripts_only(yolov8_ros2)
[4.202s] INFO:colcon.colcon_core.shell:Creating package script '/home/fuga1129/aurora_sim_v2/install/yolov8_ros2/share/yolov8_ros2/package.ps1'
[4.203s] INFO:colcon.colcon_core.shell:Creating package descriptor '/home/fuga1129/aurora_sim_v2/install/yolov8_ros2/share/yolov8_ros2/package.dsv'
[4.204s] INFO:colcon.colcon_core.shell:Creating package script '/home/fuga1129/aurora_sim_v2/install/yolov8_ros2/share/yolov8_ros2/package.sh'
[4.204s] INFO:colcon.colcon_core.shell:Creating package script '/home/fuga1129/aurora_sim_v2/install/yolov8_ros2/share/yolov8_ros2/package.bash'
[4.205s] INFO:colcon.colcon_core.shell:Creating package script '/home/fuga1129/aurora_sim_v2/install/yolov8_ros2/share/yolov8_ros2/package.zsh'
[4.205s] Level 1:colcon.colcon_core.environment:create_file_with_runtime_dependencies(/home/fuga1129/aurora_sim_v2/install/yolov8_ros2/share/colcon-core/packages/yolov8_ros2)
[4.206s] DEBUG:colcon.colcon_parallel_executor.executor.parallel:closing loop
[4.206s] DEBUG:colcon.colcon_parallel_executor.executor.parallel:loop closed
[4.206s] DEBUG:colcon.colcon_parallel_executor.executor.parallel:run_until_complete finished with '0'
[4.207s] DEBUG:colcon.colcon_core.event_reactor:joining thread
[4.217s] INFO:colcon.colcon_core.plugin_system:Skipping extension 'colcon_notification.desktop_notification.terminal_notifier': Not used on non-Darwin systems
[4.217s] INFO:colcon.colcon_core.plugin_system:Skipping extension 'colcon_notification.desktop_notification.win32': Not used on non-Windows systems
[4.217s] INFO:colcon.colcon_notification.desktop_notification:Sending desktop notification using 'notify2'
[4.235s] DEBUG:colcon.colcon_core.event_reactor:joined thread
[4.236s] INFO:colcon.colcon_core.shell:Creating prefix script '/home/fuga1129/aurora_sim_v2/install/local_setup.ps1'
[4.237s] INFO:colcon.colcon_core.shell:Creating prefix util module '/home/fuga1129/aurora_sim_v2/install/_local_setup_util_ps1.py'
[4.239s] INFO:colcon.colcon_core.shell:Creating prefix chain script '/home/fuga1129/aurora_sim_v2/install/setup.ps1'
[4.245s] INFO:colcon.colcon_core.shell:Creating prefix script '/home/fuga1129/aurora_sim_v2/install/local_setup.sh'
[4.246s] INFO:colcon.colcon_core.shell:Creating prefix util module '/home/fuga1129/aurora_sim_v2/install/_local_setup_util_sh.py'
[4.247s] INFO:colcon.colcon_core.shell:Creating prefix chain script '/home/fuga1129/aurora_sim_v2/install/setup.sh'
[4.251s] INFO:colcon.colcon_core.shell:Creating prefix script '/home/fuga1129/aurora_sim_v2/install/local_setup.bash'
[4.252s] INFO:colcon.colcon_core.shell:Creating prefix chain script '/home/fuga1129/aurora_sim_v2/install/setup.bash'
[4.256s] INFO:colcon.colcon_core.shell:Creating prefix script '/home/fuga1129/aurora_sim_v2/install/local_setup.zsh'
[4.258s] INFO:colcon.colcon_core.shell:Creating prefix chain script '/home/fuga1129/aurora_sim_v2/install/setup.zsh'
