[1.674s] Invoking command in '/home/aurora/aurora_sim_v2/build/aurora1': PYTHONPATH=/home/aurora/aurora_sim_v2/build/aurora1/prefix_override:/usr/lib/python3/dist-packages/colcon_core/task/python/colcon_distutils_commands:/home/aurora/aurora_sim_v2/install/aurora1/lib/python3.10/site-packages:${PYTHONPATH} /usr/bin/python3 -W ignore:setup.py install is deprecated -W ignore:easy_install command is deprecated setup.py develop --uninstall --editable --build-directory /home/aurora/aurora_sim_v2/build/aurora1/build
[2.155s] running develop
[2.445s] Removing /home/aurora/aurora_sim_v2/install/aurora1/lib/python3.10/site-packages/aurora1.egg-link (link to .)
[2.544s] Invoked command in '/home/aurora/aurora_sim_v2/build/aurora1' returned '0': PYTHONPATH=/home/aurora/aurora_sim_v2/build/aurora1/prefix_override:/usr/lib/python3/dist-packages/colcon_core/task/python/colcon_distutils_commands:/home/aurora/aurora_sim_v2/install/aurora1/lib/python3.10/site-packages:${PYTHONPATH} /usr/bin/python3 -W ignore:setup.py install is deprecated -W ignore:easy_install command is deprecated setup.py develop --uninstall --editable --build-directory /home/aurora/aurora_sim_v2/build/aurora1/build
[2.549s] Invoking command in '/home/aurora/aurora_sim_v2/src/aurora1': PYTHONPATH=/home/aurora/aurora_sim_v2/build/aurora1/prefix_override:/usr/lib/python3/dist-packages/colcon_core/task/python/colcon_distutils_commands:/home/aurora/aurora_sim_v2/install/aurora1/lib/python3.10/site-packages:${PYTHONPATH} /usr/bin/python3 -W ignore:setup.py install is deprecated -W ignore:easy_install command is deprecated setup.py egg_info --egg-base ../../build/aurora1 build --build-base /home/aurora/aurora_sim_v2/build/aurora1/build install --record /home/aurora/aurora_sim_v2/build/aurora1/install.log --single-version-externally-managed install_data --force
[2.977s] running egg_info
[2.979s] writing ../../build/aurora1/aurora1.egg-info/PKG-INFO
[2.980s] writing dependency_links to ../../build/aurora1/aurora1.egg-info/dependency_links.txt
[2.980s] writing entry points to ../../build/aurora1/aurora1.egg-info/entry_points.txt
[2.980s] writing requirements to ../../build/aurora1/aurora1.egg-info/requires.txt
[2.981s] writing top-level names to ../../build/aurora1/aurora1.egg-info/top_level.txt
[2.984s] reading manifest file '../../build/aurora1/aurora1.egg-info/SOURCES.txt'
[2.986s] writing manifest file '../../build/aurora1/aurora1.egg-info/SOURCES.txt'
[2.986s] running build
[2.986s] running build_py
[2.986s] copying aurora1/ackermann_4wd_controller.py -> /home/aurora/aurora_sim_v2/build/aurora1/build/lib/aurora1
[2.987s] running install
[2.988s] running install_lib
[2.989s] creating /home/aurora/aurora_sim_v2/install/aurora1/lib/python3.10/site-packages/aurora1
[2.989s] copying /home/aurora/aurora_sim_v2/build/aurora1/build/lib/aurora1/ackermann_4wd_controller.py -> /home/aurora/aurora_sim_v2/install/aurora1/lib/python3.10/site-packages/aurora1
[2.990s] copying /home/aurora/aurora_sim_v2/build/aurora1/build/lib/aurora1/ackermann_4wd_controller_real.py -> /home/aurora/aurora_sim_v2/install/aurora1/lib/python3.10/site-packages/aurora1
[2.990s] copying /home/aurora/aurora_sim_v2/build/aurora1/build/lib/aurora1/__init__.py -> /home/aurora/aurora_sim_v2/install/aurora1/lib/python3.10/site-packages/aurora1
[2.991s] byte-compiling /home/aurora/aurora_sim_v2/install/aurora1/lib/python3.10/site-packages/aurora1/ackermann_4wd_controller.py to ackermann_4wd_controller.cpython-310.pyc
[2.993s] byte-compiling /home/aurora/aurora_sim_v2/install/aurora1/lib/python3.10/site-packages/aurora1/ackermann_4wd_controller_real.py to ackermann_4wd_controller_real.cpython-310.pyc
[2.994s] byte-compiling /home/aurora/aurora_sim_v2/install/aurora1/lib/python3.10/site-packages/aurora1/__init__.py to __init__.cpython-310.pyc
[2.994s] running install_data
[2.995s] copying resource/aurora1 -> /home/aurora/aurora_sim_v2/install/aurora1/share/ament_index/resource_index/packages
[2.995s] copying package.xml -> /home/aurora/aurora_sim_v2/install/aurora1/share/aurora1
[2.995s] copying launch/joystick_real.launch.py -> /home/aurora/aurora_sim_v2/install/aurora1/share/aurora1/launch
[2.996s] copying launch/joystick.launch.py -> /home/aurora/aurora_sim_v2/install/aurora1/share/aurora1/launch
[2.996s] copying launch/launch_sim.launch.py -> /home/aurora/aurora_sim_v2/install/aurora1/share/aurora1/launch
[2.996s] copying launch/rsp.launch.py -> /home/aurora/aurora_sim_v2/install/aurora1/share/aurora1/launch
[2.997s] copying config/joystick.yaml -> /home/aurora/aurora_sim_v2/install/aurora1/share/aurora1/config
[2.997s] copying config/mapper_params_online_async.yaml -> /home/aurora/aurora_sim_v2/install/aurora1/share/aurora1/config
[2.998s] copying config/rover_controller_4wd_v2.yaml -> /home/aurora/aurora_sim_v2/install/aurora1/share/aurora1/config
[2.999s] copying description/robot.urdf.xacro -> /home/aurora/aurora_sim_v2/install/aurora1/share/aurora1/description
[2.999s] copying description/camera.xacro -> /home/aurora/aurora_sim_v2/install/aurora1/share/aurora1/description
[2.999s] copying description/inertial_macros.xacro -> /home/aurora/aurora_sim_v2/install/aurora1/share/aurora1/description
[3.000s] copying description/depth_camera.xacro -> /home/aurora/aurora_sim_v2/install/aurora1/share/aurora1/description
[3.000s] copying description/ros2_control_4wd_v2.xacro -> /home/aurora/aurora_sim_v2/install/aurora1/share/aurora1/description
[3.000s] copying description/lidar.xacro -> /home/aurora/aurora_sim_v2/install/aurora1/share/aurora1/description
[3.001s] copying description/robot_core_4wd_v2.xacro -> /home/aurora/aurora_sim_v2/install/aurora1/share/aurora1/description
[3.001s] copying rviz/slam.rviz -> /home/aurora/aurora_sim_v2/install/aurora1/share/aurora1/rviz
[3.001s] copying launch/joystick_real.launch.py -> /home/aurora/aurora_sim_v2/install/aurora1/share/aurora1/launch
[3.002s] copying launch/slam_launch.py -> /home/aurora/aurora_sim_v2/install/aurora1/share/aurora1/launch
[3.002s] copying launch/joystick.launch.py -> /home/aurora/aurora_sim_v2/install/aurora1/share/aurora1/launch
[3.002s] copying launch/launch_sim.launch.py -> /home/aurora/aurora_sim_v2/install/aurora1/share/aurora1/launch
[3.002s] copying launch/rsp.launch.py -> /home/aurora/aurora_sim_v2/install/aurora1/share/aurora1/launch
[3.003s] running install_egg_info
[3.006s] Copying ../../build/aurora1/aurora1.egg-info to /home/aurora/aurora_sim_v2/install/aurora1/lib/python3.10/site-packages/aurora1-0.0.0-py3.10.egg-info
[3.007s] running install_scripts
[3.046s] Installing ackermann_4wd_controller script to /home/aurora/aurora_sim_v2/install/aurora1/lib/aurora1
[3.047s] Installing ackermann_4wd_controller_real script to /home/aurora/aurora_sim_v2/install/aurora1/lib/aurora1
[3.047s] writing list of installed files to '/home/aurora/aurora_sim_v2/build/aurora1/install.log'
[3.119s] Invoked command in '/home/aurora/aurora_sim_v2/src/aurora1' returned '0': PYTHONPATH=/home/aurora/aurora_sim_v2/build/aurora1/prefix_override:/usr/lib/python3/dist-packages/colcon_core/task/python/colcon_distutils_commands:/home/aurora/aurora_sim_v2/install/aurora1/lib/python3.10/site-packages:${PYTHONPATH} /usr/bin/python3 -W ignore:setup.py install is deprecated -W ignore:easy_install command is deprecated setup.py egg_info --egg-base ../../build/aurora1 build --build-base /home/aurora/aurora_sim_v2/build/aurora1/build install --record /home/aurora/aurora_sim_v2/build/aurora1/install.log --single-version-externally-managed install_data --force
