[1.636s] Invoking command in '/home/fuga1129/aurora_sim_v2/build/aurora_drive': PYTHONPATH=/home/fuga1129/aurora_sim_v2/build/aurora_drive/prefix_override:/usr/lib/python3/dist-packages/colcon_core/task/python/colcon_distutils_commands:/home/fuga1129/aurora_sim_v2/install/aurora_drive/lib/python3.10/site-packages:${PYTHONPATH} /usr/bin/python3 -W ignore:setup.py install is deprecated -W ignore:easy_install command is deprecated setup.py develop --uninstall --editable --build-directory /home/fuga1129/aurora_sim_v2/build/aurora_drive/build
[1.966s] running develop
[2.127s] Removing /home/fuga1129/aurora_sim_v2/install/aurora_drive/lib/python3.10/site-packages/aurora-drive.egg-link (link to .)
[2.153s] Invoked command in '/home/fuga1129/aurora_sim_v2/build/aurora_drive' returned '0': PYTHONPATH=/home/fuga1129/aurora_sim_v2/build/aurora_drive/prefix_override:/usr/lib/python3/dist-packages/colcon_core/task/python/colcon_distutils_commands:/home/fuga1129/aurora_sim_v2/install/aurora_drive/lib/python3.10/site-packages:${PYTHONPATH} /usr/bin/python3 -W ignore:setup.py install is deprecated -W ignore:easy_install command is deprecated setup.py develop --uninstall --editable --build-directory /home/fuga1129/aurora_sim_v2/build/aurora_drive/build
[2.155s] Invoking command in '/home/fuga1129/aurora_sim_v2/src/aurora_drive': PYTHONPATH=/home/fuga1129/aurora_sim_v2/build/aurora_drive/prefix_override:/usr/lib/python3/dist-packages/colcon_core/task/python/colcon_distutils_commands:/home/fuga1129/aurora_sim_v2/install/aurora_drive/lib/python3.10/site-packages:${PYTHONPATH} /usr/bin/python3 -W ignore:setup.py install is deprecated -W ignore:easy_install command is deprecated setup.py egg_info --egg-base ../../build/aurora_drive build --build-base /home/fuga1129/aurora_sim_v2/build/aurora_drive/build install --record /home/fuga1129/aurora_sim_v2/build/aurora_drive/install.log --single-version-externally-managed install_data --force
[2.450s] running egg_info
[2.451s] writing ../../build/aurora_drive/aurora_drive.egg-info/PKG-INFO
[2.451s] writing dependency_links to ../../build/aurora_drive/aurora_drive.egg-info/dependency_links.txt
[2.451s] writing entry points to ../../build/aurora_drive/aurora_drive.egg-info/entry_points.txt
[2.451s] writing requirements to ../../build/aurora_drive/aurora_drive.egg-info/requires.txt
[2.452s] writing top-level names to ../../build/aurora_drive/aurora_drive.egg-info/top_level.txt
[2.453s] reading manifest file '../../build/aurora_drive/aurora_drive.egg-info/SOURCES.txt'
[2.454s] writing manifest file '../../build/aurora_drive/aurora_drive.egg-info/SOURCES.txt'
[2.454s] running build
[2.454s] running build_py
[2.454s] running install
[2.455s] running install_lib
[2.455s] creating /home/fuga1129/aurora_sim_v2/install/aurora_drive/lib/python3.10/site-packages/aurora_drive
[2.455s] copying /home/fuga1129/aurora_sim_v2/build/aurora_drive/build/lib/aurora_drive/__init__.py -> /home/fuga1129/aurora_sim_v2/install/aurora_drive/lib/python3.10/site-packages/aurora_drive
[2.455s] copying /home/fuga1129/aurora_sim_v2/build/aurora_drive/build/lib/aurora_drive/odometry_4ws.py -> /home/fuga1129/aurora_sim_v2/install/aurora_drive/lib/python3.10/site-packages/aurora_drive
[2.455s] copying /home/fuga1129/aurora_sim_v2/build/aurora_drive/build/lib/aurora_drive/ackermann_sim_controller.py -> /home/fuga1129/aurora_sim_v2/install/aurora_drive/lib/python3.10/site-packages/aurora_drive
[2.455s] copying /home/fuga1129/aurora_sim_v2/build/aurora_drive/build/lib/aurora_drive/ackermann_4wd_controller.py -> /home/fuga1129/aurora_sim_v2/install/aurora_drive/lib/python3.10/site-packages/aurora_drive
[2.456s] byte-compiling /home/fuga1129/aurora_sim_v2/install/aurora_drive/lib/python3.10/site-packages/aurora_drive/__init__.py to __init__.cpython-310.pyc
[2.456s] byte-compiling /home/fuga1129/aurora_sim_v2/install/aurora_drive/lib/python3.10/site-packages/aurora_drive/odometry_4ws.py to odometry_4ws.cpython-310.pyc
[2.457s] byte-compiling /home/fuga1129/aurora_sim_v2/install/aurora_drive/lib/python3.10/site-packages/aurora_drive/ackermann_sim_controller.py to ackermann_sim_controller.cpython-310.pyc
[2.457s] byte-compiling /home/fuga1129/aurora_sim_v2/install/aurora_drive/lib/python3.10/site-packages/aurora_drive/ackermann_4wd_controller.py to ackermann_4wd_controller.cpython-310.pyc
[2.458s] running install_data
[2.458s] copying resource/aurora_drive -> /home/fuga1129/aurora_sim_v2/install/aurora_drive/share/ament_index/resource_index/packages
[2.459s] copying package.xml -> /home/fuga1129/aurora_sim_v2/install/aurora_drive/share/aurora_drive
[2.459s] copying launch/rsp_v2.launch.py -> /home/fuga1129/aurora_sim_v2/install/aurora_drive/share/aurora_drive/launch
[2.459s] copying launch/joystick_real.launch.py -> /home/fuga1129/aurora_sim_v2/install/aurora_drive/share/aurora_drive/launch
[2.459s] copying launch/launch_sim.launch.py -> /home/fuga1129/aurora_sim_v2/install/aurora_drive/share/aurora_drive/launch
[2.459s] copying launch/joystick_v2.launch.py -> /home/fuga1129/aurora_sim_v2/install/aurora_drive/share/aurora_drive/launch
[2.459s] copying launch/launch_sim_v2.launch.py -> /home/fuga1129/aurora_sim_v2/install/aurora_drive/share/aurora_drive/launch
[2.459s] copying launch/launch_sim_v3.launch.py -> /home/fuga1129/aurora_sim_v2/install/aurora_drive/share/aurora_drive/launch
[2.460s] copying launch/joystick.launch.py -> /home/fuga1129/aurora_sim_v2/install/aurora_drive/share/aurora_drive/launch
[2.460s] copying launch/all.launch.py -> /home/fuga1129/aurora_sim_v2/install/aurora_drive/share/aurora_drive/launch
[2.460s] copying launch/rsp.launch.py -> /home/fuga1129/aurora_sim_v2/install/aurora_drive/share/aurora_drive/launch
[2.460s] copying launch/rsp_v2.launch.py -> /home/fuga1129/aurora_sim_v2/install/aurora_drive/share/aurora_drive/launch
[2.460s] copying launch/slam_launch.py -> /home/fuga1129/aurora_sim_v2/install/aurora_drive/share/aurora_drive/launch
[2.460s] copying launch/joystick_real.launch.py -> /home/fuga1129/aurora_sim_v2/install/aurora_drive/share/aurora_drive/launch
[2.460s] copying launch/launch_sim.launch.py -> /home/fuga1129/aurora_sim_v2/install/aurora_drive/share/aurora_drive/launch
[2.460s] copying launch/joystick_v2.launch.py -> /home/fuga1129/aurora_sim_v2/install/aurora_drive/share/aurora_drive/launch
[2.461s] copying launch/launch_sim_v2.launch.py -> /home/fuga1129/aurora_sim_v2/install/aurora_drive/share/aurora_drive/launch
[2.461s] copying launch/launch_sim_v3.launch.py -> /home/fuga1129/aurora_sim_v2/install/aurora_drive/share/aurora_drive/launch
[2.461s] copying launch/joystick.launch.py -> /home/fuga1129/aurora_sim_v2/install/aurora_drive/share/aurora_drive/launch
[2.461s] copying launch/all.launch.py -> /home/fuga1129/aurora_sim_v2/install/aurora_drive/share/aurora_drive/launch
[2.461s] copying launch/rsp.launch.py -> /home/fuga1129/aurora_sim_v2/install/aurora_drive/share/aurora_drive/launch
[2.461s] copying config/joystick.yaml -> /home/fuga1129/aurora_sim_v2/install/aurora_drive/share/aurora_drive/config
[2.461s] copying config/rover_controller_4wd_v2.yaml -> /home/fuga1129/aurora_sim_v2/install/aurora_drive/share/aurora_drive/config
[2.461s] copying config/controller_4ws.yaml -> /home/fuga1129/aurora_sim_v2/install/aurora_drive/share/aurora_drive/config
[2.461s] copying config/twist_mux.yaml -> /home/fuga1129/aurora_sim_v2/install/aurora_drive/share/aurora_drive/config
[2.461s] copying config/nav2_param.yaml -> /home/fuga1129/aurora_sim_v2/install/aurora_drive/share/aurora_drive/config
[2.461s] copying config/slam_toolbox.yaml -> /home/fuga1129/aurora_sim_v2/install/aurora_drive/share/aurora_drive/config
[2.462s] copying config/mapper_params_online_async.yaml -> /home/fuga1129/aurora_sim_v2/install/aurora_drive/share/aurora_drive/config
[2.462s] copying description/robot_core_4wd_v2.xacro -> /home/fuga1129/aurora_sim_v2/install/aurora_drive/share/aurora_drive/description
[2.462s] copying description/depth_camera.xacro -> /home/fuga1129/aurora_sim_v2/install/aurora_drive/share/aurora_drive/description
[2.463s] copying description/inertial_macros.xacro -> /home/fuga1129/aurora_sim_v2/install/aurora_drive/share/aurora_drive/description
[2.463s] copying description/ros2_control_4wd_v2.xacro -> /home/fuga1129/aurora_sim_v2/install/aurora_drive/share/aurora_drive/description
[2.463s] copying description/lidar.xacro -> /home/fuga1129/aurora_sim_v2/install/aurora_drive/share/aurora_drive/description
[2.463s] copying description/robot.urdf.xacro -> /home/fuga1129/aurora_sim_v2/install/aurora_drive/share/aurora_drive/description
[2.463s] copying description/camera.xacro -> /home/fuga1129/aurora_sim_v2/install/aurora_drive/share/aurora_drive/description
[2.463s] copying world/aruco.world -> /home/fuga1129/aurora_sim_v2/install/aurora_drive/share/aurora_drive/world
[2.463s] copying world/house.world -> /home/fuga1129/aurora_sim_v2/install/aurora_drive/share/aurora_drive/world
[2.464s] copying world/obstacle_v2.world -> /home/fuga1129/aurora_sim_v2/install/aurora_drive/share/aurora_drive/world
[2.464s] copying world/obstacle.world -> /home/fuga1129/aurora_sim_v2/install/aurora_drive/share/aurora_drive/world
[2.465s] running install_egg_info
[2.467s] Copying ../../build/aurora_drive/aurora_drive.egg-info to /home/fuga1129/aurora_sim_v2/install/aurora_drive/lib/python3.10/site-packages/aurora_drive-0.0.0-py3.10.egg-info
[2.467s] running install_scripts
[2.488s] Installing ackermann_4wd_controller script to /home/fuga1129/aurora_sim_v2/install/aurora_drive/lib/aurora_drive
[2.489s] Installing ackermann_sim_controller script to /home/fuga1129/aurora_sim_v2/install/aurora_drive/lib/aurora_drive
[2.489s] Installing odometry_4ws script to /home/fuga1129/aurora_sim_v2/install/aurora_drive/lib/aurora_drive
[2.489s] writing list of installed files to '/home/fuga1129/aurora_sim_v2/build/aurora_drive/install.log'
[2.516s] Invoked command in '/home/fuga1129/aurora_sim_v2/src/aurora_drive' returned '0': PYTHONPATH=/home/fuga1129/aurora_sim_v2/build/aurora_drive/prefix_override:/usr/lib/python3/dist-packages/colcon_core/task/python/colcon_distutils_commands:/home/fuga1129/aurora_sim_v2/install/aurora_drive/lib/python3.10/site-packages:${PYTHONPATH} /usr/bin/python3 -W ignore:setup.py install is deprecated -W ignore:easy_install command is deprecated setup.py egg_info --egg-base ../../build/aurora_drive build --build-base /home/fuga1129/aurora_sim_v2/build/aurora_drive/build install --record /home/fuga1129/aurora_sim_v2/build/aurora_drive/install.log --single-version-externally-managed install_data --force
