[1.712s] Invoking command in '/home/aurora/aurora_sim_v2/src/aurora_drive': PYTHONPATH=/home/aurora/aurora_sim_v2/build/aurora_drive/prefix_override:/usr/lib/python3/dist-packages/colcon_core/task/python/colcon_distutils_commands:/home/aurora/aurora_sim_v2/install/aurora_drive/lib/python3.10/site-packages:${PYTHONPATH} /usr/bin/python3 -W ignore:setup.py install is deprecated -W ignore:easy_install command is deprecated setup.py egg_info --egg-base ../../build/aurora_drive build --build-base /home/aurora/aurora_sim_v2/build/aurora_drive/build install --record /home/aurora/aurora_sim_v2/build/aurora_drive/install.log --single-version-externally-managed install_data
[2.153s] running egg_info
[2.155s] writing ../../build/aurora_drive/aurora_drive.egg-info/PKG-INFO
[2.155s] writing dependency_links to ../../build/aurora_drive/aurora_drive.egg-info/dependency_links.txt
[2.155s] writing entry points to ../../build/aurora_drive/aurora_drive.egg-info/entry_points.txt
[2.156s] writing requirements to ../../build/aurora_drive/aurora_drive.egg-info/requires.txt
[2.156s] writing top-level names to ../../build/aurora_drive/aurora_drive.egg-info/top_level.txt
[2.159s] reading manifest file '../../build/aurora_drive/aurora_drive.egg-info/SOURCES.txt'
[2.162s] writing manifest file '../../build/aurora_drive/aurora_drive.egg-info/SOURCES.txt'
[2.162s] running build
[2.162s] running build_py
[2.163s] running install
[2.163s] running install_lib
[2.166s] running install_data
[2.167s] running install_egg_info
[2.171s] removing '/home/aurora/aurora_sim_v2/install/aurora_drive/lib/python3.10/site-packages/aurora_drive-0.0.0-py3.10.egg-info' (and everything under it)
[2.171s] Copying ../../build/aurora_drive/aurora_drive.egg-info to /home/aurora/aurora_sim_v2/install/aurora_drive/lib/python3.10/site-packages/aurora_drive-0.0.0-py3.10.egg-info
[2.173s] running install_scripts
[2.214s] Installing ackermann_4wd_controller script to /home/aurora/aurora_sim_v2/install/aurora_drive/lib/aurora_drive
[2.214s] Installing ackermann_sim_controller script to /home/aurora/aurora_sim_v2/install/aurora_drive/lib/aurora_drive
[2.215s] Installing odometry_4ws script to /home/aurora/aurora_sim_v2/install/aurora_drive/lib/aurora_drive
[2.215s] writing list of installed files to '/home/aurora/aurora_sim_v2/build/aurora_drive/install.log'
[2.296s] Invoked command in '/home/aurora/aurora_sim_v2/src/aurora_drive' returned '0': PYTHONPATH=/home/aurora/aurora_sim_v2/build/aurora_drive/prefix_override:/usr/lib/python3/dist-packages/colcon_core/task/python/colcon_distutils_commands:/home/aurora/aurora_sim_v2/install/aurora_drive/lib/python3.10/site-packages:${PYTHONPATH} /usr/bin/python3 -W ignore:setup.py install is deprecated -W ignore:easy_install command is deprecated setup.py egg_info --egg-base ../../build/aurora_drive build --build-base /home/aurora/aurora_sim_v2/build/aurora_drive/build install --record /home/aurora/aurora_sim_v2/build/aurora_drive/install.log --single-version-externally-managed install_data
