[0.401s] Invoking command in '/home/fuga1129/aurora_sim_v2/src/aurora_drive': PYTHONPATH=/home/fuga1129/aurora_sim_v2/build/aurora_drive/prefix_override:/usr/lib/python3/dist-packages/colcon_core/task/python/colcon_distutils_commands:/home/fuga1129/aurora_sim_v2/install/aurora_drive/lib/python3.10/site-packages:${PYTHONPATH} /usr/bin/python3 -W ignore:setup.py install is deprecated -W ignore:easy_install command is deprecated setup.py egg_info --egg-base ../../build/aurora_drive build --build-base /home/fuga1129/aurora_sim_v2/build/aurora_drive/build install --record /home/fuga1129/aurora_sim_v2/build/aurora_drive/install.log --single-version-externally-managed install_data
[0.554s] running egg_info
[0.554s] writing ../../build/aurora_drive/aurora_drive.egg-info/PKG-INFO
[0.554s] writing dependency_links to ../../build/aurora_drive/aurora_drive.egg-info/dependency_links.txt
[0.554s] writing entry points to ../../build/aurora_drive/aurora_drive.egg-info/entry_points.txt
[0.555s] writing requirements to ../../build/aurora_drive/aurora_drive.egg-info/requires.txt
[0.555s] writing top-level names to ../../build/aurora_drive/aurora_drive.egg-info/top_level.txt
[0.556s] reading manifest file '../../build/aurora_drive/aurora_drive.egg-info/SOURCES.txt'
[0.556s] writing manifest file '../../build/aurora_drive/aurora_drive.egg-info/SOURCES.txt'
[0.557s] running build
[0.557s] running build_py
[0.557s] copying aurora_drive/ackermann_sim_controller.py -> /home/fuga1129/aurora_sim_v2/build/aurora_drive/build/lib/aurora_drive
[0.557s] running install
[0.557s] running install_lib
[0.557s] copying /home/fuga1129/aurora_sim_v2/build/aurora_drive/build/lib/aurora_drive/ackermann_sim_controller.py -> /home/fuga1129/aurora_sim_v2/install/aurora_drive/lib/python3.10/site-packages/aurora_drive
[0.558s] byte-compiling /home/fuga1129/aurora_sim_v2/install/aurora_drive/lib/python3.10/site-packages/aurora_drive/ackermann_sim_controller.py to ackermann_sim_controller.cpython-310.pyc
[0.558s] running install_data
[0.558s] copying config/joystick.yaml -> /home/fuga1129/aurora_sim_v2/install/aurora_drive/share/aurora_drive/config
[0.559s] running install_egg_info
[0.560s] removing '/home/fuga1129/aurora_sim_v2/install/aurora_drive/lib/python3.10/site-packages/aurora_drive-0.0.0-py3.10.egg-info' (and everything under it)
[0.560s] Copying ../../build/aurora_drive/aurora_drive.egg-info to /home/fuga1129/aurora_sim_v2/install/aurora_drive/lib/python3.10/site-packages/aurora_drive-0.0.0-py3.10.egg-info
[0.560s] running install_scripts
[0.573s] Installing ackermann_4wd_controller script to /home/fuga1129/aurora_sim_v2/install/aurora_drive/lib/aurora_drive
[0.573s] Installing ackermann_sim_controller script to /home/fuga1129/aurora_sim_v2/install/aurora_drive/lib/aurora_drive
[0.573s] Installing odometry_4ws script to /home/fuga1129/aurora_sim_v2/install/aurora_drive/lib/aurora_drive
[0.574s] writing list of installed files to '/home/fuga1129/aurora_sim_v2/build/aurora_drive/install.log'
[0.589s] Invoked command in '/home/fuga1129/aurora_sim_v2/src/aurora_drive' returned '0': PYTHONPATH=/home/fuga1129/aurora_sim_v2/build/aurora_drive/prefix_override:/usr/lib/python3/dist-packages/colcon_core/task/python/colcon_distutils_commands:/home/fuga1129/aurora_sim_v2/install/aurora_drive/lib/python3.10/site-packages:${PYTHONPATH} /usr/bin/python3 -W ignore:setup.py install is deprecated -W ignore:easy_install command is deprecated setup.py egg_info --egg-base ../../build/aurora_drive build --build-base /home/fuga1129/aurora_sim_v2/build/aurora_drive/build install --record /home/fuga1129/aurora_sim_v2/build/aurora_drive/install.log --single-version-externally-managed install_data
