[1.547s] Invoking command in '/home/fuga1129/aurora_sim_v2/src/ros2_aruco/ros2_aruco': PYTHONPATH=/home/fuga1129/aurora_sim_v2/build/ros2_aruco/prefix_override:/usr/lib/python3/dist-packages/colcon_core/task/python/colcon_distutils_commands:/home/fuga1129/aurora_sim_v2/install/ros2_aruco/lib/python3.10/site-packages:${PYTHONPATH} /usr/bin/python3 -W ignore:setup.py install is deprecated -W ignore:easy_install command is deprecated setup.py egg_info --egg-base ../../../build/ros2_aruco build --build-base /home/fuga1129/aurora_sim_v2/build/ros2_aruco/build install --record /home/fuga1129/aurora_sim_v2/build/ros2_aruco/install.log --single-version-externally-managed install_data
[1.807s] running egg_info
[1.807s] writing ../../../build/ros2_aruco/ros2_aruco.egg-info/PKG-INFO
[1.808s] writing dependency_links to ../../../build/ros2_aruco/ros2_aruco.egg-info/dependency_links.txt
[1.808s] writing entry points to ../../../build/ros2_aruco/ros2_aruco.egg-info/entry_points.txt
[1.808s] writing requirements to ../../../build/ros2_aruco/ros2_aruco.egg-info/requires.txt
[1.808s] writing top-level names to ../../../build/ros2_aruco/ros2_aruco.egg-info/top_level.txt
[1.809s] reading manifest file '../../../build/ros2_aruco/ros2_aruco.egg-info/SOURCES.txt'
[1.810s] writing manifest file '../../../build/ros2_aruco/ros2_aruco.egg-info/SOURCES.txt'
[1.810s] running build
[1.811s] running build_py
[1.811s] running install
[1.811s] running install_lib
[1.813s] running install_data
[1.813s] running install_egg_info
[1.814s] removing '/home/fuga1129/aurora_sim_v2/install/ros2_aruco/lib/python3.10/site-packages/ros2_aruco-0.1.0-py3.10.egg-info' (and everything under it)
[1.815s] Copying ../../../build/ros2_aruco/ros2_aruco.egg-info to /home/fuga1129/aurora_sim_v2/install/ros2_aruco/lib/python3.10/site-packages/ros2_aruco-0.1.0-py3.10.egg-info
[1.815s] running install_scripts
[1.834s] Installing aruco_generate_marker script to /home/fuga1129/aurora_sim_v2/install/ros2_aruco/lib/ros2_aruco
[1.834s] Installing aruco_node script to /home/fuga1129/aurora_sim_v2/install/ros2_aruco/lib/ros2_aruco
[1.835s] writing list of installed files to '/home/fuga1129/aurora_sim_v2/build/ros2_aruco/install.log'
[1.867s] Invoked command in '/home/fuga1129/aurora_sim_v2/src/ros2_aruco/ros2_aruco' returned '0': PYTHONPATH=/home/fuga1129/aurora_sim_v2/build/ros2_aruco/prefix_override:/usr/lib/python3/dist-packages/colcon_core/task/python/colcon_distutils_commands:/home/fuga1129/aurora_sim_v2/install/ros2_aruco/lib/python3.10/site-packages:${PYTHONPATH} /usr/bin/python3 -W ignore:setup.py install is deprecated -W ignore:easy_install command is deprecated setup.py egg_info --egg-base ../../../build/ros2_aruco build --build-base /home/fuga1129/aurora_sim_v2/build/ros2_aruco/build install --record /home/fuga1129/aurora_sim_v2/build/ros2_aruco/install.log --single-version-externally-managed install_data
