[0.194s] DEBUG:colcon:Command line arguments: ['/usr/bin/colcon', 'build']
[0.195s] DEBUG:colcon:Parsed command line arguments: Namespace(log_base=None, log_level=None, verb_name='build', build_base='build', install_base='install', merge_install=False, symlink_install=False, test_result_base=None, continue_on_error=False, executor='parallel', parallel_workers=6, event_handlers=None, ignore_user_meta=False, metas=['./colcon.meta'], base_paths=['.'], packages_ignore=None, packages_ignore_regex=None, paths=None, packages_up_to=None, packages_up_to_regex=None, packages_above=None, packages_above_and_dependencies=None, packages_above_depth=None, packages_select_by_dep=None, packages_skip_by_dep=None, packages_skip_up_to=None, packages_select_build_failed=False, packages_skip_build_finished=False, packages_select_test_failures=False, packages_skip_test_passed=False, packages_select=None, packages_skip=None, packages_select_regex=None, packages_skip_regex=None, packages_start=None, packages_end=None, allow_overriding=[], cmake_args=None, cmake_target=None, cmake_target_skip_unavailable=False, cmake_clean_cache=False, cmake_clean_first=False, cmake_force_configure=False, ament_cmake_args=None, catkin_cmake_args=None, catkin_skip_building_tests=False, verb_parser=<colcon_defaults.argument_parser.defaults.DefaultArgumentsDecorator object at 0xffff99037fa0>, verb_extension=<colcon_core.verb.build.BuildVerb object at 0xffff99037a00>, main=<bound method BuildVerb.main of <colcon_core.verb.build.BuildVerb object at 0xffff99037a00>>)
[0.492s] Level 1:colcon.colcon_core.package_discovery:discover_packages(colcon_meta) check parameters
[0.493s] Level 1:colcon.colcon_core.package_discovery:discover_packages(recursive) check parameters
[0.493s] Level 1:colcon.colcon_core.package_discovery:discover_packages(ignore) check parameters
[0.493s] Level 1:colcon.colcon_core.package_discovery:discover_packages(path) check parameters
[0.493s] Level 1:colcon.colcon_core.package_discovery:discover_packages(colcon_meta) discover
[0.493s] Level 1:colcon.colcon_core.package_discovery:discover_packages(recursive) discover
[0.493s] INFO:colcon.colcon_core.package_discovery:Crawling recursively for packages in '/home/aurora/aurora_sim_v2'
[0.493s] Level 1:colcon.colcon_core.package_identification:_identify(.) by extensions ['ignore', 'ignore_ament_install']
[0.494s] Level 1:colcon.colcon_core.package_identification:_identify(.) by extension 'ignore'
[0.494s] Level 1:colcon.colcon_core.package_identification:_identify(.) by extension 'ignore_ament_install'
[0.494s] Level 1:colcon.colcon_core.package_identification:_identify(.) by extensions ['colcon_pkg']
[0.494s] Level 1:colcon.colcon_core.package_identification:_identify(.) by extension 'colcon_pkg'
[0.494s] Level 1:colcon.colcon_core.package_identification:_identify(.) by extensions ['colcon_meta']
[0.494s] Level 1:colcon.colcon_core.package_identification:_identify(.) by extension 'colcon_meta'
[0.494s] Level 1:colcon.colcon_core.package_identification:_identify(.) by extensions ['ros']
[0.494s] Level 1:colcon.colcon_core.package_identification:_identify(.) by extension 'ros'
[0.516s] Level 1:colcon.colcon_core.package_identification:_identify(.) by extensions ['cmake', 'python']
[0.516s] Level 1:colcon.colcon_core.package_identification:_identify(.) by extension 'cmake'
[0.516s] Level 1:colcon.colcon_core.package_identification:_identify(.) by extension 'python'
[0.516s] Level 1:colcon.colcon_core.package_identification:_identify(.) by extensions ['python_setup_py']
[0.516s] Level 1:colcon.colcon_core.package_identification:_identify(.) by extension 'python_setup_py'
[0.517s] Level 1:colcon.colcon_core.package_identification:_identify(build) by extensions ['ignore', 'ignore_ament_install']
[0.517s] Level 1:colcon.colcon_core.package_identification:_identify(build) by extension 'ignore'
[0.517s] Level 1:colcon.colcon_core.package_identification:_identify(build) ignored
[0.517s] Level 1:colcon.colcon_core.package_identification:_identify(install) by extensions ['ignore', 'ignore_ament_install']
[0.517s] Level 1:colcon.colcon_core.package_identification:_identify(install) by extension 'ignore'
[0.518s] Level 1:colcon.colcon_core.package_identification:_identify(install) ignored
[0.518s] Level 1:colcon.colcon_core.package_identification:_identify(log) by extensions ['ignore', 'ignore_ament_install']
[0.518s] Level 1:colcon.colcon_core.package_identification:_identify(log) by extension 'ignore'
[0.518s] Level 1:colcon.colcon_core.package_identification:_identify(log) ignored
[0.518s] Level 1:colcon.colcon_core.package_identification:_identify(src) by extensions ['ignore', 'ignore_ament_install']
[0.519s] Level 1:colcon.colcon_core.package_identification:_identify(src) by extension 'ignore'
[0.519s] Level 1:colcon.colcon_core.package_identification:_identify(src) by extension 'ignore_ament_install'
[0.519s] Level 1:colcon.colcon_core.package_identification:_identify(src) by extensions ['colcon_pkg']
[0.519s] Level 1:colcon.colcon_core.package_identification:_identify(src) by extension 'colcon_pkg'
[0.519s] Level 1:colcon.colcon_core.package_identification:_identify(src) by extensions ['colcon_meta']
[0.519s] Level 1:colcon.colcon_core.package_identification:_identify(src) by extension 'colcon_meta'
[0.519s] Level 1:colcon.colcon_core.package_identification:_identify(src) by extensions ['ros']
[0.519s] Level 1:colcon.colcon_core.package_identification:_identify(src) by extension 'ros'
[0.519s] Level 1:colcon.colcon_core.package_identification:_identify(src) by extensions ['cmake', 'python']
[0.519s] Level 1:colcon.colcon_core.package_identification:_identify(src) by extension 'cmake'
[0.519s] Level 1:colcon.colcon_core.package_identification:_identify(src) by extension 'python'
[0.519s] Level 1:colcon.colcon_core.package_identification:_identify(src) by extensions ['python_setup_py']
[0.520s] Level 1:colcon.colcon_core.package_identification:_identify(src) by extension 'python_setup_py'
[0.520s] Level 1:colcon.colcon_core.package_identification:_identify(src/aurora1) by extensions ['ignore', 'ignore_ament_install']
[0.520s] Level 1:colcon.colcon_core.package_identification:_identify(src/aurora1) by extension 'ignore'
[0.520s] Level 1:colcon.colcon_core.package_identification:_identify(src/aurora1) by extension 'ignore_ament_install'
[0.520s] Level 1:colcon.colcon_core.package_identification:_identify(src/aurora1) by extensions ['colcon_pkg']
[0.520s] Level 1:colcon.colcon_core.package_identification:_identify(src/aurora1) by extension 'colcon_pkg'
[0.520s] Level 1:colcon.colcon_core.package_identification:_identify(src/aurora1) by extensions ['colcon_meta']
[0.520s] Level 1:colcon.colcon_core.package_identification:_identify(src/aurora1) by extension 'colcon_meta'
[0.520s] Level 1:colcon.colcon_core.package_identification:_identify(src/aurora1) by extensions ['ros']
[0.520s] Level 1:colcon.colcon_core.package_identification:_identify(src/aurora1) by extension 'ros'
[0.525s] DEBUG:colcon.colcon_core.package_identification:Package 'src/aurora1' with type 'ros.ament_python' and name 'aurora1'
[0.525s] Level 1:colcon.colcon_core.package_identification:_identify(src/aurora_drive) by extensions ['ignore', 'ignore_ament_install']
[0.525s] Level 1:colcon.colcon_core.package_identification:_identify(src/aurora_drive) by extension 'ignore'
[0.525s] Level 1:colcon.colcon_core.package_identification:_identify(src/aurora_drive) by extension 'ignore_ament_install'
[0.526s] Level 1:colcon.colcon_core.package_identification:_identify(src/aurora_drive) by extensions ['colcon_pkg']
[0.526s] Level 1:colcon.colcon_core.package_identification:_identify(src/aurora_drive) by extension 'colcon_pkg'
[0.526s] Level 1:colcon.colcon_core.package_identification:_identify(src/aurora_drive) by extensions ['colcon_meta']
[0.526s] Level 1:colcon.colcon_core.package_identification:_identify(src/aurora_drive) by extension 'colcon_meta'
[0.526s] Level 1:colcon.colcon_core.package_identification:_identify(src/aurora_drive) by extensions ['ros']
[0.526s] Level 1:colcon.colcon_core.package_identification:_identify(src/aurora_drive) by extension 'ros'
[0.527s] DEBUG:colcon.colcon_core.package_identification:Package 'src/aurora_drive' with type 'ros.ament_python' and name 'aurora_drive'
[0.527s] Level 1:colcon.colcon_core.package_discovery:discover_packages(recursive) using defaults
[0.527s] Level 1:colcon.colcon_core.package_discovery:discover_packages(ignore) discover
[0.527s] Level 1:colcon.colcon_core.package_discovery:discover_packages(ignore) using defaults
[0.528s] Level 1:colcon.colcon_core.package_discovery:discover_packages(path) discover
[0.528s] Level 1:colcon.colcon_core.package_discovery:discover_packages(path) using defaults
[0.564s] Level 1:colcon.colcon_core.package_discovery:discover_packages(prefix_path) check parameters
[0.564s] Level 1:colcon.colcon_core.package_discovery:discover_packages(prefix_path) discover
[0.568s] DEBUG:colcon.colcon_installed_package_information.package_discovery:Found 2 installed packages in /home/aurora/aurora_sim_v2/install
[0.570s] DEBUG:colcon.colcon_installed_package_information.package_discovery:Found 280 installed packages in /opt/ros/humble
[0.601s] Level 1:colcon.colcon_core.package_discovery:discover_packages(prefix_path) using defaults
[0.671s] Level 5:colcon.colcon_core.verb:set package 'aurora1' build argument 'cmake_args' from command line to 'None'
[0.672s] Level 5:colcon.colcon_core.verb:set package 'aurora1' build argument 'cmake_target' from command line to 'None'
[0.672s] Level 5:colcon.colcon_core.verb:set package 'aurora1' build argument 'cmake_target_skip_unavailable' from command line to 'False'
[0.672s] Level 5:colcon.colcon_core.verb:set package 'aurora1' build argument 'cmake_clean_cache' from command line to 'False'
[0.672s] Level 5:colcon.colcon_core.verb:set package 'aurora1' build argument 'cmake_clean_first' from command line to 'False'
[0.672s] Level 5:colcon.colcon_core.verb:set package 'aurora1' build argument 'cmake_force_configure' from command line to 'False'
[0.672s] Level 5:colcon.colcon_core.verb:set package 'aurora1' build argument 'ament_cmake_args' from command line to 'None'
[0.672s] Level 5:colcon.colcon_core.verb:set package 'aurora1' build argument 'catkin_cmake_args' from command line to 'None'
[0.672s] Level 5:colcon.colcon_core.verb:set package 'aurora1' build argument 'catkin_skip_building_tests' from command line to 'False'
[0.672s] DEBUG:colcon.colcon_core.verb:Building package 'aurora1' with the following arguments: {'ament_cmake_args': None, 'build_base': '/home/aurora/aurora_sim_v2/build/aurora1', 'catkin_cmake_args': None, 'catkin_skip_building_tests': False, 'cmake_args': None, 'cmake_clean_cache': False, 'cmake_clean_first': False, 'cmake_force_configure': False, 'cmake_target': None, 'cmake_target_skip_unavailable': False, 'install_base': '/home/aurora/aurora_sim_v2/install/aurora1', 'merge_install': False, 'path': '/home/aurora/aurora_sim_v2/src/aurora1', 'symlink_install': False, 'test_result_base': None}
[0.673s] Level 5:colcon.colcon_core.verb:set package 'aurora_drive' build argument 'cmake_args' from command line to 'None'
[0.673s] Level 5:colcon.colcon_core.verb:set package 'aurora_drive' build argument 'cmake_target' from command line to 'None'
[0.673s] Level 5:colcon.colcon_core.verb:set package 'aurora_drive' build argument 'cmake_target_skip_unavailable' from command line to 'False'
[0.673s] Level 5:colcon.colcon_core.verb:set package 'aurora_drive' build argument 'cmake_clean_cache' from command line to 'False'
[0.673s] Level 5:colcon.colcon_core.verb:set package 'aurora_drive' build argument 'cmake_clean_first' from command line to 'False'
[0.673s] Level 5:colcon.colcon_core.verb:set package 'aurora_drive' build argument 'cmake_force_configure' from command line to 'False'
[0.673s] Level 5:colcon.colcon_core.verb:set package 'aurora_drive' build argument 'ament_cmake_args' from command line to 'None'
[0.673s] Level 5:colcon.colcon_core.verb:set package 'aurora_drive' build argument 'catkin_cmake_args' from command line to 'None'
[0.673s] Level 5:colcon.colcon_core.verb:set package 'aurora_drive' build argument 'catkin_skip_building_tests' from command line to 'False'
[0.673s] DEBUG:colcon.colcon_core.verb:Building package 'aurora_drive' with the following arguments: {'ament_cmake_args': None, 'build_base': '/home/aurora/aurora_sim_v2/build/aurora_drive', 'catkin_cmake_args': None, 'catkin_skip_building_tests': False, 'cmake_args': None, 'cmake_clean_cache': False, 'cmake_clean_first': False, 'cmake_force_configure': False, 'cmake_target': None, 'cmake_target_skip_unavailable': False, 'install_base': '/home/aurora/aurora_sim_v2/install/aurora_drive', 'merge_install': False, 'path': '/home/aurora/aurora_sim_v2/src/aurora_drive', 'symlink_install': False, 'test_result_base': None}
[0.674s] INFO:colcon.colcon_core.executor:Executing jobs using 'parallel' executor
[0.676s] DEBUG:colcon.colcon_parallel_executor.executor.parallel:run_until_complete
[0.676s] INFO:colcon.colcon_ros.task.ament_python.build:Building ROS package in '/home/aurora/aurora_sim_v2/src/aurora1' with build type 'ament_python'
[0.677s] Level 1:colcon.colcon_core.shell:create_environment_hook('aurora1', 'ament_prefix_path')
[0.680s] INFO:colcon.colcon_core.plugin_system:Skipping extension 'colcon_core.shell.bat': Not used on non-Windows systems
[0.681s] INFO:colcon.colcon_core.shell:Creating environment hook '/home/aurora/aurora_sim_v2/install/aurora1/share/aurora1/hook/ament_prefix_path.ps1'
[0.682s] INFO:colcon.colcon_core.shell:Creating environment descriptor '/home/aurora/aurora_sim_v2/install/aurora1/share/aurora1/hook/ament_prefix_path.dsv'
[0.683s] INFO:colcon.colcon_core.shell:Creating environment hook '/home/aurora/aurora_sim_v2/install/aurora1/share/aurora1/hook/ament_prefix_path.sh'
[0.685s] INFO:colcon.colcon_core.shell:Skip shell extension 'powershell' for command environment: Not usable outside of PowerShell
[0.685s] DEBUG:colcon.colcon_core.shell:Skip shell extension 'dsv' for command environment
[0.691s] INFO:colcon.colcon_ros.task.ament_python.build:Building ROS package in '/home/aurora/aurora_sim_v2/src/aurora_drive' with build type 'ament_python'
[0.691s] Level 1:colcon.colcon_core.shell:create_environment_hook('aurora_drive', 'ament_prefix_path')
[0.692s] INFO:colcon.colcon_core.shell:Creating environment hook '/home/aurora/aurora_sim_v2/install/aurora_drive/share/aurora_drive/hook/ament_prefix_path.ps1'
[0.693s] INFO:colcon.colcon_core.shell:Creating environment descriptor '/home/aurora/aurora_sim_v2/install/aurora_drive/share/aurora_drive/hook/ament_prefix_path.dsv'
[0.694s] INFO:colcon.colcon_core.shell:Creating environment hook '/home/aurora/aurora_sim_v2/install/aurora_drive/share/aurora_drive/hook/ament_prefix_path.sh'
[0.695s] INFO:colcon.colcon_core.shell:Skip shell extension 'powershell' for command environment: Not usable outside of PowerShell
[0.695s] DEBUG:colcon.colcon_core.shell:Skip shell extension 'dsv' for command environment
[1.217s] INFO:colcon.colcon_core.task.python.build:Building Python package in '/home/aurora/aurora_sim_v2/src/aurora1'
[1.217s] INFO:colcon.colcon_core.shell:Skip shell extension 'powershell' for command environment: Not usable outside of PowerShell
[1.218s] DEBUG:colcon.colcon_core.shell:Skip shell extension 'dsv' for command environment
[1.704s] INFO:colcon.colcon_core.task.python.build:Building Python package in '/home/aurora/aurora_sim_v2/src/aurora_drive'
[1.705s] INFO:colcon.colcon_core.shell:Skip shell extension 'powershell' for command environment: Not usable outside of PowerShell
[1.705s] DEBUG:colcon.colcon_core.shell:Skip shell extension 'dsv' for command environment
[2.351s] DEBUG:colcon.colcon_core.event_handler.log_command:Invoking command in '/home/aurora/aurora_sim_v2/build/aurora1': PYTHONPATH=/home/aurora/aurora_sim_v2/build/aurora1/prefix_override:/usr/lib/python3/dist-packages/colcon_core/task/python/colcon_distutils_commands:/home/aurora/aurora_sim_v2/install/aurora1/lib/python3.10/site-packages:${PYTHONPATH} /usr/bin/python3 -W ignore:setup.py install is deprecated -W ignore:easy_install command is deprecated setup.py develop --uninstall --editable --build-directory /home/aurora/aurora_sim_v2/build/aurora1/build
[2.359s] DEBUG:colcon.colcon_core.event_handler.log_command:Invoking command in '/home/aurora/aurora_sim_v2/build/aurora_drive': PYTHONPATH=/home/aurora/aurora_sim_v2/build/aurora_drive/prefix_override:/usr/lib/python3/dist-packages/colcon_core/task/python/colcon_distutils_commands:/home/aurora/aurora_sim_v2/install/aurora_drive/lib/python3.10/site-packages:${PYTHONPATH} /usr/bin/python3 -W ignore:setup.py install is deprecated -W ignore:easy_install command is deprecated setup.py develop --uninstall --editable --build-directory /home/aurora/aurora_sim_v2/build/aurora_drive/build
[3.213s] DEBUG:colcon.colcon_core.event_handler.log_command:Invoked command in '/home/aurora/aurora_sim_v2/build/aurora_drive' returned '0': PYTHONPATH=/home/aurora/aurora_sim_v2/build/aurora_drive/prefix_override:/usr/lib/python3/dist-packages/colcon_core/task/python/colcon_distutils_commands:/home/aurora/aurora_sim_v2/install/aurora_drive/lib/python3.10/site-packages:${PYTHONPATH} /usr/bin/python3 -W ignore:setup.py install is deprecated -W ignore:easy_install command is deprecated setup.py develop --uninstall --editable --build-directory /home/aurora/aurora_sim_v2/build/aurora_drive/build
[3.219s] DEBUG:colcon.colcon_core.event_handler.log_command:Invoking command in '/home/aurora/aurora_sim_v2/src/aurora_drive': PYTHONPATH=/home/aurora/aurora_sim_v2/build/aurora_drive/prefix_override:/usr/lib/python3/dist-packages/colcon_core/task/python/colcon_distutils_commands:/home/aurora/aurora_sim_v2/install/aurora_drive/lib/python3.10/site-packages:${PYTHONPATH} /usr/bin/python3 -W ignore:setup.py install is deprecated -W ignore:easy_install command is deprecated setup.py egg_info --egg-base ../../build/aurora_drive build --build-base /home/aurora/aurora_sim_v2/build/aurora_drive/build install --record /home/aurora/aurora_sim_v2/build/aurora_drive/install.log --single-version-externally-managed install_data --force
[3.221s] DEBUG:colcon.colcon_core.event_handler.log_command:Invoked command in '/home/aurora/aurora_sim_v2/build/aurora1' returned '0': PYTHONPATH=/home/aurora/aurora_sim_v2/build/aurora1/prefix_override:/usr/lib/python3/dist-packages/colcon_core/task/python/colcon_distutils_commands:/home/aurora/aurora_sim_v2/install/aurora1/lib/python3.10/site-packages:${PYTHONPATH} /usr/bin/python3 -W ignore:setup.py install is deprecated -W ignore:easy_install command is deprecated setup.py develop --uninstall --editable --build-directory /home/aurora/aurora_sim_v2/build/aurora1/build
[3.227s] DEBUG:colcon.colcon_core.event_handler.log_command:Invoking command in '/home/aurora/aurora_sim_v2/src/aurora1': PYTHONPATH=/home/aurora/aurora_sim_v2/build/aurora1/prefix_override:/usr/lib/python3/dist-packages/colcon_core/task/python/colcon_distutils_commands:/home/aurora/aurora_sim_v2/install/aurora1/lib/python3.10/site-packages:${PYTHONPATH} /usr/bin/python3 -W ignore:setup.py install is deprecated -W ignore:easy_install command is deprecated setup.py egg_info --egg-base ../../build/aurora1 build --build-base /home/aurora/aurora_sim_v2/build/aurora1/build install --record /home/aurora/aurora_sim_v2/build/aurora1/install.log --single-version-externally-managed install_data --force
[3.796s] DEBUG:colcon.colcon_core.event_handler.log_command:Invoked command in '/home/aurora/aurora_sim_v2/src/aurora1' returned '0': PYTHONPATH=/home/aurora/aurora_sim_v2/build/aurora1/prefix_override:/usr/lib/python3/dist-packages/colcon_core/task/python/colcon_distutils_commands:/home/aurora/aurora_sim_v2/install/aurora1/lib/python3.10/site-packages:${PYTHONPATH} /usr/bin/python3 -W ignore:setup.py install is deprecated -W ignore:easy_install command is deprecated setup.py egg_info --egg-base ../../build/aurora1 build --build-base /home/aurora/aurora_sim_v2/build/aurora1/build install --record /home/aurora/aurora_sim_v2/build/aurora1/install.log --single-version-externally-managed install_data --force
[3.801s] Level 1:colcon.colcon_core.environment:checking '/home/aurora/aurora_sim_v2/install/aurora1' for CMake module files
[3.802s] Level 1:colcon.colcon_core.environment:checking '/home/aurora/aurora_sim_v2/install/aurora1' for CMake config files
[3.806s] Level 1:colcon.colcon_core.environment:checking '/home/aurora/aurora_sim_v2/install/aurora1/lib'
[3.806s] Level 1:colcon.colcon_core.environment:checking '/home/aurora/aurora_sim_v2/install/aurora1/bin'
[3.807s] Level 1:colcon.colcon_core.environment:checking '/home/aurora/aurora_sim_v2/install/aurora1/lib/pkgconfig/aurora1.pc'
[3.808s] Level 1:colcon.colcon_core.environment:checking '/home/aurora/aurora_sim_v2/install/aurora1/lib/python3.10/site-packages'
[3.808s] Level 1:colcon.colcon_core.shell:create_environment_hook('aurora1', 'pythonpath')
[3.809s] INFO:colcon.colcon_core.shell:Creating environment hook '/home/aurora/aurora_sim_v2/install/aurora1/share/aurora1/hook/pythonpath.ps1'
[3.812s] INFO:colcon.colcon_core.shell:Creating environment descriptor '/home/aurora/aurora_sim_v2/install/aurora1/share/aurora1/hook/pythonpath.dsv'
[3.813s] INFO:colcon.colcon_core.shell:Creating environment hook '/home/aurora/aurora_sim_v2/install/aurora1/share/aurora1/hook/pythonpath.sh'
[3.815s] Level 1:colcon.colcon_core.environment:checking '/home/aurora/aurora_sim_v2/install/aurora1/bin'
[3.815s] Level 1:colcon.colcon_core.environment:create_environment_scripts_only(aurora1)
[3.816s] INFO:colcon.colcon_core.shell:Creating package script '/home/aurora/aurora_sim_v2/install/aurora1/share/aurora1/package.ps1'
[3.817s] INFO:colcon.colcon_core.shell:Creating package descriptor '/home/aurora/aurora_sim_v2/install/aurora1/share/aurora1/package.dsv'
[3.819s] INFO:colcon.colcon_core.shell:Creating package script '/home/aurora/aurora_sim_v2/install/aurora1/share/aurora1/package.sh'
[3.822s] INFO:colcon.colcon_core.shell:Creating package script '/home/aurora/aurora_sim_v2/install/aurora1/share/aurora1/package.bash'
[3.826s] INFO:colcon.colcon_core.shell:Creating package script '/home/aurora/aurora_sim_v2/install/aurora1/share/aurora1/package.zsh'
[3.830s] Level 1:colcon.colcon_core.environment:create_file_with_runtime_dependencies(/home/aurora/aurora_sim_v2/install/aurora1/share/colcon-core/packages/aurora1)
[3.835s] Level 1:colcon.colcon_core.environment:checking '/home/aurora/aurora_sim_v2/install/aurora_drive' for CMake module files
[3.837s] DEBUG:colcon.colcon_core.event_handler.log_command:Invoked command in '/home/aurora/aurora_sim_v2/src/aurora_drive' returned '0': PYTHONPATH=/home/aurora/aurora_sim_v2/build/aurora_drive/prefix_override:/usr/lib/python3/dist-packages/colcon_core/task/python/colcon_distutils_commands:/home/aurora/aurora_sim_v2/install/aurora_drive/lib/python3.10/site-packages:${PYTHONPATH} /usr/bin/python3 -W ignore:setup.py install is deprecated -W ignore:easy_install command is deprecated setup.py egg_info --egg-base ../../build/aurora_drive build --build-base /home/aurora/aurora_sim_v2/build/aurora_drive/build install --record /home/aurora/aurora_sim_v2/build/aurora_drive/install.log --single-version-externally-managed install_data --force
[3.838s] Level 1:colcon.colcon_core.environment:checking '/home/aurora/aurora_sim_v2/install/aurora_drive' for CMake config files
[3.840s] Level 1:colcon.colcon_core.environment:checking '/home/aurora/aurora_sim_v2/install/aurora_drive/lib'
[3.840s] Level 1:colcon.colcon_core.environment:checking '/home/aurora/aurora_sim_v2/install/aurora_drive/bin'
[3.840s] Level 1:colcon.colcon_core.environment:checking '/home/aurora/aurora_sim_v2/install/aurora_drive/lib/pkgconfig/aurora_drive.pc'
[3.841s] Level 1:colcon.colcon_core.environment:checking '/home/aurora/aurora_sim_v2/install/aurora_drive/lib/python3.10/site-packages'
[3.841s] Level 1:colcon.colcon_core.shell:create_environment_hook('aurora_drive', 'pythonpath')
[3.841s] INFO:colcon.colcon_core.shell:Creating environment hook '/home/aurora/aurora_sim_v2/install/aurora_drive/share/aurora_drive/hook/pythonpath.ps1'
[3.843s] INFO:colcon.colcon_core.shell:Creating environment descriptor '/home/aurora/aurora_sim_v2/install/aurora_drive/share/aurora_drive/hook/pythonpath.dsv'
[3.844s] INFO:colcon.colcon_core.shell:Creating environment hook '/home/aurora/aurora_sim_v2/install/aurora_drive/share/aurora_drive/hook/pythonpath.sh'
[3.845s] Level 1:colcon.colcon_core.environment:checking '/home/aurora/aurora_sim_v2/install/aurora_drive/bin'
[3.845s] Level 1:colcon.colcon_core.environment:create_environment_scripts_only(aurora_drive)
[3.846s] INFO:colcon.colcon_core.shell:Creating package script '/home/aurora/aurora_sim_v2/install/aurora_drive/share/aurora_drive/package.ps1'
[3.847s] INFO:colcon.colcon_core.shell:Creating package descriptor '/home/aurora/aurora_sim_v2/install/aurora_drive/share/aurora_drive/package.dsv'
[3.849s] INFO:colcon.colcon_core.shell:Creating package script '/home/aurora/aurora_sim_v2/install/aurora_drive/share/aurora_drive/package.sh'
[3.850s] INFO:colcon.colcon_core.shell:Creating package script '/home/aurora/aurora_sim_v2/install/aurora_drive/share/aurora_drive/package.bash'
[3.851s] INFO:colcon.colcon_core.shell:Creating package script '/home/aurora/aurora_sim_v2/install/aurora_drive/share/aurora_drive/package.zsh'
[3.852s] Level 1:colcon.colcon_core.environment:create_file_with_runtime_dependencies(/home/aurora/aurora_sim_v2/install/aurora_drive/share/colcon-core/packages/aurora_drive)
[3.853s] DEBUG:colcon.colcon_parallel_executor.executor.parallel:closing loop
[3.854s] DEBUG:colcon.colcon_parallel_executor.executor.parallel:loop closed
[3.854s] DEBUG:colcon.colcon_parallel_executor.executor.parallel:run_until_complete finished with '0'
[3.854s] DEBUG:colcon.colcon_core.event_reactor:joining thread
[3.869s] INFO:colcon.colcon_core.plugin_system:Skipping extension 'colcon_notification.desktop_notification.terminal_notifier': Not used on non-Darwin systems
[3.869s] INFO:colcon.colcon_core.plugin_system:Skipping extension 'colcon_notification.desktop_notification.win32': Not used on non-Windows systems
[3.870s] INFO:colcon.colcon_notification.desktop_notification:Sending desktop notification using 'notify2'
[3.911s] DEBUG:colcon.colcon_core.event_reactor:joined thread
[3.913s] INFO:colcon.colcon_core.shell:Creating prefix script '/home/aurora/aurora_sim_v2/install/local_setup.ps1'
[3.916s] INFO:colcon.colcon_core.shell:Creating prefix util module '/home/aurora/aurora_sim_v2/install/_local_setup_util_ps1.py'
[3.919s] INFO:colcon.colcon_core.shell:Creating prefix chain script '/home/aurora/aurora_sim_v2/install/setup.ps1'
[3.921s] INFO:colcon.colcon_core.shell:Creating prefix script '/home/aurora/aurora_sim_v2/install/local_setup.sh'
[3.923s] INFO:colcon.colcon_core.shell:Creating prefix util module '/home/aurora/aurora_sim_v2/install/_local_setup_util_sh.py'
[3.925s] INFO:colcon.colcon_core.shell:Creating prefix chain script '/home/aurora/aurora_sim_v2/install/setup.sh'
[3.928s] INFO:colcon.colcon_core.shell:Creating prefix script '/home/aurora/aurora_sim_v2/install/local_setup.bash'
[3.929s] INFO:colcon.colcon_core.shell:Creating prefix chain script '/home/aurora/aurora_sim_v2/install/setup.bash'
[3.932s] INFO:colcon.colcon_core.shell:Creating prefix script '/home/aurora/aurora_sim_v2/install/local_setup.zsh'
[3.933s] INFO:colcon.colcon_core.shell:Creating prefix chain script '/home/aurora/aurora_sim_v2/install/setup.zsh'
