[0.359s] Invoking command in '/home/fuga1129/aurora_sim_v2/src/aurora1': PYTHONPATH=/home/fuga1129/aurora_sim_v2/build/aurora1/prefix_override:/usr/lib/python3/dist-packages/colcon_core/task/python/colcon_distutils_commands:/home/fuga1129/aurora_sim_v2/install/aurora1/lib/python3.10/site-packages:${PYTHONPATH} /usr/bin/python3 -W ignore:setup.py install is deprecated -W ignore:easy_install command is deprecated setup.py egg_info --egg-base ../../build/aurora1 build --build-base /home/fuga1129/aurora_sim_v2/build/aurora1/build install --record /home/fuga1129/aurora_sim_v2/build/aurora1/install.log --single-version-externally-managed install_data
[0.500s] running egg_info
[0.501s] writing ../../build/aurora1/aurora1.egg-info/PKG-INFO
[0.501s] writing dependency_links to ../../build/aurora1/aurora1.egg-info/dependency_links.txt
[0.501s] writing entry points to ../../build/aurora1/aurora1.egg-info/entry_points.txt
[0.501s] writing requirements to ../../build/aurora1/aurora1.egg-info/requires.txt
[0.501s] writing top-level names to ../../build/aurora1/aurora1.egg-info/top_level.txt
[0.502s] reading manifest file '../../build/aurora1/aurora1.egg-info/SOURCES.txt'
[0.503s] writing manifest file '../../build/aurora1/aurora1.egg-info/SOURCES.txt'
[0.503s] running build
[0.503s] running build_py
[0.503s] copying aurora1/ackermann_4wd_controller real.py -> /home/fuga1129/aurora_sim_v2/build/aurora1/build/lib/aurora1
[0.503s] copying aurora1/ackermann_4wd_controller.py -> /home/fuga1129/aurora_sim_v2/build/aurora1/build/lib/aurora1
[0.503s] running install
[0.503s] running install_lib
[0.504s] copying /home/fuga1129/aurora_sim_v2/build/aurora1/build/lib/aurora1/ackermann_4wd_controller real.py -> /home/fuga1129/aurora_sim_v2/install/aurora1/lib/python3.10/site-packages/aurora1
[0.504s] copying /home/fuga1129/aurora_sim_v2/build/aurora1/build/lib/aurora1/ackermann_4wd_controller.py -> /home/fuga1129/aurora_sim_v2/install/aurora1/lib/python3.10/site-packages/aurora1
[0.504s] byte-compiling /home/fuga1129/aurora_sim_v2/install/aurora1/lib/python3.10/site-packages/aurora1/ackermann_4wd_controller real.py to ackermann_4wd_controller real.cpython-310.pyc
[0.505s] byte-compiling /home/fuga1129/aurora_sim_v2/install/aurora1/lib/python3.10/site-packages/aurora1/ackermann_4wd_controller.py to ackermann_4wd_controller.cpython-310.pyc
[0.505s] running install_data
[0.505s] copying launch/joystick_real.launch.py -> /home/fuga1129/aurora_sim_v2/install/aurora1/share/aurora1/launch
[0.505s] running install_egg_info
[0.506s] removing '/home/fuga1129/aurora_sim_v2/install/aurora1/lib/python3.10/site-packages/aurora1-0.0.0-py3.10.egg-info' (and everything under it)
[0.507s] Copying ../../build/aurora1/aurora1.egg-info to /home/fuga1129/aurora_sim_v2/install/aurora1/lib/python3.10/site-packages/aurora1-0.0.0-py3.10.egg-info
[0.507s] running install_scripts
[0.520s] Installing ackermann_4wd_controller script to /home/fuga1129/aurora_sim_v2/install/aurora1/lib/aurora1
[0.520s] writing list of installed files to '/home/fuga1129/aurora_sim_v2/build/aurora1/install.log'
[0.538s] Invoked command in '/home/fuga1129/aurora_sim_v2/src/aurora1' returned '0': PYTHONPATH=/home/fuga1129/aurora_sim_v2/build/aurora1/prefix_override:/usr/lib/python3/dist-packages/colcon_core/task/python/colcon_distutils_commands:/home/fuga1129/aurora_sim_v2/install/aurora1/lib/python3.10/site-packages:${PYTHONPATH} /usr/bin/python3 -W ignore:setup.py install is deprecated -W ignore:easy_install command is deprecated setup.py egg_info --egg-base ../../build/aurora1 build --build-base /home/fuga1129/aurora_sim_v2/build/aurora1/build install --record /home/fuga1129/aurora_sim_v2/build/aurora1/install.log --single-version-externally-managed install_data
