[1.730s] Invoking command in '/home/fuga1129/aurora_sim_v2/src/chapter5/opencv_ros2': PYTHONPATH=/home/fuga1129/aurora_sim_v2/build/opencv_ros2/prefix_override:/usr/lib/python3/dist-packages/colcon_core/task/python/colcon_distutils_commands:/home/fuga1129/aurora_sim_v2/install/opencv_ros2/lib/python3.10/site-packages:${PYTHONPATH} /usr/bin/python3 -W ignore:setup.py install is deprecated -W ignore:easy_install command is deprecated setup.py egg_info --egg-base ../../../build/opencv_ros2 build --build-base /home/fuga1129/aurora_sim_v2/build/opencv_ros2/build install --record /home/fuga1129/aurora_sim_v2/build/opencv_ros2/install.log --single-version-externally-managed install_data
[2.005s] running egg_info
[2.006s] writing ../../../build/opencv_ros2/opencv_ros2.egg-info/PKG-INFO
[2.006s] writing dependency_links to ../../../build/opencv_ros2/opencv_ros2.egg-info/dependency_links.txt
[2.006s] writing entry points to ../../../build/opencv_ros2/opencv_ros2.egg-info/entry_points.txt
[2.006s] writing requirements to ../../../build/opencv_ros2/opencv_ros2.egg-info/requires.txt
[2.006s] writing top-level names to ../../../build/opencv_ros2/opencv_ros2.egg-info/top_level.txt
[2.008s] reading manifest file '../../../build/opencv_ros2/opencv_ros2.egg-info/SOURCES.txt'
[2.008s] adding license file 'LICENSE'
[2.009s] writing manifest file '../../../build/opencv_ros2/opencv_ros2.egg-info/SOURCES.txt'
[2.009s] running build
[2.009s] running build_py
[2.009s] copying opencv_ros2/aruco_node_tf_v2.py -> /home/fuga1129/aurora_sim_v2/build/opencv_ros2/build/lib/opencv_ros2
[2.010s] running install
[2.010s] running install_lib
[2.011s] copying /home/fuga1129/aurora_sim_v2/build/opencv_ros2/build/lib/opencv_ros2/aruco_node_tf_v2.py -> /home/fuga1129/aurora_sim_v2/install/opencv_ros2/lib/python3.10/site-packages/opencv_ros2
[2.012s] byte-compiling /home/fuga1129/aurora_sim_v2/install/opencv_ros2/lib/python3.10/site-packages/opencv_ros2/aruco_node_tf_v2.py to aruco_node_tf_v2.cpython-310.pyc
[2.014s] running install_data
[2.014s] running install_egg_info
[2.016s] removing '/home/fuga1129/aurora_sim_v2/install/opencv_ros2/lib/python3.10/site-packages/opencv_ros2-2.0.0-py3.10.egg-info' (and everything under it)
[2.016s] Copying ../../../build/opencv_ros2/opencv_ros2.egg-info to /home/fuga1129/aurora_sim_v2/install/opencv_ros2/lib/python3.10/site-packages/opencv_ros2-2.0.0-py3.10.egg-info
[2.016s] running install_scripts
[2.037s] Installing aruco_node_tf script to /home/fuga1129/aurora_sim_v2/install/opencv_ros2/lib/opencv_ros2
[2.037s] Installing aruco_node_tf_v2 script to /home/fuga1129/aurora_sim_v2/install/opencv_ros2/lib/opencv_ros2
[2.037s] Installing canny_edge_detection script to /home/fuga1129/aurora_sim_v2/install/opencv_ros2/lib/opencv_ros2
[2.037s] Installing challenge5_1_say_hello script to /home/fuga1129/aurora_sim_v2/install/opencv_ros2/lib/opencv_ros2
[2.038s] Installing challenge5_2_cup_direction script to /home/fuga1129/aurora_sim_v2/install/opencv_ros2/lib/opencv_ros2
[2.038s] Installing face_detection script to /home/fuga1129/aurora_sim_v2/install/opencv_ros2/lib/opencv_ros2
[2.038s] Installing imgproc_opencv_ros script to /home/fuga1129/aurora_sim_v2/install/opencv_ros2/lib/opencv_ros2
[2.038s] Installing qrcode_detector script to /home/fuga1129/aurora_sim_v2/install/opencv_ros2/lib/opencv_ros2
[2.038s] Installing quiz5_1_smile_detection script to /home/fuga1129/aurora_sim_v2/install/opencv_ros2/lib/opencv_ros2
[2.038s] writing list of installed files to '/home/fuga1129/aurora_sim_v2/build/opencv_ros2/install.log'
[2.061s] Invoked command in '/home/fuga1129/aurora_sim_v2/src/chapter5/opencv_ros2' returned '0': PYTHONPATH=/home/fuga1129/aurora_sim_v2/build/opencv_ros2/prefix_override:/usr/lib/python3/dist-packages/colcon_core/task/python/colcon_distutils_commands:/home/fuga1129/aurora_sim_v2/install/opencv_ros2/lib/python3.10/site-packages:${PYTHONPATH} /usr/bin/python3 -W ignore:setup.py install is deprecated -W ignore:easy_install command is deprecated setup.py egg_info --egg-base ../../../build/opencv_ros2 build --build-base /home/fuga1129/aurora_sim_v2/build/opencv_ros2/build install --record /home/fuga1129/aurora_sim_v2/build/opencv_ros2/install.log --single-version-externally-managed install_data
