[0.553s] Invoking command in '/home/fuga1129/aurora_sim_v2/build/aurora_autonav': AMENT_PREFIX_PATH=/home/fuga1129/aurora_sim_v2/install/ros2_aruco_interfaces:${AMENT_PREFIX_PATH} CMAKE_PREFIX_PATH=/home/fuga1129/aurora_sim_v2/install/ros2_aruco_interfaces:${CMAKE_PREFIX_PATH} LD_LIBRARY_PATH=/home/fuga1129/aurora_sim_v2/install/ros2_aruco_interfaces/lib:${LD_LIBRARY_PATH} PYTHONPATH=/home/fuga1129/aurora_sim_v2/build/aurora_autonav/prefix_override:/usr/lib/python3/dist-packages/colcon_core/task/python/colcon_distutils_commands:/home/fuga1129/aurora_sim_v2/install/aurora_autonav/lib/python3.10/site-packages:/home/fuga1129/aurora_sim_v2/install/ros2_aruco_interfaces/local/lib/python3.10/dist-packages:${PYTHONPATH} /usr/bin/python3 -W ignore:setup.py install is deprecated -W ignore:easy_install command is deprecated setup.py develop --editable --build-directory /home/fuga1129/aurora_sim_v2/build/aurora_autonav/build --no-deps symlink_data
[0.755s] running develop
[0.873s] running egg_info
[0.874s] creating aurora_autonav.egg-info
[0.874s] writing aurora_autonav.egg-info/PKG-INFO
[0.874s] writing dependency_links to aurora_autonav.egg-info/dependency_links.txt
[0.874s] writing entry points to aurora_autonav.egg-info/entry_points.txt
[0.874s] writing requirements to aurora_autonav.egg-info/requires.txt
[0.874s] writing top-level names to aurora_autonav.egg-info/top_level.txt
[0.874s] writing manifest file 'aurora_autonav.egg-info/SOURCES.txt'
[0.876s] reading manifest file 'aurora_autonav.egg-info/SOURCES.txt'
[0.876s] writing manifest file 'aurora_autonav.egg-info/SOURCES.txt'
[0.878s] running build_ext
[0.878s] Creating /home/fuga1129/aurora_sim_v2/install/aurora_autonav/lib/python3.10/site-packages/aurora-autonav.egg-link (link to .)
[0.878s] Installing checkpoin_geometry script to /home/fuga1129/aurora_sim_v2/install/aurora_autonav/lib/aurora_autonav
[0.878s] Installing checkpoint_navigation_node script to /home/fuga1129/aurora_sim_v2/install/aurora_autonav/lib/aurora_autonav
[0.879s] Installing checkpoint_navigation_node_v2 script to /home/fuga1129/aurora_sim_v2/install/aurora_autonav/lib/aurora_autonav
[0.879s] 
[0.879s] Installed /home/fuga1129/aurora_sim_v2/build/aurora_autonav
[0.879s] running symlink_data
[0.879s] creating /home/fuga1129/aurora_sim_v2/install/aurora_autonav/share/ament_index
[0.879s] creating /home/fuga1129/aurora_sim_v2/install/aurora_autonav/share/ament_index/resource_index
[0.879s] creating /home/fuga1129/aurora_sim_v2/install/aurora_autonav/share/ament_index/resource_index/packages
[0.879s] symbolically linking /home/fuga1129/aurora_sim_v2/build/aurora_autonav/resource/aurora_autonav -> /home/fuga1129/aurora_sim_v2/install/aurora_autonav/share/ament_index/resource_index/packages
[0.879s] symbolically linking /home/fuga1129/aurora_sim_v2/build/aurora_autonav/package.xml -> /home/fuga1129/aurora_sim_v2/install/aurora_autonav/share/aurora_autonav
[0.908s] Invoked command in '/home/fuga1129/aurora_sim_v2/build/aurora_autonav' returned '0': AMENT_PREFIX_PATH=/home/fuga1129/aurora_sim_v2/install/ros2_aruco_interfaces:${AMENT_PREFIX_PATH} CMAKE_PREFIX_PATH=/home/fuga1129/aurora_sim_v2/install/ros2_aruco_interfaces:${CMAKE_PREFIX_PATH} LD_LIBRARY_PATH=/home/fuga1129/aurora_sim_v2/install/ros2_aruco_interfaces/lib:${LD_LIBRARY_PATH} PYTHONPATH=/home/fuga1129/aurora_sim_v2/build/aurora_autonav/prefix_override:/usr/lib/python3/dist-packages/colcon_core/task/python/colcon_distutils_commands:/home/fuga1129/aurora_sim_v2/install/aurora_autonav/lib/python3.10/site-packages:/home/fuga1129/aurora_sim_v2/install/ros2_aruco_interfaces/local/lib/python3.10/dist-packages:${PYTHONPATH} /usr/bin/python3 -W ignore:setup.py install is deprecated -W ignore:easy_install command is deprecated setup.py develop --editable --build-directory /home/fuga1129/aurora_sim_v2/build/aurora_autonav/build --no-deps symlink_data
