running egg_info
writing ../../build/aurora1/aurora1.egg-info/PKG-INFO
writing dependency_links to ../../build/aurora1/aurora1.egg-info/dependency_links.txt
writing entry points to ../../build/aurora1/aurora1.egg-info/entry_points.txt
writing requirements to ../../build/aurora1/aurora1.egg-info/requires.txt
writing top-level names to ../../build/aurora1/aurora1.egg-info/top_level.txt
reading manifest file '../../build/aurora1/aurora1.egg-info/SOURCES.txt'
writing manifest file '../../build/aurora1/aurora1.egg-info/SOURCES.txt'
running build
running build_py
copying aurora1/ackermann_4wd_controller.py -> /home/fuga1129/aurora_sim_v2/build/aurora1/build/lib/aurora1
running install
running install_lib
copying /home/fuga1129/aurora_sim_v2/build/aurora1/build/lib/aurora1/ackermann_4wd_controller.py -> /home/fuga1129/aurora_sim_v2/install/aurora1/lib/python3.10/site-packages/aurora1
byte-compiling /home/fuga1129/aurora_sim_v2/install/aurora1/lib/python3.10/site-packages/aurora1/ackermann_4wd_controller.py to ackermann_4wd_controller.cpython-310.pyc
running install_data
running install_egg_info
removing '/home/fuga1129/aurora_sim_v2/install/aurora1/lib/python3.10/site-packages/aurora1-0.0.0-py3.10.egg-info' (and everything under it)
Copying ../../build/aurora1/aurora1.egg-info to /home/fuga1129/aurora_sim_v2/install/aurora1/lib/python3.10/site-packages/aurora1-0.0.0-py3.10.egg-info
running install_scripts
Installing ackermann_4wd_controller script to /home/fuga1129/aurora_sim_v2/install/aurora1/lib/aurora1
writing list of installed files to '/home/fuga1129/aurora_sim_v2/build/aurora1/install.log'
