[0.197s] DEBUG:colcon:Command line arguments: ['/usr/bin/colcon', 'build', '--symlink-install']
[0.197s] DEBUG:colcon:Parsed command line arguments: Namespace(log_base=None, log_level=None, verb_name='build', build_base='build', install_base='install', merge_install=False, symlink_install=True, test_result_base=None, continue_on_error=False, executor='parallel', parallel_workers=6, event_handlers=None, ignore_user_meta=False, metas=['./colcon.meta'], base_paths=['.'], packages_ignore=None, packages_ignore_regex=None, paths=None, packages_up_to=None, packages_up_to_regex=None, packages_above=None, packages_above_and_dependencies=None, packages_above_depth=None, packages_select_by_dep=None, packages_skip_by_dep=None, packages_skip_up_to=None, packages_select_build_failed=False, packages_skip_build_finished=False, packages_select_test_failures=False, packages_skip_test_passed=False, packages_select=None, packages_skip=None, packages_select_regex=None, packages_skip_regex=None, packages_start=None, packages_end=None, allow_overriding=[], cmake_args=None, cmake_target=None, cmake_target_skip_unavailable=False, cmake_clean_cache=False, cmake_clean_first=False, cmake_force_configure=False, ament_cmake_args=None, catkin_cmake_args=None, catkin_skip_building_tests=False, verb_parser=<colcon_defaults.argument_parser.defaults.DefaultArgumentsDecorator object at 0xffffa9c30190>, verb_extension=<colcon_core.verb.build.BuildVerb object at 0xffffa9bf3bb0>, main=<bound method BuildVerb.main of <colcon_core.verb.build.BuildVerb object at 0xffffa9bf3bb0>>)
[0.497s] Level 1:colcon.colcon_core.package_discovery:discover_packages(colcon_meta) check parameters
[0.497s] Level 1:colcon.colcon_core.package_discovery:discover_packages(recursive) check parameters
[0.497s] Level 1:colcon.colcon_core.package_discovery:discover_packages(ignore) check parameters
[0.497s] Level 1:colcon.colcon_core.package_discovery:discover_packages(path) check parameters
[0.497s] Level 1:colcon.colcon_core.package_discovery:discover_packages(colcon_meta) discover
[0.498s] Level 1:colcon.colcon_core.package_discovery:discover_packages(recursive) discover
[0.498s] INFO:colcon.colcon_core.package_discovery:Crawling recursively for packages in '/home/aurora/aurora_sim_v2'
[0.498s] Level 1:colcon.colcon_core.package_identification:_identify(.) by extensions ['ignore', 'ignore_ament_install']
[0.498s] Level 1:colcon.colcon_core.package_identification:_identify(.) by extension 'ignore'
[0.498s] Level 1:colcon.colcon_core.package_identification:_identify(.) by extension 'ignore_ament_install'
[0.498s] Level 1:colcon.colcon_core.package_identification:_identify(.) by extensions ['colcon_pkg']
[0.498s] Level 1:colcon.colcon_core.package_identification:_identify(.) by extension 'colcon_pkg'
[0.499s] Level 1:colcon.colcon_core.package_identification:_identify(.) by extensions ['colcon_meta']
[0.499s] Level 1:colcon.colcon_core.package_identification:_identify(.) by extension 'colcon_meta'
[0.499s] Level 1:colcon.colcon_core.package_identification:_identify(.) by extensions ['ros']
[0.499s] Level 1:colcon.colcon_core.package_identification:_identify(.) by extension 'ros'
[0.521s] Level 1:colcon.colcon_core.package_identification:_identify(.) by extensions ['cmake', 'python']
[0.521s] Level 1:colcon.colcon_core.package_identification:_identify(.) by extension 'cmake'
[0.521s] Level 1:colcon.colcon_core.package_identification:_identify(.) by extension 'python'
[0.521s] Level 1:colcon.colcon_core.package_identification:_identify(.) by extensions ['python_setup_py']
[0.521s] Level 1:colcon.colcon_core.package_identification:_identify(.) by extension 'python_setup_py'
[0.522s] Level 1:colcon.colcon_core.package_identification:_identify(build) by extensions ['ignore', 'ignore_ament_install']
[0.522s] Level 1:colcon.colcon_core.package_identification:_identify(build) by extension 'ignore'
[0.522s] Level 1:colcon.colcon_core.package_identification:_identify(build) ignored
[0.522s] Level 1:colcon.colcon_core.package_identification:_identify(install) by extensions ['ignore', 'ignore_ament_install']
[0.522s] Level 1:colcon.colcon_core.package_identification:_identify(install) by extension 'ignore'
[0.522s] Level 1:colcon.colcon_core.package_identification:_identify(install) ignored
[0.523s] Level 1:colcon.colcon_core.package_identification:_identify(log) by extensions ['ignore', 'ignore_ament_install']
[0.523s] Level 1:colcon.colcon_core.package_identification:_identify(log) by extension 'ignore'
[0.523s] Level 1:colcon.colcon_core.package_identification:_identify(log) ignored
[0.523s] Level 1:colcon.colcon_core.package_identification:_identify(src) by extensions ['ignore', 'ignore_ament_install']
[0.523s] Level 1:colcon.colcon_core.package_identification:_identify(src) by extension 'ignore'
[0.523s] Level 1:colcon.colcon_core.package_identification:_identify(src) by extension 'ignore_ament_install'
[0.524s] Level 1:colcon.colcon_core.package_identification:_identify(src) by extensions ['colcon_pkg']
[0.524s] Level 1:colcon.colcon_core.package_identification:_identify(src) by extension 'colcon_pkg'
[0.524s] Level 1:colcon.colcon_core.package_identification:_identify(src) by extensions ['colcon_meta']
[0.524s] Level 1:colcon.colcon_core.package_identification:_identify(src) by extension 'colcon_meta'
[0.524s] Level 1:colcon.colcon_core.package_identification:_identify(src) by extensions ['ros']
[0.524s] Level 1:colcon.colcon_core.package_identification:_identify(src) by extension 'ros'
[0.524s] Level 1:colcon.colcon_core.package_identification:_identify(src) by extensions ['cmake', 'python']
[0.524s] Level 1:colcon.colcon_core.package_identification:_identify(src) by extension 'cmake'
[0.524s] Level 1:colcon.colcon_core.package_identification:_identify(src) by extension 'python'
[0.524s] Level 1:colcon.colcon_core.package_identification:_identify(src) by extensions ['python_setup_py']
[0.524s] Level 1:colcon.colcon_core.package_identification:_identify(src) by extension 'python_setup_py'
[0.525s] Level 1:colcon.colcon_core.package_identification:_identify(src/aurora1) by extensions ['ignore', 'ignore_ament_install']
[0.525s] Level 1:colcon.colcon_core.package_identification:_identify(src/aurora1) by extension 'ignore'
[0.525s] Level 1:colcon.colcon_core.package_identification:_identify(src/aurora1) by extension 'ignore_ament_install'
[0.525s] Level 1:colcon.colcon_core.package_identification:_identify(src/aurora1) by extensions ['colcon_pkg']
[0.525s] Level 1:colcon.colcon_core.package_identification:_identify(src/aurora1) by extension 'colcon_pkg'
[0.525s] Level 1:colcon.colcon_core.package_identification:_identify(src/aurora1) by extensions ['colcon_meta']
[0.525s] Level 1:colcon.colcon_core.package_identification:_identify(src/aurora1) by extension 'colcon_meta'
[0.525s] Level 1:colcon.colcon_core.package_identification:_identify(src/aurora1) by extensions ['ros']
[0.525s] Level 1:colcon.colcon_core.package_identification:_identify(src/aurora1) by extension 'ros'
[0.530s] DEBUG:colcon.colcon_core.package_identification:Package 'src/aurora1' with type 'ros.ament_python' and name 'aurora1'
[0.530s] Level 1:colcon.colcon_core.package_identification:_identify(src/aurora_drive) by extensions ['ignore', 'ignore_ament_install']
[0.530s] Level 1:colcon.colcon_core.package_identification:_identify(src/aurora_drive) by extension 'ignore'
[0.530s] Level 1:colcon.colcon_core.package_identification:_identify(src/aurora_drive) by extension 'ignore_ament_install'
[0.530s] Level 1:colcon.colcon_core.package_identification:_identify(src/aurora_drive) by extensions ['colcon_pkg']
[0.530s] Level 1:colcon.colcon_core.package_identification:_identify(src/aurora_drive) by extension 'colcon_pkg'
[0.531s] Level 1:colcon.colcon_core.package_identification:_identify(src/aurora_drive) by extensions ['colcon_meta']
[0.531s] Level 1:colcon.colcon_core.package_identification:_identify(src/aurora_drive) by extension 'colcon_meta'
[0.531s] Level 1:colcon.colcon_core.package_identification:_identify(src/aurora_drive) by extensions ['ros']
[0.531s] Level 1:colcon.colcon_core.package_identification:_identify(src/aurora_drive) by extension 'ros'
[0.532s] DEBUG:colcon.colcon_core.package_identification:Package 'src/aurora_drive' with type 'ros.ament_python' and name 'aurora_drive'
[0.532s] Level 1:colcon.colcon_core.package_discovery:discover_packages(recursive) using defaults
[0.532s] Level 1:colcon.colcon_core.package_discovery:discover_packages(ignore) discover
[0.532s] Level 1:colcon.colcon_core.package_discovery:discover_packages(ignore) using defaults
[0.532s] Level 1:colcon.colcon_core.package_discovery:discover_packages(path) discover
[0.532s] Level 1:colcon.colcon_core.package_discovery:discover_packages(path) using defaults
[0.568s] Level 1:colcon.colcon_core.package_discovery:discover_packages(prefix_path) check parameters
[0.569s] Level 1:colcon.colcon_core.package_discovery:discover_packages(prefix_path) discover
[0.572s] DEBUG:colcon.colcon_installed_package_information.package_discovery:Found 2 installed packages in /home/aurora/aurora_sim_v2/install
[0.575s] DEBUG:colcon.colcon_installed_package_information.package_discovery:Found 280 installed packages in /opt/ros/humble
[0.605s] Level 1:colcon.colcon_core.package_discovery:discover_packages(prefix_path) using defaults
[0.674s] Level 5:colcon.colcon_core.verb:set package 'aurora1' build argument 'cmake_args' from command line to 'None'
[0.674s] Level 5:colcon.colcon_core.verb:set package 'aurora1' build argument 'cmake_target' from command line to 'None'
[0.674s] Level 5:colcon.colcon_core.verb:set package 'aurora1' build argument 'cmake_target_skip_unavailable' from command line to 'False'
[0.674s] Level 5:colcon.colcon_core.verb:set package 'aurora1' build argument 'cmake_clean_cache' from command line to 'False'
[0.674s] Level 5:colcon.colcon_core.verb:set package 'aurora1' build argument 'cmake_clean_first' from command line to 'False'
[0.674s] Level 5:colcon.colcon_core.verb:set package 'aurora1' build argument 'cmake_force_configure' from command line to 'False'
[0.674s] Level 5:colcon.colcon_core.verb:set package 'aurora1' build argument 'ament_cmake_args' from command line to 'None'
[0.674s] Level 5:colcon.colcon_core.verb:set package 'aurora1' build argument 'catkin_cmake_args' from command line to 'None'
[0.674s] Level 5:colcon.colcon_core.verb:set package 'aurora1' build argument 'catkin_skip_building_tests' from command line to 'False'
[0.675s] DEBUG:colcon.colcon_core.verb:Building package 'aurora1' with the following arguments: {'ament_cmake_args': None, 'build_base': '/home/aurora/aurora_sim_v2/build/aurora1', 'catkin_cmake_args': None, 'catkin_skip_building_tests': False, 'cmake_args': None, 'cmake_clean_cache': False, 'cmake_clean_first': False, 'cmake_force_configure': False, 'cmake_target': None, 'cmake_target_skip_unavailable': False, 'install_base': '/home/aurora/aurora_sim_v2/install/aurora1', 'merge_install': False, 'path': '/home/aurora/aurora_sim_v2/src/aurora1', 'symlink_install': True, 'test_result_base': None}
[0.675s] Level 5:colcon.colcon_core.verb:set package 'aurora_drive' build argument 'cmake_args' from command line to 'None'
[0.675s] Level 5:colcon.colcon_core.verb:set package 'aurora_drive' build argument 'cmake_target' from command line to 'None'
[0.675s] Level 5:colcon.colcon_core.verb:set package 'aurora_drive' build argument 'cmake_target_skip_unavailable' from command line to 'False'
[0.675s] Level 5:colcon.colcon_core.verb:set package 'aurora_drive' build argument 'cmake_clean_cache' from command line to 'False'
[0.675s] Level 5:colcon.colcon_core.verb:set package 'aurora_drive' build argument 'cmake_clean_first' from command line to 'False'
[0.675s] Level 5:colcon.colcon_core.verb:set package 'aurora_drive' build argument 'cmake_force_configure' from command line to 'False'
[0.675s] Level 5:colcon.colcon_core.verb:set package 'aurora_drive' build argument 'ament_cmake_args' from command line to 'None'
[0.675s] Level 5:colcon.colcon_core.verb:set package 'aurora_drive' build argument 'catkin_cmake_args' from command line to 'None'
[0.676s] Level 5:colcon.colcon_core.verb:set package 'aurora_drive' build argument 'catkin_skip_building_tests' from command line to 'False'
[0.676s] DEBUG:colcon.colcon_core.verb:Building package 'aurora_drive' with the following arguments: {'ament_cmake_args': None, 'build_base': '/home/aurora/aurora_sim_v2/build/aurora_drive', 'catkin_cmake_args': None, 'catkin_skip_building_tests': False, 'cmake_args': None, 'cmake_clean_cache': False, 'cmake_clean_first': False, 'cmake_force_configure': False, 'cmake_target': None, 'cmake_target_skip_unavailable': False, 'install_base': '/home/aurora/aurora_sim_v2/install/aurora_drive', 'merge_install': False, 'path': '/home/aurora/aurora_sim_v2/src/aurora_drive', 'symlink_install': True, 'test_result_base': None}
[0.676s] INFO:colcon.colcon_core.executor:Executing jobs using 'parallel' executor
[0.678s] DEBUG:colcon.colcon_parallel_executor.executor.parallel:run_until_complete
[0.678s] INFO:colcon.colcon_ros.task.ament_python.build:Building ROS package in '/home/aurora/aurora_sim_v2/src/aurora1' with build type 'ament_python'
[0.679s] Level 1:colcon.colcon_core.shell:create_environment_hook('aurora1', 'ament_prefix_path')
[0.682s] INFO:colcon.colcon_core.plugin_system:Skipping extension 'colcon_core.shell.bat': Not used on non-Windows systems
[0.683s] INFO:colcon.colcon_core.shell:Creating environment hook '/home/aurora/aurora_sim_v2/install/aurora1/share/aurora1/hook/ament_prefix_path.ps1'
[0.684s] INFO:colcon.colcon_core.shell:Creating environment descriptor '/home/aurora/aurora_sim_v2/install/aurora1/share/aurora1/hook/ament_prefix_path.dsv'
[0.686s] INFO:colcon.colcon_core.shell:Creating environment hook '/home/aurora/aurora_sim_v2/install/aurora1/share/aurora1/hook/ament_prefix_path.sh'
[0.687s] INFO:colcon.colcon_core.shell:Skip shell extension 'powershell' for command environment: Not usable outside of PowerShell
[0.687s] DEBUG:colcon.colcon_core.shell:Skip shell extension 'dsv' for command environment
[0.693s] INFO:colcon.colcon_ros.task.ament_python.build:Building ROS package in '/home/aurora/aurora_sim_v2/src/aurora_drive' with build type 'ament_python'
[0.693s] Level 1:colcon.colcon_core.shell:create_environment_hook('aurora_drive', 'ament_prefix_path')
[0.694s] INFO:colcon.colcon_core.shell:Creating environment hook '/home/aurora/aurora_sim_v2/install/aurora_drive/share/aurora_drive/hook/ament_prefix_path.ps1'
[0.695s] INFO:colcon.colcon_core.shell:Creating environment descriptor '/home/aurora/aurora_sim_v2/install/aurora_drive/share/aurora_drive/hook/ament_prefix_path.dsv'
[0.695s] INFO:colcon.colcon_core.shell:Creating environment hook '/home/aurora/aurora_sim_v2/install/aurora_drive/share/aurora_drive/hook/ament_prefix_path.sh'
[0.696s] INFO:colcon.colcon_core.shell:Skip shell extension 'powershell' for command environment: Not usable outside of PowerShell
[0.697s] DEBUG:colcon.colcon_core.shell:Skip shell extension 'dsv' for command environment
[1.184s] INFO:colcon.colcon_core.task.python.build:Building Python package in '/home/aurora/aurora_sim_v2/src/aurora1'
[1.185s] INFO:colcon.colcon_core.shell:Skip shell extension 'powershell' for command environment: Not usable outside of PowerShell
[1.185s] DEBUG:colcon.colcon_core.shell:Skip shell extension 'dsv' for command environment
[1.669s] INFO:colcon.colcon_core.task.python.build:Building Python package in '/home/aurora/aurora_sim_v2/src/aurora_drive'
[1.670s] INFO:colcon.colcon_core.shell:Skip shell extension 'powershell' for command environment: Not usable outside of PowerShell
[1.670s] DEBUG:colcon.colcon_core.shell:Skip shell extension 'dsv' for command environment
[2.324s] DEBUG:colcon.colcon_core.task.python.build:While undoing a previous installation files outside the Python library path are being ignored: /home/aurora/aurora_sim_v2/install/aurora_drive/share/ament_index/resource_index/packages/aurora_drive
[2.324s] DEBUG:colcon.colcon_core.task.python.build:While undoing a previous installation files outside the Python library path are being ignored: /home/aurora/aurora_sim_v2/install/aurora_drive/share/aurora_drive/package.xml
[2.324s] DEBUG:colcon.colcon_core.task.python.build:While undoing a previous installation files outside the Python library path are being ignored: /home/aurora/aurora_sim_v2/install/aurora_drive/share/aurora_drive/launch/joystick_real.launch.py
[2.324s] DEBUG:colcon.colcon_core.task.python.build:While undoing a previous installation files outside the Python library path are being ignored: /home/aurora/aurora_sim_v2/install/aurora_drive/share/aurora_drive/launch/joystick.launch.py
[2.324s] DEBUG:colcon.colcon_core.task.python.build:While undoing a previous installation files outside the Python library path are being ignored: /home/aurora/aurora_sim_v2/install/aurora_drive/share/aurora_drive/launch/joystick_v2.launch.py
[2.324s] DEBUG:colcon.colcon_core.task.python.build:While undoing a previous installation files outside the Python library path are being ignored: /home/aurora/aurora_sim_v2/install/aurora_drive/share/aurora_drive/launch/all.launch.py
[2.324s] DEBUG:colcon.colcon_core.task.python.build:While undoing a previous installation files outside the Python library path are being ignored: /home/aurora/aurora_sim_v2/install/aurora_drive/share/aurora_drive/launch/launch_sim.launch.py
[2.324s] DEBUG:colcon.colcon_core.task.python.build:While undoing a previous installation files outside the Python library path are being ignored: /home/aurora/aurora_sim_v2/install/aurora_drive/share/aurora_drive/launch/rsp.launch.py
[2.324s] DEBUG:colcon.colcon_core.task.python.build:While undoing a previous installation files outside the Python library path are being ignored: /home/aurora/aurora_sim_v2/install/aurora_drive/share/aurora_drive/launch/rsp_v2.launch.py
[2.324s] DEBUG:colcon.colcon_core.task.python.build:While undoing a previous installation files outside the Python library path are being ignored: /home/aurora/aurora_sim_v2/install/aurora_drive/share/aurora_drive/launch/launch_sim_v2.launch.py
[2.324s] DEBUG:colcon.colcon_core.task.python.build:While undoing a previous installation files outside the Python library path are being ignored: /home/aurora/aurora_sim_v2/install/aurora_drive/share/aurora_drive/launch/slam_launch.py
[2.324s] DEBUG:colcon.colcon_core.task.python.build:While undoing a previous installation files outside the Python library path are being ignored: /home/aurora/aurora_sim_v2/install/aurora_drive/share/aurora_drive/config/twist_mux.yaml
[2.325s] DEBUG:colcon.colcon_core.task.python.build:While undoing a previous installation files outside the Python library path are being ignored: /home/aurora/aurora_sim_v2/install/aurora_drive/share/aurora_drive/config/joystick.yaml
[2.325s] DEBUG:colcon.colcon_core.task.python.build:While undoing a previous installation files outside the Python library path are being ignored: /home/aurora/aurora_sim_v2/install/aurora_drive/share/aurora_drive/config/controller_4ws.yaml
[2.325s] DEBUG:colcon.colcon_core.task.python.build:While undoing a previous installation files outside the Python library path are being ignored: /home/aurora/aurora_sim_v2/install/aurora_drive/share/aurora_drive/config/slam_toolbox.yaml
[2.325s] DEBUG:colcon.colcon_core.task.python.build:While undoing a previous installation files outside the Python library path are being ignored: /home/aurora/aurora_sim_v2/install/aurora_drive/share/aurora_drive/config/mapper_params_online_async.yaml
[2.325s] DEBUG:colcon.colcon_core.task.python.build:While undoing a previous installation files outside the Python library path are being ignored: /home/aurora/aurora_sim_v2/install/aurora_drive/share/aurora_drive/config/nav2_param.yaml
[2.325s] DEBUG:colcon.colcon_core.task.python.build:While undoing a previous installation files outside the Python library path are being ignored: /home/aurora/aurora_sim_v2/install/aurora_drive/share/aurora_drive/config/rover_controller_4wd_v2.yaml
[2.325s] DEBUG:colcon.colcon_core.task.python.build:While undoing a previous installation files outside the Python library path are being ignored: /home/aurora/aurora_sim_v2/install/aurora_drive/share/aurora_drive/description/robot.urdf.xacro
[2.325s] DEBUG:colcon.colcon_core.task.python.build:While undoing a previous installation files outside the Python library path are being ignored: /home/aurora/aurora_sim_v2/install/aurora_drive/share/aurora_drive/description/camera.xacro
[2.325s] DEBUG:colcon.colcon_core.task.python.build:While undoing a previous installation files outside the Python library path are being ignored: /home/aurora/aurora_sim_v2/install/aurora_drive/share/aurora_drive/description/inertial_macros.xacro
[2.325s] DEBUG:colcon.colcon_core.task.python.build:While undoing a previous installation files outside the Python library path are being ignored: /home/aurora/aurora_sim_v2/install/aurora_drive/share/aurora_drive/description/depth_camera.xacro
[2.325s] DEBUG:colcon.colcon_core.task.python.build:While undoing a previous installation files outside the Python library path are being ignored: /home/aurora/aurora_sim_v2/install/aurora_drive/share/aurora_drive/description/ros2_control_4wd_v2.xacro
[2.325s] DEBUG:colcon.colcon_core.task.python.build:While undoing a previous installation files outside the Python library path are being ignored: /home/aurora/aurora_sim_v2/install/aurora_drive/share/aurora_drive/description/lidar.xacro
[2.325s] DEBUG:colcon.colcon_core.task.python.build:While undoing a previous installation files outside the Python library path are being ignored: /home/aurora/aurora_sim_v2/install/aurora_drive/share/aurora_drive/description/robot_core_4wd_v2.xacro
[2.325s] DEBUG:colcon.colcon_core.task.python.build:While undoing a previous installation files outside the Python library path are being ignored: /home/aurora/aurora_sim_v2/install/aurora_drive/share/aurora_drive/world/obstacle.world
[2.325s] DEBUG:colcon.colcon_core.task.python.build:While undoing a previous installation files outside the Python library path are being ignored: /home/aurora/aurora_sim_v2/install/aurora_drive/share/aurora_drive/world/obstacle_v2.world
[2.325s] DEBUG:colcon.colcon_core.task.python.build:While undoing a previous installation files outside the Python library path are being ignored: /home/aurora/aurora_sim_v2/install/aurora_drive/share/aurora_drive/world/house.world
[2.326s] DEBUG:colcon.colcon_core.task.python.build:While undoing a previous installation files outside the Python library path are being ignored: /home/aurora/aurora_sim_v2/install/aurora_drive/lib/aurora_drive/ackermann_4wd_controller
[2.326s] DEBUG:colcon.colcon_core.task.python.build:While undoing a previous installation files outside the Python library path are being ignored: /home/aurora/aurora_sim_v2/install/aurora_drive/lib/aurora_drive/ackermann_sim_controller
[2.326s] DEBUG:colcon.colcon_core.task.python.build:While undoing a previous installation files outside the Python library path are being ignored: /home/aurora/aurora_sim_v2/install/aurora_drive/lib/aurora_drive/odometry_4ws
[2.336s] DEBUG:colcon.colcon_core.event_handler.log_command:Invoking command in '/home/aurora/aurora_sim_v2/build/aurora_drive': PYTHONPATH=/home/aurora/aurora_sim_v2/build/aurora_drive/prefix_override:/usr/lib/python3/dist-packages/colcon_core/task/python/colcon_distutils_commands:/home/aurora/aurora_sim_v2/install/aurora_drive/lib/python3.10/site-packages:${PYTHONPATH} /usr/bin/python3 -W ignore:setup.py install is deprecated -W ignore:easy_install command is deprecated setup.py develop --editable --build-directory /home/aurora/aurora_sim_v2/build/aurora_drive/build --no-deps symlink_data --force
[2.341s] DEBUG:colcon.colcon_core.task.python.build:While undoing a previous installation files outside the Python library path are being ignored: /home/aurora/aurora_sim_v2/install/aurora1/share/ament_index/resource_index/packages/aurora1
[2.341s] DEBUG:colcon.colcon_core.task.python.build:While undoing a previous installation files outside the Python library path are being ignored: /home/aurora/aurora_sim_v2/install/aurora1/share/aurora1/package.xml
[2.341s] DEBUG:colcon.colcon_core.task.python.build:While undoing a previous installation files outside the Python library path are being ignored: /home/aurora/aurora_sim_v2/install/aurora1/share/aurora1/launch/joystick_real.launch.py
[2.341s] DEBUG:colcon.colcon_core.task.python.build:While undoing a previous installation files outside the Python library path are being ignored: /home/aurora/aurora_sim_v2/install/aurora1/share/aurora1/launch/joystick.launch.py
[2.341s] DEBUG:colcon.colcon_core.task.python.build:While undoing a previous installation files outside the Python library path are being ignored: /home/aurora/aurora_sim_v2/install/aurora1/share/aurora1/launch/launch_sim.launch.py
[2.341s] DEBUG:colcon.colcon_core.task.python.build:While undoing a previous installation files outside the Python library path are being ignored: /home/aurora/aurora_sim_v2/install/aurora1/share/aurora1/launch/rsp.launch.py
[2.342s] DEBUG:colcon.colcon_core.task.python.build:While undoing a previous installation files outside the Python library path are being ignored: /home/aurora/aurora_sim_v2/install/aurora1/share/aurora1/config/joystick.yaml
[2.342s] DEBUG:colcon.colcon_core.task.python.build:While undoing a previous installation files outside the Python library path are being ignored: /home/aurora/aurora_sim_v2/install/aurora1/share/aurora1/config/mapper_params_online_async.yaml
[2.342s] DEBUG:colcon.colcon_core.task.python.build:While undoing a previous installation files outside the Python library path are being ignored: /home/aurora/aurora_sim_v2/install/aurora1/share/aurora1/config/rover_controller_4wd_v2.yaml
[2.342s] DEBUG:colcon.colcon_core.task.python.build:While undoing a previous installation files outside the Python library path are being ignored: /home/aurora/aurora_sim_v2/install/aurora1/share/aurora1/description/robot.urdf.xacro
[2.342s] DEBUG:colcon.colcon_core.task.python.build:While undoing a previous installation files outside the Python library path are being ignored: /home/aurora/aurora_sim_v2/install/aurora1/share/aurora1/description/camera.xacro
[2.342s] DEBUG:colcon.colcon_core.task.python.build:While undoing a previous installation files outside the Python library path are being ignored: /home/aurora/aurora_sim_v2/install/aurora1/share/aurora1/description/inertial_macros.xacro
[2.342s] DEBUG:colcon.colcon_core.task.python.build:While undoing a previous installation files outside the Python library path are being ignored: /home/aurora/aurora_sim_v2/install/aurora1/share/aurora1/description/depth_camera.xacro
[2.342s] DEBUG:colcon.colcon_core.task.python.build:While undoing a previous installation files outside the Python library path are being ignored: /home/aurora/aurora_sim_v2/install/aurora1/share/aurora1/description/ros2_control_4wd_v2.xacro
[2.342s] DEBUG:colcon.colcon_core.task.python.build:While undoing a previous installation files outside the Python library path are being ignored: /home/aurora/aurora_sim_v2/install/aurora1/share/aurora1/description/lidar.xacro
[2.342s] DEBUG:colcon.colcon_core.task.python.build:While undoing a previous installation files outside the Python library path are being ignored: /home/aurora/aurora_sim_v2/install/aurora1/share/aurora1/description/robot_core_4wd_v2.xacro
[2.342s] DEBUG:colcon.colcon_core.task.python.build:While undoing a previous installation files outside the Python library path are being ignored: /home/aurora/aurora_sim_v2/install/aurora1/share/aurora1/rviz/slam.rviz
[2.342s] DEBUG:colcon.colcon_core.task.python.build:While undoing a previous installation files outside the Python library path are being ignored: /home/aurora/aurora_sim_v2/install/aurora1/share/aurora1/launch/slam_launch.py
[2.343s] DEBUG:colcon.colcon_core.task.python.build:While undoing a previous installation files outside the Python library path are being ignored: /home/aurora/aurora_sim_v2/install/aurora1/lib/aurora1/ackermann_4wd_controller
[2.343s] DEBUG:colcon.colcon_core.task.python.build:While undoing a previous installation files outside the Python library path are being ignored: /home/aurora/aurora_sim_v2/install/aurora1/lib/aurora1/ackermann_4wd_controller_real
[2.351s] DEBUG:colcon.colcon_core.event_handler.log_command:Invoking command in '/home/aurora/aurora_sim_v2/build/aurora1': PYTHONPATH=/home/aurora/aurora_sim_v2/build/aurora1/prefix_override:/usr/lib/python3/dist-packages/colcon_core/task/python/colcon_distutils_commands:/home/aurora/aurora_sim_v2/install/aurora1/lib/python3.10/site-packages:${PYTHONPATH} /usr/bin/python3 -W ignore:setup.py install is deprecated -W ignore:easy_install command is deprecated setup.py develop --editable --build-directory /home/aurora/aurora_sim_v2/build/aurora1/build --no-deps symlink_data --force
[3.206s] Level 1:colcon.colcon_core.shell:create_environment_hook('aurora1', 'pythonpath_develop')
[3.207s] INFO:colcon.colcon_core.shell:Creating environment hook '/home/aurora/aurora_sim_v2/build/aurora1/share/aurora1/hook/pythonpath_develop.ps1'
[3.208s] DEBUG:colcon.colcon_core.event_handler.log_command:Invoked command in '/home/aurora/aurora_sim_v2/build/aurora1' returned '0': PYTHONPATH=/home/aurora/aurora_sim_v2/build/aurora1/prefix_override:/usr/lib/python3/dist-packages/colcon_core/task/python/colcon_distutils_commands:/home/aurora/aurora_sim_v2/install/aurora1/lib/python3.10/site-packages:${PYTHONPATH} /usr/bin/python3 -W ignore:setup.py install is deprecated -W ignore:easy_install command is deprecated setup.py develop --editable --build-directory /home/aurora/aurora_sim_v2/build/aurora1/build --no-deps symlink_data --force
[3.209s] INFO:colcon.colcon_core.shell:Creating environment descriptor '/home/aurora/aurora_sim_v2/build/aurora1/share/aurora1/hook/pythonpath_develop.dsv'
[3.210s] INFO:colcon.colcon_core.shell:Creating environment hook '/home/aurora/aurora_sim_v2/build/aurora1/share/aurora1/hook/pythonpath_develop.sh'
[3.221s] Level 1:colcon.colcon_core.environment:checking '/home/aurora/aurora_sim_v2/install/aurora1' for CMake module files
[3.222s] Level 1:colcon.colcon_core.environment:checking '/home/aurora/aurora_sim_v2/install/aurora1' for CMake config files
[3.225s] Level 1:colcon.colcon_core.environment:checking '/home/aurora/aurora_sim_v2/install/aurora1/lib'
[3.225s] Level 1:colcon.colcon_core.environment:checking '/home/aurora/aurora_sim_v2/install/aurora1/bin'
[3.225s] Level 1:colcon.colcon_core.environment:checking '/home/aurora/aurora_sim_v2/install/aurora1/lib/pkgconfig/aurora1.pc'
[3.227s] Level 1:colcon.colcon_core.environment:checking '/home/aurora/aurora_sim_v2/install/aurora1/lib/python3.10/site-packages'
[3.227s] Level 1:colcon.colcon_core.shell:create_environment_hook('aurora1', 'pythonpath')
[3.228s] INFO:colcon.colcon_core.shell:Creating environment hook '/home/aurora/aurora_sim_v2/install/aurora1/share/aurora1/hook/pythonpath.ps1'
[3.230s] INFO:colcon.colcon_core.shell:Creating environment descriptor '/home/aurora/aurora_sim_v2/install/aurora1/share/aurora1/hook/pythonpath.dsv'
[3.231s] INFO:colcon.colcon_core.shell:Creating environment hook '/home/aurora/aurora_sim_v2/install/aurora1/share/aurora1/hook/pythonpath.sh'
[3.235s] Level 1:colcon.colcon_core.environment:checking '/home/aurora/aurora_sim_v2/install/aurora1/bin'
[3.235s] Level 1:colcon.colcon_core.environment:create_environment_scripts_only(aurora1)
[3.236s] INFO:colcon.colcon_core.shell:Creating package script '/home/aurora/aurora_sim_v2/install/aurora1/share/aurora1/package.ps1'
[3.239s] INFO:colcon.colcon_core.shell:Creating package descriptor '/home/aurora/aurora_sim_v2/install/aurora1/share/aurora1/package.dsv'
[3.241s] INFO:colcon.colcon_core.shell:Creating package script '/home/aurora/aurora_sim_v2/install/aurora1/share/aurora1/package.sh'
[3.243s] INFO:colcon.colcon_core.shell:Creating package script '/home/aurora/aurora_sim_v2/install/aurora1/share/aurora1/package.bash'
[3.246s] INFO:colcon.colcon_core.shell:Creating package script '/home/aurora/aurora_sim_v2/install/aurora1/share/aurora1/package.zsh'
[3.249s] Level 1:colcon.colcon_core.environment:create_file_with_runtime_dependencies(/home/aurora/aurora_sim_v2/install/aurora1/share/colcon-core/packages/aurora1)
[3.254s] Level 1:colcon.colcon_core.shell:create_environment_hook('aurora_drive', 'pythonpath_develop')
[3.255s] INFO:colcon.colcon_core.shell:Creating environment hook '/home/aurora/aurora_sim_v2/build/aurora_drive/share/aurora_drive/hook/pythonpath_develop.ps1'
[3.257s] DEBUG:colcon.colcon_core.event_handler.log_command:Invoked command in '/home/aurora/aurora_sim_v2/build/aurora_drive' returned '0': PYTHONPATH=/home/aurora/aurora_sim_v2/build/aurora_drive/prefix_override:/usr/lib/python3/dist-packages/colcon_core/task/python/colcon_distutils_commands:/home/aurora/aurora_sim_v2/install/aurora_drive/lib/python3.10/site-packages:${PYTHONPATH} /usr/bin/python3 -W ignore:setup.py install is deprecated -W ignore:easy_install command is deprecated setup.py develop --editable --build-directory /home/aurora/aurora_sim_v2/build/aurora_drive/build --no-deps symlink_data --force
[3.258s] INFO:colcon.colcon_core.shell:Creating environment descriptor '/home/aurora/aurora_sim_v2/build/aurora_drive/share/aurora_drive/hook/pythonpath_develop.dsv'
[3.259s] INFO:colcon.colcon_core.shell:Creating environment hook '/home/aurora/aurora_sim_v2/build/aurora_drive/share/aurora_drive/hook/pythonpath_develop.sh'
[3.261s] Level 1:colcon.colcon_core.environment:checking '/home/aurora/aurora_sim_v2/install/aurora_drive' for CMake module files
[3.262s] Level 1:colcon.colcon_core.environment:checking '/home/aurora/aurora_sim_v2/install/aurora_drive' for CMake config files
[3.265s] Level 1:colcon.colcon_core.environment:checking '/home/aurora/aurora_sim_v2/install/aurora_drive/lib'
[3.265s] Level 1:colcon.colcon_core.environment:checking '/home/aurora/aurora_sim_v2/install/aurora_drive/bin'
[3.266s] Level 1:colcon.colcon_core.environment:checking '/home/aurora/aurora_sim_v2/install/aurora_drive/lib/pkgconfig/aurora_drive.pc'
[3.266s] Level 1:colcon.colcon_core.environment:checking '/home/aurora/aurora_sim_v2/install/aurora_drive/lib/python3.10/site-packages'
[3.267s] Level 1:colcon.colcon_core.shell:create_environment_hook('aurora_drive', 'pythonpath')
[3.267s] INFO:colcon.colcon_core.shell:Creating environment hook '/home/aurora/aurora_sim_v2/install/aurora_drive/share/aurora_drive/hook/pythonpath.ps1'
[3.270s] INFO:colcon.colcon_core.shell:Creating environment descriptor '/home/aurora/aurora_sim_v2/install/aurora_drive/share/aurora_drive/hook/pythonpath.dsv'
[3.271s] INFO:colcon.colcon_core.shell:Creating environment hook '/home/aurora/aurora_sim_v2/install/aurora_drive/share/aurora_drive/hook/pythonpath.sh'
[3.273s] Level 1:colcon.colcon_core.environment:checking '/home/aurora/aurora_sim_v2/install/aurora_drive/bin'
[3.273s] Level 1:colcon.colcon_core.environment:create_environment_scripts_only(aurora_drive)
[3.274s] INFO:colcon.colcon_core.shell:Creating package script '/home/aurora/aurora_sim_v2/install/aurora_drive/share/aurora_drive/package.ps1'
[3.275s] INFO:colcon.colcon_core.shell:Creating package descriptor '/home/aurora/aurora_sim_v2/install/aurora_drive/share/aurora_drive/package.dsv'
[3.277s] INFO:colcon.colcon_core.shell:Creating package script '/home/aurora/aurora_sim_v2/install/aurora_drive/share/aurora_drive/package.sh'
[3.278s] INFO:colcon.colcon_core.shell:Creating package script '/home/aurora/aurora_sim_v2/install/aurora_drive/share/aurora_drive/package.bash'
[3.279s] INFO:colcon.colcon_core.shell:Creating package script '/home/aurora/aurora_sim_v2/install/aurora_drive/share/aurora_drive/package.zsh'
[3.280s] Level 1:colcon.colcon_core.environment:create_file_with_runtime_dependencies(/home/aurora/aurora_sim_v2/install/aurora_drive/share/colcon-core/packages/aurora_drive)
[3.281s] DEBUG:colcon.colcon_parallel_executor.executor.parallel:closing loop
[3.282s] DEBUG:colcon.colcon_parallel_executor.executor.parallel:loop closed
[3.282s] DEBUG:colcon.colcon_parallel_executor.executor.parallel:run_until_complete finished with '0'
[3.282s] DEBUG:colcon.colcon_core.event_reactor:joining thread
[3.295s] INFO:colcon.colcon_core.plugin_system:Skipping extension 'colcon_notification.desktop_notification.terminal_notifier': Not used on non-Darwin systems
[3.296s] INFO:colcon.colcon_core.plugin_system:Skipping extension 'colcon_notification.desktop_notification.win32': Not used on non-Windows systems
[3.296s] INFO:colcon.colcon_notification.desktop_notification:Sending desktop notification using 'notify2'
[3.337s] DEBUG:colcon.colcon_core.event_reactor:joined thread
[3.339s] INFO:colcon.colcon_core.shell:Creating prefix script '/home/aurora/aurora_sim_v2/install/local_setup.ps1'
[3.342s] INFO:colcon.colcon_core.shell:Creating prefix util module '/home/aurora/aurora_sim_v2/install/_local_setup_util_ps1.py'
[3.345s] INFO:colcon.colcon_core.shell:Creating prefix chain script '/home/aurora/aurora_sim_v2/install/setup.ps1'
[3.348s] INFO:colcon.colcon_core.shell:Creating prefix script '/home/aurora/aurora_sim_v2/install/local_setup.sh'
[3.349s] INFO:colcon.colcon_core.shell:Creating prefix util module '/home/aurora/aurora_sim_v2/install/_local_setup_util_sh.py'
[3.351s] INFO:colcon.colcon_core.shell:Creating prefix chain script '/home/aurora/aurora_sim_v2/install/setup.sh'
[3.354s] INFO:colcon.colcon_core.shell:Creating prefix script '/home/aurora/aurora_sim_v2/install/local_setup.bash'
[3.356s] INFO:colcon.colcon_core.shell:Creating prefix chain script '/home/aurora/aurora_sim_v2/install/setup.bash'
[3.358s] INFO:colcon.colcon_core.shell:Creating prefix script '/home/aurora/aurora_sim_v2/install/local_setup.zsh'
[3.360s] INFO:colcon.colcon_core.shell:Creating prefix chain script '/home/aurora/aurora_sim_v2/install/setup.zsh'
