[0.709s] DEBUG:colcon:Command line arguments: ['/usr/bin/colcon', 'build']
[0.710s] DEBUG:colcon:Parsed command line arguments: Namespace(log_base=None, log_level=None, verb_name='build', build_base='build', install_base='install', merge_install=False, symlink_install=False, test_result_base=None, continue_on_error=False, executor='parallel', parallel_workers=6, event_handlers=None, ignore_user_meta=False, metas=['./colcon.meta'], base_paths=['.'], packages_ignore=None, packages_ignore_regex=None, paths=None, packages_up_to=None, packages_up_to_regex=None, packages_above=None, packages_above_and_dependencies=None, packages_above_depth=None, packages_select_by_dep=None, packages_skip_by_dep=None, packages_skip_up_to=None, packages_select_build_failed=False, packages_skip_build_finished=False, packages_select_test_failures=False, packages_skip_test_passed=False, packages_select=None, packages_skip=None, packages_select_regex=None, packages_skip_regex=None, packages_start=None, packages_end=None, allow_overriding=[], cmake_args=None, cmake_target=None, cmake_target_skip_unavailable=False, cmake_clean_cache=False, cmake_clean_first=False, cmake_force_configure=False, ament_cmake_args=None, catkin_cmake_args=None, catkin_skip_building_tests=False, verb_parser=<colcon_defaults.argument_parser.defaults.DefaultArgumentsDecorator object at 0xffffba41beb0>, verb_extension=<colcon_core.verb.build.BuildVerb object at 0xffffba41b910>, main=<bound method BuildVerb.main of <colcon_core.verb.build.BuildVerb object at 0xffffba41b910>>)
[1.303s] Level 1:colcon.colcon_core.package_discovery:discover_packages(colcon_meta) check parameters
[1.303s] Level 1:colcon.colcon_core.package_discovery:discover_packages(recursive) check parameters
[1.303s] Level 1:colcon.colcon_core.package_discovery:discover_packages(ignore) check parameters
[1.304s] Level 1:colcon.colcon_core.package_discovery:discover_packages(path) check parameters
[1.304s] Level 1:colcon.colcon_core.package_discovery:discover_packages(colcon_meta) discover
[1.304s] Level 1:colcon.colcon_core.package_discovery:discover_packages(recursive) discover
[1.304s] INFO:colcon.colcon_core.package_discovery:Crawling recursively for packages in '/home/aurora/aurora_sim_v2'
[1.304s] Level 1:colcon.colcon_core.package_identification:_identify(.) by extensions ['ignore', 'ignore_ament_install']
[1.305s] Level 1:colcon.colcon_core.package_identification:_identify(.) by extension 'ignore'
[1.305s] Level 1:colcon.colcon_core.package_identification:_identify(.) by extension 'ignore_ament_install'
[1.305s] Level 1:colcon.colcon_core.package_identification:_identify(.) by extensions ['colcon_pkg']
[1.305s] Level 1:colcon.colcon_core.package_identification:_identify(.) by extension 'colcon_pkg'
[1.305s] Level 1:colcon.colcon_core.package_identification:_identify(.) by extensions ['colcon_meta']
[1.305s] Level 1:colcon.colcon_core.package_identification:_identify(.) by extension 'colcon_meta'
[1.305s] Level 1:colcon.colcon_core.package_identification:_identify(.) by extensions ['ros']
[1.305s] Level 1:colcon.colcon_core.package_identification:_identify(.) by extension 'ros'
[1.340s] Level 1:colcon.colcon_core.package_identification:_identify(.) by extensions ['cmake', 'python']
[1.340s] Level 1:colcon.colcon_core.package_identification:_identify(.) by extension 'cmake'
[1.340s] Level 1:colcon.colcon_core.package_identification:_identify(.) by extension 'python'
[1.340s] Level 1:colcon.colcon_core.package_identification:_identify(.) by extensions ['python_setup_py']
[1.340s] Level 1:colcon.colcon_core.package_identification:_identify(.) by extension 'python_setup_py'
[1.341s] Level 1:colcon.colcon_core.package_identification:_identify(build) by extensions ['ignore', 'ignore_ament_install']
[1.341s] Level 1:colcon.colcon_core.package_identification:_identify(build) by extension 'ignore'
[1.341s] Level 1:colcon.colcon_core.package_identification:_identify(build) ignored
[1.341s] Level 1:colcon.colcon_core.package_identification:_identify(install) by extensions ['ignore', 'ignore_ament_install']
[1.341s] Level 1:colcon.colcon_core.package_identification:_identify(install) by extension 'ignore'
[1.341s] Level 1:colcon.colcon_core.package_identification:_identify(install) ignored
[1.342s] Level 1:colcon.colcon_core.package_identification:_identify(log) by extensions ['ignore', 'ignore_ament_install']
[1.342s] Level 1:colcon.colcon_core.package_identification:_identify(log) by extension 'ignore'
[1.342s] Level 1:colcon.colcon_core.package_identification:_identify(log) ignored
[1.342s] Level 1:colcon.colcon_core.package_identification:_identify(src) by extensions ['ignore', 'ignore_ament_install']
[1.342s] Level 1:colcon.colcon_core.package_identification:_identify(src) by extension 'ignore'
[1.343s] Level 1:colcon.colcon_core.package_identification:_identify(src) by extension 'ignore_ament_install'
[1.343s] Level 1:colcon.colcon_core.package_identification:_identify(src) by extensions ['colcon_pkg']
[1.343s] Level 1:colcon.colcon_core.package_identification:_identify(src) by extension 'colcon_pkg'
[1.343s] Level 1:colcon.colcon_core.package_identification:_identify(src) by extensions ['colcon_meta']
[1.343s] Level 1:colcon.colcon_core.package_identification:_identify(src) by extension 'colcon_meta'
[1.343s] Level 1:colcon.colcon_core.package_identification:_identify(src) by extensions ['ros']
[1.343s] Level 1:colcon.colcon_core.package_identification:_identify(src) by extension 'ros'
[1.343s] Level 1:colcon.colcon_core.package_identification:_identify(src) by extensions ['cmake', 'python']
[1.343s] Level 1:colcon.colcon_core.package_identification:_identify(src) by extension 'cmake'
[1.344s] Level 1:colcon.colcon_core.package_identification:_identify(src) by extension 'python'
[1.344s] Level 1:colcon.colcon_core.package_identification:_identify(src) by extensions ['python_setup_py']
[1.344s] Level 1:colcon.colcon_core.package_identification:_identify(src) by extension 'python_setup_py'
[1.344s] Level 1:colcon.colcon_core.package_identification:_identify(src/aurora1) by extensions ['ignore', 'ignore_ament_install']
[1.344s] Level 1:colcon.colcon_core.package_identification:_identify(src/aurora1) by extension 'ignore'
[1.344s] Level 1:colcon.colcon_core.package_identification:_identify(src/aurora1) by extension 'ignore_ament_install'
[1.344s] Level 1:colcon.colcon_core.package_identification:_identify(src/aurora1) by extensions ['colcon_pkg']
[1.344s] Level 1:colcon.colcon_core.package_identification:_identify(src/aurora1) by extension 'colcon_pkg'
[1.344s] Level 1:colcon.colcon_core.package_identification:_identify(src/aurora1) by extensions ['colcon_meta']
[1.345s] Level 1:colcon.colcon_core.package_identification:_identify(src/aurora1) by extension 'colcon_meta'
[1.345s] Level 1:colcon.colcon_core.package_identification:_identify(src/aurora1) by extensions ['ros']
[1.345s] Level 1:colcon.colcon_core.package_identification:_identify(src/aurora1) by extension 'ros'
[1.353s] DEBUG:colcon.colcon_core.package_identification:Package 'src/aurora1' with type 'ros.ament_python' and name 'aurora1'
[1.353s] Level 1:colcon.colcon_core.package_identification:_identify(src/aurora_drive) by extensions ['ignore', 'ignore_ament_install']
[1.353s] Level 1:colcon.colcon_core.package_identification:_identify(src/aurora_drive) by extension 'ignore'
[1.354s] Level 1:colcon.colcon_core.package_identification:_identify(src/aurora_drive) by extension 'ignore_ament_install'
[1.354s] Level 1:colcon.colcon_core.package_identification:_identify(src/aurora_drive) by extensions ['colcon_pkg']
[1.354s] Level 1:colcon.colcon_core.package_identification:_identify(src/aurora_drive) by extension 'colcon_pkg'
[1.354s] Level 1:colcon.colcon_core.package_identification:_identify(src/aurora_drive) by extensions ['colcon_meta']
[1.354s] Level 1:colcon.colcon_core.package_identification:_identify(src/aurora_drive) by extension 'colcon_meta'
[1.354s] Level 1:colcon.colcon_core.package_identification:_identify(src/aurora_drive) by extensions ['ros']
[1.354s] Level 1:colcon.colcon_core.package_identification:_identify(src/aurora_drive) by extension 'ros'
[1.356s] DEBUG:colcon.colcon_core.package_identification:Package 'src/aurora_drive' with type 'ros.ament_python' and name 'aurora_drive'
[1.356s] Level 1:colcon.colcon_core.package_identification:_identify(src/aurora_gps) by extensions ['ignore', 'ignore_ament_install']
[1.356s] Level 1:colcon.colcon_core.package_identification:_identify(src/aurora_gps) by extension 'ignore'
[1.356s] Level 1:colcon.colcon_core.package_identification:_identify(src/aurora_gps) by extension 'ignore_ament_install'
[1.356s] Level 1:colcon.colcon_core.package_identification:_identify(src/aurora_gps) by extensions ['colcon_pkg']
[1.356s] Level 1:colcon.colcon_core.package_identification:_identify(src/aurora_gps) by extension 'colcon_pkg'
[1.356s] Level 1:colcon.colcon_core.package_identification:_identify(src/aurora_gps) by extensions ['colcon_meta']
[1.357s] Level 1:colcon.colcon_core.package_identification:_identify(src/aurora_gps) by extension 'colcon_meta'
[1.357s] Level 1:colcon.colcon_core.package_identification:_identify(src/aurora_gps) by extensions ['ros']
[1.357s] Level 1:colcon.colcon_core.package_identification:_identify(src/aurora_gps) by extension 'ros'
[1.358s] DEBUG:colcon.colcon_core.package_identification:Package 'src/aurora_gps' with type 'ros.ament_python' and name 'aurora_gps'
[1.359s] Level 1:colcon.colcon_core.package_identification:_identify(src/ros2GPSx) by extensions ['ignore', 'ignore_ament_install']
[1.359s] Level 1:colcon.colcon_core.package_identification:_identify(src/ros2GPSx) by extension 'ignore'
[1.359s] Level 1:colcon.colcon_core.package_identification:_identify(src/ros2GPSx) by extension 'ignore_ament_install'
[1.359s] Level 1:colcon.colcon_core.package_identification:_identify(src/ros2GPSx) by extensions ['colcon_pkg']
[1.359s] Level 1:colcon.colcon_core.package_identification:_identify(src/ros2GPSx) by extension 'colcon_pkg'
[1.359s] Level 1:colcon.colcon_core.package_identification:_identify(src/ros2GPSx) by extensions ['colcon_meta']
[1.359s] Level 1:colcon.colcon_core.package_identification:_identify(src/ros2GPSx) by extension 'colcon_meta'
[1.360s] Level 1:colcon.colcon_core.package_identification:_identify(src/ros2GPSx) by extensions ['ros']
[1.360s] Level 1:colcon.colcon_core.package_identification:_identify(src/ros2GPSx) by extension 'ros'
[1.360s] Level 1:colcon.colcon_core.package_identification:_identify(src/ros2GPSx) by extensions ['cmake', 'python']
[1.360s] Level 1:colcon.colcon_core.package_identification:_identify(src/ros2GPSx) by extension 'cmake'
[1.360s] Level 1:colcon.colcon_core.package_identification:_identify(src/ros2GPSx) by extension 'python'
[1.360s] Level 1:colcon.colcon_core.package_identification:_identify(src/ros2GPSx) by extensions ['python_setup_py']
[1.360s] Level 1:colcon.colcon_core.package_identification:_identify(src/ros2GPSx) by extension 'python_setup_py'
[1.360s] Level 1:colcon.colcon_core.package_identification:_identify(src/ros2GPSx/gpsx) by extensions ['ignore', 'ignore_ament_install']
[1.361s] Level 1:colcon.colcon_core.package_identification:_identify(src/ros2GPSx/gpsx) by extension 'ignore'
[1.361s] Level 1:colcon.colcon_core.package_identification:_identify(src/ros2GPSx/gpsx) by extension 'ignore_ament_install'
[1.361s] Level 1:colcon.colcon_core.package_identification:_identify(src/ros2GPSx/gpsx) by extensions ['colcon_pkg']
[1.361s] Level 1:colcon.colcon_core.package_identification:_identify(src/ros2GPSx/gpsx) by extension 'colcon_pkg'
[1.361s] Level 1:colcon.colcon_core.package_identification:_identify(src/ros2GPSx/gpsx) by extensions ['colcon_meta']
[1.361s] Level 1:colcon.colcon_core.package_identification:_identify(src/ros2GPSx/gpsx) by extension 'colcon_meta'
[1.361s] Level 1:colcon.colcon_core.package_identification:_identify(src/ros2GPSx/gpsx) by extensions ['ros']
[1.361s] Level 1:colcon.colcon_core.package_identification:_identify(src/ros2GPSx/gpsx) by extension 'ros'
[1.363s] DEBUG:colcon.colcon_core.package_identification:Package 'src/ros2GPSx/gpsx' with type 'ros.ament_cmake' and name 'gpsx'
[1.363s] Level 1:colcon.colcon_core.package_discovery:discover_packages(recursive) using defaults
[1.363s] Level 1:colcon.colcon_core.package_discovery:discover_packages(ignore) discover
[1.363s] Level 1:colcon.colcon_core.package_discovery:discover_packages(ignore) using defaults
[1.363s] Level 1:colcon.colcon_core.package_discovery:discover_packages(path) discover
[1.363s] Level 1:colcon.colcon_core.package_discovery:discover_packages(path) using defaults
[1.433s] Level 1:colcon.colcon_core.package_discovery:discover_packages(prefix_path) check parameters
[1.433s] Level 1:colcon.colcon_core.package_discovery:discover_packages(prefix_path) discover
[1.442s] DEBUG:colcon.colcon_installed_package_information.package_discovery:Found 280 installed packages in /opt/ros/humble
[1.474s] Level 1:colcon.colcon_core.package_discovery:discover_packages(prefix_path) using defaults
[1.544s] Level 5:colcon.colcon_core.verb:set package 'aurora1' build argument 'cmake_args' from command line to 'None'
[1.545s] Level 5:colcon.colcon_core.verb:set package 'aurora1' build argument 'cmake_target' from command line to 'None'
[1.545s] Level 5:colcon.colcon_core.verb:set package 'aurora1' build argument 'cmake_target_skip_unavailable' from command line to 'False'
[1.545s] Level 5:colcon.colcon_core.verb:set package 'aurora1' build argument 'cmake_clean_cache' from command line to 'False'
[1.545s] Level 5:colcon.colcon_core.verb:set package 'aurora1' build argument 'cmake_clean_first' from command line to 'False'
[1.545s] Level 5:colcon.colcon_core.verb:set package 'aurora1' build argument 'cmake_force_configure' from command line to 'False'
[1.545s] Level 5:colcon.colcon_core.verb:set package 'aurora1' build argument 'ament_cmake_args' from command line to 'None'
[1.545s] Level 5:colcon.colcon_core.verb:set package 'aurora1' build argument 'catkin_cmake_args' from command line to 'None'
[1.545s] Level 5:colcon.colcon_core.verb:set package 'aurora1' build argument 'catkin_skip_building_tests' from command line to 'False'
[1.545s] DEBUG:colcon.colcon_core.verb:Building package 'aurora1' with the following arguments: {'ament_cmake_args': None, 'build_base': '/home/aurora/aurora_sim_v2/build/aurora1', 'catkin_cmake_args': None, 'catkin_skip_building_tests': False, 'cmake_args': None, 'cmake_clean_cache': False, 'cmake_clean_first': False, 'cmake_force_configure': False, 'cmake_target': None, 'cmake_target_skip_unavailable': False, 'install_base': '/home/aurora/aurora_sim_v2/install/aurora1', 'merge_install': False, 'path': '/home/aurora/aurora_sim_v2/src/aurora1', 'symlink_install': False, 'test_result_base': None}
[1.546s] Level 5:colcon.colcon_core.verb:set package 'aurora_drive' build argument 'cmake_args' from command line to 'None'
[1.546s] Level 5:colcon.colcon_core.verb:set package 'aurora_drive' build argument 'cmake_target' from command line to 'None'
[1.546s] Level 5:colcon.colcon_core.verb:set package 'aurora_drive' build argument 'cmake_target_skip_unavailable' from command line to 'False'
[1.546s] Level 5:colcon.colcon_core.verb:set package 'aurora_drive' build argument 'cmake_clean_cache' from command line to 'False'
[1.546s] Level 5:colcon.colcon_core.verb:set package 'aurora_drive' build argument 'cmake_clean_first' from command line to 'False'
[1.546s] Level 5:colcon.colcon_core.verb:set package 'aurora_drive' build argument 'cmake_force_configure' from command line to 'False'
[1.546s] Level 5:colcon.colcon_core.verb:set package 'aurora_drive' build argument 'ament_cmake_args' from command line to 'None'
[1.546s] Level 5:colcon.colcon_core.verb:set package 'aurora_drive' build argument 'catkin_cmake_args' from command line to 'None'
[1.546s] Level 5:colcon.colcon_core.verb:set package 'aurora_drive' build argument 'catkin_skip_building_tests' from command line to 'False'
[1.546s] DEBUG:colcon.colcon_core.verb:Building package 'aurora_drive' with the following arguments: {'ament_cmake_args': None, 'build_base': '/home/aurora/aurora_sim_v2/build/aurora_drive', 'catkin_cmake_args': None, 'catkin_skip_building_tests': False, 'cmake_args': None, 'cmake_clean_cache': False, 'cmake_clean_first': False, 'cmake_force_configure': False, 'cmake_target': None, 'cmake_target_skip_unavailable': False, 'install_base': '/home/aurora/aurora_sim_v2/install/aurora_drive', 'merge_install': False, 'path': '/home/aurora/aurora_sim_v2/src/aurora_drive', 'symlink_install': False, 'test_result_base': None}
[1.547s] Level 5:colcon.colcon_core.verb:set package 'aurora_gps' build argument 'cmake_args' from command line to 'None'
[1.547s] Level 5:colcon.colcon_core.verb:set package 'aurora_gps' build argument 'cmake_target' from command line to 'None'
[1.547s] Level 5:colcon.colcon_core.verb:set package 'aurora_gps' build argument 'cmake_target_skip_unavailable' from command line to 'False'
[1.547s] Level 5:colcon.colcon_core.verb:set package 'aurora_gps' build argument 'cmake_clean_cache' from command line to 'False'
[1.547s] Level 5:colcon.colcon_core.verb:set package 'aurora_gps' build argument 'cmake_clean_first' from command line to 'False'
[1.547s] Level 5:colcon.colcon_core.verb:set package 'aurora_gps' build argument 'cmake_force_configure' from command line to 'False'
[1.547s] Level 5:colcon.colcon_core.verb:set package 'aurora_gps' build argument 'ament_cmake_args' from command line to 'None'
[1.547s] Level 5:colcon.colcon_core.verb:set package 'aurora_gps' build argument 'catkin_cmake_args' from command line to 'None'
[1.547s] Level 5:colcon.colcon_core.verb:set package 'aurora_gps' build argument 'catkin_skip_building_tests' from command line to 'False'
[1.547s] DEBUG:colcon.colcon_core.verb:Building package 'aurora_gps' with the following arguments: {'ament_cmake_args': None, 'build_base': '/home/aurora/aurora_sim_v2/build/aurora_gps', 'catkin_cmake_args': None, 'catkin_skip_building_tests': False, 'cmake_args': None, 'cmake_clean_cache': False, 'cmake_clean_first': False, 'cmake_force_configure': False, 'cmake_target': None, 'cmake_target_skip_unavailable': False, 'install_base': '/home/aurora/aurora_sim_v2/install/aurora_gps', 'merge_install': False, 'path': '/home/aurora/aurora_sim_v2/src/aurora_gps', 'symlink_install': False, 'test_result_base': None}
[1.548s] Level 5:colcon.colcon_core.verb:set package 'gpsx' build argument 'cmake_args' from command line to 'None'
[1.548s] Level 5:colcon.colcon_core.verb:set package 'gpsx' build argument 'cmake_target' from command line to 'None'
[1.548s] Level 5:colcon.colcon_core.verb:set package 'gpsx' build argument 'cmake_target_skip_unavailable' from command line to 'False'
[1.548s] Level 5:colcon.colcon_core.verb:set package 'gpsx' build argument 'cmake_clean_cache' from command line to 'False'
[1.548s] Level 5:colcon.colcon_core.verb:set package 'gpsx' build argument 'cmake_clean_first' from command line to 'False'
[1.548s] Level 5:colcon.colcon_core.verb:set package 'gpsx' build argument 'cmake_force_configure' from command line to 'False'
[1.548s] Level 5:colcon.colcon_core.verb:set package 'gpsx' build argument 'ament_cmake_args' from command line to 'None'
[1.548s] Level 5:colcon.colcon_core.verb:set package 'gpsx' build argument 'catkin_cmake_args' from command line to 'None'
[1.548s] Level 5:colcon.colcon_core.verb:set package 'gpsx' build argument 'catkin_skip_building_tests' from command line to 'False'
[1.548s] DEBUG:colcon.colcon_core.verb:Building package 'gpsx' with the following arguments: {'ament_cmake_args': None, 'build_base': '/home/aurora/aurora_sim_v2/build/gpsx', 'catkin_cmake_args': None, 'catkin_skip_building_tests': False, 'cmake_args': None, 'cmake_clean_cache': False, 'cmake_clean_first': False, 'cmake_force_configure': False, 'cmake_target': None, 'cmake_target_skip_unavailable': False, 'install_base': '/home/aurora/aurora_sim_v2/install/gpsx', 'merge_install': False, 'path': '/home/aurora/aurora_sim_v2/src/ros2GPSx/gpsx', 'symlink_install': False, 'test_result_base': None}
[1.549s] INFO:colcon.colcon_core.executor:Executing jobs using 'parallel' executor
[1.550s] DEBUG:colcon.colcon_parallel_executor.executor.parallel:run_until_complete
[1.551s] INFO:colcon.colcon_ros.task.ament_python.build:Building ROS package in '/home/aurora/aurora_sim_v2/src/aurora1' with build type 'ament_python'
[1.551s] Level 1:colcon.colcon_core.shell:create_environment_hook('aurora1', 'ament_prefix_path')
[1.562s] INFO:colcon.colcon_core.plugin_system:Skipping extension 'colcon_core.shell.bat': Not used on non-Windows systems
[1.562s] INFO:colcon.colcon_core.shell:Creating environment hook '/home/aurora/aurora_sim_v2/install/aurora1/share/aurora1/hook/ament_prefix_path.ps1'
[1.565s] INFO:colcon.colcon_core.shell:Creating environment descriptor '/home/aurora/aurora_sim_v2/install/aurora1/share/aurora1/hook/ament_prefix_path.dsv'
[1.567s] INFO:colcon.colcon_core.shell:Creating environment hook '/home/aurora/aurora_sim_v2/install/aurora1/share/aurora1/hook/ament_prefix_path.sh'
[1.570s] INFO:colcon.colcon_core.shell:Skip shell extension 'powershell' for command environment: Not usable outside of PowerShell
[1.570s] DEBUG:colcon.colcon_core.shell:Skip shell extension 'dsv' for command environment
[1.575s] INFO:colcon.colcon_ros.task.ament_python.build:Building ROS package in '/home/aurora/aurora_sim_v2/src/aurora_drive' with build type 'ament_python'
[1.575s] Level 1:colcon.colcon_core.shell:create_environment_hook('aurora_drive', 'ament_prefix_path')
[1.576s] INFO:colcon.colcon_core.shell:Creating environment hook '/home/aurora/aurora_sim_v2/install/aurora_drive/share/aurora_drive/hook/ament_prefix_path.ps1'
[1.577s] INFO:colcon.colcon_core.shell:Creating environment descriptor '/home/aurora/aurora_sim_v2/install/aurora_drive/share/aurora_drive/hook/ament_prefix_path.dsv'
[1.578s] INFO:colcon.colcon_core.shell:Creating environment hook '/home/aurora/aurora_sim_v2/install/aurora_drive/share/aurora_drive/hook/ament_prefix_path.sh'
[1.579s] INFO:colcon.colcon_core.shell:Skip shell extension 'powershell' for command environment: Not usable outside of PowerShell
[1.579s] DEBUG:colcon.colcon_core.shell:Skip shell extension 'dsv' for command environment
[1.584s] INFO:colcon.colcon_ros.task.ament_python.build:Building ROS package in '/home/aurora/aurora_sim_v2/src/aurora_gps' with build type 'ament_python'
[1.584s] Level 1:colcon.colcon_core.shell:create_environment_hook('aurora_gps', 'ament_prefix_path')
[1.585s] INFO:colcon.colcon_core.shell:Creating environment hook '/home/aurora/aurora_sim_v2/install/aurora_gps/share/aurora_gps/hook/ament_prefix_path.ps1'
[1.586s] INFO:colcon.colcon_core.shell:Creating environment descriptor '/home/aurora/aurora_sim_v2/install/aurora_gps/share/aurora_gps/hook/ament_prefix_path.dsv'
[1.587s] INFO:colcon.colcon_core.shell:Creating environment hook '/home/aurora/aurora_sim_v2/install/aurora_gps/share/aurora_gps/hook/ament_prefix_path.sh'
[1.588s] INFO:colcon.colcon_core.shell:Skip shell extension 'powershell' for command environment: Not usable outside of PowerShell
[1.588s] DEBUG:colcon.colcon_core.shell:Skip shell extension 'dsv' for command environment
[1.592s] INFO:colcon.colcon_ros.task.ament_cmake.build:Building ROS package in '/home/aurora/aurora_sim_v2/src/ros2GPSx/gpsx' with build type 'ament_cmake'
[1.592s] INFO:colcon.colcon_cmake.task.cmake.build:Building CMake package in '/home/aurora/aurora_sim_v2/src/ros2GPSx/gpsx'
[1.593s] INFO:colcon.colcon_core.shell:Skip shell extension 'powershell' for command environment: Not usable outside of PowerShell
[1.593s] DEBUG:colcon.colcon_core.shell:Skip shell extension 'dsv' for command environment
[2.073s] INFO:colcon.colcon_core.task.python.build:Building Python package in '/home/aurora/aurora_sim_v2/src/aurora1'
[2.074s] INFO:colcon.colcon_core.shell:Skip shell extension 'powershell' for command environment: Not usable outside of PowerShell
[2.074s] DEBUG:colcon.colcon_core.shell:Skip shell extension 'dsv' for command environment
[2.552s] INFO:colcon.colcon_core.task.python.build:Building Python package in '/home/aurora/aurora_sim_v2/src/aurora_drive'
[2.553s] INFO:colcon.colcon_core.shell:Skip shell extension 'powershell' for command environment: Not usable outside of PowerShell
[2.553s] DEBUG:colcon.colcon_core.shell:Skip shell extension 'dsv' for command environment
[3.038s] INFO:colcon.colcon_core.task.python.build:Building Python package in '/home/aurora/aurora_sim_v2/src/aurora_gps'
[3.040s] INFO:colcon.colcon_core.shell:Skip shell extension 'powershell' for command environment: Not usable outside of PowerShell
[3.040s] DEBUG:colcon.colcon_core.shell:Skip shell extension 'dsv' for command environment
[3.059s] DEBUG:colcon.colcon_core.event_handler.log_command:Invoking command in '/home/aurora/aurora_sim_v2/build/gpsx': CMAKE_PREFIX_PATH=/opt/ros/humble /usr/bin/cmake /home/aurora/aurora_sim_v2/src/ros2GPSx/gpsx -DCMAKE_INSTALL_PREFIX=/home/aurora/aurora_sim_v2/install/gpsx
[4.653s] DEBUG:colcon.colcon_core.event_handler.log_command:Invoking command in '/home/aurora/aurora_sim_v2/build/aurora1': PYTHONPATH=/home/aurora/aurora_sim_v2/build/aurora1/prefix_override:/usr/lib/python3/dist-packages/colcon_core/task/python/colcon_distutils_commands:/home/aurora/aurora_sim_v2/install/aurora1/lib/python3.10/site-packages:${PYTHONPATH} /usr/bin/python3 -W ignore:setup.py install is deprecated -W ignore:easy_install command is deprecated setup.py develop --uninstall --editable --build-directory /home/aurora/aurora_sim_v2/build/aurora1/build
[4.657s] DEBUG:colcon.colcon_core.event_handler.log_command:Invoking command in '/home/aurora/aurora_sim_v2/build/aurora_drive': PYTHONPATH=/home/aurora/aurora_sim_v2/build/aurora_drive/prefix_override:/usr/lib/python3/dist-packages/colcon_core/task/python/colcon_distutils_commands:/home/aurora/aurora_sim_v2/install/aurora_drive/lib/python3.10/site-packages:${PYTHONPATH} /usr/bin/python3 -W ignore:setup.py install is deprecated -W ignore:easy_install command is deprecated setup.py develop --uninstall --editable --build-directory /home/aurora/aurora_sim_v2/build/aurora_drive/build
[4.666s] DEBUG:colcon.colcon_core.event_handler.log_command:Invoking command in '/home/aurora/aurora_sim_v2/src/aurora_gps': PYTHONPATH=/home/aurora/aurora_sim_v2/build/aurora_gps/prefix_override:/usr/lib/python3/dist-packages/colcon_core/task/python/colcon_distutils_commands:/home/aurora/aurora_sim_v2/install/aurora_gps/lib/python3.10/site-packages:${PYTHONPATH} /usr/bin/python3 -W ignore:setup.py install is deprecated -W ignore:easy_install command is deprecated setup.py egg_info --egg-base ../../build/aurora_gps build --build-base /home/aurora/aurora_sim_v2/build/aurora_gps/build install --record /home/aurora/aurora_sim_v2/build/aurora_gps/install.log --single-version-externally-managed install_data
[5.289s] DEBUG:colcon.colcon_core.event_handler.log_command:Invoked command in '/home/aurora/aurora_sim_v2/src/aurora_gps' returned '0': PYTHONPATH=/home/aurora/aurora_sim_v2/build/aurora_gps/prefix_override:/usr/lib/python3/dist-packages/colcon_core/task/python/colcon_distutils_commands:/home/aurora/aurora_sim_v2/install/aurora_gps/lib/python3.10/site-packages:${PYTHONPATH} /usr/bin/python3 -W ignore:setup.py install is deprecated -W ignore:easy_install command is deprecated setup.py egg_info --egg-base ../../build/aurora_gps build --build-base /home/aurora/aurora_sim_v2/build/aurora_gps/build install --record /home/aurora/aurora_sim_v2/build/aurora_gps/install.log --single-version-externally-managed install_data
[5.302s] Level 1:colcon.colcon_core.environment:checking '/home/aurora/aurora_sim_v2/install/aurora_gps' for CMake module files
[5.304s] Level 1:colcon.colcon_core.environment:checking '/home/aurora/aurora_sim_v2/install/aurora_gps' for CMake config files
[5.305s] Level 1:colcon.colcon_core.environment:checking '/home/aurora/aurora_sim_v2/install/aurora_gps/lib'
[5.305s] Level 1:colcon.colcon_core.environment:checking '/home/aurora/aurora_sim_v2/install/aurora_gps/bin'
[5.306s] Level 1:colcon.colcon_core.environment:checking '/home/aurora/aurora_sim_v2/install/aurora_gps/lib/pkgconfig/aurora_gps.pc'
[5.306s] Level 1:colcon.colcon_core.environment:checking '/home/aurora/aurora_sim_v2/install/aurora_gps/lib/python3.10/site-packages'
[5.306s] Level 1:colcon.colcon_core.shell:create_environment_hook('aurora_gps', 'pythonpath')
[5.307s] INFO:colcon.colcon_core.shell:Creating environment hook '/home/aurora/aurora_sim_v2/install/aurora_gps/share/aurora_gps/hook/pythonpath.ps1'
[5.308s] INFO:colcon.colcon_core.shell:Creating environment descriptor '/home/aurora/aurora_sim_v2/install/aurora_gps/share/aurora_gps/hook/pythonpath.dsv'
[5.309s] INFO:colcon.colcon_core.shell:Creating environment hook '/home/aurora/aurora_sim_v2/install/aurora_gps/share/aurora_gps/hook/pythonpath.sh'
[5.310s] Level 1:colcon.colcon_core.environment:checking '/home/aurora/aurora_sim_v2/install/aurora_gps/bin'
[5.310s] Level 1:colcon.colcon_core.environment:create_environment_scripts_only(aurora_gps)
[5.311s] INFO:colcon.colcon_core.shell:Creating package script '/home/aurora/aurora_sim_v2/install/aurora_gps/share/aurora_gps/package.ps1'
[5.313s] INFO:colcon.colcon_core.shell:Creating package descriptor '/home/aurora/aurora_sim_v2/install/aurora_gps/share/aurora_gps/package.dsv'
[5.315s] INFO:colcon.colcon_core.shell:Creating package script '/home/aurora/aurora_sim_v2/install/aurora_gps/share/aurora_gps/package.sh'
[5.317s] INFO:colcon.colcon_core.shell:Creating package script '/home/aurora/aurora_sim_v2/install/aurora_gps/share/aurora_gps/package.bash'
[5.320s] INFO:colcon.colcon_core.shell:Creating package script '/home/aurora/aurora_sim_v2/install/aurora_gps/share/aurora_gps/package.zsh'
[5.322s] Level 1:colcon.colcon_core.environment:create_file_with_runtime_dependencies(/home/aurora/aurora_sim_v2/install/aurora_gps/share/colcon-core/packages/aurora_gps)
[5.504s] DEBUG:colcon.colcon_core.event_handler.log_command:Invoked command in '/home/aurora/aurora_sim_v2/build/aurora_drive' returned '0': PYTHONPATH=/home/aurora/aurora_sim_v2/build/aurora_drive/prefix_override:/usr/lib/python3/dist-packages/colcon_core/task/python/colcon_distutils_commands:/home/aurora/aurora_sim_v2/install/aurora_drive/lib/python3.10/site-packages:${PYTHONPATH} /usr/bin/python3 -W ignore:setup.py install is deprecated -W ignore:easy_install command is deprecated setup.py develop --uninstall --editable --build-directory /home/aurora/aurora_sim_v2/build/aurora_drive/build
[5.509s] DEBUG:colcon.colcon_core.event_handler.log_command:Invoking command in '/home/aurora/aurora_sim_v2/src/aurora_drive': PYTHONPATH=/home/aurora/aurora_sim_v2/build/aurora_drive/prefix_override:/usr/lib/python3/dist-packages/colcon_core/task/python/colcon_distutils_commands:/home/aurora/aurora_sim_v2/install/aurora_drive/lib/python3.10/site-packages:${PYTHONPATH} /usr/bin/python3 -W ignore:setup.py install is deprecated -W ignore:easy_install command is deprecated setup.py egg_info --egg-base ../../build/aurora_drive build --build-base /home/aurora/aurora_sim_v2/build/aurora_drive/build install --record /home/aurora/aurora_sim_v2/build/aurora_drive/install.log --single-version-externally-managed install_data --force
[5.636s] DEBUG:colcon.colcon_core.event_handler.log_command:Invoked command in '/home/aurora/aurora_sim_v2/build/aurora1' returned '0': PYTHONPATH=/home/aurora/aurora_sim_v2/build/aurora1/prefix_override:/usr/lib/python3/dist-packages/colcon_core/task/python/colcon_distutils_commands:/home/aurora/aurora_sim_v2/install/aurora1/lib/python3.10/site-packages:${PYTHONPATH} /usr/bin/python3 -W ignore:setup.py install is deprecated -W ignore:easy_install command is deprecated setup.py develop --uninstall --editable --build-directory /home/aurora/aurora_sim_v2/build/aurora1/build
[5.639s] DEBUG:colcon.colcon_core.event_handler.log_command:Invoking command in '/home/aurora/aurora_sim_v2/src/aurora1': PYTHONPATH=/home/aurora/aurora_sim_v2/build/aurora1/prefix_override:/usr/lib/python3/dist-packages/colcon_core/task/python/colcon_distutils_commands:/home/aurora/aurora_sim_v2/install/aurora1/lib/python3.10/site-packages:${PYTHONPATH} /usr/bin/python3 -W ignore:setup.py install is deprecated -W ignore:easy_install command is deprecated setup.py egg_info --egg-base ../../build/aurora1 build --build-base /home/aurora/aurora_sim_v2/build/aurora1/build install --record /home/aurora/aurora_sim_v2/build/aurora1/install.log --single-version-externally-managed install_data --force
[6.124s] Level 1:colcon.colcon_core.environment:checking '/home/aurora/aurora_sim_v2/install/aurora_drive' for CMake module files
[6.125s] DEBUG:colcon.colcon_core.event_handler.log_command:Invoked command in '/home/aurora/aurora_sim_v2/src/aurora_drive' returned '0': PYTHONPATH=/home/aurora/aurora_sim_v2/build/aurora_drive/prefix_override:/usr/lib/python3/dist-packages/colcon_core/task/python/colcon_distutils_commands:/home/aurora/aurora_sim_v2/install/aurora_drive/lib/python3.10/site-packages:${PYTHONPATH} /usr/bin/python3 -W ignore:setup.py install is deprecated -W ignore:easy_install command is deprecated setup.py egg_info --egg-base ../../build/aurora_drive build --build-base /home/aurora/aurora_sim_v2/build/aurora_drive/build install --record /home/aurora/aurora_sim_v2/build/aurora_drive/install.log --single-version-externally-managed install_data --force
[6.125s] Level 1:colcon.colcon_core.environment:checking '/home/aurora/aurora_sim_v2/install/aurora_drive' for CMake config files
[6.127s] Level 1:colcon.colcon_core.environment:checking '/home/aurora/aurora_sim_v2/install/aurora_drive/lib'
[6.127s] Level 1:colcon.colcon_core.environment:checking '/home/aurora/aurora_sim_v2/install/aurora_drive/bin'
[6.127s] Level 1:colcon.colcon_core.environment:checking '/home/aurora/aurora_sim_v2/install/aurora_drive/lib/pkgconfig/aurora_drive.pc'
[6.128s] Level 1:colcon.colcon_core.environment:checking '/home/aurora/aurora_sim_v2/install/aurora_drive/lib/python3.10/site-packages'
[6.128s] Level 1:colcon.colcon_core.shell:create_environment_hook('aurora_drive', 'pythonpath')
[6.128s] INFO:colcon.colcon_core.shell:Creating environment hook '/home/aurora/aurora_sim_v2/install/aurora_drive/share/aurora_drive/hook/pythonpath.ps1'
[6.130s] INFO:colcon.colcon_core.shell:Creating environment descriptor '/home/aurora/aurora_sim_v2/install/aurora_drive/share/aurora_drive/hook/pythonpath.dsv'
[6.131s] INFO:colcon.colcon_core.shell:Creating environment hook '/home/aurora/aurora_sim_v2/install/aurora_drive/share/aurora_drive/hook/pythonpath.sh'
[6.135s] Level 1:colcon.colcon_core.environment:checking '/home/aurora/aurora_sim_v2/install/aurora_drive/bin'
[6.135s] Level 1:colcon.colcon_core.environment:create_environment_scripts_only(aurora_drive)
[6.136s] INFO:colcon.colcon_core.shell:Creating package script '/home/aurora/aurora_sim_v2/install/aurora_drive/share/aurora_drive/package.ps1'
[6.137s] INFO:colcon.colcon_core.shell:Creating package descriptor '/home/aurora/aurora_sim_v2/install/aurora_drive/share/aurora_drive/package.dsv'
[6.139s] INFO:colcon.colcon_core.shell:Creating package script '/home/aurora/aurora_sim_v2/install/aurora_drive/share/aurora_drive/package.sh'
[6.140s] INFO:colcon.colcon_core.shell:Creating package script '/home/aurora/aurora_sim_v2/install/aurora_drive/share/aurora_drive/package.bash'
[6.140s] INFO:colcon.colcon_core.shell:Creating package script '/home/aurora/aurora_sim_v2/install/aurora_drive/share/aurora_drive/package.zsh'
[6.141s] Level 1:colcon.colcon_core.environment:create_file_with_runtime_dependencies(/home/aurora/aurora_sim_v2/install/aurora_drive/share/colcon-core/packages/aurora_drive)
[6.258s] Level 1:colcon.colcon_core.environment:checking '/home/aurora/aurora_sim_v2/install/aurora1' for CMake module files
[6.260s] DEBUG:colcon.colcon_core.event_handler.log_command:Invoked command in '/home/aurora/aurora_sim_v2/src/aurora1' returned '0': PYTHONPATH=/home/aurora/aurora_sim_v2/build/aurora1/prefix_override:/usr/lib/python3/dist-packages/colcon_core/task/python/colcon_distutils_commands:/home/aurora/aurora_sim_v2/install/aurora1/lib/python3.10/site-packages:${PYTHONPATH} /usr/bin/python3 -W ignore:setup.py install is deprecated -W ignore:easy_install command is deprecated setup.py egg_info --egg-base ../../build/aurora1 build --build-base /home/aurora/aurora_sim_v2/build/aurora1/build install --record /home/aurora/aurora_sim_v2/build/aurora1/install.log --single-version-externally-managed install_data --force
[6.261s] Level 1:colcon.colcon_core.environment:checking '/home/aurora/aurora_sim_v2/install/aurora1' for CMake config files
[6.266s] Level 1:colcon.colcon_core.environment:checking '/home/aurora/aurora_sim_v2/install/aurora1/lib'
[6.267s] Level 1:colcon.colcon_core.environment:checking '/home/aurora/aurora_sim_v2/install/aurora1/bin'
[6.267s] Level 1:colcon.colcon_core.environment:checking '/home/aurora/aurora_sim_v2/install/aurora1/lib/pkgconfig/aurora1.pc'
[6.268s] Level 1:colcon.colcon_core.environment:checking '/home/aurora/aurora_sim_v2/install/aurora1/lib/python3.10/site-packages'
[6.268s] Level 1:colcon.colcon_core.shell:create_environment_hook('aurora1', 'pythonpath')
[6.269s] INFO:colcon.colcon_core.shell:Creating environment hook '/home/aurora/aurora_sim_v2/install/aurora1/share/aurora1/hook/pythonpath.ps1'
[6.272s] INFO:colcon.colcon_core.shell:Creating environment descriptor '/home/aurora/aurora_sim_v2/install/aurora1/share/aurora1/hook/pythonpath.dsv'
[6.273s] INFO:colcon.colcon_core.shell:Creating environment hook '/home/aurora/aurora_sim_v2/install/aurora1/share/aurora1/hook/pythonpath.sh'
[6.276s] Level 1:colcon.colcon_core.environment:checking '/home/aurora/aurora_sim_v2/install/aurora1/bin'
[6.277s] Level 1:colcon.colcon_core.environment:create_environment_scripts_only(aurora1)
[6.278s] INFO:colcon.colcon_core.shell:Creating package script '/home/aurora/aurora_sim_v2/install/aurora1/share/aurora1/package.ps1'
[6.280s] INFO:colcon.colcon_core.shell:Creating package descriptor '/home/aurora/aurora_sim_v2/install/aurora1/share/aurora1/package.dsv'
[6.282s] INFO:colcon.colcon_core.shell:Creating package script '/home/aurora/aurora_sim_v2/install/aurora1/share/aurora1/package.sh'
[6.284s] INFO:colcon.colcon_core.shell:Creating package script '/home/aurora/aurora_sim_v2/install/aurora1/share/aurora1/package.bash'
[6.285s] INFO:colcon.colcon_core.shell:Creating package script '/home/aurora/aurora_sim_v2/install/aurora1/share/aurora1/package.zsh'
[6.287s] Level 1:colcon.colcon_core.environment:create_file_with_runtime_dependencies(/home/aurora/aurora_sim_v2/install/aurora1/share/colcon-core/packages/aurora1)
[9.299s] DEBUG:colcon.colcon_core.event_handler.log_command:Invoked command in '/home/aurora/aurora_sim_v2/build/gpsx' returned '0': CMAKE_PREFIX_PATH=/opt/ros/humble /usr/bin/cmake /home/aurora/aurora_sim_v2/src/ros2GPSx/gpsx -DCMAKE_INSTALL_PREFIX=/home/aurora/aurora_sim_v2/install/gpsx
[9.303s] DEBUG:colcon.colcon_core.event_handler.log_command:Invoking command in '/home/aurora/aurora_sim_v2/build/gpsx': CMAKE_PREFIX_PATH=/opt/ros/humble /usr/bin/cmake --build /home/aurora/aurora_sim_v2/build/gpsx -- -j6 -l6
[24.365s] DEBUG:colcon.colcon_core.event_handler.log_command:Invoked command in '/home/aurora/aurora_sim_v2/build/gpsx' returned '0': CMAKE_PREFIX_PATH=/opt/ros/humble /usr/bin/cmake --build /home/aurora/aurora_sim_v2/build/gpsx -- -j6 -l6
[24.393s] DEBUG:colcon.colcon_core.event_handler.log_command:Invoking command in '/home/aurora/aurora_sim_v2/build/gpsx': CMAKE_PREFIX_PATH=/opt/ros/humble /usr/bin/cmake --install /home/aurora/aurora_sim_v2/build/gpsx
[24.546s] Level 1:colcon.colcon_core.environment:create_environment_scripts_only(gpsx)
[24.547s] Level 1:colcon.colcon_core.environment:checking '/home/aurora/aurora_sim_v2/install/gpsx' for CMake module files
[24.552s] DEBUG:colcon.colcon_core.event_handler.log_command:Invoked command in '/home/aurora/aurora_sim_v2/build/gpsx' returned '0': CMAKE_PREFIX_PATH=/opt/ros/humble /usr/bin/cmake --install /home/aurora/aurora_sim_v2/build/gpsx
[24.553s] Level 1:colcon.colcon_core.environment:checking '/home/aurora/aurora_sim_v2/install/gpsx' for CMake config files
[24.555s] Level 1:colcon.colcon_core.shell:create_environment_hook('gpsx', 'cmake_prefix_path')
[24.556s] INFO:colcon.colcon_core.shell:Creating environment hook '/home/aurora/aurora_sim_v2/install/gpsx/share/gpsx/hook/cmake_prefix_path.ps1'
[24.558s] INFO:colcon.colcon_core.shell:Creating environment descriptor '/home/aurora/aurora_sim_v2/install/gpsx/share/gpsx/hook/cmake_prefix_path.dsv'
[24.559s] INFO:colcon.colcon_core.shell:Creating environment hook '/home/aurora/aurora_sim_v2/install/gpsx/share/gpsx/hook/cmake_prefix_path.sh'
[24.561s] Level 1:colcon.colcon_core.environment:checking '/home/aurora/aurora_sim_v2/install/gpsx/lib'
[24.561s] Level 1:colcon.colcon_core.shell:create_environment_hook('gpsx', 'ld_library_path_lib')
[24.562s] INFO:colcon.colcon_core.shell:Creating environment hook '/home/aurora/aurora_sim_v2/install/gpsx/share/gpsx/hook/ld_library_path_lib.ps1'
[24.563s] INFO:colcon.colcon_core.shell:Creating environment descriptor '/home/aurora/aurora_sim_v2/install/gpsx/share/gpsx/hook/ld_library_path_lib.dsv'
[24.565s] INFO:colcon.colcon_core.shell:Creating environment hook '/home/aurora/aurora_sim_v2/install/gpsx/share/gpsx/hook/ld_library_path_lib.sh'
[24.566s] Level 1:colcon.colcon_core.environment:checking '/home/aurora/aurora_sim_v2/install/gpsx/bin'
[24.566s] Level 1:colcon.colcon_core.environment:checking '/home/aurora/aurora_sim_v2/install/gpsx/lib/pkgconfig/gpsx.pc'
[24.567s] Level 1:colcon.colcon_core.environment:checking '/home/aurora/aurora_sim_v2/install/gpsx/lib/python3.10/site-packages'
[24.569s] Level 1:colcon.colcon_core.environment:checking '/home/aurora/aurora_sim_v2/install/gpsx/bin'
[24.570s] INFO:colcon.colcon_core.shell:Creating package script '/home/aurora/aurora_sim_v2/install/gpsx/share/gpsx/package.ps1'
[24.572s] INFO:colcon.colcon_core.shell:Creating package descriptor '/home/aurora/aurora_sim_v2/install/gpsx/share/gpsx/package.dsv'
[24.573s] INFO:colcon.colcon_core.shell:Creating package script '/home/aurora/aurora_sim_v2/install/gpsx/share/gpsx/package.sh'
[24.575s] INFO:colcon.colcon_core.shell:Creating package script '/home/aurora/aurora_sim_v2/install/gpsx/share/gpsx/package.bash'
[24.577s] INFO:colcon.colcon_core.shell:Creating package script '/home/aurora/aurora_sim_v2/install/gpsx/share/gpsx/package.zsh'
[24.578s] Level 1:colcon.colcon_core.environment:create_file_with_runtime_dependencies(/home/aurora/aurora_sim_v2/install/gpsx/share/colcon-core/packages/gpsx)
[24.581s] Level 1:colcon.colcon_core.environment:create_environment_scripts_only(gpsx)
[24.581s] Level 1:colcon.colcon_core.environment:checking '/home/aurora/aurora_sim_v2/install/gpsx' for CMake module files
[24.584s] Level 1:colcon.colcon_core.environment:checking '/home/aurora/aurora_sim_v2/install/gpsx' for CMake config files
[24.587s] Level 1:colcon.colcon_core.shell:create_environment_hook('gpsx', 'cmake_prefix_path')
[24.588s] INFO:colcon.colcon_core.shell:Creating environment hook '/home/aurora/aurora_sim_v2/install/gpsx/share/gpsx/hook/cmake_prefix_path.ps1'
[24.590s] INFO:colcon.colcon_core.shell:Creating environment descriptor '/home/aurora/aurora_sim_v2/install/gpsx/share/gpsx/hook/cmake_prefix_path.dsv'
[24.591s] INFO:colcon.colcon_core.shell:Creating environment hook '/home/aurora/aurora_sim_v2/install/gpsx/share/gpsx/hook/cmake_prefix_path.sh'
[24.593s] Level 1:colcon.colcon_core.environment:checking '/home/aurora/aurora_sim_v2/install/gpsx/lib'
[24.594s] Level 1:colcon.colcon_core.shell:create_environment_hook('gpsx', 'ld_library_path_lib')
[24.594s] INFO:colcon.colcon_core.shell:Creating environment hook '/home/aurora/aurora_sim_v2/install/gpsx/share/gpsx/hook/ld_library_path_lib.ps1'
[24.596s] INFO:colcon.colcon_core.shell:Creating environment descriptor '/home/aurora/aurora_sim_v2/install/gpsx/share/gpsx/hook/ld_library_path_lib.dsv'
[24.597s] INFO:colcon.colcon_core.shell:Creating environment hook '/home/aurora/aurora_sim_v2/install/gpsx/share/gpsx/hook/ld_library_path_lib.sh'
[24.598s] Level 1:colcon.colcon_core.environment:checking '/home/aurora/aurora_sim_v2/install/gpsx/bin'
[24.598s] Level 1:colcon.colcon_core.environment:checking '/home/aurora/aurora_sim_v2/install/gpsx/lib/pkgconfig/gpsx.pc'
[24.599s] Level 1:colcon.colcon_core.environment:checking '/home/aurora/aurora_sim_v2/install/gpsx/lib/python3.10/site-packages'
[24.600s] Level 1:colcon.colcon_core.environment:checking '/home/aurora/aurora_sim_v2/install/gpsx/bin'
[24.601s] INFO:colcon.colcon_core.shell:Creating package script '/home/aurora/aurora_sim_v2/install/gpsx/share/gpsx/package.ps1'
[24.603s] INFO:colcon.colcon_core.shell:Creating package descriptor '/home/aurora/aurora_sim_v2/install/gpsx/share/gpsx/package.dsv'
[24.605s] INFO:colcon.colcon_core.shell:Creating package script '/home/aurora/aurora_sim_v2/install/gpsx/share/gpsx/package.sh'
[24.607s] INFO:colcon.colcon_core.shell:Creating package script '/home/aurora/aurora_sim_v2/install/gpsx/share/gpsx/package.bash'
[24.609s] INFO:colcon.colcon_core.shell:Creating package script '/home/aurora/aurora_sim_v2/install/gpsx/share/gpsx/package.zsh'
[24.610s] Level 1:colcon.colcon_core.environment:create_file_with_runtime_dependencies(/home/aurora/aurora_sim_v2/install/gpsx/share/colcon-core/packages/gpsx)
[24.611s] DEBUG:colcon.colcon_parallel_executor.executor.parallel:closing loop
[24.614s] DEBUG:colcon.colcon_parallel_executor.executor.parallel:loop closed
[24.614s] DEBUG:colcon.colcon_parallel_executor.executor.parallel:run_until_complete finished with '0'
[24.615s] DEBUG:colcon.colcon_core.event_reactor:joining thread
[24.634s] INFO:colcon.colcon_core.plugin_system:Skipping extension 'colcon_notification.desktop_notification.terminal_notifier': Not used on non-Darwin systems
[24.635s] INFO:colcon.colcon_core.plugin_system:Skipping extension 'colcon_notification.desktop_notification.win32': Not used on non-Windows systems
[24.635s] INFO:colcon.colcon_notification.desktop_notification:Sending desktop notification using 'notify2'
[24.691s] DEBUG:colcon.colcon_core.event_reactor:joined thread
[24.693s] INFO:colcon.colcon_core.shell:Creating prefix script '/home/aurora/aurora_sim_v2/install/local_setup.ps1'
[24.697s] INFO:colcon.colcon_core.shell:Creating prefix util module '/home/aurora/aurora_sim_v2/install/_local_setup_util_ps1.py'
[24.706s] INFO:colcon.colcon_core.shell:Creating prefix chain script '/home/aurora/aurora_sim_v2/install/setup.ps1'
[24.710s] INFO:colcon.colcon_core.shell:Creating prefix script '/home/aurora/aurora_sim_v2/install/local_setup.sh'
[24.715s] INFO:colcon.colcon_core.shell:Creating prefix util module '/home/aurora/aurora_sim_v2/install/_local_setup_util_sh.py'
[24.718s] INFO:colcon.colcon_core.shell:Creating prefix chain script '/home/aurora/aurora_sim_v2/install/setup.sh'
[24.724s] INFO:colcon.colcon_core.shell:Creating prefix script '/home/aurora/aurora_sim_v2/install/local_setup.bash'
[24.727s] INFO:colcon.colcon_core.shell:Creating prefix chain script '/home/aurora/aurora_sim_v2/install/setup.bash'
[24.731s] INFO:colcon.colcon_core.shell:Creating prefix script '/home/aurora/aurora_sim_v2/install/local_setup.zsh'
[24.734s] INFO:colcon.colcon_core.shell:Creating prefix chain script '/home/aurora/aurora_sim_v2/install/setup.zsh'
