running develop
running egg_info
creating aurora_autonav.egg-info
writing aurora_autonav.egg-info/PKG-INFO
writing dependency_links to aurora_autonav.egg-info/dependency_links.txt
writing entry points to aurora_autonav.egg-info/entry_points.txt
writing requirements to aurora_autonav.egg-info/requires.txt
writing top-level names to aurora_autonav.egg-info/top_level.txt
writing manifest file 'aurora_autonav.egg-info/SOURCES.txt'
reading manifest file 'aurora_autonav.egg-info/SOURCES.txt'
writing manifest file 'aurora_autonav.egg-info/SOURCES.txt'
running build_ext
Creating /home/fuga1129/aurora_sim_v2/install/aurora_autonav/lib/python3.10/site-packages/aurora-autonav.egg-link (link to .)
Installing checkpoint_navigation_node script to /home/fuga1129/aurora_sim_v2/install/aurora_autonav/lib/aurora_autonav

Installed /home/fuga1129/aurora_sim_v2/build/aurora_autonav
running symlink_data
creating /home/fuga1129/aurora_sim_v2/install/aurora_autonav/share/ament_index
creating /home/fuga1129/aurora_sim_v2/install/aurora_autonav/share/ament_index/resource_index
creating /home/fuga1129/aurora_sim_v2/install/aurora_autonav/share/ament_index/resource_index/packages
symbolically linking /home/fuga1129/aurora_sim_v2/build/aurora_autonav/resource/aurora_autonav -> /home/fuga1129/aurora_sim_v2/install/aurora_autonav/share/ament_index/resource_index/packages
symbolically linking /home/fuga1129/aurora_sim_v2/build/aurora_autonav/package.xml -> /home/fuga1129/aurora_sim_v2/install/aurora_autonav/share/aurora_autonav
